Loading required package: class
Loading required package: Biobase

Welcome to Bioconductor

  Vignettes contain introductory material. To view, type
  'openVignette()'. To cite Bioconductor, see
  'citation("Biobase")' and for packages 'citation(pkgname)'.


Attaching package: 'CMA'

The following object(s) are masked from 'package:e1071':

    tune

Loading required package: KernSmooth
KernSmooth 2.23 loaded
Copyright M. P. Wand 1997-2009
randomForest 4.5-36
Type rfNews() to see new features/changes/bug fixes.

Attaching package: 'randomForest'

The following object(s) are masked from 'package:Biobase':

    combine

Loading required package: Matrix
Loading required package: lattice

Attaching package: 'Matrix'

The following object(s) are masked from 'package:base':

    det

There were 50 or more warnings (use warnings() to see the first 50)
