
R version 3.2.2 (2015-08-14) -- "Fire Safety"
Copyright (C) 2015 The R Foundation for Statistical Computing
Platform: x86_64-pc-linux-gnu (64-bit)

R is free software and comes with ABSOLUTELY NO WARRANTY.
You are welcome to redistribute it under certain conditions.
Type 'license()' or 'licence()' for distribution details.

  Natural language support but running in an English locale

R is a collaborative project with many contributors.
Type 'contributors()' for more information and
'citation()' on how to cite R or R packages in publications.

Type 'demo()' for some demos, 'help()' for on-line help, or
'help.start()' for an HTML browser interface to help.
Type 'q()' to quit R.

> 
> #.libPaths("/home/kuppal3/karan_libs/Rlibs")
> library(snow)
> library(e1071)
> library(yaImpute)

Attaching package: ‘yaImpute’

The following object is masked from ‘package:e1071’:

    impute

> library(pROC)
Type 'citation("pROC")' for a citation.

Attaching package: ‘pROC’

The following objects are masked from ‘package:stats’:

    cov, smooth, var

> library(bioDist)
Loading required package: Biobase
Loading required package: BiocGenerics
Loading required package: parallel

Attaching package: ‘parallel’

The following objects are masked from ‘package:snow’:

    clusterApply, clusterApplyLB, clusterCall, clusterEvalQ,
    clusterExport, clusterMap, clusterSplit, makeCluster, parApply,
    parCapply, parLapply, parRapply, parSapply, splitIndices,
    stopCluster


Attaching package: ‘BiocGenerics’

The following objects are masked from ‘package:parallel’:

    clusterApply, clusterApplyLB, clusterCall, clusterEvalQ,
    clusterExport, clusterMap, parApply, parCapply, parLapply,
    parLapplyLB, parRapply, parSapply, parSapplyLB

The following objects are masked from ‘package:snow’:

    clusterApply, clusterApplyLB, clusterCall, clusterEvalQ,
    clusterExport, clusterMap, parApply, parCapply, parLapply,
    parRapply, parSapply

The following objects are masked from ‘package:stats’:

    IQR, mad, xtabs

The following objects are masked from ‘package:base’:

    anyDuplicated, append, as.data.frame, as.vector, cbind, colnames,
    do.call, duplicated, eval, evalq, Filter, Find, get, grep, grepl,
    intersect, is.unsorted, lapply, lengths, Map, mapply, match, mget,
    order, paste, pmax, pmax.int, pmin, pmin.int, Position, rank,
    rbind, Reduce, rownames, sapply, setdiff, sort, table, tapply,
    union, unique, unlist, unsplit

Welcome to Bioconductor

    Vignettes contain introductory material; view with
    'browseVignettes()'. To cite Bioconductor, see
    'citation("Biobase")', and for packages 'citation("pkgname")'.

Loading required package: KernSmooth
KernSmooth 2.23 loaded
Copyright M. P. Wand 1997-2009
> #library(CMA, lib="/home/kuppal3/karan_libs/Rlibs/")
> library(RankAggreg)
> library(CMA)

Attaching package: ‘CMA’

The following object is masked from ‘package:pROC’:

    roc

The following object is masked from ‘package:e1071’:

    tune

> library(expm)
Loading required package: Matrix

Attaching package: ‘expm’

The following object is masked from ‘package:Matrix’:

    expm

> 
> cl<-makeCluster(1)
> 
> #source("/home/kuppal3/Research/Feature_selection/Rcode/versionjuly12013/svm_cv_v1.1.R")
> #source("/Users/karanuppal/Documents/Gatech/Projects/Algorithms/TwostagePSO/Rcode/version2015/OCFS_vnov282014.R")
> 
> #same results
> #source("/home/kuppal3/Research/Feature_selection/Rcode/version2015/OCFS_vnov28.22014_v11.R")
> 
> #source("/home/kuppal3/Research/Feature_selection/Rcode/version2015/OCFS_vapr282015.R")
> 
> #source("/home/kuppal3/Research/Feature_selection/Rcode/version2015/OCFS_vapr282015_v5_2.R")
> 
> #source("/home/kuppal3/Research/Feature_selection/Rcode/version2015/OCFS_vapr282015_v11.R")
> 
> #OCFS_vnov302014_v26.R
> args<-commandArgs(trailingOnly=TRUE)
> 
> #source("/home/kuppal3/Research/Feature_selection/Rcode/version2015/OCFS_vmay2415_v31.R")
> 
> #source("/Users/karanuppal/Documents/Gatech/Projects/Algorithms/TwostagePSO/Rcode/version2015/svm_cv_v1.1.R")
> 
> #source("/Users/karanuppal/Documents/Gatech/Projects/Algorithms/TwostagePSO/Rcode/version2015/performCMA_consensus_tenfold_ber_nominal_lungheart_train_test_nov172014_backward.R")
> 
> sname<-paste("/home/kuppal2/Documents/Projects/xmsPANDA/Other/scripts/OCFS_",args[9],".R",sep="")
> source(sname)
> print(sname)
[1] "/home/kuppal2/Documents/Projects/xmsPANDA/Other/scripts/OCFS_vfeb817_v5E.R"
> 
> #data_loc<-"/home/stu/kuppal3/Research/Feature_selection/Datasets/Khan_SRBCT/" #"/Users/karanuppal/Documents/Gatech/Projects/Algorithms/TwostagePSO/Datasets/MAQCII_BreastCancer/"
> #data_loc<-"/Users/karanuppal/Documents/Gatech/Projects/Algorithms/TwostagePSO/Datasets/SRBCT_Khan/"
> data_loc<-"/home/kuppal2/Documents/Projects/xmsPANDA/Other/Datasets/SRBCT_Khan/"
> 
> setwd(data_loc)
> 
> 
> #trainm<-read.table("Khan.xtrain",header=FALSE)
> #testm<-read.table("Khan.xtest",header=FALSE)
> #trainclass<-read.table("khan.ytrain", header=FALSE)
> #testclass<-read.table("khan.ytest", header=FALSE)
> 
> trainm<-read.table("Khan.xtrain.txt",header=FALSE)
> testm<-read.table("Khan.xtest.txt",header=FALSE)
> trainclass<-read.table("khan.ytrain.txt", header=FALSE)
> testclass<-read.table("khan.ytest.txt", header=FALSE)
> 
> 
> trainm<-t(trainm)
> testm<-t(testm)
> 
> cnames<-paste("var",seq(1,dim(trainm)[2]),sep="")
> colnames(trainm)<-cnames
> colnames(testm)<-cnames
> 
> trainclass<-t(trainclass)
> testclass<-t(testclass)
> 
> trainm<-cbind(trainclass,trainm)
> testm<-cbind(testclass,testm)
> 
> trainm<-na.omit(trainm)
> testm<-na.omit(testm)
> 
> 
> outloc<-paste(data_loc,"/OCFSvmay2415_v31_sensitivity_itr",args[9],"/",sep="")
> 
> 
> dir.create(outloc)
Warning message:
In dir.create(outloc) :
  '/home/kuppal2/Documents/Projects/xmsPANDA/Other/Datasets/SRBCT_Khan//OCFSvmay2415_v31_sensitivity_itrvfeb817_v5E' already exists
> setwd(outloc)
> 
> trainm<-as.matrix(trainm)
> testm<-as.matrix(testm)
> trainclass<-trainm[,1] #CMAres$modtrainclass
> testclass<-testm[,1] #CMAres$modtestclass
> trainm<-trainm[,-c(1)] #CMAres$modtrainmata
> testm<-testm[,-c(1)] #CMAres$modtestmata
> 
> #a: Confusions
> #b: Neighbors
> #c: Global
> #d: Death
> 
> a<-c(0.25,0.25,0.25,0.25)
> b<-c(0.3,0.1,0.4,0.1)
> c<-c(0.25,0.25,0.5,0)
> d<-c(0.9,0.1,0,0.1)
> 
> a<-c(0,0.4,0.1,0.5)
> b<-c(0.3,0.1,0.4,0.1)
> c<-c(0,0.5,0.5,0)
> d<-c(0.9,0.1,0,0)
> 
> a<-c(0,0.4,0.1,0.5)
> b<-c(0.2,0.3,0.4,0.1)
> c<-c(0,0.4,0.4,0.2)
> d<-c(0.9,0.1,0,0)
> 
> transition_matrix<-rbind(a,b,c,d)
> 
> 
> dir.create(outloc)
Warning message:
In dir.create(outloc) :
  '/home/kuppal2/Documents/Projects/xmsPANDA/Other/Datasets/SRBCT_Khan//OCFSvmay2415_v31_sensitivity_itrvfeb817_v5E' already exists
> setwd(outloc)
> temp2=t(trainm)
> temp2=apply(temp2, 2, function(x){which(x=="MD")})
> temp2=unlist(temp2)
> temp2=unique(temp2)
> if(length(temp2)>1)
+ {
+ 	trainm=trainm[,-c(temp2)]
+ 
+ 	rm(temp2)
+ }
> 
> boostweight=rep(0,dim(trainm)[2])
> 
> #if(FALSE)
> {
+ CMAres<-performCMA(trainm, trainclass, testm, testclass,outloc,
+ maxnum=as.numeric(args[10]),
+ minnum=3,
+ stepitr=1,
+ gsmethods=c("limma"), #"lasso","elasticnet","kruskal.test"), #"f.test", "f.test", "elasticnet", "wilcox.test", "welch.test"),
+ pct_train=0.40,
+ accuracyweight=1,
+ featweight=0.06,
+ minpresent=1,
+ kname="radial",
+ norm_method="backward",
+ tolerance=0.1,
+ maxitrs=5,
+ classindex=1,
+ numfacts=0,
+ evalmethod="CV",
+ numfolds=10,
+ CVfoldthresh=0.7,
+ varselmethod="none",
+ scheme_val="one-vs-all",
+ iter_learn=1,boostweight=rep(0,dim(trainm)[2]))
+ 
+ 
+ CMAres<-performCMA(trainm, trainclass, testm, testclass,outloc,
+ maxnum=as.numeric(args[10]),
+ minnum=3,
+ stepitr=1,
+ gsmethods=c("lasso"), #"lasso","elasticnet","kruskal.test"), #"f.test", "f.test", "elasticnet", "wilcox.test", "welch.test"),
+ pct_train=0.40,
+ accuracyweight=1,
+ featweight=0.06,
+ minpresent=1,
+ kname="radial",
+ norm_method="backward",
+ tolerance=0.1,
+ maxitrs=5,
+ classindex=1,
+ numfacts=0,
+ evalmethod="CV",
+ numfolds=10,
+ CVfoldthresh=0.7,
+ varselmethod="none",
+ scheme_val="one-vs-all",
+ iter_learn=1,boostweight=rep(0,dim(trainm)[2]))
+ 
+ CMAres<-performCMA(trainm, trainclass, testm, testclass,outloc,
+ maxnum=as.numeric(args[10]),
+ minnum=3,
+ stepitr=1,
+ gsmethods=c("rfe"), #"lasso","elasticnet","kruskal.test"), #"f.test", "f.test", "elasticnet", "wilcox.test", "welch.test"),
+ pct_train=0.40,
+ accuracyweight=1,
+ featweight=0.06,
+ minpresent=1,
+ kname="radial",
+ norm_method="backward",
+ tolerance=0.1,
+ maxitrs=5,
+ classindex=1,
+ numfacts=0,
+ evalmethod="CV",
+ numfolds=10,
+ CVfoldthresh=0.7,
+ varselmethod="none",
+ scheme_val="one-vs-all",
+ iter_learn=1,boostweight=rep(0,dim(trainm)[2]))
+ 
+ CMAres<-performCMA(trainm, trainclass, testm, testclass,outloc,
+ maxnum=as.numeric(args[10]),
+ minnum=3,
+ stepitr=1,
+ gsmethods=c("elasticnet"), #"lasso","elasticnet","kruskal.test"), #"f.test", "f.test", "elasticnet", "wilcox.test", "welch.test"),
+ pct_train=0.40,
+ accuracyweight=1,
+ featweight=0.06,
+ minpresent=1,
+ kname="radial",
+ norm_method="backward",
+ tolerance=0.1,
+ maxitrs=5,
+ classindex=1,
+ numfacts=0,
+ evalmethod="CV",
+ numfolds=10,
+ CVfoldthresh=0.7,
+ varselmethod="none",
+ scheme_val="one-vs-all",
+ iter_learn=1,boostweight=rep(0,dim(trainm)[2]))
+ 
+ if(FALSE){
+ CMAres<-performCMA(trainm, trainclass, testm, testclass,outloc,
+ maxnum=as.numeric(args[10]),
+ minnum=3,
+ stepitr=1,
+ gsmethods=c("rf"), #"lasso","elasticnet","kruskal.test"), #"f.test", "f.test", "elasticnet", "wilcox.test", "welch.test"),
+ pct_train=0.40,
+ accuracyweight=1,
+ featweight=0.06,
+ minpresent=1,
+ kname="radial",
+ norm_method="backward",
+ tolerance=0.1,
+ maxitrs=5,
+ classindex=1,
+ numfacts=0,
+ evalmethod="CV",
+ numfolds=10,
+ CVfoldthresh=0.7,
+ varselmethod="none",
+ scheme_val="one-vs-all",
+ iter_learn=1,boostweight=rep(0,dim(trainm)[2]))
+ }
+ 
+ CMAres<-performCMA(trainm, trainclass, testm, testclass,outloc,
+ maxnum=as.numeric(args[10]),
+ minnum=3,
+ stepitr=1,
+ gsmethods=c("f.test"), #"lasso","elasticnet","kruskal.test"), #"f.test", "f.test", "elasticnet", "wilcox.test", "welch.test"),
+ pct_train=0.40,
+ accuracyweight=1,
+ featweight=0.06,
+ minpresent=1,
+ kname="radial",
+ norm_method="backward",
+ tolerance=0.1,
+ maxitrs=5,
+ classindex=1,
+ numfacts=0,
+ evalmethod="CV",
+ numfolds=10,
+ CVfoldthresh=0.7,
+ varselmethod="none",
+ scheme_val="one-vs-all",
+ iter_learn=1,boostweight=rep(0,dim(trainm)[2]))
+ }
[1] "dim of trainm is "
[1]   63 2308
[1]   63 2308
[1] "length of factcols"
[1] 0
[1]   63 2308
[1]   20 2308
integer(0)
character(0)
NULL
[1] "ok"
[1] "test class"
V1 V2 V4 V6 
 3  2  4  2 
Levels: 1 2 3 4
[1] "orig train matrix"
            var1      var2       var3       var4       var5        var6
[1,]  0.77334370 -2.438405 -0.4825622 -2.7211350 -1.2170580  0.82780920
[2,] -0.07817778 -2.415754  0.4127717 -2.8251460 -0.6262365  0.05448819
[3,] -0.08446916 -1.649739 -0.2413075 -2.8752860 -0.8894054 -0.02747398
[4,]  0.96561400 -2.380547  0.6252965 -1.7412560 -0.8453664  0.94968680
[5,]  0.07566390 -1.728785  0.8526265  0.2726953 -1.8413700  0.32793590
         var7        var8       var9     var10
[1,] 1.342604  0.05704174  0.1335689 0.5654274
[2,] 1.429498 -0.12024860  0.4567917 0.1590529
[3,] 1.159300  0.01567648  0.1919418 0.4965847
[4,] 1.093801  0.81973580 -0.2846201 0.9947322
[5,] 1.251219  0.77144990  0.0309171 0.2783133
[1] "orig train matrix"
            var1      var2       var3       var4       var5        var6
[1,]  0.77334370 -2.438405 -0.4825622 -2.7211350 -1.2170580  0.82780920
[2,] -0.07817778 -2.415754  0.4127717 -2.8251460 -0.6262365  0.05448819
[3,] -0.08446916 -1.649739 -0.2413075 -2.8752860 -0.8894054 -0.02747398
[4,]  0.96561400 -2.380547  0.6252965 -1.7412560 -0.8453664  0.94968680
[5,]  0.07566390 -1.728785  0.8526265  0.2726953 -1.8413700  0.32793590
         var7        var8       var9     var10
[1,] 1.342604  0.05704174  0.1335689 0.5654274
[2,] 1.429498 -0.12024860  0.4567917 0.1590529
[3,] 1.159300  0.01567648  0.1919418 0.4965847
[4,] 1.093801  0.81973580 -0.2846201 0.9947322
[5,] 1.251219  0.77144990  0.0309171 0.2783133
[1] -0.4825622  0.4127717 -0.2413075
[1] "norm train matrix"
            var1      var2       var3       var4       var5        var6
[1,]  0.77334370 -2.438405 -0.4825622 -2.7211350 -1.2170580  0.82780920
[2,] -0.07817778 -2.415754  0.4127717 -2.8251460 -0.6262365  0.05448819
[3,] -0.08446916 -1.649739 -0.2413075 -2.8752860 -0.8894054 -0.02747398
[4,]  0.96561400 -2.380547  0.6252965 -1.7412560 -0.8453664  0.94968680
[5,]  0.07566390 -1.728785  0.8526265  0.2726953 -1.8413700  0.32793590
         var7        var8       var9     var10
[1,] 1.342604  0.05704174  0.1335689 0.5654274
[2,] 1.429498 -0.12024860  0.4567917 0.1590529
[3,] 1.159300  0.01567648  0.1919418 0.4965847
[4,] 1.093801  0.81973580 -0.2846201 0.9947322
[5,] 1.251219  0.77144990  0.0309171 0.2783133
[1] "mean of feat 2"
[1] -1.739001
[1] "sd of feat 2"
[1] 0.9055712
[1] "maxnum is "
[1] 5
[1] "# of genes left after filtering:"
[1]   63 2308
GeneSelection: iteration 1 

Attaching package: ‘limma’

The following object is masked from ‘package:BiocGenerics’:

    plotMA

GeneSelection: iteration 2 
GeneSelection: iteration 3 
GeneSelection: iteration 4 
GeneSelection: iteration 5 
GeneSelection: iteration 6 
GeneSelection: iteration 7 
GeneSelection: iteration 8 
GeneSelection: iteration 9 
GeneSelection: iteration 10 
GeneSelection: iteration 1 
GeneSelection: iteration 2 
GeneSelection: iteration 3 
GeneSelection: iteration 4 
GeneSelection: iteration 5 
GeneSelection: iteration 6 
GeneSelection: iteration 7 
GeneSelection: iteration 8 
GeneSelection: iteration 9 
GeneSelection: iteration 10 
GeneSelection: iteration 1 
GeneSelection: iteration 2 
GeneSelection: iteration 3 
GeneSelection: iteration 4 
GeneSelection: iteration 5 
GeneSelection: iteration 6 
GeneSelection: iteration 7 
GeneSelection: iteration 8 
GeneSelection: iteration 9 
GeneSelection: iteration 10 
GeneSelection: iteration 1 
GeneSelection: iteration 2 
GeneSelection: iteration 3 
GeneSelection: iteration 4 
GeneSelection: iteration 5 
GeneSelection: iteration 6 
GeneSelection: iteration 7 
GeneSelection: iteration 8 
GeneSelection: iteration 9 
GeneSelection: iteration 10 
[1] "varselmethod"
[1] "none"
[1] "dim of scoring matrix is "
[1] 2308    1
[1] 2308
[1] "DS index stage 1"
[1] NA
[1] "bestgenelist"
[1]  246  255  742  842 1003
        var246    var255     var742   var842   var1003
[1,] 1.6047470 -1.514582  0.7311171 1.553629 -3.231455
[2,] 0.7924947 -1.701005  0.3808308 1.732505 -2.294617
[3,] 1.5527410 -1.256319 -0.2871489 1.454747 -2.154165
         var246    var255     var742     var842   var1003
[1,] -2.5010360  1.165710  1.1040309 -0.3690368 -1.988505
[2,] -0.5151684 -0.592759 -1.1605941  0.7715886 -2.928074
[3,] -1.9330926 -1.027222 -0.7325119  0.9271515  1.000558
[1] "numgenes selected:5"
[1] "test acc:0.9"
[1] "test AUC acc:0.944444444444445"
[1] "10 fold train95.2380952380952"
[1] "confusion matrix train 10 fold"
          nci_y
pred10fold  1  2  3  4
         1  7  1  0  0
         2  0 22  0  0
         3  0  0 12  0
         4  1  0  0 20
[1] "confusion matrix test"
         test_y
pred_test 1 2 3 4
        1 3 1 0 0
        2 0 4 0 0
        3 0 0 6 0
        4 0 1 0 5
[1] "train acc:0.968253968253968"
[1] "confusion matrix train"
          nci_y
pred_train  1  2  3  4
         1  7  1  0  0
         2  0 22  0  0
         3  0  0 12  0
         4  1  0  0 20
[1] "DS index stage 1"
[1] NA
[1] "KI index stage 1"
[1] NA
[1] "dim of trainm is "
[1]   63 2308
[1]   63 2308
[1] "length of factcols"
[1] 0
[1]   63 2308
[1]   20 2308
integer(0)
character(0)
NULL
[1] "ok"
[1] "test class"
V1 V2 V4 V6 
 3  2  4  2 
Levels: 1 2 3 4
[1] "orig train matrix"
            var1      var2       var3       var4       var5        var6
[1,]  0.77334370 -2.438405 -0.4825622 -2.7211350 -1.2170580  0.82780920
[2,] -0.07817778 -2.415754  0.4127717 -2.8251460 -0.6262365  0.05448819
[3,] -0.08446916 -1.649739 -0.2413075 -2.8752860 -0.8894054 -0.02747398
[4,]  0.96561400 -2.380547  0.6252965 -1.7412560 -0.8453664  0.94968680
[5,]  0.07566390 -1.728785  0.8526265  0.2726953 -1.8413700  0.32793590
         var7        var8       var9     var10
[1,] 1.342604  0.05704174  0.1335689 0.5654274
[2,] 1.429498 -0.12024860  0.4567917 0.1590529
[3,] 1.159300  0.01567648  0.1919418 0.4965847
[4,] 1.093801  0.81973580 -0.2846201 0.9947322
[5,] 1.251219  0.77144990  0.0309171 0.2783133
[1] "orig train matrix"
            var1      var2       var3       var4       var5        var6
[1,]  0.77334370 -2.438405 -0.4825622 -2.7211350 -1.2170580  0.82780920
[2,] -0.07817778 -2.415754  0.4127717 -2.8251460 -0.6262365  0.05448819
[3,] -0.08446916 -1.649739 -0.2413075 -2.8752860 -0.8894054 -0.02747398
[4,]  0.96561400 -2.380547  0.6252965 -1.7412560 -0.8453664  0.94968680
[5,]  0.07566390 -1.728785  0.8526265  0.2726953 -1.8413700  0.32793590
         var7        var8       var9     var10
[1,] 1.342604  0.05704174  0.1335689 0.5654274
[2,] 1.429498 -0.12024860  0.4567917 0.1590529
[3,] 1.159300  0.01567648  0.1919418 0.4965847
[4,] 1.093801  0.81973580 -0.2846201 0.9947322
[5,] 1.251219  0.77144990  0.0309171 0.2783133
[1] -0.4825622  0.4127717 -0.2413075
[1] "norm train matrix"
            var1      var2       var3       var4       var5        var6
[1,]  0.77334370 -2.438405 -0.4825622 -2.7211350 -1.2170580  0.82780920
[2,] -0.07817778 -2.415754  0.4127717 -2.8251460 -0.6262365  0.05448819
[3,] -0.08446916 -1.649739 -0.2413075 -2.8752860 -0.8894054 -0.02747398
[4,]  0.96561400 -2.380547  0.6252965 -1.7412560 -0.8453664  0.94968680
[5,]  0.07566390 -1.728785  0.8526265  0.2726953 -1.8413700  0.32793590
         var7        var8       var9     var10
[1,] 1.342604  0.05704174  0.1335689 0.5654274
[2,] 1.429498 -0.12024860  0.4567917 0.1590529
[3,] 1.159300  0.01567648  0.1919418 0.4965847
[4,] 1.093801  0.81973580 -0.2846201 0.9947322
[5,] 1.251219  0.77144990  0.0309171 0.2783133
[1] "mean of feat 2"
[1] -1.739001
[1] "sd of feat 2"
[1] 0.9055712
[1] "maxnum is "
[1] 5
[1] "# of genes left after filtering:"
[1]   63 2308
GeneSelection: iteration 1 
Loaded glmnet 2.0-5


Attaching package: ‘glmnet’

The following object is masked from ‘package:pROC’:

    auc

GeneSelection: iteration 2 
GeneSelection: iteration 3 
GeneSelection: iteration 4 
GeneSelection: iteration 5 
GeneSelection: iteration 6 
GeneSelection: iteration 7 
GeneSelection: iteration 8 
GeneSelection: iteration 9 
GeneSelection: iteration 10 
GeneSelection: iteration 1 
GeneSelection: iteration 2 
GeneSelection: iteration 3 
GeneSelection: iteration 4 
GeneSelection: iteration 5 
GeneSelection: iteration 6 
GeneSelection: iteration 7 
GeneSelection: iteration 8 
GeneSelection: iteration 9 
GeneSelection: iteration 10 
GeneSelection: iteration 1 
GeneSelection: iteration 2 
GeneSelection: iteration 3 
GeneSelection: iteration 4 
GeneSelection: iteration 5 
GeneSelection: iteration 6 
GeneSelection: iteration 7 
GeneSelection: iteration 8 
GeneSelection: iteration 9 
GeneSelection: iteration 10 
GeneSelection: iteration 1 
GeneSelection: iteration 2 
GeneSelection: iteration 3 
GeneSelection: iteration 4 
GeneSelection: iteration 5 
GeneSelection: iteration 6 
GeneSelection: iteration 7 
GeneSelection: iteration 8 
GeneSelection: iteration 9 
GeneSelection: iteration 10 
genelist
   1    2  246  255  842 1003 1389 1427 1954 1955 2050  836 1764  509 2198 2046 
  35   12   10   10   10   10   10   10   10   10   10    9    9    8    7    6 
 248  129  742    3  589 1319  545  695  851  910 1387 2022 2166 
   5    3    3    2    2    2    1    1    1    1    1    1    1 
[1] "varselmethod"
[1] "none"
[1] "dim of scoring matrix is "
[1] 2308    1
[1] 2308
[1] "DS index stage 1"
[1] NA
[1] "bestgenelist"
[1]   1   2 246 255 842
            var1      var2    var246    var255   var842
[1,]  0.77334370 -2.438405 1.6047470 -1.514582 1.553629
[2,] -0.07817778 -2.415754 0.7924947 -1.701005 1.732505
[3,] -0.08446916 -1.649739 1.5527410 -1.256319 1.454747
          var1       var2     var246    var255     var842
[1,] 0.1395010 -1.1689275 -2.5010360  1.165710 -0.3690368
[2,] 1.1642752 -2.0181583 -0.5151684 -0.592759  0.7715886
[3,] 0.8410929  0.2547197 -1.9330926 -1.027222  0.9271515
[1] "numgenes selected:5"
[1] "test acc:0.9"
[1] "test AUC acc:0.916666666666667"
[1] "10 fold train96.8253968253968"
[1] "confusion matrix train 10 fold"
          nci_y
pred10fold  1  2  3  4
         1  8  0  0  0
         2  0 22  0  1
         3  0  0 12  0
         4  0  1  0 19
[1] "confusion matrix test"
         test_y
pred_test 1 2 3 4
        1 3 0 0 0
        2 0 4 0 0
        3 0 0 6 0
        4 0 2 0 5
[1] "train acc:0.968253968253968"
[1] "confusion matrix train"
          nci_y
pred_train  1  2  3  4
         1  8  0  0  0
         2  0 22  0  1
         3  0  0 12  0
         4  0  1  0 19
[1] "DS index stage 1"
[1] NA
[1] "KI index stage 1"
[1] NA
[1] "dim of trainm is "
[1]   63 2308
[1]   63 2308
[1] "length of factcols"
[1] 0
[1]   63 2308
[1]   20 2308
integer(0)
character(0)
NULL
[1] "ok"
[1] "test class"
V1 V2 V4 V6 
 3  2  4  2 
Levels: 1 2 3 4
[1] "orig train matrix"
            var1      var2       var3       var4       var5        var6
[1,]  0.77334370 -2.438405 -0.4825622 -2.7211350 -1.2170580  0.82780920
[2,] -0.07817778 -2.415754  0.4127717 -2.8251460 -0.6262365  0.05448819
[3,] -0.08446916 -1.649739 -0.2413075 -2.8752860 -0.8894054 -0.02747398
[4,]  0.96561400 -2.380547  0.6252965 -1.7412560 -0.8453664  0.94968680
[5,]  0.07566390 -1.728785  0.8526265  0.2726953 -1.8413700  0.32793590
         var7        var8       var9     var10
[1,] 1.342604  0.05704174  0.1335689 0.5654274
[2,] 1.429498 -0.12024860  0.4567917 0.1590529
[3,] 1.159300  0.01567648  0.1919418 0.4965847
[4,] 1.093801  0.81973580 -0.2846201 0.9947322
[5,] 1.251219  0.77144990  0.0309171 0.2783133
[1] "orig train matrix"
            var1      var2       var3       var4       var5        var6
[1,]  0.77334370 -2.438405 -0.4825622 -2.7211350 -1.2170580  0.82780920
[2,] -0.07817778 -2.415754  0.4127717 -2.8251460 -0.6262365  0.05448819
[3,] -0.08446916 -1.649739 -0.2413075 -2.8752860 -0.8894054 -0.02747398
[4,]  0.96561400 -2.380547  0.6252965 -1.7412560 -0.8453664  0.94968680
[5,]  0.07566390 -1.728785  0.8526265  0.2726953 -1.8413700  0.32793590
         var7        var8       var9     var10
[1,] 1.342604  0.05704174  0.1335689 0.5654274
[2,] 1.429498 -0.12024860  0.4567917 0.1590529
[3,] 1.159300  0.01567648  0.1919418 0.4965847
[4,] 1.093801  0.81973580 -0.2846201 0.9947322
[5,] 1.251219  0.77144990  0.0309171 0.2783133
[1] -0.4825622  0.4127717 -0.2413075
[1] "norm train matrix"
            var1      var2       var3       var4       var5        var6
[1,]  0.77334370 -2.438405 -0.4825622 -2.7211350 -1.2170580  0.82780920
[2,] -0.07817778 -2.415754  0.4127717 -2.8251460 -0.6262365  0.05448819
[3,] -0.08446916 -1.649739 -0.2413075 -2.8752860 -0.8894054 -0.02747398
[4,]  0.96561400 -2.380547  0.6252965 -1.7412560 -0.8453664  0.94968680
[5,]  0.07566390 -1.728785  0.8526265  0.2726953 -1.8413700  0.32793590
         var7        var8       var9     var10
[1,] 1.342604  0.05704174  0.1335689 0.5654274
[2,] 1.429498 -0.12024860  0.4567917 0.1590529
[3,] 1.159300  0.01567648  0.1919418 0.4965847
[4,] 1.093801  0.81973580 -0.2846201 0.9947322
[5,] 1.251219  0.77144990  0.0309171 0.2783133
[1] "mean of feat 2"
[1] -1.739001
[1] "sd of feat 2"
[1] 0.9055712
[1] "maxnum is "
[1] 5
[1] "# of genes left after filtering:"
[1]   63 2308
GeneSelection: iteration 1 
GeneSelection: iteration 2 
GeneSelection: iteration 3 
GeneSelection: iteration 4 
GeneSelection: iteration 5 
GeneSelection: iteration 6 
GeneSelection: iteration 7 
GeneSelection: iteration 8 
GeneSelection: iteration 9 
GeneSelection: iteration 10 
GeneSelection: iteration 1 
GeneSelection: iteration 2 
GeneSelection: iteration 3 
GeneSelection: iteration 4 
GeneSelection: iteration 5 
GeneSelection: iteration 6 
GeneSelection: iteration 7 
GeneSelection: iteration 8 
GeneSelection: iteration 9 
GeneSelection: iteration 10 
GeneSelection: iteration 1 
GeneSelection: iteration 2 
GeneSelection: iteration 3 
GeneSelection: iteration 4 
GeneSelection: iteration 5 
GeneSelection: iteration 6 
GeneSelection: iteration 7 
