nmaqcIIbreastER10globalnochange5itrreset5nod1pctfeb817v5D_2.out : [1] 0.8656999
nsrbct15globalnochange5itrreset5nod1pctfeb817v5D_2.out : [1] 1
nmaqcIIbreastER5globalnochange5itrreset5nod1pctfeb817v5D_2.out : [1] 0.8575032
nmaqcIIbreastPCR10globalnochange5itrreset5nod1pctfeb817v5D_2.out : [1] 0.6843137
ngolub15globalnochange5itrreset5nod1pctfeb817v5D_2.out : [1] 0.9642857
nsrbct5globalnochange5itrreset5nod1pctfeb817v5D_2.out : [1] 1
nprostate15globalnochange5itrreset5nod1pctfeb817v5D_2.out : [1] 0.7712121
niris3globalnochange5itrreset5nod1pctfeb817v5D_2.out : [1] 0.8654167
ngolub3globalnochange5itrreset5nod1pctfeb817v5D_2.out : [1] 0.9642857
ngolub5globalnochange5itrreset5nod1pctfeb817v5D_2.out : [1] 0.9642857
nmaqcIIbreastER15globalnochange5itrreset5nod1pctfeb817v5D_2.out : [1] 0.8959647
nmaqcIIbreastPCR3globalnochange5itrreset5nod1pctfeb817v5D_2.out : [1] 0.7156863
nmaqcIIbreastER3globalnochange5itrreset5nod1pctfeb817v5D_2.out : [1] 0.8959647
nsrbct3globalnochange5itrreset5nod1pctfeb817v5D_2.out : [1] 1
nmaqcIIbreastPCR15globalnochange5itrreset5nod1pctfeb817v5D_2.out : [1] 0.6784314
nmaqcIIbreastPCR5globalnochange5itrreset5nod1pctfeb817v5D_2.out : [1] 0.7176471
nprostate3globalnochange5itrreset5nod1pctfeb817v5D_2.out : [1] 0.7712121
ngolub10globalnochange5itrreset5nod1pctfeb817v5D_2.out : [1] 0.9642857
nsrbct10globalnochange5itrreset5nod1pctfeb817v5D_2.out : [1] 0.9861111
nprostate10globalnochange5itrreset5nod1pctfeb817v5D_2.out : [1] 0.7712121
nprostate5globalnochange5itrreset5nod1pctfeb817v5D_2.out : [1] 0.8
