ngolub3globalnochange5itrreset5nod1pctfeb817v6D_2.out : [1] 0.9642857
nmaqcIIbreastPCR5globalnochange5itrreset5nod1pctfeb817v6D_2.out : [1] 0.6411765
ngolub5globalnochange5itrreset5nod1pctfeb817v6D_2.out : [1] 0.9642857
nsrbct15globalnochange5itrreset5nod1pctfeb817v6D_2.out : [1] 0.9861111
nprostate5globalnochange5itrreset5nod1pctfeb817v6D_2.out : [1] 0.8
nsrbct3globalnochange5itrreset5nod1pctfeb817v6D_2.out : [1] 1
nmaqcIIbreastPCR10globalnochange5itrreset5nod1pctfeb817v6D_2.out : [1] 0.6901961
nmaqcIIbreastER10globalnochange5itrreset5nod1pctfeb817v6D_2.out : [1] 0.8656999
niris3globalnochange5itrreset5nod1pctfeb817v6D_2.out : [1] 0.9
nmaqcIIbreastER5globalnochange5itrreset5nod1pctfeb817v6D_2.out : [1] 0.8621269
nprostate15globalnochange5itrreset5nod1pctfeb817v6D_2.out : [1] 0.8166667
ngolub15globalnochange5itrreset5nod1pctfeb817v6D_2.out : [1] 0.9642857
nsrbct5globalnochange5itrreset5nod1pctfeb817v6D_2.out : [1] 1
nmaqcIIbreastPCR3globalnochange5itrreset5nod1pctfeb817v6D_2.out : [1] 0.7156863
ngolub10globalnochange5itrreset5nod1pctfeb817v6D_2.out : [1] 0.9642857
nsrbct10globalnochange5itrreset5nod1pctfeb817v6D_2.out : [1] 0.9861111
nmaqcIIbreastER3globalnochange5itrreset5nod1pctfeb817v6D_2.out : [1] 0.8959647
nmaqcIIbreastPCR15globalnochange5itrreset5nod1pctfeb817v6D_2.out : [1] 0.672549
nprostate10globalnochange5itrreset5nod1pctfeb817v6D_2.out : [1] 0.7712121
nprostate3globalnochange5itrreset5nod1pctfeb817v6D_2.out : [1] 0.7712121
nmaqcIIbreastER15globalnochange5itrreset5nod1pctfeb817v6D_2.out : [1] 0.8703237
