
R version 3.2.2 (2015-08-14) -- "Fire Safety"
Copyright (C) 2015 The R Foundation for Statistical Computing
Platform: x86_64-pc-linux-gnu (64-bit)

R is free software and comes with ABSOLUTELY NO WARRANTY.
You are welcome to redistribute it under certain conditions.
Type 'license()' or 'licence()' for distribution details.

  Natural language support but running in an English locale

R is a collaborative project with many contributors.
Type 'contributors()' for more information and
'citation()' on how to cite R or R packages in publications.

Type 'demo()' for some demos, 'help()' for on-line help, or
'help.start()' for an HTML browser interface to help.
Type 'q()' to quit R.

> 
> #.libPaths("/home/stu/kuppal3/karan_libs/Rlibs")
> library(snow)
> library(e1071)
> library(yaImpute)

Attaching package: ‘yaImpute’

The following object is masked from ‘package:e1071’:

    impute

> library(pROC)
Type 'citation("pROC")' for a citation.

Attaching package: ‘pROC’

The following objects are masked from ‘package:stats’:

    cov, smooth, var

> library(bioDist)
Loading required package: Biobase
Loading required package: BiocGenerics
Loading required package: parallel

Attaching package: ‘parallel’

The following objects are masked from ‘package:snow’:

    clusterApply, clusterApplyLB, clusterCall, clusterEvalQ,
    clusterExport, clusterMap, clusterSplit, makeCluster, parApply,
    parCapply, parLapply, parRapply, parSapply, splitIndices,
    stopCluster


Attaching package: ‘BiocGenerics’

The following objects are masked from ‘package:parallel’:

    clusterApply, clusterApplyLB, clusterCall, clusterEvalQ,
    clusterExport, clusterMap, parApply, parCapply, parLapply,
    parLapplyLB, parRapply, parSapply, parSapplyLB

The following objects are masked from ‘package:snow’:

    clusterApply, clusterApplyLB, clusterCall, clusterEvalQ,
    clusterExport, clusterMap, parApply, parCapply, parLapply,
    parRapply, parSapply

The following object is masked from ‘package:stats’:

    xtabs

The following objects are masked from ‘package:base’:

    anyDuplicated, append, as.data.frame, as.vector, cbind, colnames,
    do.call, duplicated, eval, evalq, Filter, Find, get, intersect,
    is.unsorted, lapply, Map, mapply, match, mget, order, paste, pmax,
    pmax.int, pmin, pmin.int, Position, rank, rbind, Reduce, rep.int,
    rownames, sapply, setdiff, sort, table, tapply, union, unique,
    unlist, unsplit

Welcome to Bioconductor

    Vignettes contain introductory material; view with
    'browseVignettes()'. To cite Bioconductor, see
    'citation("Biobase")', and for packages 'citation("pkgname")'.

Loading required package: KernSmooth
KernSmooth 2.23 loaded
Copyright M. P. Wand 1997-2009
> #library(CMA, lib="/home/stu/kuppal3/karan_libs/Rlibs/")
> library(RankAggreg)
> library(CMA)

Attaching package: ‘CMA’

The following object is masked from ‘package:pROC’:

    roc

The following object is masked from ‘package:e1071’:

    tune

> library(expm)
Loading required package: Matrix

Attaching package: ‘expm’

The following object is masked from ‘package:Matrix’:

    expm

> 
> cl<-makeCluster(1)
> 
> 
> args<-commandArgs(trailingOnly=TRUE)
> #sname<-paste("/home/stu/kuppal3/Research/Feature_selection/Rcode/version2016/OCFS_",args[9],".R",sep="")
> #sname<-paste("/Users/karanuppal/Documents/Gatech/Projects/Algorithms/TwostagePSO/version2016/OCFS_",args[9],".R",sep="")
> 
> sname<-paste("/home/kuppal2/Documents/Projects/xmsPANDA/Other/scripts/OCFS_",args[9],".R",sep="")
> source(sname)
> print(sname)
[1] "/home/kuppal2/Documents/Projects/xmsPANDA/Other/scripts/OCFS_voct72016.R"
> 
> #data_loc<-"/home/stu/kuppal3/Research/Feature_selection/Datasets/Khan_SRBCT/" #"/Users/karanuppal/Documents/Gatech/Projects/Algorithms/TwostagePSO/Datasets/MAQCII_BreastCancer/"
> #data_loc<-"/Users/karanuppal/Documents/Gatech/Projects/Algorithms/TwostagePSO/Datasets/SRBCT_Khan/"
> data_loc<-"/home/kuppal2/Documents/Projects/xmsPANDA/Other/Datasets/SRBCT_Khan/"
> 
> setwd(data_loc)
> #load("/home/stu/kuppal3/Research/Feature_selection/Datasets/MAQCII_BreastCancer/MaqcIIbr.Rda")
> 
> 
> outloc<-paste(data_loc,"OCFSv062016_v32_SRBCT_sensitivity_itr",args[9],"/",sep="")
> 
> 
> trainm<-read.table("Khan.xtrain.txt",header=FALSE)
> testm<-read.table("Khan.xtest.txt",header=FALSE)
> trainclass<-read.table("khan.ytrain.txt", header=FALSE)
> testclass<-read.table("khan.ytest.txt", header=FALSE)
> 
> 
> dir.create(outloc)
> setwd(outloc)
> 
> 
> trainm<-t(trainm)
> testm<-t(testm)
> 
> cnames<-paste("var",seq(1,dim(trainm)[2]),sep="")
> colnames(trainm)<-cnames
> colnames(testm)<-cnames
> 
> trainclass<-t(trainclass)
> testclass<-t(testclass)
> 
> trainm<-cbind(trainclass,trainm)
> testm<-cbind(testclass,testm)
> 
> trainm<-na.omit(trainm)
> testm<-na.omit(testm)
> 
> 
> 
> 
> 
> #OCFSvmay2415v2reg_itr1_LassoRFELIMMAELpres1backwsel_l0.25f0.45c0.25_top10pctmaxitrs100minselmedianrandbehavfeatw0.01_CV2accA100B1wrand6methodsmax100wrand/"
> 
> dir.create(outloc)
Warning message:
In dir.create(outloc) :
  '/home/kuppal2/Documents/Projects/xmsPANDA/Other/Datasets/SRBCT_Khan/OCFSv062016_v32_SRBCT_sensitivity_itrvoct72016' already exists
> setwd(outloc)
> 
> trainm<-as.matrix(trainm)
> testm<-as.matrix(testm)
> trainclass<-trainm[,1] #CMAres$modtrainclass
> testclass<-testm[,1] #CMAres$modtestclass
> trainm<-trainm[,-c(1)] #CMAres$modtrainmata
> testm<-testm[,-c(1)] #CMAres$modtestmata
> 
> #a: Confusions
> #b: Neighbors
> #c: Global
> #d: Death
> 
> a<-c(0.25,0.25,0.25,0.25)
> b<-c(0.3,0.1,0.4,0.1)
> c<-c(0.25,0.25,0.5,0)
> d<-c(0.9,0.1,0,0.1)
> 
> a<-c(0,0.4,0.1,0.5)
> b<-c(0.3,0.1,0.4,0.1)
> c<-c(0,0.5,0.5,0)
> d<-c(0.9,0.1,0,0)
> 
> a<-c(0,0.4,0.1,0.5)
> b<-c(0.2,0.3,0.4,0.1)
> c<-c(0,0.4,0.4,0.2)
> d<-c(0.9,0.1,0,0)
> 
> transition_matrix<-rbind(a,b,c,d)
> 
> 
> dir.create(outloc)
Warning message:
In dir.create(outloc) :
  '/home/kuppal2/Documents/Projects/xmsPANDA/Other/Datasets/SRBCT_Khan/OCFSv062016_v32_SRBCT_sensitivity_itrvoct72016' already exists
> setwd(outloc)
> temp2=t(trainm)
> temp2=apply(temp2, 2, function(x){which(x=="MD")})
> temp2=unlist(temp2)
> temp2=unique(temp2)
> if(length(temp2)>1)
+ {
+ 	trainm=trainm[,-c(temp2)]
+ 
+ 	rm(temp2)
+ }
> 
> boostweight=rep(0,dim(trainm)[2])
> 
> CMAres<-performCMA(trainm, trainclass, testm, testclass,outloc,
+ maxnum=as.numeric(args[10]),
+ minnum=3,
+ stepitr=1,
+ gsmethods=c("limma"), #"lasso","elasticnet","kruskal.test"), #"f.test", "f.test", "elasticnet", "wilcox.test", "welch.test"),
+ pct_train=0.40,
+ accuracyweight=1,
+ featweight=0.06,
+ minpresent=1,
+ kname="radial",
+ norm_method="none",
+ tolerance=0.1,
+ maxitrs=5,
+ classindex=1,
+ numfacts=0,
+ evalmethod="CV",
+ numfolds=10,
+ CVfoldthresh=0.7,
+ varselmethod="none",
+ scheme_val="one-vs-all",
+ iter_learn=1,boostweight=rep(0,dim(trainm)[2]))
[1] "dim of trainm is "
[1]   63 2308
[1]   63 2308
[1] "length of factcols"
[1] 0
[1]   63 2308
[1]   20 2308
integer(0)
character(0)
NULL
[1] "ok"
[1] "test class"
V1 V2 V4 V6 
 3  2  4  2 
Levels: 1 2 3 4
[1] "orig train matrix"
            var1      var2       var3       var4       var5        var6
[1,]  0.77334370 -2.438405 -0.4825622 -2.7211350 -1.2170580  0.82780920
[2,] -0.07817778 -2.415754  0.4127717 -2.8251460 -0.6262365  0.05448819
[3,] -0.08446916 -1.649739 -0.2413075 -2.8752860 -0.8894054 -0.02747398
[4,]  0.96561400 -2.380547  0.6252965 -1.7412560 -0.8453664  0.94968680
[5,]  0.07566390 -1.728785  0.8526265  0.2726953 -1.8413700  0.32793590
         var7        var8       var9     var10
[1,] 1.342604  0.05704174  0.1335689 0.5654274
[2,] 1.429498 -0.12024860  0.4567917 0.1590529
[3,] 1.159300  0.01567648  0.1919418 0.4965847
[4,] 1.093801  0.81973580 -0.2846201 0.9947322
[5,] 1.251219  0.77144990  0.0309171 0.2783133
[1] "orig train matrix"
            var1      var2       var3       var4       var5        var6
[1,]  0.77334370 -2.438405 -0.4825622 -2.7211350 -1.2170580  0.82780920
[2,] -0.07817778 -2.415754  0.4127717 -2.8251460 -0.6262365  0.05448819
[3,] -0.08446916 -1.649739 -0.2413075 -2.8752860 -0.8894054 -0.02747398
[4,]  0.96561400 -2.380547  0.6252965 -1.7412560 -0.8453664  0.94968680
[5,]  0.07566390 -1.728785  0.8526265  0.2726953 -1.8413700  0.32793590
         var7        var8       var9     var10
[1,] 1.342604  0.05704174  0.1335689 0.5654274
[2,] 1.429498 -0.12024860  0.4567917 0.1590529
[3,] 1.159300  0.01567648  0.1919418 0.4965847
[4,] 1.093801  0.81973580 -0.2846201 0.9947322
[5,] 1.251219  0.77144990  0.0309171 0.2783133
[1] -0.4825622  0.4127717 -0.2413075
[1] "norm train matrix"
            var1      var2       var3       var4       var5        var6
[1,]  0.77334370 -2.438405 -0.4825622 -2.7211350 -1.2170580  0.82780920
[2,] -0.07817778 -2.415754  0.4127717 -2.8251460 -0.6262365  0.05448819
[3,] -0.08446916 -1.649739 -0.2413075 -2.8752860 -0.8894054 -0.02747398
[4,]  0.96561400 -2.380547  0.6252965 -1.7412560 -0.8453664  0.94968680
[5,]  0.07566390 -1.728785  0.8526265  0.2726953 -1.8413700  0.32793590
         var7        var8       var9     var10
[1,] 1.342604  0.05704174  0.1335689 0.5654274
[2,] 1.429498 -0.12024860  0.4567917 0.1590529
[3,] 1.159300  0.01567648  0.1919418 0.4965847
[4,] 1.093801  0.81973580 -0.2846201 0.9947322
[5,] 1.251219  0.77144990  0.0309171 0.2783133
[1] "mean of feat 2"
[1] -1.739001
[1] "sd of feat 2"
[1] 0.9055712
[1] "maxnum is "
[1] 30
[1] "# of genes left after filtering:"
[1]   63 2308
GeneSelection: iteration 1 

Attaching package: ‘limma’

The following object is masked from ‘package:BiocGenerics’:

    plotMA

GeneSelection: iteration 2 
GeneSelection: iteration 3 
GeneSelection: iteration 4 
GeneSelection: iteration 5 
GeneSelection: iteration 6 
GeneSelection: iteration 7 
GeneSelection: iteration 8 
GeneSelection: iteration 9 
GeneSelection: iteration 10 
GeneSelection: iteration 1 
GeneSelection: iteration 2 
GeneSelection: iteration 3 
GeneSelection: iteration 4 
GeneSelection: iteration 5 
GeneSelection: iteration 6 
GeneSelection: iteration 7 
GeneSelection: iteration 8 
GeneSelection: iteration 9 
GeneSelection: iteration 10 
GeneSelection: iteration 1 
GeneSelection: iteration 2 
GeneSelection: iteration 3 
GeneSelection: iteration 4 
GeneSelection: iteration 5 
GeneSelection: iteration 6 
GeneSelection: iteration 7 
GeneSelection: iteration 8 
GeneSelection: iteration 9 
GeneSelection: iteration 10 
GeneSelection: iteration 1 
GeneSelection: iteration 2 
GeneSelection: iteration 3 
GeneSelection: iteration 4 
GeneSelection: iteration 5 
GeneSelection: iteration 6 
GeneSelection: iteration 7 
GeneSelection: iteration 8 
GeneSelection: iteration 9 
GeneSelection: iteration 10 
[1] "varselmethod"
[1] "none"
[1] "limma:30:100"
[1] "dim of scoring matrix is "
[1] 2308    1
[1] 2308
[1] "DS index stage 1"
[1] NA
[1] "bestgenelist"
 [1]    1    2  119  123  129  153  174  182  187  229  236  246  248  255  338
[16]  365  368  422  433  437  509  544  545  554  566  567  575  589 1003 1799
            var1      var2     var119    var123    var129     var153    var174
[1,]  0.77334370 -2.438405 -0.3814068 -1.422543 -2.763035 -0.5898688 -3.327018
[2,] -0.07817778 -2.415754 -1.7915590 -1.859824 -2.264326  0.1202688 -2.818423
[3,] -0.08446916 -1.649739 -2.3486290 -2.116106 -2.050271 -0.5124937 -3.055482
         var182    var187    var229       var236    var246    var248    var255
[1,] -0.4261781 -3.426515 -3.036554  0.001199281 1.6047470 0.5256157 -1.514582
[2,] -0.8689302 -2.361274 -2.329956 -2.724180000 0.7924947 0.8172657 -1.701005
[3,] -0.8533160 -2.259526 -2.014403 -2.006191000 1.5527410 0.2816388 -1.256319
        var338    var365     var368    var422    var433     var437    var509
[1,] -0.821890 0.3682477 -1.1110900 0.3450071 -2.629701 -2.0402210 -1.844528
[2,] -1.275827 0.1125248 -0.5651058 0.7177910 -2.362335 -1.3382660 -1.699363
[3,] -1.779633 0.1906204 -0.3831656 0.1238976 -2.727233 -0.8296544 -1.478848
         var544    var545    var554      var566     var567     var575
[1,]  0.9376216 0.7801502 -1.850236  0.03459464 -1.2351200  0.2814125
[2,]  0.2367308 1.0726790 -1.598004 -1.24098300 -0.5573933 -0.3858096
[3,] -1.0427050 1.3342380 -1.689564  1.01465100 -0.9980432 -1.0578540
         var589   var1003   var1799
[1,] -0.8889188 -3.231455 -1.897120
[2,] -0.8363250 -2.294617 -1.979053
[3,] -0.5610668 -2.154165 -2.066723
          var1       var2    var119    var123    var129      var153     var174
[1,] 0.1395010 -1.1689275 -2.349677 -2.785471 -1.822631 -0.37556656 -2.7551418
[2,] 1.1642752 -2.0181583 -2.469821 -1.818925 -1.283377 -1.26513924 -2.5796570
[3,] 0.8410929  0.2547197 -2.175952 -2.042531  2.636203 -0.06464519 -0.6706032
        var182     var187     var229       var236     var246     var248
[1,] -3.144232 -0.8549605 -1.7026503  0.009058844 -2.5010360 -1.1917149
[2,] -3.051245 -2.8949824 -1.1864604 -1.621510494 -0.5151684 -1.6591535
[3,] -2.302585  2.9578798 -0.6610673  0.464928271 -1.9330926 -0.1529181
        var255    var338     var365     var368     var422    var433    var437
[1,]  1.165710 -3.174859 -2.0786419 -1.7885646 -0.3840461 -2.864704 -1.065081
[2,] -0.592759 -1.850873 -0.3477152 -1.1008147 -1.2437537 -2.833613 -1.988505
[3,] -1.027222 -1.265848 -1.5582696 -0.1674724 -1.8636852 -1.312301 -1.748125
        var509    var544     var545    var554     var566     var567     var575
[1,] -1.367276 0.2463912 -0.2097339 -2.167180 -2.9917403 -0.8660730 -0.8847921
[2,] -2.365525 1.4258996  1.7506944 -2.042531 -0.3112919 -0.5323898 -2.0069349
[3,]  2.815109 1.1220358  0.6954445  1.671229 -1.8566180 -0.2333202 -1.3344612
        var589   var1003    var1799
[1,] -1.581823 -1.988505  0.7408892
[2,] -1.061895 -2.928074 -1.4040511
[3,] -1.136626  1.000558  1.1763138
[1] "numgenes selected:30"
[1] "test acc:1"
[1] "test AUC acc:1"
[1] "10 fold train100"
[1] "confusion matrix train 10 fold"
          nci_y
pred10fold  1  2  3  4
         1  8  0  0  0
         2  0 23  0  0
         3  0  0 12  0
         4  0  0  0 20
[1] "confusion matrix test"
         test_y
pred_test 1 2 3 4
        1 3 0 0 0
        2 0 6 0 0
        3 0 0 6 0
        4 0 0 0 5
[1] "train acc:1"
[1] "confusion matrix train"
          nci_y
pred_train  1  2  3  4
         1  8  0  0  0
         2  0 23  0  0
         3  0  0 12  0
         4  0  0  0 20
[1] "DS index stage 1"
[1] NA
[1] "KI index stage 1"
[1] NA
Warning messages:
1: In if (is.na(boostweight) == TRUE) { :
  the condition has length > 1 and only the first element will be used
2: In if (is.na(testm) == TRUE) { :
  the condition has length > 1 and only the first element will be used
3: In if (is.na(testclass) == TRUE) { :
  the condition has length > 1 and only the first element will be used
4: In mean.default(DS_res, na.rm = TRUE) :
  argument is not numeric or logical: returning NA
5: In mean.default(DS_res, na.rm = TRUE) :
  argument is not numeric or logical: returning NA
6: In mean.default(KI_res, na.rm = TRUE) :
  argument is not numeric or logical: returning NA
> 
> 
> CMAres<-performCMA(trainm, trainclass, testm, testclass,outloc,
+ maxnum=as.numeric(args[10]),
+ minnum=3,
+ stepitr=1,
+ gsmethods=c("lasso"), #"lasso","elasticnet","kruskal.test"), #"f.test", "f.test", "elasticnet", "wilcox.test", "welch.test"),
+ pct_train=0.40,
+ accuracyweight=1,
+ featweight=0.06,
+ minpresent=1,
+ kname="radial",
+ norm_method="none",
+ tolerance=0.1,
+ maxitrs=5,
+ classindex=1,
+ numfacts=0,
+ evalmethod="CV",
+ numfolds=10,
+ CVfoldthresh=0.7,
+ varselmethod="none",
+ scheme_val="one-vs-all",
+ iter_learn=1,boostweight=rep(0,dim(trainm)[2]))
[1] "dim of trainm is "
[1]   63 2308
[1]   63 2308
[1] "length of factcols"
[1] 0
[1]   63 2308
[1]   20 2308
integer(0)
character(0)
NULL
[1] "ok"
[1] "test class"
V1 V2 V4 V6 
 3  2  4  2 
Levels: 1 2 3 4
[1] "orig train matrix"
            var1      var2       var3       var4       var5        var6
[1,]  0.77334370 -2.438405 -0.4825622 -2.7211350 -1.2170580  0.82780920
[2,] -0.07817778 -2.415754  0.4127717 -2.8251460 -0.6262365  0.05448819
[3,] -0.08446916 -1.649739 -0.2413075 -2.8752860 -0.8894054 -0.02747398
[4,]  0.96561400 -2.380547  0.6252965 -1.7412560 -0.8453664  0.94968680
[5,]  0.07566390 -1.728785  0.8526265  0.2726953 -1.8413700  0.32793590
         var7        var8       var9     var10
[1,] 1.342604  0.05704174  0.1335689 0.5654274
[2,] 1.429498 -0.12024860  0.4567917 0.1590529
[3,] 1.159300  0.01567648  0.1919418 0.4965847
[4,] 1.093801  0.81973580 -0.2846201 0.9947322
[5,] 1.251219  0.77144990  0.0309171 0.2783133
[1] "orig train matrix"
            var1      var2       var3       var4       var5        var6
[1,]  0.77334370 -2.438405 -0.4825622 -2.7211350 -1.2170580  0.82780920
[2,] -0.07817778 -2.415754  0.4127717 -2.8251460 -0.6262365  0.05448819
[3,] -0.08446916 -1.649739 -0.2413075 -2.8752860 -0.8894054 -0.02747398
[4,]  0.96561400 -2.380547  0.6252965 -1.7412560 -0.8453664  0.94968680
[5,]  0.07566390 -1.728785  0.8526265  0.2726953 -1.8413700  0.32793590
         var7        var8       var9     var10
[1,] 1.342604  0.05704174  0.1335689 0.5654274
[2,] 1.429498 -0.12024860  0.4567917 0.1590529
[3,] 1.159300  0.01567648  0.1919418 0.4965847
[4,] 1.093801  0.81973580 -0.2846201 0.9947322
[5,] 1.251219  0.77144990  0.0309171 0.2783133
[1] -0.4825622  0.4127717 -0.2413075
[1] "norm train matrix"
            var1      var2       var3       var4       var5        var6
[1,]  0.77334370 -2.438405 -0.4825622 -2.7211350 -1.2170580  0.82780920
[2,] -0.07817778 -2.415754  0.4127717 -2.8251460 -0.6262365  0.05448819
[3,] -0.08446916 -1.649739 -0.2413075 -2.8752860 -0.8894054 -0.02747398
[4,]  0.96561400 -2.380547  0.6252965 -1.7412560 -0.8453664  0.94968680
[5,]  0.07566390 -1.728785  0.8526265  0.2726953 -1.8413700  0.32793590
         var7        var8       var9     var10
[1,] 1.342604  0.05704174  0.1335689 0.5654274
[2,] 1.429498 -0.12024860  0.4567917 0.1590529
[3,] 1.159300  0.01567648  0.1919418 0.4965847
[4,] 1.093801  0.81973580 -0.2846201 0.9947322
[5,] 1.251219  0.77144990  0.0309171 0.2783133
[1] "mean of feat 2"
[1] -1.739001
[1] "sd of feat 2"
[1] 0.9055712
[1] "maxnum is "
[1] 30
[1] "# of genes left after filtering:"
[1]   63 2308
GeneSelection: iteration 1 
Loaded glmnet 2.0-5


Attaching package: ‘glmnet’

The following object is masked from ‘package:pROC’:

    auc

GeneSelection: iteration 2 
GeneSelection: iteration 3 
GeneSelection: iteration 4 
GeneSelection: iteration 5 
GeneSelection: iteration 6 
GeneSelection: iteration 7 
GeneSelection: iteration 8 
GeneSelection: iteration 9 
GeneSelection: iteration 10 
GeneSelection: iteration 1 
GeneSelection: iteration 2 
GeneSelection: iteration 3 
GeneSelection: iteration 4 
GeneSelection: iteration 5 
GeneSelection: iteration 6 
GeneSelection: iteration 7 
GeneSelection: iteration 8 
GeneSelection: iteration 9 
GeneSelection: iteration 10 
GeneSelection: iteration 1 
GeneSelection: iteration 2 
GeneSelection: iteration 3 
GeneSelection: iteration 4 
GeneSelection: iteration 5 
GeneSelection: iteration 6 
GeneSelection: iteration 7 
GeneSelection: iteration 8 
GeneSelection: iteration 9 
GeneSelection: iteration 10 
GeneSelection: iteration 1 
GeneSelection: iteration 2 
GeneSelection: iteration 3 
GeneSelection: iteration 4 
GeneSelection: iteration 5 
GeneSelection: iteration 6 
GeneSelection: iteration 7 
GeneSelection: iteration 8 
GeneSelection: iteration 9 
GeneSelection: iteration 10 
genelist
   1    2    3    4    5    6    7    8    9   10   11   12   13   14   15   16 
  40   40   40   40   40   40   40   40   40   40   40   40   40   40   40   40 
  17   18   19   20   21   22   23   24   25   26   27  246  255  842 1003 1389 
  40   40   40   40   40   40   40   40   38   31   12   10   10   10   10   10 
1427 1954 1955 2050  836 1764  509 2198  248 2046  129  742 2022   28  589 1319 
  10   10   10   10    9    9    8    7    6    6    3    3    3    2    2    2 
 545  695  851  910 1066 1387 1723 1886 2166 
   1    1    1    1    1    1    1    1    1 
[1] "varselmethod"
[1] "none"
[1] "lasso:30:96.8253968253968"
[1] "dim of scoring matrix is "
[1] 2308    1
[1] 2308
[1] "DS index stage 1"
[1] NA
[1] "bestgenelist"
 [1]   1   2   3   4   5   6   7   8   9  10  11  12  13  14  15  16  17  18  19
[20]  20  21  22  23  24  25  26  27 246 255 842
            var1      var2       var3      var4       var5        var6     var7
[1,]  0.77334370 -2.438405 -0.4825622 -2.721135 -1.2170580  0.82780920 1.342604
[2,] -0.07817778 -2.415754  0.4127717 -2.825146 -0.6262365  0.05448819 1.429498
[3,] -0.08446916 -1.649739 -0.2413075 -2.875286 -0.8894054 -0.02747398 1.159300
            var8      var9     var10    var11      var12    var13        var14
[1,]  0.05704174 0.1335689 0.5654274 1.499824  0.3935949 1.625921  0.818192700
[2,] -0.12024860 0.4567917 0.1590529 1.145909  0.3806942 1.556522  0.008166563
[3,]  0.01567648 0.1919418 0.4965847 1.388741 -0.5306883 1.614903 -0.208008700
          var15      var16       var17    var18      var19     var20     var21
[1,] 0.01054421 -0.5454171 0.186562600 1.264720 -1.0463990 0.6916961 0.9123630
[2,] 0.15871170 -0.2741737 0.325411300 1.647774 -1.2990160 1.2497870 0.5489881
[3,] 0.07927318 -0.5373407 0.004390348 1.472311 -0.9043622 0.6936970 0.3204154
        var22      var23      var24    var25    var26       var27    var246
[1,] 1.911126 -0.3562465  0.7373554 1.437605 1.488761  0.05363555 1.6047470
[2,] 1.698236 -0.8365558 -0.1178830 1.620022 1.091252 -0.44472580 0.7924947
[3,] 1.571881 -1.0933260  0.5328610 1.503455 1.503388 -0.13079230 1.5527410
        var255   var842
[1,] -1.514582 1.553629
[2,] -1.701005 1.732505
[3,] -1.256319 1.454747
          var1       var2       var3      var4      var5       var6     var7
[1,] 0.1395010 -1.1689275  0.5649728 -3.366796 -1.323132 -0.6925474 2.327395
[2,] 1.1642752 -2.0181583  1.1035335 -2.165435 -1.440117 -0.4374203 2.661587
[3,] 0.8410929  0.2547197 -0.2087477 -2.148149 -1.512765 -1.2637228 2.946642
           var8      var9     var10    var11      var12    var13     var14
[1,] 0.92370319 0.1121673 0.5097651 2.404465  0.1996702 2.158310 0.5144989
[2,] 1.22401070 0.2105040 1.0455631 2.347501 -1.1950131 1.516665 0.5300987
[3,] 0.08782771 0.4829199 1.0630197 2.144562  0.1611830 2.350975 0.9880159
          var15       var16       var17    var18     var19     var20     var21
[1,] -0.4988971  0.33081340 -0.03355678 1.554982 -2.397995 0.7507555 0.0475513
[2,] -1.2686891  0.09676367  0.32613326 1.502676 -2.496170 0.7067542 0.9876435
[3,] -0.8273645 -0.43695577 -0.20751629 1.276814 -2.161954 0.6513351 0.4290514
        var22     var23       var24       var25    var26     var27     var246
[1,] 2.269380 -1.019986 -0.37454801  0.22482214 2.682302 -2.861201 -2.5010360
[2,] 2.180677 -1.817077  0.05363555 -0.37440258 2.411018 -2.531998 -0.5151684
[3,] 2.613725 -1.116267 -0.51266064  0.09630968 2.479157 -1.713133 -1.9330926
        var255     var842
[1,]  1.165710 -0.3690368
[2,] -0.592759  0.7715886
[3,] -1.027222  0.9271515
[1] "numgenes selected:30"
[1] "test acc:0.4"
[1] "test AUC acc:0.625"
[1] "10 fold train90.4761904761905"
[1] "confusion matrix train 10 fold"
          nci_y
pred10fold  1  2  3  4
         1  8  0  0  0
         2  0 23  0  0
         3  0  0 12  0
         4  0  0  0 20
[1] "confusion matrix test"
         test_y
pred_test 1 2 3 4
        1 0 0 0 0
        2 0 3 0 0
        3 0 0 0 0
        4 3 3 6 5
[1] "train acc:1"
[1] "confusion matrix train"
          nci_y
pred_train  1  2  3  4
         1  8  0  0  0
         2  0 23  0  0
         3  0  0 12  0
         4  0  0  0 20
[1] "DS index stage 1"
[1] NA
[1] "KI index stage 1"
[1] NA
There were 12 warnings (use warnings() to see them)
> 
> CMAres<-performCMA(trainm, trainclass, testm, testclass,outloc,
+ maxnum=as.numeric(args[10]),
+ minnum=3,
+ stepitr=1,
+ gsmethods=c("rfe"), #"lasso","elasticnet","kruskal.test"), #"f.test", "f.test", "elasticnet", "wilcox.test", "welch.test"),
+ pct_train=0.40,
+ accuracyweight=1,
+ featweight=0.06,
+ minpresent=1,
+ kname="radial",
+ norm_method="none",
+ tolerance=0.1,
+ maxitrs=5,
+ classindex=1,
+ numfacts=0,
+ evalmethod="CV",
+ numfolds=10,
+ CVfoldthresh=0.7,
+ varselmethod="none",
+ scheme_val="one-vs-all",
+ iter_learn=1,boostweight=rep(0,dim(trainm)[2]))
[1] "dim of trainm is "
[1]   63 2308
[1]   63 2308
[1] "length of factcols"
[1] 0
[1]   63 2308
[1]   20 2308
integer(0)
character(0)
NULL
[1] "ok"
[1] "test class"
V1 V2 V4 V6 
 3  2  4  2 
Levels: 1 2 3 4
[1] "orig train matrix"
            var1      var2       var3       var4       var5        var6
[1,]  0.77334370 -2.438405 -0.4825622 -2.7211350 -1.2170580  0.82780920
[2,] -0.07817778 -2.415754  0.4127717 -2.8251460 -0.6262365  0.05448819
[3,] -0.08446916 -1.649739 -0.2413075 -2.8752860 -0.8894054 -0.02747398
[4,]  0.96561400 -2.380547  0.6252965 -1.7412560 -0.8453664  0.94968680
[5,]  0.07566390 -1.728785  0.8526265  0.2726953 -1.8413700  0.32793590
         var7        var8       var9     var10
[1,] 1.342604  0.05704174  0.1335689 0.5654274
[2,] 1.429498 -0.12024860  0.4567917 0.1590529
[3,] 1.159300  0.01567648  0.1919418 0.4965847
[4,] 1.093801  0.81973580 -0.2846201 0.9947322
[5,] 1.251219  0.77144990  0.0309171 0.2783133
[1] "orig train matrix"
            var1      var2       var3       var4       var5        var6
[1,]  0.77334370 -2.438405 -0.4825622 -2.7211350 -1.2170580  0.82780920
[2,] -0.07817778 -2.415754  0.4127717 -2.8251460 -0.6262365  0.05448819
[3,] -0.08446916 -1.649739 -0.2413075 -2.8752860 -0.8894054 -0.02747398
[4,]  0.96561400 -2.380547  0.6252965 -1.7412560 -0.8453664  0.94968680
[5,]  0.07566390 -1.728785  0.8526265  0.2726953 -1.8413700  0.32793590
         var7        var8       var9     var10
[1,] 1.342604  0.05704174  0.1335689 0.5654274
[2,] 1.429498 -0.12024860  0.4567917 0.1590529
[3,] 1.159300  0.01567648  0.1919418 0.4965847
[4,] 1.093801  0.81973580 -0.2846201 0.9947322
[5,] 1.251219  0.77144990  0.0309171 0.2783133
[1] -0.4825622  0.4127717 -0.2413075
[1] "norm train matrix"
            var1      var2       var3       var4       var5        var6
[1,]  0.77334370 -2.438405 -0.4825622 -2.7211350 -1.2170580  0.82780920
[2,] -0.07817778 -2.415754  0.4127717 -2.8251460 -0.6262365  0.05448819
[3,] -0.08446916 -1.649739 -0.2413075 -2.8752860 -0.8894054 -0.02747398
[4,]  0.96561400 -2.380547  0.6252965 -1.7412560 -0.8453664  0.94968680
[5,]  0.07566390 -1.728785  0.8526265  0.2726953 -1.8413700  0.32793590
         var7        var8       var9     var10
[1,] 1.342604  0.05704174  0.1335689 0.5654274
[2,] 1.429498 -0.12024860  0.4567917 0.1590529
[3,] 1.159300  0.01567648  0.1919418 0.4965847
[4,] 1.093801  0.81973580 -0.2846201 0.9947322
[5,] 1.251219  0.77144990  0.0309171 0.2783133
[1] "mean of feat 2"
[1] -1.739001
[1] "sd of feat 2"
[1] 0.9055712
[1] "maxnum is "
[1] 30
[1] "# of genes left after filtering:"
[1]   63 2308
GeneSelection: iteration 1 
GeneSelection: iteration 2 
GeneSelection: iteration 3 
GeneSelection: iteration 4 
GeneSelection: iteration 5 
GeneSelection: iteration 6 
GeneSelection: iteration 7 
GeneSelection: iteration 8 
GeneSelection: iteration 9 
GeneSelection: iteration 10 
GeneSelection: iteration 1 
GeneSelection: iteration 2 
GeneSelection: iteration 3 
GeneSelection: iteration 4 
GeneSelection: iteration 5 
GeneSelection: iteration 6 
GeneSelection: iteration 7 
GeneSelection: iteration 8 
GeneSelection: iteration 9 
GeneSelection: iteration 10 
GeneSelection: iteration 1 
GeneSelection: iteration 2 
GeneSelection: iteration 3 
GeneSelection: iteration 4 
GeneSelection: iteration 5 
GeneSelection: iteration 6 
GeneSelection: iteration 7 
GeneSelection: iteration 8 
GeneSelection: iteration 9 
GeneSelection: iteration 10 
GeneSelection: iteration 1 
GeneSelection: iteration 2 
GeneSelection: iteration 3 
GeneSelection: iteration 4 
GeneSelection: iteration 5 
GeneSelection: iteration 6 
GeneSelection: iteration 7 
GeneSelection: iteration 8 
GeneSelection: iteration 9 
GeneSelection: iteration 10 
[1] "varselmethod"
[1] "none"
[1] "rfe:30:100"
[1] "dim of scoring matrix is "
[1] 2308    1
[1] 2308
[1] "DS index stage 1"
[1] NA
[1] "bestgenelist"
 [1]    2  107  129  174  187  246  251  255  509  554  603  729  819 1003 1055
[16] 1319 1594 1601 1645 1708 1799 1911 1924 1954 1955 1980 2046 2050 2162 2303
          var2     var107    var129    var174    var187    var246    var251
[1,] -2.438405 -2.6118310 -2.763035 -3.327018 -3.426515 1.6047470 -0.681614
[2,] -2.415754  0.8554786 -2.264326 -2.818423 -2.361274 0.7924947 -0.732096
[3,] -1.649739 -0.3792127 -2.050271 -3.055482 -2.259526 1.5527410 -1.355571
        var255    var509    var554     var603     var729    var819   var1003
[1,] -1.514582 -1.844528 -1.850236 -3.0138960 -0.9416085 -2.108664 -3.231455
[2,] -1.701005 -1.699363 -1.598004 -1.3637500  0.2026143 -3.272804 -2.294617
[3,] -1.256319 -1.478848 -1.689564 -0.9281103  0.2547972 -2.767800 -2.154165
       var1055   var1319   var1594    var1601   var1645    var1708   var1799
[1,] -2.529486 1.5368030 -2.520741  0.0875529 0.9097896  0.1356666 -1.897120
[2,] -2.094758 0.6934471 -1.227241 -0.7918632 0.1290087 -1.3474580 -1.979053
[3,] -1.205641 1.3106270 -1.213686  0.7540541 0.7381205 -0.9485557 -2.066723
       var1911   var1924   var1954    var1955   var1980   var2046   var2050
[1,] -3.172469 -3.139603 0.3828786 -1.0604500 0.5546894 -2.051826 -4.635629
[2,] -2.869981 -2.152442 1.0915880 -1.1135230 0.3279359 -3.007805 -1.356736
[3,] -2.882404 -1.200313 0.9684277 -0.8947739 0.5260295 -2.972016 -2.922482
         var2162     var2303
[1,] -0.30802080 -0.46362400
[2,] -0.03988493  0.03478783
[3,] -1.04128700 -0.67865270
           var2     var107    var129     var174     var187     var246    var251
[1,] -1.1689275 -1.7344344 -1.822631 -2.7551418 -0.8549605 -2.5010360 0.5459225
[2,] -2.0181583 -1.8559780 -1.283377 -2.5796570 -2.8949824 -0.5151684 0.3527673
[3,]  0.2547197  0.8299918  2.636203 -0.6706032  2.9578798 -1.9330926 1.0444728
        var255    var509    var554     var603     var729    var819   var1003
[1,]  1.165710 -1.367276 -2.167180 -2.6882476 -2.8612014 -1.657054 -1.988505
[2,] -0.592759 -2.365525 -2.042531 -3.3298074 -2.3075976 -2.199126 -2.928074
[3,] -1.027222  2.815109  1.671229 -0.5965651 -0.9771029 -1.017493  1.000558
        var1055    var1319    var1594    var1601   var1645   var1708    var1799
[1,] -2.2219272 -0.1239772  0.4095899  1.8007192  1.652497 -1.258781  0.7408892
[2,] -0.9413522 -0.8072121 -2.2985931 -0.9545119  1.456193 -3.121295 -1.4040511
[3,] -0.2541184 -1.5871873 -0.6907501  0.1650058 -1.959705 -1.859824  1.1763138
       var1911    var1924    var1954    var1955   var1980     var2046
[1,] -2.968117 -1.5077843 -1.3862944 -1.7915595  1.679561  0.05600219
[2,] -2.695628 -1.4317102  0.4342469 -1.1867880  1.725032 -2.95651156
[3,] -1.487220 -0.3776068 -0.4942963  0.8235173 -1.066823  1.32433917
         var2050   var2162     var2303
[1,]  0.58053824 -3.040730 -0.07042246
[2,] -2.61729584 -1.132272  0.42278099
[3,]  0.08571887 -1.074408 -1.87993516
[1] "numgenes selected:30"
[1] "test acc:1"
[1] "test AUC acc:1"
[1] "10 fold train100"
[1] "confusion matrix train 10 fold"
          nci_y
pred10fold  1  2  3  4
         1  8  0  0  0
         2  0 23  0  0
         3  0  0 12  0
         4  0  0  0 20
[1] "confusion matrix test"
         test_y
pred_test 1 2 3 4
        1 3 0 0 0
        2 0 6 0 0
        3 0 0 6 0
        4 0 0 0 5
[1] "train acc:1"
[1] "confusion matrix train"
          nci_y
pred_train  1  2  3  4
         1  8  0  0  0
         2  0 23  0  0
         3  0  0 12  0
         4  0  0  0 20
[1] "DS index stage 1"
[1] NA
[1] "KI index stage 1"
[1] NA
Warning messages:
1: In if (is.na(boostweight) == TRUE) { :
  the condition has length > 1 and only the first element will be used
2: In if (is.na(testm) == TRUE) { :
  the condition has length > 1 and only the first element will be used
3: In if (is.na(testclass) == TRUE) { :
  the condition has length > 1 and only the first element will be used
4: In mean.default(DS_res, na.rm = TRUE) :
  argument is not numeric or logical: returning NA
5: In mean.default(DS_res, na.rm = TRUE) :
  argument is not numeric or logical: returning NA
6: In mean.default(KI_res, na.rm = TRUE) :
  argument is not numeric or logical: returning NA
> 
> CMAres<-performCMA(trainm, trainclass, testm, testclass,outloc,
+ maxnum=as.numeric(args[10]),
+ minnum=3,
+ stepitr=1,
+ gsmethods=c("elasticnet"), #"lasso","elasticnet","kruskal.test"), #"f.test", "f.test", "elasticnet", "wilcox.test", "welch.test"),
+ pct_train=0.40,
+ accuracyweight=1,
+ featweight=0.06,
+ minpresent=1,
+ kname="radial",
+ norm_method="none",
+ tolerance=0.1,
+ maxitrs=5,
+ classindex=1,
+ numfacts=0,
+ evalmethod="CV",
+ numfolds=10,
+ CVfoldthresh=0.7,
+ varselmethod="none",
+ scheme_val="one-vs-all",
+ iter_learn=1,boostweight=rep(0,dim(trainm)[2]))
[1] "dim of trainm is "
[1]   63 2308
[1]   63 2308
[1] "length of factcols"
[1] 0
[1]   63 2308
[1]   20 2308
integer(0)
character(0)
NULL
[1] "ok"
[1] "test class"
V1 V2 V4 V6 
 3  2  4  2 
Levels: 1 2 3 4
[1] "orig train matrix"
            var1      var2       var3       var4       var5        var6
[1,]  0.77334370 -2.438405 -0.4825622 -2.7211350 -1.2170580  0.82780920
[2,] -0.07817778 -2.415754  0.4127717 -2.8251460 -0.6262365  0.05448819
[3,] -0.08446916 -1.649739 -0.2413075 -2.8752860 -0.8894054 -0.02747398
[4,]  0.96561400 -2.380547  0.6252965 -1.7412560 -0.8453664  0.94968680
[5,]  0.07566390 -1.728785  0.8526265  0.2726953 -1.8413700  0.32793590
         var7        var8       var9     var10
[1,] 1.342604  0.05704174  0.1335689 0.5654274
[2,] 1.429498 -0.12024860  0.4567917 0.1590529
[3,] 1.159300  0.01567648  0.1919418 0.4965847
[4,] 1.093801  0.81973580 -0.2846201 0.9947322
[5,] 1.251219  0.77144990  0.0309171 0.2783133
[1] "orig train matrix"
            var1      var2       var3       var4       var5        var6
[1,]  0.77334370 -2.438405 -0.4825622 -2.7211350 -1.2170580  0.82780920
[2,] -0.07817778 -2.415754  0.4127717 -2.8251460 -0.6262365  0.05448819
[3,] -0.08446916 -1.649739 -0.2413075 -2.8752860 -0.8894054 -0.02747398
[4,]  0.96561400 -2.380547  0.6252965 -1.7412560 -0.8453664  0.94968680
[5,]  0.07566390 -1.728785  0.8526265  0.2726953 -1.8413700  0.32793590
         var7        var8       var9     var10
[1,] 1.342604  0.05704174  0.1335689 0.5654274
[2,] 1.429498 -0.12024860  0.4567917 0.1590529
[3,] 1.159300  0.01567648  0.1919418 0.4965847
[4,] 1.093801  0.81973580 -0.2846201 0.9947322
[5,] 1.251219  0.77144990  0.0309171 0.2783133
[1] -0.4825622  0.4127717 -0.2413075
[1] "norm train matrix"
            var1      var2       var3       var4       var5        var6
[1,]  0.77334370 -2.438405 -0.4825622 -2.7211350 -1.2170580  0.82780920
[2,] -0.07817778 -2.415754  0.4127717 -2.8251460 -0.6262365  0.05448819
[3,] -0.08446916 -1.649739 -0.2413075 -2.8752860 -0.8894054 -0.02747398
[4,]  0.96561400 -2.380547  0.6252965 -1.7412560 -0.8453664  0.94968680
[5,]  0.07566390 -1.728785  0.8526265  0.2726953 -1.8413700  0.32793590
         var7        var8       var9     var10
[1,] 1.342604  0.05704174  0.1335689 0.5654274
[2,] 1.429498 -0.12024860  0.4567917 0.1590529
[3,] 1.159300  0.01567648  0.1919418 0.4965847
[4,] 1.093801  0.81973580 -0.2846201 0.9947322
[5,] 1.251219  0.77144990  0.0309171 0.2783133
[1] "mean of feat 2"
[1] -1.739001
[1] "sd of feat 2"
[1] 0.9055712
[1] "maxnum is "
[1] 30
[1] "# of genes left after filtering:"
[1]   63 2308
GeneSelection: iteration 1 
GeneSelection: iteration 2 
GeneSelection: iteration 3 
GeneSelection: iteration 4 
GeneSelection: iteration 5 
GeneSelection: iteration 6 
GeneSelection: iteration 7 
GeneSelection: iteration 8 
GeneSelection: iteration 9 
GeneSelection: iteration 10 
GeneSelection: iteration 1 
GeneSelection: iteration 2 
GeneSelection: iteration 3 
GeneSelection: iteration 4 
GeneSelection: iteration 5 
GeneSelection: iteration 6 
GeneSelection: iteration 7 
GeneSelection: iteration 8 
GeneSelection: iteration 9 
GeneSelection: iteration 10 
GeneSelection: iteration 1 
GeneSelection: iteration 2 
GeneSelection: iteration 3 
GeneSelection: iteration 4 
GeneSelection: iteration 5 
GeneSelection: iteration 6 
GeneSelection: iteration 7 
GeneSelection: iteration 8 
GeneSelection: iteration 9 
GeneSelection: iteration 10 
GeneSelection: iteration 1 
GeneSelection: iteration 2 
GeneSelection: iteration 3 
GeneSelection: iteration 4 
GeneSelection: iteration 5 
GeneSelection: iteration 6 
GeneSelection: iteration 7 
GeneSelection: iteration 8 
GeneSelection: iteration 9 
GeneSelection: iteration 10 
[1] "varselmethod"
[1] "none"
[1] "elasticnet:30:93.6507936507936"
[1] "dim of scoring matrix is "
[1] 2308    1
[1] 2308
[1] "DS index stage 1"
[1] NA
[1] "bestgenelist"
 [1]   1   2   3   4   5   6   7   8   9  10  11  12  13  14  15  16  17  18  19
[20]  20  21  22  23  24  25  26  27  28 246 255
            var1      var2       var3      var4       var5        var6     var7
[1,]  0.77334370 -2.438405 -0.4825622 -2.721135 -1.2170580  0.82780920 1.342604
[2,] -0.07817778 -2.415754  0.4127717 -2.825146 -0.6262365  0.05448819 1.429498
[3,] -0.08446916 -1.649739 -0.2413075 -2.875286 -0.8894054 -0.02747398 1.159300
            var8      var9     var10    var11      var12    var13        var14
[1,]  0.05704174 0.1335689 0.5654274 1.499824  0.3935949 1.625921  0.818192700
[2,] -0.12024860 0.4567917 0.1590529 1.145909  0.3806942 1.556522  0.008166563
[3,]  0.01567648 0.1919418 0.4965847 1.388741 -0.5306883 1.614903 -0.208008700
          var15      var16       var17    var18      var19     var20     var21
[1,] 0.01054421 -0.5454171 0.186562600 1.264720 -1.0463990 0.6916961 0.9123630
[2,] 0.15871170 -0.2741737 0.325411300 1.647774 -1.2990160 1.2497870 0.5489881
[3,] 0.07927318 -0.5373407 0.004390348 1.472311 -0.9043622 0.6936970 0.3204154
        var22      var23      var24    var25    var26       var27    var28
[1,] 1.911126 -0.3562465  0.7373554 1.437605 1.488761  0.05363555 1.265143
[2,] 1.698236 -0.8365558 -0.1178830 1.620022 1.091252 -0.44472580 1.330782
[3,] 1.571881 -1.0933260  0.5328610 1.503455 1.503388 -0.13079230 1.016679
        var246    var255
[1,] 1.6047470 -1.514582
[2,] 0.7924947 -1.701005
[3,] 1.5527410 -1.256319
          var1       var2       var3      var4      var5       var6     var7
[1,] 0.1395010 -1.1689275  0.5649728 -3.366796 -1.323132 -0.6925474 2.327395
[2,] 1.1642752 -2.0181583  1.1035335 -2.165435 -1.440117 -0.4374203 2.661587
[3,] 0.8410929  0.2547197 -0.2087477 -2.148149 -1.512765 -1.2637228 2.946642
           var8      var9     var10    var11      var12    var13     var14
[1,] 0.92370319 0.1121673 0.5097651 2.404465  0.1996702 2.158310 0.5144989
[2,] 1.22401070 0.2105040 1.0455631 2.347501 -1.1950131 1.516665 0.5300987
[3,] 0.08782771 0.4829199 1.0630197 2.144562  0.1611830 2.350975 0.9880159
          var15       var16       var17    var18     var19     var20     var21
[1,] -0.4988971  0.33081340 -0.03355678 1.554982 -2.397995 0.7507555 0.0475513
[2,] -1.2686891  0.09676367  0.32613326 1.502676 -2.496170 0.7067542 0.9876435
[3,] -0.8273645 -0.43695577 -0.20751629 1.276814 -2.161954 0.6513351 0.4290514
        var22     var23       var24       var25    var26     var27      var28
[1,] 2.269380 -1.019986 -0.37454801  0.22482214 2.682302 -2.861201  0.8834369
[2,] 2.180677 -1.817077  0.05363555 -0.37440258 2.411018 -2.531998 -0.2386380
[3,] 2.613725 -1.116267 -0.51266064  0.09630968 2.479157 -1.713133 -0.2413075
         var246    var255
[1,] -2.5010360  1.165710
[2,] -0.5151684 -0.592759
[3,] -1.9330926 -1.027222
[1] "numgenes selected:30"
[1] "test acc:0.4"
[1] "test AUC acc:0.625"
[1] "10 fold train90.4761904761905"
[1] "confusion matrix train 10 fold"
          nci_y
pred10fold  1  2  3  4
         1  8  0  0  0
         2  0 23  0  0
         3  0  0 12  0
         4  0  0  0 20
[1] "confusion matrix test"
         test_y
pred_test 1 2 3 4
        1 0 0 0 0
        2 0 3 0 0
        3 0 0 0 0
        4 3 3 6 5
[1] "train acc:1"
[1] "confusion matrix train"
          nci_y
pred_train  1  2  3  4
         1  8  0  0  0
         2  0 23  0  0
         3  0  0 12  0
         4  0  0  0 20
[1] "DS index stage 1"
[1] NA
[1] "KI index stage 1"
[1] NA
There were 12 warnings (use warnings() to see them)
> 
> if(FALSE){
+ CMAres<-performCMA(trainm, trainclass, testm, testclass,outloc,
+ maxnum=as.numeric(args[10]),
+ minnum=3,
+ stepitr=1,
+ gsmethods=c("rf"), #"lasso","elasticnet","kruskal.test"), #"f.test", "f.test", "elasticnet", "wilcox.test", "welch.test"),
+ pct_train=0.40,
+ accuracyweight=1,
+ featweight=0.06,
+ minpresent=1,
+ kname="radial",
+ norm_method="none",
+ tolerance=0.1,
+ maxitrs=5,
+ classindex=1,
+ numfacts=0,
+ evalmethod="CV",
+ numfolds=10,
+ CVfoldthresh=0.7,
+ varselmethod="none",
+ scheme_val="one-vs-all",
+ iter_learn=1,boostweight=rep(0,dim(trainm)[2]))
+ }
> 
> CMAres<-performCMA(trainm, trainclass, testm, testclass,outloc,
+ maxnum=as.numeric(args[10]),
+ minnum=3,
+ stepitr=1,
+ gsmethods=c("f.test"), #"lasso","elasticnet","kruskal.test"), #"f.test", "f.test", "elasticnet", "wilcox.test", "welch.test"),
+ pct_train=0.40,
+ accuracyweight=1,
+ featweight=0.06,
+ minpresent=1,
+ kname="radial",
+ norm_method="none",
+ tolerance=0.1,
+ maxitrs=5,
+ classindex=1,
+ numfacts=0,
+ evalmethod="CV",
+ numfolds=10,
+ CVfoldthresh=0.7,
+ varselmethod="none",
+ scheme_val="one-vs-all",
+ iter_learn=1,boostweight=rep(0,dim(trainm)[2]))
[1] "dim of trainm is "
[1]   63 2308
[1]   63 2308
[1] "length of factcols"
[1] 0
[1]   63 2308
[1]   20 2308
integer(0)
character(0)
NULL
[1] "ok"
[1] "test class"
V1 V2 V4 V6 
 3  2  4  2 
Levels: 1 2 3 4
[1] "orig train matrix"
            var1      var2       var3       var4       var5        var6
[1,]  0.77334370 -2.438405 -0.4825622 -2.7211350 -1.2170580  0.82780920
[2,] -0.07817778 -2.415754  0.4127717 -2.8251460 -0.6262365  0.05448819
[3,] -0.08446916 -1.649739 -0.2413075 -2.8752860 -0.8894054 -0.02747398
[4,]  0.96561400 -2.380547  0.6252965 -1.7412560 -0.8453664  0.94968680
[5,]  0.07566390 -1.728785  0.8526265  0.2726953 -1.8413700  0.32793590
         var7        var8       var9     var10
[1,] 1.342604  0.05704174  0.1335689 0.5654274
[2,] 1.429498 -0.12024860  0.4567917 0.1590529
[3,] 1.159300  0.01567648  0.1919418 0.4965847
[4,] 1.093801  0.81973580 -0.2846201 0.9947322
[5,] 1.251219  0.77144990  0.0309171 0.2783133
[1] "orig train matrix"
            var1      var2       var3       var4       var5        var6
[1,]  0.77334370 -2.438405 -0.4825622 -2.7211350 -1.2170580  0.82780920
[2,] -0.07817778 -2.415754  0.4127717 -2.8251460 -0.6262365  0.05448819
[3,] -0.08446916 -1.649739 -0.2413075 -2.8752860 -0.8894054 -0.02747398
[4,]  0.96561400 -2.380547  0.6252965 -1.7412560 -0.8453664  0.94968680
[5,]  0.07566390 -1.728785  0.8526265  0.2726953 -1.8413700  0.32793590
         var7        var8       var9     var10
[1,] 1.342604  0.05704174  0.1335689 0.5654274
[2,] 1.429498 -0.12024860  0.4567917 0.1590529
[3,] 1.159300  0.01567648  0.1919418 0.4965847
[4,] 1.093801  0.81973580 -0.2846201 0.9947322
[5,] 1.251219  0.77144990  0.0309171 0.2783133
[1] -0.4825622  0.4127717 -0.2413075
[1] "norm train matrix"
            var1      var2       var3       var4       var5        var6
[1,]  0.77334370 -2.438405 -0.4825622 -2.7211350 -1.2170580  0.82780920
[2,] -0.07817778 -2.415754  0.4127717 -2.8251460 -0.6262365  0.05448819
[3,] -0.08446916 -1.649739 -0.2413075 -2.8752860 -0.8894054 -0.02747398
[4,]  0.96561400 -2.380547  0.6252965 -1.7412560 -0.8453664  0.94968680
[5,]  0.07566390 -1.728785  0.8526265  0.2726953 -1.8413700  0.32793590
         var7        var8       var9     var10
[1,] 1.342604  0.05704174  0.1335689 0.5654274
[2,] 1.429498 -0.12024860  0.4567917 0.1590529
[3,] 1.159300  0.01567648  0.1919418 0.4965847
[4,] 1.093801  0.81973580 -0.2846201 0.9947322
[5,] 1.251219  0.77144990  0.0309171 0.2783133
[1] "mean of feat 2"
[1] -1.739001
[1] "sd of feat 2"
[1] 0.9055712
[1] "maxnum is "
[1] 30
[1] "# of genes left after filtering:"
[1]   63 2308
GeneSelection: iteration 1 
GeneSelection: iteration 2 
GeneSelection: iteration 3 
GeneSelection: iteration 4 
GeneSelection: iteration 5 
GeneSelection: iteration 6 
GeneSelection: iteration 7 
GeneSelection: iteration 8 
GeneSelection: iteration 9 
GeneSelection: iteration 10 
GeneSelection: iteration 1 
GeneSelection: iteration 2 
GeneSelection: iteration 3 
GeneSelection: iteration 4 
GeneSelection: iteration 5 
GeneSelection: iteration 6 
GeneSelection: iteration 7 
GeneSelection: iteration 8 
GeneSelection: iteration 9 
GeneSelection: iteration 10 
GeneSelection: iteration 1 
GeneSelection: iteration 2 
GeneSelection: iteration 3 
GeneSelection: iteration 4 
GeneSelection: iteration 5 
GeneSelection: iteration 6 
GeneSelection: iteration 7 
GeneSelection: iteration 8 
GeneSelection: iteration 9 
GeneSelection: iteration 10 
GeneSelection: iteration 1 
GeneSelection: iteration 2 
GeneSelection: iteration 3 
GeneSelection: iteration 4 
GeneSelection: iteration 5 
GeneSelection: iteration 6 
GeneSelection: iteration 7 
GeneSelection: iteration 8 
GeneSelection: iteration 9 
GeneSelection: iteration 10 
[1] "varselmethod"
[1] "none"
[1] "f.test:30:100"
[1] "dim of scoring matrix is "
[1] 2308    1
[1] 2308
[1] "DS index stage 1"
[1] NA
[1] "bestgenelist"
 [1]    1    2  123  129  153  174  182  187  229  236  246  248  255  336  338
[16]  368  422  433  437  509  545  554  566  567  589  603  607  695 1003 1799
            var1      var2    var123    var129     var153    var174     var182
[1,]  0.77334370 -2.438405 -1.422543 -2.763035 -0.5898688 -3.327018 -0.4261781
[2,] -0.07817778 -2.415754 -1.859824 -2.264326  0.1202688 -2.818423 -0.8689302
[3,] -0.08446916 -1.649739 -2.116106 -2.050271 -0.5124937 -3.055482 -0.8533160
        var187    var229       var236    var246    var248    var255    var336
[1,] -3.426515 -3.036554  0.001199281 1.6047470 0.5256157 -1.514582 1.0834310
[2,] -2.361274 -2.329956 -2.724180000 0.7924947 0.8172657 -1.701005 0.8409636
[3,] -2.259526 -2.014403 -2.006191000 1.5527410 0.2816388 -1.256319 0.5742510
        var338     var368    var422    var433     var437    var509    var545
[1,] -0.821890 -1.1110900 0.3450071 -2.629701 -2.0402210 -1.844528 0.7801502
[2,] -1.275827 -0.5651058 0.7177910 -2.362335 -1.3382660 -1.699363 1.0726790
[3,] -1.779633 -0.3831656 0.1238976 -2.727233 -0.8296544 -1.478848 1.3342380
        var554      var566     var567     var589     var603     var607
[1,] -1.850236  0.03459464 -1.2351200 -0.8889188 -3.0138960 -0.8744293
[2,] -1.598004 -1.24098300 -0.5573933 -0.8363250 -1.3637500 -0.0885034
[3,] -1.689564  1.01465100 -0.9980432 -0.5610668 -0.9281103 -0.5679252
        var695   var1003   var1799
[1,] -1.584745 -3.231455 -1.897120
[2,] -1.360237 -2.294617 -1.979053
[3,] -1.485894 -2.154165 -2.066723
          var1       var2    var123    var129      var153     var174    var182
[1,] 0.1395010 -1.1689275 -2.785471 -1.822631 -0.37556656 -2.7551418 -3.144232
[2,] 1.1642752 -2.0181583 -1.818925 -1.283377 -1.26513924 -2.5796570 -3.051245
[3,] 0.8410929  0.2547197 -2.042531  2.636203 -0.06464519 -0.6706032 -2.302585
         var187     var229       var236     var246     var248    var255
[1,] -0.8549605 -1.7026503  0.009058844 -2.5010360 -1.1917149  1.165710
[2,] -2.8949824 -1.1864604 -1.621510494 -0.5151684 -1.6591535 -0.592759
[3,]  2.9578798 -0.6610673  0.464928271 -1.9330926 -0.1529181 -1.027222
         var336    var338     var368     var422    var433    var437    var509
[1,]  0.1824049 -3.174859 -1.7885646 -0.3840461 -2.864704 -1.065081 -1.367276
[2,] -0.5971100 -1.850873 -1.1008147 -1.2437537 -2.833613 -1.988505 -2.365525
[3,] -1.6928195 -1.265848 -0.1674724 -1.8636852 -1.312301 -1.748125  2.815109
         var545    var554     var566     var567    var589     var603    var607
[1,] -0.2097339 -2.167180 -2.9917403 -0.8660730 -1.581823 -2.6882476 -3.233989
[2,]  1.7506944 -2.042531 -0.3112919 -0.5323898 -1.061895 -3.3298074 -2.069887
[3,]  0.6954445  1.671229 -1.8566180 -0.2333202 -1.136626 -0.5965651 -1.998046
         var695   var1003    var1799
[1,] -0.5839341 -1.988505  0.7408892
[2,] -2.9778924 -2.928074 -1.4040511
[3,] -1.5422467  1.000558  1.1763138
[1] "numgenes selected:30"
[1] "test acc:0.95"
[1] "test AUC acc:0.958333333333333"
[1] "10 fold train100"
[1] "confusion matrix train 10 fold"
          nci_y
pred10fold  1  2  3  4
         1  8  0  0  0
         2  0 23  0  0
         3  0  0 12  0
         4  0  0  0 20
[1] "confusion matrix test"
         test_y
pred_test 1 2 3 4
        1 3 0 0 0
        2 0 5 0 0
        3 0 0 6 0
        4 0 1 0 5
[1] "train acc:1"
[1] "confusion matrix train"
          nci_y
pred_train  1  2  3  4
         1  8  0  0  0
         2  0 23  0  0
         3  0  0 12  0
         4  0  0  0 20
[1] "DS index stage 1"
[1] NA
[1] "KI index stage 1"
[1] NA
Warning messages:
1: In if (is.na(boostweight) == TRUE) { :
  the condition has length > 1 and only the first element will be used
2: In if (is.na(testm) == TRUE) { :
  the condition has length > 1 and only the first element will be used
3: In if (is.na(testclass) == TRUE) { :
  the condition has length > 1 and only the first element will be used
4: In mean.default(DS_res, na.rm = TRUE) :
  argument is not numeric or logical: returning NA
5: In mean.default(DS_res, na.rm = TRUE) :
  argument is not numeric or logical: returning NA
6: In mean.default(KI_res, na.rm = TRUE) :
  argument is not numeric or logical: returning NA
> 
> #1
> CMAres<-performCMA(trainm, trainclass, testm, testclass,outloc,
+ maxnum=as.numeric(args[10]),
+ minnum=3,
+ stepitr=1,
+ gsmethods=c("limma","lasso","rfe","elasticnet", "f.test"), #"lasso","elasticnet","kruskal.test"), #"f.test", "f.test", "elasticnet", "wilcox.test", "welch.test"),
+ pct_train=0.40,
+ accuracyweight=1,
+ featweight=0.06,
+ minpresent=1,
+ kname="radial",
+ norm_method="none",
+ tolerance=0.1,
+ maxitrs=5,
+ classindex=1,
+ numfacts=0,
+ evalmethod="CV",
+ numfolds=10,
+ CVfoldthresh=0.7,
+ varselmethod="backward",
+ scheme_val="one-vs-all",
+ iter_learn=1,boostweight=rep(0,dim(trainm)[2]))
[1] "dim of trainm is "
[1]   63 2308
[1]   63 2308
[1] "length of factcols"
[1] 0
[1]   63 2308
[1]   20 2308
integer(0)
character(0)
NULL
[1] "ok"
[1] "test class"
V1 V2 V4 V6 
 3  2  4  2 
Levels: 1 2 3 4
[1] "orig train matrix"
            var1      var2       var3       var4       var5        var6
[1,]  0.77334370 -2.438405 -0.4825622 -2.7211350 -1.2170580  0.82780920
[2,] -0.07817778 -2.415754  0.4127717 -2.8251460 -0.6262365  0.05448819
[3,] -0.08446916 -1.649739 -0.2413075 -2.8752860 -0.8894054 -0.02747398
[4,]  0.96561400 -2.380547  0.6252965 -1.7412560 -0.8453664  0.94968680
[5,]  0.07566390 -1.728785  0.8526265  0.2726953 -1.8413700  0.32793590
         var7        var8       var9     var10
[1,] 1.342604  0.05704174  0.1335689 0.5654274
[2,] 1.429498 -0.12024860  0.4567917 0.1590529
[3,] 1.159300  0.01567648  0.1919418 0.4965847
[4,] 1.093801  0.81973580 -0.2846201 0.9947322
[5,] 1.251219  0.77144990  0.0309171 0.2783133
[1] "orig train matrix"
            var1      var2       var3       var4       var5        var6
[1,]  0.77334370 -2.438405 -0.4825622 -2.7211350 -1.2170580  0.82780920
[2,] -0.07817778 -2.415754  0.4127717 -2.8251460 -0.6262365  0.05448819
[3,] -0.08446916 -1.649739 -0.2413075 -2.8752860 -0.8894054 -0.02747398
[4,]  0.96561400 -2.380547  0.6252965 -1.7412560 -0.8453664  0.94968680
[5,]  0.07566390 -1.728785  0.8526265  0.2726953 -1.8413700  0.32793590
         var7        var8       var9     var10
[1,] 1.342604  0.05704174  0.1335689 0.5654274
[2,] 1.429498 -0.12024860  0.4567917 0.1590529
[3,] 1.159300  0.01567648  0.1919418 0.4965847
[4,] 1.093801  0.81973580 -0.2846201 0.9947322
[5,] 1.251219  0.77144990  0.0309171 0.2783133
[1] -0.4825622  0.4127717 -0.2413075
[1] "norm train matrix"
            var1      var2       var3       var4       var5        var6
[1,]  0.77334370 -2.438405 -0.4825622 -2.7211350 -1.2170580  0.82780920
[2,] -0.07817778 -2.415754  0.4127717 -2.8251460 -0.6262365  0.05448819
[3,] -0.08446916 -1.649739 -0.2413075 -2.8752860 -0.8894054 -0.02747398
[4,]  0.96561400 -2.380547  0.6252965 -1.7412560 -0.8453664  0.94968680
[5,]  0.07566390 -1.728785  0.8526265  0.2726953 -1.8413700  0.32793590
         var7        var8       var9     var10
[1,] 1.342604  0.05704174  0.1335689 0.5654274
[2,] 1.429498 -0.12024860  0.4567917 0.1590529
[3,] 1.159300  0.01567648  0.1919418 0.4965847
[4,] 1.093801  0.81973580 -0.2846201 0.9947322
[5,] 1.251219  0.77144990  0.0309171 0.2783133
[1] "mean of feat 2"
[1] -1.739001
[1] "sd of feat 2"
[1] 0.9055712
[1] "maxnum is "
[1] 30
[1] "# of genes left after filtering:"
[1]   63 2308
GeneSelection: iteration 1 
GeneSelection: iteration 2 
GeneSelection: iteration 3 
GeneSelection: iteration 4 
GeneSelection: iteration 5 
GeneSelection: iteration 6 
GeneSelection: iteration 7 
GeneSelection: iteration 8 
GeneSelection: iteration 9 
GeneSelection: iteration 10 
GeneSelection: iteration 1 
GeneSelection: iteration 2 
GeneSelection: iteration 3 
GeneSelection: iteration 4 
GeneSelection: iteration 5 
GeneSelection: iteration 6 
GeneSelection: iteration 7 
GeneSelection: iteration 8 
GeneSelection: iteration 9 
GeneSelection: iteration 10 
GeneSelection: iteration 1 
GeneSelection: iteration 2 
GeneSelection: iteration 3 
GeneSelection: iteration 4 
GeneSelection: iteration 5 
GeneSelection: iteration 6 
GeneSelection: iteration 7 
GeneSelection: iteration 8 
GeneSelection: iteration 9 
GeneSelection: iteration 10 
GeneSelection: iteration 1 
GeneSelection: iteration 2 
GeneSelection: iteration 3 
GeneSelection: iteration 4 
GeneSelection: iteration 5 
GeneSelection: iteration 6 
GeneSelection: iteration 7 
GeneSelection: iteration 8 
GeneSelection: iteration 9 
GeneSelection: iteration 10 
[1] "varselmethod"
[1] "backward"
[1] "limma:30:161.994656268053"
[1] "limma:30:161.994656268053 : 29"
[1] "limma:29:161.992056614674"
[1] "limma:29:161.994656268053 : 28"
[1] "limma:28:160.739456961294"
[1] "limma:29:161.994656268053 : 27"
[1] "limma:27:161.986857307914"
[1] "limma:27:161.994656268053 : 26"
[1] "limma:26:161.984257654535"
[1] "limma:26:161.994656268053 : 25"
[1] "limma:25:161.981658001155"
[1] "limma:25:161.994656268053 : 24"
[1] "limma:24:161.979058347776"
[1] "limma:24:161.994656268053 : 23"
[1] "limma:23:161.976458694396"
[1] "limma:23:161.994656268053 : 22"
[1] "limma:22:161.973859041017"
[1] "limma:22:161.994656268053 : 21"
[1] "limma:21:160.721259387637"
[1] "limma:22:161.994656268053 : 20"
[1] "limma:20:160.718659734258"
[1] "limma:22:161.994656268053 : 19"
[1] "limma:19:161.966060080878"
[1] "limma:19:161.994656268053 : 18"
[1] "limma:18:164.32457153861"
[1] "limma:18:164.32457153861 : 17"
[1] "limma:17:160.710860774119"
[1] "limma:18:164.32457153861 : 16"
[1] "limma:16:163.069372231851"
[1] "limma:18:164.32457153861 : 15"
[1] "limma:15:164.316772578471"
[1] "limma:15:164.32457153861 : 14"
[1] "limma:14:159.175284036203"
[1] "limma:15:164.32457153861 : 13"
[1] "limma:13:162.71435104949"
[1] "limma:15:164.32457153861 : 12"
[1] "limma:12:157.017306951666"
[1] "limma:15:164.32457153861 : 11"
[1] "limma:11:158.125818409397"
[1] "limma:15:164.32457153861 : 10"
[1] "limma:10:153.539885422684"
[1] "limma:15:164.32457153861 : 9"
[1] "limma:9:152.287285769305"
GeneSelection: iteration 1 
GeneSelection: iteration 2 
GeneSelection: iteration 3 
GeneSelection: iteration 4 
GeneSelection: iteration 5 
GeneSelection: iteration 6 
GeneSelection: iteration 7 
GeneSelection: iteration 8 
GeneSelection: iteration 9 
GeneSelection: iteration 10 
GeneSelection: iteration 1 
GeneSelection: iteration 2 
GeneSelection: iteration 3 
GeneSelection: iteration 4 
GeneSelection: iteration 5 
GeneSelection: iteration 6 
GeneSelection: iteration 7 
GeneSelection: iteration 8 
GeneSelection: iteration 9 
GeneSelection: iteration 10 
GeneSelection: iteration 1 
GeneSelection: iteration 2 
GeneSelection: iteration 3 
GeneSelection: iteration 4 
GeneSelection: iteration 5 
GeneSelection: iteration 6 
GeneSelection: iteration 7 
GeneSelection: iteration 8 
GeneSelection: iteration 9 
GeneSelection: iteration 10 
GeneSelection: iteration 1 
GeneSelection: iteration 2 
GeneSelection: iteration 3 
GeneSelection: iteration 4 
GeneSelection: iteration 5 
GeneSelection: iteration 6 
GeneSelection: iteration 7 
GeneSelection: iteration 8 
GeneSelection: iteration 9 
GeneSelection: iteration 10 
genelist
   1    2    3    4    5    6    7    8    9   10   11   12   13   14   15   16 
  40   40   40   40   40   40   40   40   40   40   40   40   40   40   40   40 
  17   18   19   20   21   22   23   24   25   26   27  246  255  842 1003 1389 
  40   40   40   40   40   40   40   40   38   31   12   10   10   10   10   10 
1427 1954 1955 2050  836 1764  509 2198  248 2046  129  742 2022   28  589 1319 
  10   10   10   10    9    9    8    7    6    6    3    3    3    2    2    2 
 545  695  851  910 1066 1387 1723 1886 2166 
   1    1    1    1    1    1    1    1    1 
[1] "varselmethod"
[1] "backward"
[1] "lasso:30:150.744656268053"
[1] "lasso:30:150.744656268053 : 29"
[1] "lasso:29:145.742056614674"
[1] "lasso:30:150.744656268053 : 28"
[1] "lasso:28:133.239456961294"
[1] "lasso:30:150.744656268053 : 27"
[1] "lasso:27:122.681301752359"
[1] "lasso:30:150.744656268053 : 26"
[1] "lasso:26:127.678702098979"
[1] "lasso:30:150.744656268053 : 25"
[1] "lasso:25:127.259435778933"
[1] "lasso:30:150.744656268053 : 24"
[1] "lasso:24:126.631836125554"
GeneSelection: iteration 1 
GeneSelection: iteration 2 
GeneSelection: iteration 3 
GeneSelection: iteration 4 
GeneSelection: iteration 5 
GeneSelection: iteration 6 
GeneSelection: iteration 7 
GeneSelection: iteration 8 
GeneSelection: iteration 9 
GeneSelection: iteration 10 
GeneSelection: iteration 1 
GeneSelection: iteration 2 
GeneSelection: iteration 3 
GeneSelection: iteration 4 
GeneSelection: iteration 5 
GeneSelection: iteration 6 
GeneSelection: iteration 7 
GeneSelection: iteration 8 
GeneSelection: iteration 9 
GeneSelection: iteration 10 
GeneSelection: iteration 1 
GeneSelection: iteration 2 
GeneSelection: iteration 3 
GeneSelection: iteration 4 
GeneSelection: iteration 5 
GeneSelection: iteration 6 
GeneSelection: iteration 7 
GeneSelection: iteration 8 
GeneSelection: iteration 9 
GeneSelection: iteration 10 
GeneSelection: iteration 1 
GeneSelection: iteration 2 
GeneSelection: iteration 3 
GeneSelection: iteration 4 
GeneSelection: iteration 5 
GeneSelection: iteration 6 
GeneSelection: iteration 7 
GeneSelection: iteration 8 
GeneSelection: iteration 9 
GeneSelection: iteration 10 
[1] "varselmethod"
[1] "backward"
[1] "rfe:30:158.452989601386"
[1] "rfe:30:158.452989601386 : 29"
[1] "rfe:29:157.200389948007"
[1] "rfe:30:158.452989601386 : 28"
[1] "rfe:28:157.197790294627"
[1] "rfe:30:158.452989601386 : 27"
[1] "rfe:27:157.195190641248"
[1] "rfe:30:158.452989601386 : 26"
[1] "rfe:26:158.442590987868"
[1] "rfe:26:158.452989601386 : 25"
[1] "rfe:25:157.189991334489"
[1] "rfe:26:158.452989601386 : 24"
[1] "rfe:24:157.187391681109"
[1] "rfe:26:158.452989601386 : 23"
[1] "rfe:23:157.18479202773"
[1] "rfe:26:158.452989601386 : 22"
[1] "rfe:22:157.18219237435"
[1] "rfe:26:158.452989601386 : 21"
[1] "rfe:21:157.179592720971"
[1] "rfe:26:158.452989601386 : 20"
[1] "rfe:20:159.538104178702"
[1] "rfe:20:159.538104178702 : 19"
[1] "rfe:19:157.3132823031"
[1] "rfe:20:159.538104178702 : 18"
[1] "rfe:18:157.310682649721"
[1] "rfe:20:159.538104178702 : 17"
[1] "rfe:17:158.419194107452"
[1] "rfe:20:159.538104178702 : 16"
[1] "rfe:16:158.555483342962"
[1] "rfe:20:159.538104178702 : 15"
[1] "rfe:15:153.969550356249"
[1] "rfe:20:159.538104178702 : 14"
[1] "rfe:14:153.341950702869"
GeneSelection: iteration 1 
GeneSelection: iteration 2 
GeneSelection: iteration 3 
GeneSelection: iteration 4 
GeneSelection: iteration 5 
GeneSelection: iteration 6 
GeneSelection: iteration 7 
GeneSelection: iteration 8 
GeneSelection: iteration 9 
GeneSelection: iteration 10 
GeneSelection: iteration 1 
GeneSelection: iteration 2 
GeneSelection: iteration 3 
GeneSelection: iteration 4 
GeneSelection: iteration 5 
GeneSelection: iteration 6 
GeneSelection: iteration 7 
GeneSelection: iteration 8 
GeneSelection: iteration 9 
GeneSelection: iteration 10 
GeneSelection: iteration 1 
GeneSelection: iteration 2 
GeneSelection: iteration 3 
GeneSelection: iteration 4 
GeneSelection: iteration 5 
GeneSelection: iteration 6 
GeneSelection: iteration 7 
GeneSelection: iteration 8 
GeneSelection: iteration 9 
GeneSelection: iteration 10 
GeneSelection: iteration 1 
GeneSelection: iteration 2 
GeneSelection: iteration 3 
GeneSelection: iteration 4 
GeneSelection: iteration 5 
GeneSelection: iteration 6 
GeneSelection: iteration 7 
GeneSelection: iteration 8 
GeneSelection: iteration 9 
GeneSelection: iteration 10 
[1] "varselmethod"
[1] "backward"
[1] "elasticnet:30:144.494656268053"
[1] "elasticnet:30:144.494656268053 : 29"
[1] "elasticnet:29:133.242056614674"
[1] "elasticnet:30:144.494656268053 : 28"
[1] "elasticnet:28:120.183901405738"
[1] "elasticnet:30:144.494656268053 : 27"
[1] "elasticnet:27:122.681301752359"
[1] "elasticnet:30:144.494656268053 : 26"
[1] "elasticnet:26:127.678702098979"
[1] "elasticnet:30:144.494656268053 : 25"
[1] "elasticnet:25:127.259435778933"
[1] "elasticnet:30:144.494656268053 : 24"
[1] "elasticnet:24:126.631836125554"
GeneSelection: iteration 1 
GeneSelection: iteration 2 
GeneSelection: iteration 3 
GeneSelection: iteration 4 
GeneSelection: iteration 5 
GeneSelection: iteration 6 
GeneSelection: iteration 7 
GeneSelection: iteration 8 
GeneSelection: iteration 9 
GeneSelection: iteration 10 
GeneSelection: iteration 1 
GeneSelection: iteration 2 
GeneSelection: iteration 3 
GeneSelection: iteration 4 
GeneSelection: iteration 5 
GeneSelection: iteration 6 
GeneSelection: iteration 7 
GeneSelection: iteration 8 
GeneSelection: iteration 9 
GeneSelection: iteration 10 
GeneSelection: iteration 1 
GeneSelection: iteration 2 
GeneSelection: iteration 3 
GeneSelection: iteration 4 
GeneSelection: iteration 5 
GeneSelection: iteration 6 
GeneSelection: iteration 7 
GeneSelection: iteration 8 
GeneSelection: iteration 9 
GeneSelection: iteration 10 
GeneSelection: iteration 1 
GeneSelection: iteration 2 
GeneSelection: iteration 3 
GeneSelection: iteration 4 
GeneSelection: iteration 5 
GeneSelection: iteration 6 
GeneSelection: iteration 7 
GeneSelection: iteration 8 
GeneSelection: iteration 9 
GeneSelection: iteration 10 
[1] "varselmethod"
[1] "backward"
[1] "f.test:30:162.689100712498"
[1] "f.test:30:162.689100712498 : 29"
[1] "f.test:29:164.353167725785"
[1] "f.test:29:164.353167725785 : 28"
[1] "f.test:28:164.350568072405"
[1] "f.test:28:164.353167725785 : 27"
[1] "f.test:27:163.097968419026"
[1] "f.test:28:164.353167725785 : 26"
[1] "f.test:26:163.095368765646"
[1] "f.test:28:164.353167725785 : 25"
[1] "f.test:25:159.759435778933"
[1] "f.test:28:164.353167725785 : 24"
[1] "f.test:24:159.756836125554"
[1] "f.test:28:164.353167725785 : 23"
[1] "f.test:23:161.004236472174"
[1] "f.test:28:164.353167725785 : 22"
[1] "f.test:22:158.779414596572"
[1] "dim of scoring matrix is "
[1] 2308    5
[1] 2308
[1] "DS index stage 1"
[1] 0.2996549
[1] "bestgenelist"
 [1]    1    2    3    4    5    6    7    8    9   10   11   12   13   14   15
[16]   16   17   18   19   20   21   22   23   24   25   26   27   28  107  119
[31]  123  129  153  174  182  187  229  236  246  248  255  336  338  368  422
[46]  433  437  509  545  554  566  567  589  603  842 1003 1319 1594 1601 1645
[61] 1799 1924 1955 1980 2046 2050 2162 2303
            var1      var2       var3      var4       var5        var6     var7
[1,]  0.77334370 -2.438405 -0.4825622 -2.721135 -1.2170580  0.82780920 1.342604
[2,] -0.07817778 -2.415754  0.4127717 -2.825146 -0.6262365  0.05448819 1.429498
[3,] -0.08446916 -1.649739 -0.2413075 -2.875286 -0.8894054 -0.02747398 1.159300
            var8      var9     var10    var11      var12    var13        var14
[1,]  0.05704174 0.1335689 0.5654274 1.499824  0.3935949 1.625921  0.818192700
[2,] -0.12024860 0.4567917 0.1590529 1.145909  0.3806942 1.556522  0.008166563
[3,]  0.01567648 0.1919418 0.4965847 1.388741 -0.5306883 1.614903 -0.208008700
          var15      var16       var17    var18      var19     var20     var21
[1,] 0.01054421 -0.5454171 0.186562600 1.264720 -1.0463990 0.6916961 0.9123630
[2,] 0.15871170 -0.2741737 0.325411300 1.647774 -1.2990160 1.2497870 0.5489881
[3,] 0.07927318 -0.5373407 0.004390348 1.472311 -0.9043622 0.6936970 0.3204154
        var22      var23      var24    var25    var26       var27    var28
[1,] 1.911126 -0.3562465  0.7373554 1.437605 1.488761  0.05363555 1.265143
[2,] 1.698236 -0.8365558 -0.1178830 1.620022 1.091252 -0.44472580 1.330782
[3,] 1.571881 -1.0933260  0.5328610 1.503455 1.503388 -0.13079230 1.016679
         var107     var119    var123    var129     var153    var174     var182
[1,] -2.6118310 -0.3814068 -1.422543 -2.763035 -0.5898688 -3.327018 -0.4261781
[2,]  0.8554786 -1.7915590 -1.859824 -2.264326  0.1202688 -2.818423 -0.8689302
[3,] -0.3792127 -2.3486290 -2.116106 -2.050271 -0.5124937 -3.055482 -0.8533160
        var187    var229       var236    var246    var248    var255    var336
[1,] -3.426515 -3.036554  0.001199281 1.6047470 0.5256157 -1.514582 1.0834310
[2,] -2.361274 -2.329956 -2.724180000 0.7924947 0.8172657 -1.701005 0.8409636
[3,] -2.259526 -2.014403 -2.006191000 1.5527410 0.2816388 -1.256319 0.5742510
        var338     var368    var422    var433     var437    var509    var545
[1,] -0.821890 -1.1110900 0.3450071 -2.629701 -2.0402210 -1.844528 0.7801502
[2,] -1.275827 -0.5651058 0.7177910 -2.362335 -1.3382660 -1.699363 1.0726790
[3,] -1.779633 -0.3831656 0.1238976 -2.727233 -0.8296544 -1.478848 1.3342380
        var554      var566     var567     var589     var603   var842   var1003
[1,] -1.850236  0.03459464 -1.2351200 -0.8889188 -3.0138960 1.553629 -3.231455
[2,] -1.598004 -1.24098300 -0.5573933 -0.8363250 -1.3637500 1.732505 -2.294617
[3,] -1.689564  1.01465100 -0.9980432 -0.5610668 -0.9281103 1.454747 -2.154165
       var1319   var1594    var1601   var1645   var1799   var1924    var1955
[1,] 1.5368030 -2.520741  0.0875529 0.9097896 -1.897120 -3.139603 -1.0604500
[2,] 0.6934471 -1.227241 -0.7918632 0.1290087 -1.979053 -2.152442 -1.1135230
[3,] 1.3106270 -1.213686  0.7540541 0.7381205 -2.066723 -1.200313 -0.8947739
       var1980   var2046   var2050     var2162     var2303
[1,] 0.5546894 -2.051826 -4.635629 -0.30802080 -0.46362400
[2,] 0.3279359 -3.007805 -1.356736 -0.03988493  0.03478783
[3,] 0.5260295 -2.972016 -2.922482 -1.04128700 -0.67865270
          var1       var2       var3      var4      var5       var6     var7
[1,] 0.1395010 -1.1689275  0.5649728 -3.366796 -1.323132 -0.6925474 2.327395
[2,] 1.1642752 -2.0181583  1.1035335 -2.165435 -1.440117 -0.4374203 2.661587
[3,] 0.8410929  0.2547197 -0.2087477 -2.148149 -1.512765 -1.2637228 2.946642
           var8      var9     var10    var11      var12    var13     var14
[1,] 0.92370319 0.1121673 0.5097651 2.404465  0.1996702 2.158310 0.5144989
[2,] 1.22401070 0.2105040 1.0455631 2.347501 -1.1950131 1.516665 0.5300987
[3,] 0.08782771 0.4829199 1.0630197 2.144562  0.1611830 2.350975 0.9880159
          var15       var16       var17    var18     var19     var20     var21
[1,] -0.4988971  0.33081340 -0.03355678 1.554982 -2.397995 0.7507555 0.0475513
[2,] -1.2686891  0.09676367  0.32613326 1.502676 -2.496170 0.7067542 0.9876435
[3,] -0.8273645 -0.43695577 -0.20751629 1.276814 -2.161954 0.6513351 0.4290514
        var22     var23       var24       var25    var26     var27      var28
[1,] 2.269380 -1.019986 -0.37454801  0.22482214 2.682302 -2.861201  0.8834369
[2,] 2.180677 -1.817077  0.05363555 -0.37440258 2.411018 -2.531998 -0.2386380
[3,] 2.613725 -1.116267 -0.51266064  0.09630968 2.479157 -1.713133 -0.2413075
         var107    var119    var123    var129      var153     var174    var182
[1,] -1.7344344 -2.349677 -2.785471 -1.822631 -0.37556656 -2.7551418 -3.144232
[2,] -1.8559780 -2.469821 -1.818925 -1.283377 -1.26513924 -2.5796570 -3.051245
[3,]  0.8299918 -2.175952 -2.042531  2.636203 -0.06464519 -0.6706032 -2.302585
         var187     var229       var236     var246     var248    var255
[1,] -0.8549605 -1.7026503  0.009058844 -2.5010360 -1.1917149  1.165710
[2,] -2.8949824 -1.1864604 -1.621510494 -0.5151684 -1.6591535 -0.592759
[3,]  2.9578798 -0.6610673  0.464928271 -1.9330926 -0.1529181 -1.027222
         var336    var338     var368     var422    var433    var437    var509
[1,]  0.1824049 -3.174859 -1.7885646 -0.3840461 -2.864704 -1.065081 -1.367276
[2,] -0.5971100 -1.850873 -1.1008147 -1.2437537 -2.833613 -1.988505 -2.365525
[3,] -1.6928195 -1.265848 -0.1674724 -1.8636852 -1.312301 -1.748125  2.815109
         var545    var554     var566     var567    var589     var603     var842
[1,] -0.2097339 -2.167180 -2.9917403 -0.8660730 -1.581823 -2.6882476 -0.3690368
[2,]  1.7506944 -2.042531 -0.3112919 -0.5323898 -1.061895 -3.3298074  0.7715886
[3,]  0.6954445  1.671229 -1.8566180 -0.2333202 -1.136626 -0.5965651  0.9271515
       var1003    var1319    var1594    var1601   var1645    var1799    var1924
[1,] -1.988505 -0.1239772  0.4095899  1.8007192  1.652497  0.7408892 -1.5077843
[2,] -2.928074 -0.8072121 -2.2985931 -0.9545119  1.456193 -1.4040511 -1.4317102
[3,]  1.000558 -1.5871873 -0.6907501  0.1650058 -1.959705  1.1763138 -0.3776068
        var1955   var1980     var2046     var2050   var2162     var2303
[1,] -1.7915595  1.679561  0.05600219  0.58053824 -3.040730 -0.07042246
[2,] -1.1867880  1.725032 -2.95651156 -2.61729584 -1.132272  0.42278099
[3,]  0.8235173 -1.066823  1.32433917  0.08571887 -1.074408 -1.87993516
[1] "numgenes selected:68"
[1] "test acc:0.65"
[1] "test AUC acc:0.759259259259259"
[1] "10 fold train100"
[1] "confusion matrix train 10 fold"
          nci_y
pred10fold  1  2  3  4
         1  8  0  0  0
         2  0 23  0  0
         3  0  0 12  0
         4  0  0  0 20
[1] "confusion matrix test"
         test_y
pred_test 1 2 3 4
        1 0 0 0 0
        2 0 4 0 0
        3 0 0 4 0
        4 3 2 2 5
[1] "train acc:1"
[1] "confusion matrix train"
          nci_y
pred_train  1  2  3  4
         1  8  0  0  0
         2  0 23  0  0
         3  0  0 12  0
         4  0  0  0 20
[1] "DS index stage 1"
[1] 0.2996549
[1] "KI index stage 1"
[1] 0.2401229
[[1]]
 [1] "var1"    "var2"    "var119"  "var123"  "var129"  "var153"  "var174" 
 [8] "var182"  "var187"  "var229"  "var236"  "var246"  "var437"  "var1003"
[15] "var1799"

[[2]]
 [1] "var1"   "var2"   "var3"   "var4"   "var5"   "var6"   "var7"   "var8"  
 [9] "var9"   "var10"  "var11"  "var12"  "var13"  "var14"  "var15"  "var16" 
[17] "var17"  "var18"  "var19"  "var20"  "var21"  "var22"  "var23"  "var24" 
[25] "var25"  "var26"  "var27"  "var246" "var255" "var842"

[[3]]
 [1] "var2"    "var107"  "var129"  "var174"  "var187"  "var246"  "var509" 
 [8] "var603"  "var1003" "var1319" "var1594" "var1601" "var1645" "var1924"
[15] "var1955" "var1980" "var2046" "var2050" "var2162" "var2303"

[[4]]
 [1] "var1"   "var2"   "var3"   "var4"   "var5"   "var6"   "var7"   "var8"  
 [9] "var9"   "var10"  "var11"  "var12"  "var13"  "var14"  "var15"  "var16" 
[17] "var17"  "var18"  "var19"  "var20"  "var21"  "var22"  "var23"  "var24" 
[25] "var25"  "var26"  "var27"  "var28"  "var246" "var255"

[[5]]
 [1] "var1"    "var2"    "var123"  "var129"  "var153"  "var174"  "var182" 
 [8] "var187"  "var229"  "var236"  "var246"  "var248"  "var255"  "var336" 
[15] "var338"  "var368"  "var422"  "var433"  "var437"  "var509"  "var545" 
[22] "var554"  "var566"  "var567"  "var589"  "var603"  "var1003" "var1799"

Error in data.frame(c("var1", "var2", "var119", "var123", "var129", "var153",  : 
  arguments imply differing number of rows: 15, 30, 20, 28
Calls: performCMA ... as.data.frame -> as.data.frame.list -> eval -> eval -> data.frame
In addition: There were 50 or more warnings (use warnings() to see the first 50)
Execution halted
