
R version 3.2.2 (2015-08-14) -- "Fire Safety"
Copyright (C) 2015 The R Foundation for Statistical Computing
Platform: x86_64-apple-darwin13.4.0 (64-bit)

R is free software and comes with ABSOLUTELY NO WARRANTY.
You are welcome to redistribute it under certain conditions.
Type 'license()' or 'licence()' for distribution details.

  Natural language support but running in an English locale

R is a collaborative project with many contributors.
Type 'contributors()' for more information and
'citation()' on how to cite R or R packages in publications.

Type 'demo()' for some demos, 'help()' for on-line help, or
'help.start()' for an HTML browser interface to help.
Type 'q()' to quit R.

> 
> #.libPaths("/home/kuppal3/karan_libs/Rlibs")
> library(snow)
Warning message:
package ‘snow’ was built under R version 3.2.5 
> library(e1071)
Warning message:
package ‘e1071’ was built under R version 3.2.5 
> library(yaImpute)

Attaching package: ‘yaImpute’

The following object is masked from ‘package:e1071’:

    impute

> library(pROC)
Type 'citation("pROC")' for a citation.

Attaching package: ‘pROC’

The following objects are masked from ‘package:stats’:

    cov, smooth, var

Warning message:
package ‘pROC’ was built under R version 3.2.5 
> library(bioDist)
Loading required package: Biobase
Loading required package: BiocGenerics
Loading required package: parallel

Attaching package: ‘parallel’

The following objects are masked from ‘package:snow’:

    clusterApply, clusterApplyLB, clusterCall, clusterEvalQ,
    clusterExport, clusterMap, clusterSplit, makeCluster, parApply,
    parCapply, parLapply, parRapply, parSapply, splitIndices,
    stopCluster


Attaching package: ‘BiocGenerics’

The following objects are masked from ‘package:parallel’:

    clusterApply, clusterApplyLB, clusterCall, clusterEvalQ,
    clusterExport, clusterMap, parApply, parCapply, parLapply,
    parLapplyLB, parRapply, parSapply, parSapplyLB

The following objects are masked from ‘package:snow’:

    clusterApply, clusterApplyLB, clusterCall, clusterEvalQ,
    clusterExport, clusterMap, parApply, parCapply, parLapply,
    parRapply, parSapply

The following objects are masked from ‘package:stats’:

    IQR, mad, xtabs

The following objects are masked from ‘package:base’:

    anyDuplicated, append, as.data.frame, as.vector, cbind, colnames,
    do.call, duplicated, eval, evalq, Filter, Find, get, grep, grepl,
    intersect, is.unsorted, lapply, lengths, Map, mapply, match, mget,
    order, paste, pmax, pmax.int, pmin, pmin.int, Position, rank,
    rbind, Reduce, rownames, sapply, setdiff, sort, table, tapply,
    union, unique, unlist, unsplit

Welcome to Bioconductor

    Vignettes contain introductory material; view with
    'browseVignettes()'. To cite Bioconductor, see
    'citation("Biobase")', and for packages 'citation("pkgname")'.

Loading required package: KernSmooth
KernSmooth 2.23 loaded
Copyright M. P. Wand 1997-2009
> #library(CMA, lib="/home/kuppal3/karan_libs/Rlibs/")
> library(RankAggreg)
Warning message:
package ‘RankAggreg’ was built under R version 3.2.5 
> library(CMA)

Attaching package: ‘CMA’

The following object is masked from ‘package:pROC’:

    roc

The following object is masked from ‘package:e1071’:

    tune

Warning message:
package ‘CMA’ was built under R version 3.2.4 
> library(expm)
Loading required package: Matrix

Attaching package: ‘expm’

The following object is masked from ‘package:Matrix’:

    expm

Warning messages:
1: package ‘expm’ was built under R version 3.2.5 
2: package ‘Matrix’ was built under R version 3.2.5 
> library(plyr)

Attaching package: ‘plyr’

The following object is masked from ‘package:CMA’:

    join

Warning message:
package ‘plyr’ was built under R version 3.2.5 
> library(doParallel)
Loading required package: foreach
Loading required package: iterators
Warning messages:
1: package ‘foreach’ was built under R version 3.2.5 
2: package ‘iterators’ was built under R version 3.2.5 
> cl<-makeCluster(1)
> 
> 
> args<-commandArgs(trailingOnly=TRUE)
> 
> dirloc<-"/Users/karanuppal/Documents/Gatech/Projects/Algorithms/TwostagePSO/"
> #sname<-paste("/home/stu/kuppal3/Research/Feature_selection/Rcode/versionnov2014/OCFS_",args[9],".R",sep="")
> 
> sname<-paste(dirloc,"version2017/OCFS_",args[9],".R",sep="")
> source(sname)
> 
> outloc<-paste(dirloc,"/Datasets/MAQCII_BreastCancer/OCFSvmay2415_MAQCER",args[9],"/",sep="")
> 
> 
> sname<-paste(dirloc,"Datasets/MAQCII_BreastCancer/MaqcIIbr.Rda",sep="")
> load(sname)
> 
> trainm<-MaqcIIbr$trainx
> testm<-MaqcIIbr$testx
> trainclass<-MaqcIIbr$trainPCRvsRD
> testclass<-MaqcIIbr$testPCRvsRD
> 
> trainm<-trainm[,-c(22284)]
> testm<-testm[,-c(22284)]
> trainm<-apply(trainm,2,as.numeric)
> testm<-apply(testm,2,as.numeric)
> 
> trainm<-cbind(trainclass,trainm)
> testm<-cbind(testclass,testm)
> 
> trainm<-na.omit(trainm)
> testm<-na.omit(testm)
> 
> dir.create(outloc)
Warning message:
In dir.create(outloc) :
  '/Users/karanuppal/Documents/Gatech/Projects/Algorithms/TwostagePSO//Datasets/MAQCII_BreastCancer/OCFSvmay2415_MAQCERvfeb817_v5C_2018_v10' already exists
> setwd(outloc)
> 
> 
> trainm<-as.matrix(trainm)
> testm<-as.matrix(testm)
> trainclass<-trainm[,1] #CMAres$modtrainclass
> testclass<-testm[,1] #CMAres$modtestclass
> trainm<-trainm[,-c(1)] #CMAres$modtrainmata
> testm<-testm[,-c(1)] #CMAres$modtestmata
> 
> #a: Confusions
> #b: Neighbors
> #c: Global
> #d: Death
> 
> a<-c(0.25,0.25,0.25,0.25)
> b<-c(0.3,0.1,0.4,0.1)
> c<-c(0.25,0.25,0.5,0)
> d<-c(0.9,0.1,0,0.1)
> 
> a<-c(0,0.4,0.1,0.5)
> b<-c(0.3,0.1,0.4,0.1)
> c<-c(0,0.5,0.5,0)
> d<-c(0.9,0.1,0,0)
> 
> a<-c(0,0.4,0.1,0.5)
> b<-c(0.2,0.3,0.4,0.1)
> c<-c(0,0.4,0.4,0.2)
> d<-c(0.9,0.1,0,0)
> 
> transition_matrix<-rbind(a,b,c,d)
> 
> 
> dir.create(outloc)
Warning message:
In dir.create(outloc) :
  '/Users/karanuppal/Documents/Gatech/Projects/Algorithms/TwostagePSO//Datasets/MAQCII_BreastCancer/OCFSvmay2415_MAQCERvfeb817_v5C_2018_v10' already exists
> setwd(outloc)
> temp2=t(trainm)
> temp2=apply(temp2, 2, function(x){which(x=="MD")})
> temp2=unlist(temp2)
> temp2=unique(temp2)
> if(length(temp2)>1)
+ {
+ 	trainm=trainm[,-c(temp2)]
+ 
+ 	rm(temp2)
+ }
> 
> boostweight=rep(0,dim(trainm)[2])
> 
> #if(FALSE)
> {
+ CMAres<-performCMA(trainm, trainclass, testm, testclass,outloc,
+ maxnum=as.numeric(args[10]),
+ minnum=3,
+ stepitr=1,
+ gsmethods=c("limma"), #"lasso","elasticnet","kruskal.test"), #"f.test", "f.test", "elasticnet", "wilcox.test", "welch.test"),
+ pct_train=0.40,
+ accuracyweight=1,
+ featweight=0.06,
+ minpresent=1,
+ kname="radial",
+ norm_method="none",
+ tolerance=0.5,
+ maxitrs=5,
+ classindex=1,
+ numfacts=0,
+ evalmethod="CV",
+ numfolds=10,
+ CVfoldthresh=0.7,
+ varselmethod=args[11],
+ scheme_val="one-vs-all",
+ iter_learn=1,boostweight=rep(0,dim(trainm)[2]))
+ 
+ 
+ CMAres<-performCMA(trainm, trainclass, testm, testclass,outloc,
+ maxnum=as.numeric(args[10]),
+ minnum=3,
+ stepitr=1,
+ gsmethods=c("lasso"), #"lasso","elasticnet","kruskal.test"), #"f.test", "f.test", "elasticnet", "wilcox.test", "welch.test"),
+ pct_train=0.40,
+ accuracyweight=1,
+ featweight=0.06,
+ minpresent=1,
+ kname="radial",
+ norm_method="none",
+ tolerance=0.5,
+ maxitrs=5,
+ classindex=1,
+ numfacts=0,
+ evalmethod="CV",
+ numfolds=10,
+ CVfoldthresh=0.7,
+ varselmethod=args[11],
+ scheme_val="one-vs-all",
+ iter_learn=1,boostweight=rep(0,dim(trainm)[2]))
+ 
+ CMAres<-performCMA(trainm, trainclass, testm, testclass,outloc,
+ maxnum=as.numeric(args[10]),
+ minnum=3,
+ stepitr=1,
+ gsmethods=c("rfe"), #"lasso","elasticnet","kruskal.test"), #"f.test", "f.test", "elasticnet", "wilcox.test", "welch.test"),
+ pct_train=0.40,
+ accuracyweight=1,
+ featweight=0.06,
+ minpresent=1,
+ kname="radial",
+ norm_method="none",
+ tolerance=0.5,
+ maxitrs=5,
+ classindex=1,
+ numfacts=0,
+ evalmethod="CV",
+ numfolds=10,
+ CVfoldthresh=0.7,
+ varselmethod=args[11],
+ scheme_val="one-vs-all",
+ iter_learn=1,boostweight=rep(0,dim(trainm)[2]))
+ 
+ CMAres<-performCMA(trainm, trainclass, testm, testclass,outloc,
+ maxnum=as.numeric(args[10]),
+ minnum=3,
+ stepitr=1,
+ gsmethods=c("elasticnet"), #"lasso","elasticnet","kruskal.test"), #"f.test", "f.test", "elasticnet", "wilcox.test", "welch.test"),
+ pct_train=0.40,
+ accuracyweight=1,
+ featweight=0.06,
+ minpresent=1,
+ kname="radial",
+ norm_method="none",
+ tolerance=0.5,
+ maxitrs=5,
+ classindex=1,
+ numfacts=0,
+ evalmethod="CV",
+ numfolds=10,
+ CVfoldthresh=0.7,
+ varselmethod=args[11],
+ scheme_val="one-vs-all",
+ iter_learn=1,boostweight=rep(0,dim(trainm)[2]))
+ 
+ if(FALSE){
+ CMAres<-performCMA(trainm, trainclass, testm, testclass,outloc,
+ maxnum=as.numeric(args[10]),
+ minnum=3,
+ stepitr=1,
+ gsmethods=c("rf"), #"lasso","elasticnet","kruskal.test"), #"f.test", "f.test", "elasticnet", "wilcox.test", "welch.test"),
+ pct_train=0.40,
+ accuracyweight=1,
+ featweight=0.06,
+ minpresent=1,
+ kname="radial",
+ norm_method="none",
+ tolerance=0.5,
+ maxitrs=5,
+ classindex=1,
+ numfacts=0,
+ evalmethod="CV",
+ numfolds=10,
+ CVfoldthresh=0.7,
+ varselmethod=args[11],
+ scheme_val="one-vs-all",
+ iter_learn=1,boostweight=rep(0,dim(trainm)[2]))
+ }
+ 
+ CMAres<-performCMA(trainm, trainclass, testm, testclass,outloc,
+ maxnum=as.numeric(args[10]),
+ minnum=3,
+ stepitr=1,
+ gsmethods=c("f.test"), #"lasso","elasticnet","kruskal.test"), #"f.test", "f.test", "elasticnet", "wilcox.test", "welch.test"),
+ pct_train=0.40,
+ accuracyweight=1,
+ featweight=0.06,
+ minpresent=1,
+ kname="radial",
+ norm_method="none",
+ tolerance=0.5,
+ maxitrs=5,
+ classindex=1,
+ numfacts=0,
+ evalmethod="CV",
+ numfolds=10,
+ CVfoldthresh=0.7,
+ varselmethod=args[11],
+ scheme_val="one-vs-all",
+ iter_learn=1,boostweight=rep(0,dim(trainm)[2]))
+ }
[1] "dim of trainm is "
[1]   130 22283
[1]   130 22283
[1] "length of factcols"
[1] 0
[1]   130 22283
[1]   100 22283
integer(0)
character(0)
NULL
[1] "ok"
[1] "test class"
[1] 2 1 2 2
Levels: 1 2
[1] "orig train matrix"
     1007_s_at 1053_at 117_at  121_at 1255_g_at 1294_at 1316_at 1320_at
[1,]   12.4440  8.3774 6.7866 10.2851    5.9064  8.3767  8.0356  6.6745
[2,]   12.2005  7.8592 8.0963 10.4624    4.9582  9.2973  7.0581  6.4607
[3,]   12.6709  8.6762 7.4812 10.1887    5.2332  9.1721  8.6061  7.0932
[4,]   11.6619  8.2557 7.9923 10.7705    6.3296  9.3777  8.4776  6.5878
[5,]   11.8397  8.7971 7.8321 10.2869    5.8389  7.0841  7.3419  7.3167
     1405_i_at 1431_at
[1,]    6.2325  6.8450
[2,]    6.9047  5.8878
[3,]    6.5940  5.6843
[4,]    6.0877  6.5169
[5,]    6.3456  6.1708
[1] "orig train matrix"
     1007_s_at 1053_at 117_at  121_at 1255_g_at 1294_at 1316_at 1320_at
[1,]   12.4440  8.3774 6.7866 10.2851    5.9064  8.3767  8.0356  6.6745
[2,]   12.2005  7.8592 8.0963 10.4624    4.9582  9.2973  7.0581  6.4607
[3,]   12.6709  8.6762 7.4812 10.1887    5.2332  9.1721  8.6061  7.0932
[4,]   11.6619  8.2557 7.9923 10.7705    6.3296  9.3777  8.4776  6.5878
[5,]   11.8397  8.7971 7.8321 10.2869    5.8389  7.0841  7.3419  7.3167
     1405_i_at 1431_at
[1,]    6.2325  6.8450
[2,]    6.9047  5.8878
[3,]    6.5940  5.6843
[4,]    6.0877  6.5169
[5,]    6.3456  6.1708
[1] 6.7866 8.0963 7.4812
[1] "norm train matrix"
     1007_s_at 1053_at 117_at  121_at 1255_g_at 1294_at 1316_at 1320_at
[1,]   12.4440  8.3774 6.7866 10.2851    5.9064  8.3767  8.0356  6.6745
[2,]   12.2005  7.8592 8.0963 10.4624    4.9582  9.2973  7.0581  6.4607
[3,]   12.6709  8.6762 7.4812 10.1887    5.2332  9.1721  8.6061  7.0932
[4,]   11.6619  8.2557 7.9923 10.7705    6.3296  9.3777  8.4776  6.5878
[5,]   11.8397  8.7971 7.8321 10.2869    5.8389  7.0841  7.3419  7.3167
     1405_i_at 1431_at
[1,]    6.2325  6.8450
[2,]    6.9047  5.8878
[3,]    6.5940  5.6843
[4,]    6.0877  6.5169
[5,]    6.3456  6.1708
[1] "mean of feat 2"
[1] 8.273493
[1] "sd of feat 2"
[1] 0.7010279
[1] "maxnum is "
[1] 3
[1] "# of genes left after filtering:"
[1]   130 22283
GeneSelection: iteration 1 

Attaching package: ‘limma’

The following object is masked from ‘package:BiocGenerics’:

    plotMA

GeneSelection: iteration 2 
GeneSelection: iteration 3 
GeneSelection: iteration 4 
GeneSelection: iteration 5 
GeneSelection: iteration 6 
GeneSelection: iteration 7 
GeneSelection: iteration 8 
GeneSelection: iteration 9 
GeneSelection: iteration 10 
[1] "varselmethod"
[1] "none"
[1] "dim of scoring matrix is "
[1] 22283     1
[1] 22283
[1] "DS index stage 1"
[1] NA
[1] "bestgenelist"
[1]  3155 13543 18415
     203628_at 214164_x_at 219051_x_at
[1,]   10.7755     12.6474      8.5236
[2,]    9.8410     11.7852      8.9626
[3,]    9.4169     12.7464     10.7458
     203628_at 214164_x_at 219051_x_at
[1,]    9.4326     12.7392      9.5138
[2,]    9.8046     10.9092      5.3641
[3,]    7.9079     10.6696      7.1097
[1] "numgenes selected:3"
[1] "test acc:0.76"
[1] "test AUC acc:0.749019607843137"
[1] "10 fold train77.6923076923077"
[1] "confusion matrix train 10 fold"
          nci_y
pred10fold  1  2
         1 21  8
         2 12 89
[1] "confusion matrix test"
         test_y
pred_test  1  2
        1 11 20
        2  4 65
[1] "train acc:0.846153846153846"
[1] "confusion matrix train"
          nci_y
pred_train  1  2
         1 21  8
         2 12 89
[1] "DS index stage 1"
[1] NA
[1] "KI index stage 1"
[1] NA
[1] "dim of trainm is "
[1]   130 22283
[1]   130 22283
[1] "length of factcols"
[1] 0
[1]   130 22283
[1]   100 22283
integer(0)
character(0)
NULL
[1] "ok"
[1] "test class"
[1] 2 1 2 2
Levels: 1 2
[1] "orig train matrix"
     1007_s_at 1053_at 117_at  121_at 1255_g_at 1294_at 1316_at 1320_at
[1,]   12.4440  8.3774 6.7866 10.2851    5.9064  8.3767  8.0356  6.6745
[2,]   12.2005  7.8592 8.0963 10.4624    4.9582  9.2973  7.0581  6.4607
[3,]   12.6709  8.6762 7.4812 10.1887    5.2332  9.1721  8.6061  7.0932
[4,]   11.6619  8.2557 7.9923 10.7705    6.3296  9.3777  8.4776  6.5878
[5,]   11.8397  8.7971 7.8321 10.2869    5.8389  7.0841  7.3419  7.3167
     1405_i_at 1431_at
[1,]    6.2325  6.8450
[2,]    6.9047  5.8878
[3,]    6.5940  5.6843
[4,]    6.0877  6.5169
[5,]    6.3456  6.1708
[1] "orig train matrix"
     1007_s_at 1053_at 117_at  121_at 1255_g_at 1294_at 1316_at 1320_at
[1,]   12.4440  8.3774 6.7866 10.2851    5.9064  8.3767  8.0356  6.6745
[2,]   12.2005  7.8592 8.0963 10.4624    4.9582  9.2973  7.0581  6.4607
[3,]   12.6709  8.6762 7.4812 10.1887    5.2332  9.1721  8.6061  7.0932
[4,]   11.6619  8.2557 7.9923 10.7705    6.3296  9.3777  8.4776  6.5878
[5,]   11.8397  8.7971 7.8321 10.2869    5.8389  7.0841  7.3419  7.3167
     1405_i_at 1431_at
[1,]    6.2325  6.8450
[2,]    6.9047  5.8878
[3,]    6.5940  5.6843
[4,]    6.0877  6.5169
[5,]    6.3456  6.1708
[1] 6.7866 8.0963 7.4812
[1] "norm train matrix"
     1007_s_at 1053_at 117_at  121_at 1255_g_at 1294_at 1316_at 1320_at
[1,]   12.4440  8.3774 6.7866 10.2851    5.9064  8.3767  8.0356  6.6745
[2,]   12.2005  7.8592 8.0963 10.4624    4.9582  9.2973  7.0581  6.4607
[3,]   12.6709  8.6762 7.4812 10.1887    5.2332  9.1721  8.6061  7.0932
[4,]   11.6619  8.2557 7.9923 10.7705    6.3296  9.3777  8.4776  6.5878
[5,]   11.8397  8.7971 7.8321 10.2869    5.8389  7.0841  7.3419  7.3167
     1405_i_at 1431_at
[1,]    6.2325  6.8450
[2,]    6.9047  5.8878
[3,]    6.5940  5.6843
[4,]    6.0877  6.5169
[5,]    6.3456  6.1708
[1] "mean of feat 2"
[1] 8.273493
[1] "sd of feat 2"
[1] 0.7010279
[1] "maxnum is "
[1] 3
[1] "# of genes left after filtering:"
[1]   130 22283
GeneSelection: iteration 1 
Loaded glmnet 2.0-10


Attaching package: ‘glmnet’

The following object is masked from ‘package:pROC’:

    auc

GeneSelection: iteration 2 
GeneSelection: iteration 3 
GeneSelection: iteration 4 
GeneSelection: iteration 5 
GeneSelection: iteration 6 
GeneSelection: iteration 7 
GeneSelection: iteration 8 
GeneSelection: iteration 9 
GeneSelection: iteration 10 
genelist
 1083 15464  2211  2667  8166 18226  1326  3155  4208  4349 11253 11968 
   18    10     6     6     4     4     2     2     2     2     2     2 
[1] "varselmethod"
[1] "none"
[1] "dim of scoring matrix is "
[1] 22283     1
[1] 22283
[1] "DS index stage 1"
[1] NA
[1] "bestgenelist"
[1]  1083  2211 15464
     201555_at 202683_s_at 216092_s_at
[1,]    9.9323      8.8393     10.4159
[2,]    9.5628      8.4030      9.7648
[3,]   10.3905      8.3998      8.3641
     201555_at 202683_s_at 216092_s_at
[1,]    9.9499      8.8732     10.6963
[2,]    9.6616      8.5511      9.3780
[3,]    9.4638      8.5826      9.3840
[1] "numgenes selected:3"
[1] "test acc:0.74"
[1] "test AUC acc:0.627450980392157"
[1] "10 fold train80.7692307692308"
[1] "confusion matrix train 10 fold"
          nci_y
pred10fold  1  2
         1 21  6
         2 12 91
[1] "confusion matrix test"
         test_y
pred_test  1  2
        1  7 18
        2  8 67
[1] "train acc:0.861538461538462"
[1] "confusion matrix train"
          nci_y
pred_train  1  2
         1 21  6
         2 12 91
[1] "DS index stage 1"
[1] NA
[1] "KI index stage 1"
[1] NA
[1] "dim of trainm is "
[1]   130 22283
[1]   130 22283
[1] "length of factcols"
[1] 0
[1]   130 22283
[1]   100 22283
integer(0)
character(0)
NULL
[1] "ok"
[1] "test class"
[1] 2 1 2 2
Levels: 1 2
[1] "orig train matrix"
     1007_s_at 1053_at 117_at  121_at 1255_g_at 1294_at 1316_at 1320_at
[1,]   12.4440  8.3774 6.7866 10.2851    5.9064  8.3767  8.0356  6.6745
[2,]   12.2005  7.8592 8.0963 10.4624    4.9582  9.2973  7.0581  6.4607
[3,]   12.6709  8.6762 7.4812 10.1887    5.2332  9.1721  8.6061  7.0932
[4,]   11.6619  8.2557 7.9923 10.7705    6.3296  9.3777  8.4776  6.5878
[5,]   11.8397  8.7971 7.8321 10.2869    5.8389  7.0841  7.3419  7.3167
     1405_i_at 1431_at
[1,]    6.2325  6.8450
[2,]    6.9047  5.8878
[3,]    6.5940  5.6843
[4,]    6.0877  6.5169
[5,]    6.3456  6.1708
[1] "orig train matrix"
     1007_s_at 1053_at 117_at  121_at 1255_g_at 1294_at 1316_at 1320_at
[1,]   12.4440  8.3774 6.7866 10.2851    5.9064  8.3767  8.0356  6.6745
[2,]   12.2005  7.8592 8.0963 10.4624    4.9582  9.2973  7.0581  6.4607
[3,]   12.6709  8.6762 7.4812 10.1887    5.2332  9.1721  8.6061  7.0932
[4,]   11.6619  8.2557 7.9923 10.7705    6.3296  9.3777  8.4776  6.5878
[5,]   11.8397  8.7971 7.8321 10.2869    5.8389  7.0841  7.3419  7.3167
     1405_i_at 1431_at
[1,]    6.2325  6.8450
[2,]    6.9047  5.8878
[3,]    6.5940  5.6843
[4,]    6.0877  6.5169
[5,]    6.3456  6.1708
[1] 6.7866 8.0963 7.4812
[1] "norm train matrix"
     1007_s_at 1053_at 117_at  121_at 1255_g_at 1294_at 1316_at 1320_at
[1,]   12.4440  8.3774 6.7866 10.2851    5.9064  8.3767  8.0356  6.6745
[2,]   12.2005  7.8592 8.0963 10.4624    4.9582  9.2973  7.0581  6.4607
[3,]   12.6709  8.6762 7.4812 10.1887    5.2332  9.1721  8.6061  7.0932
[4,]   11.6619  8.2557 7.9923 10.7705    6.3296  9.3777  8.4776  6.5878
[5,]   11.8397  8.7971 7.8321 10.2869    5.8389  7.0841  7.3419  7.3167
     1405_i_at 1431_at
[1,]    6.2325  6.8450
[2,]    6.9047  5.8878
[3,]    6.5940  5.6843
[4,]    6.0877  6.5169
[5,]    6.3456  6.1708
[1] "mean of feat 2"
[1] 8.273493
[1] "sd of feat 2"
[1] 0.7010279
[1] "maxnum is "
[1] 3
[1] "# of genes left after filtering:"
[1]   130 22283
GeneSelection: iteration 1 
GeneSelection: iteration 2 
GeneSelection: iteration 3 
GeneSelection: iteration 4 
GeneSelection: iteration 5 
GeneSelection: iteration 6 
GeneSelection: iteration 7 
GeneSelection: iteration 8 
GeneSelection: iteration 9 
GeneSelection: iteration 10 
[1] "varselmethod"
[1] "none"
[1] "dim of scoring matrix is "
[1] 22283     1
[1] 22283
[1] "DS index stage 1"
[1] NA
[1] "bestgenelist"
[1] 4756 5240 8388
     205229_s_at 205713_s_at 208893_s_at
[1,]      6.8695     10.0607      4.0949
[2,]      5.4533      5.6228      9.2703
[3,]      6.2767      6.8404      3.9487
     205229_s_at 205713_s_at 208893_s_at
[1,]      5.2668      5.2933      7.6049
[2,]      7.1769      4.3142      8.9154
[3,]      6.9284      4.5240      9.1121
[1] "numgenes selected:3"
[1] "test acc:0.81"
[1] "test AUC acc:0.641176470588235"
[1] "10 fold train80.7692307692308"
[1] "confusion matrix train 10 fold"
          nci_y
pred10fold  1  2
         1 17  5
         2 16 92
[1] "confusion matrix test"
         test_y
pred_test  1  2
        1  6 10
        2  9 75
[1] "train acc:0.838461538461538"
[1] "confusion matrix train"
          nci_y
pred_train  1  2
         1 17  5
         2 16 92
[1] "DS index stage 1"
[1] NA
[1] "KI index stage 1"
[1] NA
[1] "dim of trainm is "
[1]   130 22283
[1]   130 22283
[1] "length of factcols"
[1] 0
[1]   130 22283
[1]   100 22283
integer(0)
character(0)
NULL
[1] "ok"
[1] "test class"
[1] 2 1 2 2
Levels: 1 2
[1] "orig train matrix"
     1007_s_at 1053_at 117_at  121_at 1255_g_at 1294_at 1316_at 1320_at
[1,]   12.4440  8.3774 6.7866 10.2851    5.9064  8.3767  8.0356  6.6745
[2,]   12.2005  7.8592 8.0963 10.4624    4.9582  9.2973  7.0581  6.4607
[3,]   12.6709  8.6762 7.4812 10.1887    5.2332  9.1721  8.6061  7.0932
[4,]   11.6619  8.2557 7.9923 10.7705    6.3296  9.3777  8.4776  6.5878
[5,]   11.8397  8.7971 7.8321 10.2869    5.8389  7.0841  7.3419  7.3167
     1405_i_at 1431_at
[1,]    6.2325  6.8450
[2,]    6.9047  5.8878
[3,]    6.5940  5.6843
[4,]    6.0877  6.5169
[5,]    6.3456  6.1708
[1] "orig train matrix"
     1007_s_at 1053_at 117_at  121_at 1255_g_at 1294_at 1316_at 1320_at
[1,]   12.4440  8.3774 6.7866 10.2851    5.9064  8.3767  8.0356  6.6745
[2,]   12.2005  7.8592 8.0963 10.4624    4.9582  9.2973  7.0581  6.4607
[3,]   12.6709  8.6762 7.4812 10.1887    5.2332  9.1721  8.6061  7.0932
[4,]   11.6619  8.2557 7.9923 10.7705    6.3296  9.3777  8.4776  6.5878
[5,]   11.8397  8.7971 7.8321 10.2869    5.8389  7.0841  7.3419  7.3167
     1405_i_at 1431_at
[1,]    6.2325  6.8450
[2,]    6.9047  5.8878
[3,]    6.5940  5.6843
[4,]    6.0877  6.5169
[5,]    6.3456  6.1708
[1] 6.7866 8.0963 7.4812
[1] "norm train matrix"
     1007_s_at 1053_at 117_at  121_at 1255_g_at 1294_at 1316_at 1320_at
[1,]   12.4440  8.3774 6.7866 10.2851    5.9064  8.3767  8.0356  6.6745
[2,]   12.2005  7.8592 8.0963 10.4624    4.9582  9.2973  7.0581  6.4607
[3,]   12.6709  8.6762 7.4812 10.1887    5.2332  9.1721  8.6061  7.0932
[4,]   11.6619  8.2557 7.9923 10.7705    6.3296  9.3777  8.4776  6.5878
[5,]   11.8397  8.7971 7.8321 10.2869    5.8389  7.0841  7.3419  7.3167
     1405_i_at 1431_at
[1,]    6.2325  6.8450
[2,]    6.9047  5.8878
[3,]    6.5940  5.6843
[4,]    6.0877  6.5169
[5,]    6.3456  6.1708
[1] "mean of feat 2"
[1] 8.273493
[1] "sd of feat 2"
[1] 0.7010279
[1] "maxnum is "
[1] 3
[1] "# of genes left after filtering:"
[1]   130 22283
GeneSelection: iteration 1 
GeneSelection: iteration 2 
GeneSelection: iteration 3 
GeneSelection: iteration 4 
GeneSelection: iteration 5 
GeneSelection: iteration 6 
GeneSelection: iteration 7 
GeneSelection: iteration 8 
GeneSelection: iteration 9 
GeneSelection: iteration 10 
[1] "varselmethod"
[1] "none"
[1] "dim of scoring matrix is "
[1] 22283     1
[1] 22283
[1] "DS index stage 1"
[1] NA
[1] "bestgenelist"
[1]  1083  2211 15464
     201555_at 202683_s_at 216092_s_at
[1,]    9.9323      8.8393     10.4159
[2,]    9.5628      8.4030      9.7648
[3,]   10.3905      8.3998      8.3641
     201555_at 202683_s_at 216092_s_at
[1,]    9.9499      8.8732     10.6963
[2,]    9.6616      8.5511      9.3780
[3,]    9.4638      8.5826      9.3840
[1] "numgenes selected:3"
[1] "test acc:0.74"
[1] "test AUC acc:0.627450980392157"
[1] "10 fold train80.7692307692308"
[1] "confusion matrix train 10 fold"
          nci_y
pred10fold  1  2
         1 21  6
         2 12 91
[1] "confusion matrix test"
         test_y
pred_test  1  2
        1  7 18
        2  8 67
[1] "train acc:0.861538461538462"
[1] "confusion matrix train"
          nci_y
pred_train  1  2
         1 21  6
         2 12 91
[1] "DS index stage 1"
[1] NA
[1] "KI index stage 1"
[1] NA
[1] "dim of trainm is "
[1]   130 22283
[1]   130 22283
[1] "length of factcols"
[1] 0
[1]   130 22283
[1]   100 22283
integer(0)
character(0)
NULL
[1] "ok"
[1] "test class"
[1] 2 1 2 2
Levels: 1 2
[1] "orig train matrix"
     1007_s_at 1053_at 117_at  121_at 1255_g_at 1294_at 1316_at 1320_at
[1,]   12.4440  8.3774 6.7866 10.2851    5.9064  8.3767  8.0356  6.6745
[2,]   12.2005  7.8592 8.0963 10.4624    4.9582  9.2973  7.0581  6.4607
[3,]   12.6709  8.6762 7.4812 10.1887    5.2332  9.1721  8.6061  7.0932
[4,]   11.6619  8.2557 7.9923 10.7705    6.3296  9.3777  8.4776  6.5878
[5,]   11.8397  8.7971 7.8321 10.2869    5.8389  7.0841  7.3419  7.3167
     1405_i_at 1431_at
[1,]    6.2325  6.8450
[2,]    6.9047  5.8878
[3,]    6.5940  5.6843
[4,]    6.0877  6.5169
[5,]    6.3456  6.1708
[1] "orig train matrix"
     1007_s_at 1053_at 117_at  121_at 1255_g_at 1294_at 1316_at 1320_at
[1,]   12.4440  8.3774 6.7866 10.2851    5.9064  8.3767  8.0356  6.6745
[2,]   12.2005  7.8592 8.0963 10.4624    4.9582  9.2973  7.0581  6.4607
[3,]   12.6709  8.6762 7.4812 10.1887    5.2332  9.1721  8.6061  7.0932
[4,]   11.6619  8.2557 7.9923 10.7705    6.3296  9.3777  8.4776  6.5878
[5,]   11.8397  8.7971 7.8321 10.2869    5.8389  7.0841  7.3419  7.3167
     1405_i_at 1431_at
[1,]    6.2325  6.8450
[2,]    6.9047  5.8878
[3,]    6.5940  5.6843
[4,]    6.0877  6.5169
[5,]    6.3456  6.1708
[1] 6.7866 8.0963 7.4812
[1] "norm train matrix"
     1007_s_at 1053_at 117_at  121_at 1255_g_at 1294_at 1316_at 1320_at
[1,]   12.4440  8.3774 6.7866 10.2851    5.9064  8.3767  8.0356  6.6745
[2,]   12.2005  7.8592 8.0963 10.4624    4.9582  9.2973  7.0581  6.4607
[3,]   12.6709  8.6762 7.4812 10.1887    5.2332  9.1721  8.6061  7.0932
[4,]   11.6619  8.2557 7.9923 10.7705    6.3296  9.3777  8.4776  6.5878
[5,]   11.8397  8.7971 7.8321 10.2869    5.8389  7.0841  7.3419  7.3167
     1405_i_at 1431_at
[1,]    6.2325  6.8450
[2,]    6.9047  5.8878
[3,]    6.5940  5.6843
[4,]    6.0877  6.5169
[5,]    6.3456  6.1708
[1] "mean of feat 2"
[1] 8.273493
[1] "sd of feat 2"
[1] 0.7010279
[1] "maxnum is "
[1] 3
[1] "# of genes left after filtering:"
[1]   130 22283
GeneSelection: iteration 1 
GeneSelection: iteration 2 
GeneSelection: iteration 3 
GeneSelection: iteration 4 
GeneSelection: iteration 5 
GeneSelection: iteration 6 
GeneSelection: iteration 7 
GeneSelection: iteration 8 
GeneSelection: iteration 9 
GeneSelection: iteration 10 
[1] "varselmethod"
[1] "none"
[1] "dim of scoring matrix is "
[1] 22283     1
[1] 22283
[1] "DS index stage 1"
[1] NA
[1] "bestgenelist"
[1]  5927 13543 18415
     206401_s_at 214164_x_at 219051_x_at
[1,]      9.9796     12.6474      8.5236
[2,]      9.9498     11.7852      8.9626
[3,]      6.0807     12.7464     10.7458
     206401_s_at 214164_x_at 219051_x_at
[1,]     10.6463     12.7392      9.5138
[2,]      8.2532     10.9092      5.3641
[3,]      7.4477     10.6696      7.1097
[1] "numgenes selected:3"
[1] "test acc:0.71"
[1] "test AUC acc:0.692156862745098"
[1] "10 fold train82.3076923076923"
[1] "confusion matrix train 10 fold"
          nci_y
pred10fold  1  2
         1 21  8
         2 12 89
[1] "confusion matrix test"
         test_y
pred_test  1  2
        1 10 24
        2  5 61
[1] "train acc:0.846153846153846"
[1] "confusion matrix train"
          nci_y
pred_train  1  2
         1 21  8
         2 12 89
[1] "DS index stage 1"
[1] NA
[1] "KI index stage 1"
[1] NA
There were 32 warnings (use warnings() to see them)
> #1
> CMAres<-performCMA(trainm, trainclass, testm, testclass,outloc,
+ maxnum=as.numeric(args[10]),
+ minnum=3,
+ stepitr=1,
+ gsmethods=c("limma","lasso","rfe","elasticnet", "f.test"), #"lasso","elasticnet","kruskal.test"), #"f.test", "f.test", "elasticnet", "wilcox.test", "welch.test"),
+ pct_train=0.40,
+ accuracyweight=1,
+ featweight=0.06,
+ minpresent=1,
+ kname="radial",
+ norm_method="none",
+ tolerance=0.5,
+ maxitrs=5,
+ classindex=1,
+ numfacts=0,
+ evalmethod="CV",
+ numfolds=10,
+ CVfoldthresh=0.7,
+ varselmethod=args[11],
+ scheme_val="one-vs-all",
+ iter_learn=1,boostweight=rep(0,dim(trainm)[2]))
[1] "dim of trainm is "
[1]   130 22283
[1]   130 22283
[1] "length of factcols"
[1] 0
[1]   130 22283
[1]   100 22283
integer(0)
character(0)
NULL
[1] "ok"
[1] "test class"
[1] 2 1 2 2
Levels: 1 2
[1] "orig train matrix"
     1007_s_at 1053_at 117_at  121_at 1255_g_at 1294_at 1316_at 1320_at
[1,]   12.4440  8.3774 6.7866 10.2851    5.9064  8.3767  8.0356  6.6745
[2,]   12.2005  7.8592 8.0963 10.4624    4.9582  9.2973  7.0581  6.4607
[3,]   12.6709  8.6762 7.4812 10.1887    5.2332  9.1721  8.6061  7.0932
[4,]   11.6619  8.2557 7.9923 10.7705    6.3296  9.3777  8.4776  6.5878
[5,]   11.8397  8.7971 7.8321 10.2869    5.8389  7.0841  7.3419  7.3167
     1405_i_at 1431_at
[1,]    6.2325  6.8450
[2,]    6.9047  5.8878
[3,]    6.5940  5.6843
[4,]    6.0877  6.5169
[5,]    6.3456  6.1708
[1] "orig train matrix"
     1007_s_at 1053_at 117_at  121_at 1255_g_at 1294_at 1316_at 1320_at
[1,]   12.4440  8.3774 6.7866 10.2851    5.9064  8.3767  8.0356  6.6745
[2,]   12.2005  7.8592 8.0963 10.4624    4.9582  9.2973  7.0581  6.4607
[3,]   12.6709  8.6762 7.4812 10.1887    5.2332  9.1721  8.6061  7.0932
[4,]   11.6619  8.2557 7.9923 10.7705    6.3296  9.3777  8.4776  6.5878
[5,]   11.8397  8.7971 7.8321 10.2869    5.8389  7.0841  7.3419  7.3167
     1405_i_at 1431_at
[1,]    6.2325  6.8450
[2,]    6.9047  5.8878
[3,]    6.5940  5.6843
[4,]    6.0877  6.5169
[5,]    6.3456  6.1708
[1] 6.7866 8.0963 7.4812
[1] "norm train matrix"
     1007_s_at 1053_at 117_at  121_at 1255_g_at 1294_at 1316_at 1320_at
[1,]   12.4440  8.3774 6.7866 10.2851    5.9064  8.3767  8.0356  6.6745
[2,]   12.2005  7.8592 8.0963 10.4624    4.9582  9.2973  7.0581  6.4607
[3,]   12.6709  8.6762 7.4812 10.1887    5.2332  9.1721  8.6061  7.0932
[4,]   11.6619  8.2557 7.9923 10.7705    6.3296  9.3777  8.4776  6.5878
[5,]   11.8397  8.7971 7.8321 10.2869    5.8389  7.0841  7.3419  7.3167
     1405_i_at 1431_at
[1,]    6.2325  6.8450
[2,]    6.9047  5.8878
[3,]    6.5940  5.6843
[4,]    6.0877  6.5169
[5,]    6.3456  6.1708
[1] "mean of feat 2"
[1] 8.273493
[1] "sd of feat 2"
[1] 0.7010279
[1] "maxnum is "
[1] 3
[1] "# of genes left after filtering:"
[1]   130 22283
GeneSelection: iteration 1 
GeneSelection: iteration 2 
GeneSelection: iteration 3 
GeneSelection: iteration 4 
GeneSelection: iteration 5 
GeneSelection: iteration 6 
GeneSelection: iteration 7 
GeneSelection: iteration 8 
GeneSelection: iteration 9 
GeneSelection: iteration 10 
[1] "varselmethod"
[1] "none"
GeneSelection: iteration 1 
GeneSelection: iteration 2 
GeneSelection: iteration 3 
GeneSelection: iteration 4 
