
R version 3.2.2 (2015-08-14) -- "Fire Safety"
Copyright (C) 2015 The R Foundation for Statistical Computing
Platform: x86_64-apple-darwin13.4.0 (64-bit)

R is free software and comes with ABSOLUTELY NO WARRANTY.
You are welcome to redistribute it under certain conditions.
Type 'license()' or 'licence()' for distribution details.

  Natural language support but running in an English locale

R is a collaborative project with many contributors.
Type 'contributors()' for more information and
'citation()' on how to cite R or R packages in publications.

Type 'demo()' for some demos, 'help()' for on-line help, or
'help.start()' for an HTML browser interface to help.
Type 'q()' to quit R.

> 
> #.libPaths("/home/kuppal3/karan_libs/Rlibs")
> library(snow)
Warning message:
package ‘snow’ was built under R version 3.2.5 
> library(e1071)
Warning message:
package ‘e1071’ was built under R version 3.2.5 
> library(yaImpute)

Attaching package: ‘yaImpute’

The following object is masked from ‘package:e1071’:

    impute

> library(pROC)
Type 'citation("pROC")' for a citation.

Attaching package: ‘pROC’

The following objects are masked from ‘package:stats’:

    cov, smooth, var

Warning message:
package ‘pROC’ was built under R version 3.2.5 
> library(bioDist)
Loading required package: Biobase
Loading required package: BiocGenerics
Loading required package: parallel

Attaching package: ‘parallel’

The following objects are masked from ‘package:snow’:

    clusterApply, clusterApplyLB, clusterCall, clusterEvalQ,
    clusterExport, clusterMap, clusterSplit, makeCluster, parApply,
    parCapply, parLapply, parRapply, parSapply, splitIndices,
    stopCluster


Attaching package: ‘BiocGenerics’

The following objects are masked from ‘package:parallel’:

    clusterApply, clusterApplyLB, clusterCall, clusterEvalQ,
    clusterExport, clusterMap, parApply, parCapply, parLapply,
    parLapplyLB, parRapply, parSapply, parSapplyLB

The following objects are masked from ‘package:snow’:

    clusterApply, clusterApplyLB, clusterCall, clusterEvalQ,
    clusterExport, clusterMap, parApply, parCapply, parLapply,
    parRapply, parSapply

The following objects are masked from ‘package:stats’:

    IQR, mad, xtabs

The following objects are masked from ‘package:base’:

    anyDuplicated, append, as.data.frame, as.vector, cbind, colnames,
    do.call, duplicated, eval, evalq, Filter, Find, get, grep, grepl,
    intersect, is.unsorted, lapply, lengths, Map, mapply, match, mget,
    order, paste, pmax, pmax.int, pmin, pmin.int, Position, rank,
    rbind, Reduce, rownames, sapply, setdiff, sort, table, tapply,
    union, unique, unlist, unsplit

Welcome to Bioconductor

    Vignettes contain introductory material; view with
    'browseVignettes()'. To cite Bioconductor, see
    'citation("Biobase")', and for packages 'citation("pkgname")'.

Loading required package: KernSmooth
KernSmooth 2.23 loaded
Copyright M. P. Wand 1997-2009
> #library(CMA, lib="/home/kuppal3/karan_libs/Rlibs/")
> library(RankAggreg)
Warning message:
package ‘RankAggreg’ was built under R version 3.2.5 
> library(CMA)

Attaching package: ‘CMA’

The following object is masked from ‘package:pROC’:

    roc

The following object is masked from ‘package:e1071’:

    tune

Warning message:
package ‘CMA’ was built under R version 3.2.4 
> library(expm)
Loading required package: Matrix

Attaching package: ‘expm’

The following object is masked from ‘package:Matrix’:

    expm

Warning messages:
1: package ‘expm’ was built under R version 3.2.5 
2: package ‘Matrix’ was built under R version 3.2.5 
> 
> cl<-makeCluster(1)
> 
> 
> args<-commandArgs(trailingOnly=TRUE)
> 
> dirloc<-"/Users/karanuppal/Documents/Gatech/Projects/Algorithms/TwostagePSO/"
> #sname<-paste("/home/stu/kuppal3/Research/Feature_selection/Rcode/versionnov2014/OCFS_",args[9],".R",sep="")
> 
> sname<-paste(dirloc,"version2017/OCFS_",args[9],".R",sep="")
> source(sname)
> 
> outloc<-paste(dirloc,"/Datasets/SRBCT_Khan/OCFSvmay2415_Srbct",args[9],"/",sep="")
> 
> 
> sname<-paste(dirloc,"Datasets/SRBCT_Khan/Srbct.Rda",sep="")
> load(sname)
> 
> trainm<-Srbct$X
> testm<-Srbct$Xt
> trainclass<-Srbct$Y
> testclass<-Srbct$Yt
> 
> 
> trainm<-t(trainm)
> testm<-t(testm)
> 
> cnames<-paste("var",seq(1,dim(trainm)[2]),sep="")
> colnames(trainm)<-cnames
> colnames(testm)<-cnames
> 
> trainclass<-t(trainclass)
> testclass<-t(testclass)
> 
> trainm<-cbind(trainclass,trainm)
> testm<-cbind(testclass,testm)
> 
> trainm<-na.omit(trainm)
> testm<-na.omit(testm)
> 
> 
> 
> dir.create(outloc)
Warning message:
In dir.create(outloc) :
  '/Users/karanuppal/Documents/Gatech/Projects/Algorithms/TwostagePSO//Datasets/SRBCT_Khan/OCFSvmay2415_Srbctvmarch62018_v3' already exists
> setwd(outloc)
> 
> trainm<-as.matrix(trainm)
> testm<-as.matrix(testm)
> trainclass<-trainm[,1] #CMAres$modtrainclass
> testclass<-testm[,1] #CMAres$modtestclass
> trainm<-trainm[,-c(1)] #CMAres$modtrainmata
> testm<-testm[,-c(1)] #CMAres$modtestmata
> 
> #a: Confusions
> #b: Neighbors
> #c: Global
> #d: Death
> 
> a<-c(0.25,0.25,0.25,0.25)
> b<-c(0.3,0.1,0.4,0.1)
> c<-c(0.25,0.25,0.5,0)
> d<-c(0.9,0.1,0,0.1)
> 
> a<-c(0,0.4,0.1,0.5)
> b<-c(0.3,0.1,0.4,0.1)
> c<-c(0,0.5,0.5,0)
> d<-c(0.9,0.1,0,0)
> 
> a<-c(0,0.4,0.1,0.5)
> b<-c(0.2,0.3,0.4,0.1)
> c<-c(0,0.4,0.4,0.2)
> d<-c(0.9,0.1,0,0)
> 
> transition_matrix<-rbind(a,b,c,d)
> 
> 
> dir.create(outloc)
Warning message:
In dir.create(outloc) :
  '/Users/karanuppal/Documents/Gatech/Projects/Algorithms/TwostagePSO//Datasets/SRBCT_Khan/OCFSvmay2415_Srbctvmarch62018_v3' already exists
> setwd(outloc)
> temp2=t(trainm)
> temp2=apply(temp2, 2, function(x){which(x=="MD")})
> temp2=unlist(temp2)
> temp2=unique(temp2)
> if(length(temp2)>1)
+ {
+ 	trainm=trainm[,-c(temp2)]
+ 
+ 	rm(temp2)
+ }
> 
> boostweight=rep(0,dim(trainm)[2])
> 
> #if(FALSE)
> {
+ CMAres<-performCMA(trainm, trainclass, testm, testclass,outloc,
+ maxnum=as.numeric(args[10]),
+ minnum=3,
+ stepitr=1,
+ gsmethods=c("limma"), #"lasso","elasticnet","kruskal.test"), #"f.test", "f.test", "elasticnet", "wilcox.test", "welch.test"),
+ pct_train=0.40,
+ accuracyweight=1,
+ featweight=0.06,
+ minpresent=1,
+ kname="radial",
+ norm_method="none",
+ tolerance=0.5,
+ maxitrs=5,
+ classindex=1,
+ numfacts=0,
+ evalmethod="CV",
+ numfolds=10,
+ CVfoldthresh=0.7,
+ varselmethod=args[11],
+ scheme_val="one-vs-all",
+ iter_learn=1,boostweight=rep(0,dim(trainm)[2]))
+ 
+ 
+ CMAres<-performCMA(trainm, trainclass, testm, testclass,outloc,
+ maxnum=as.numeric(args[10]),
+ minnum=3,
+ stepitr=1,
+ gsmethods=c("lasso"), #"lasso","elasticnet","kruskal.test"), #"f.test", "f.test", "elasticnet", "wilcox.test", "welch.test"),
+ pct_train=0.40,
+ accuracyweight=1,
+ featweight=0.06,
+ minpresent=1,
+ kname="radial",
+ norm_method="none",
+ tolerance=0.5,
+ maxitrs=5,
+ classindex=1,
+ numfacts=0,
+ evalmethod="CV",
+ numfolds=10,
+ CVfoldthresh=0.7,
+ varselmethod=args[11],
+ scheme_val="one-vs-all",
+ iter_learn=1,boostweight=rep(0,dim(trainm)[2]))
+ 
+ CMAres<-performCMA(trainm, trainclass, testm, testclass,outloc,
+ maxnum=as.numeric(args[10]),
+ minnum=3,
+ stepitr=1,
+ gsmethods=c("rfe"), #"lasso","elasticnet","kruskal.test"), #"f.test", "f.test", "elasticnet", "wilcox.test", "welch.test"),
+ pct_train=0.40,
+ accuracyweight=1,
+ featweight=0.06,
+ minpresent=1,
+ kname="radial",
+ norm_method="none",
+ tolerance=0.5,
+ maxitrs=5,
+ classindex=1,
+ numfacts=0,
+ evalmethod="CV",
+ numfolds=10,
+ CVfoldthresh=0.7,
+ varselmethod=args[11],
+ scheme_val="one-vs-all",
+ iter_learn=1,boostweight=rep(0,dim(trainm)[2]))
+ 
+ CMAres<-performCMA(trainm, trainclass, testm, testclass,outloc,
+ maxnum=as.numeric(args[10]),
+ minnum=3,
+ stepitr=1,
+ gsmethods=c("elasticnet"), #"lasso","elasticnet","kruskal.test"), #"f.test", "f.test", "elasticnet", "wilcox.test", "welch.test"),
+ pct_train=0.40,
+ accuracyweight=1,
+ featweight=0.06,
+ minpresent=1,
+ kname="radial",
+ norm_method="none",
+ tolerance=0.5,
+ maxitrs=5,
+ classindex=1,
+ numfacts=0,
+ evalmethod="CV",
+ numfolds=10,
+ CVfoldthresh=0.7,
+ varselmethod=args[11],
+ scheme_val="one-vs-all",
+ iter_learn=1,boostweight=rep(0,dim(trainm)[2]))
+ 
+ if(FALSE){
+ CMAres<-performCMA(trainm, trainclass, testm, testclass,outloc,
+ maxnum=as.numeric(args[10]),
+ minnum=3,
+ stepitr=1,
+ gsmethods=c("rf"), #"lasso","elasticnet","kruskal.test"), #"f.test", "f.test", "elasticnet", "wilcox.test", "welch.test"),
+ pct_train=0.40,
+ accuracyweight=1,
+ featweight=0.06,
+ minpresent=1,
+ kname="radial",
+ norm_method="none",
+ tolerance=0.5,
+ maxitrs=5,
+ classindex=1,
+ numfacts=0,
+ evalmethod="CV",
+ numfolds=10,
+ CVfoldthresh=0.7,
+ varselmethod=args[11],
+ scheme_val="one-vs-all",
+ iter_learn=1,boostweight=rep(0,dim(trainm)[2]))
+ }
+ 
+ CMAres<-performCMA(trainm, trainclass, testm, testclass,outloc,
+ maxnum=as.numeric(args[10]),
+ minnum=3,
+ stepitr=1,
+ gsmethods=c("f.test"), #"lasso","elasticnet","kruskal.test"), #"f.test", "f.test", "elasticnet", "wilcox.test", "welch.test"),
+ pct_train=0.40,
+ accuracyweight=1,
+ featweight=0.06,
+ minpresent=1,
+ kname="radial",
+ norm_method="none",
+ tolerance=0.5,
+ maxitrs=5,
+ classindex=1,
+ numfacts=0,
+ evalmethod="CV",
+ numfolds=10,
+ CVfoldthresh=0.7,
+ varselmethod=args[11],
+ scheme_val="one-vs-all",
+ iter_learn=1,boostweight=rep(0,dim(trainm)[2]))
+ }
[1] "dim of trainm is "
[1]   63 2308
[1]   63 2308
[1] "maxnum is "
[1] 5
[1] "# of genes left after filtering:"
[1]   63 2308
[1] "limma"
[1] "Method name: limma"
[1]   63 2308
nci_y
 1  2  3  4 
 8 23 12 20 
learningset mode:  CV 
number of learningsets:  10 
(maximum) number of observations per learning set:  57 
[1] "one-vs-all"
GeneSelection: iteration 1 

Attaching package: ‘limma’

The following object is masked from ‘package:BiocGenerics’:

    plotMA

GeneSelection: iteration 2 
GeneSelection: iteration 3 
GeneSelection: iteration 4 
GeneSelection: iteration 5 
GeneSelection: iteration 6 
GeneSelection: iteration 7 
GeneSelection: iteration 8 
GeneSelection: iteration 9 
GeneSelection: iteration 10 
GeneSelection: iteration 1 
GeneSelection: iteration 2 
GeneSelection: iteration 3 
GeneSelection: iteration 4 
GeneSelection: iteration 5 
GeneSelection: iteration 6 
GeneSelection: iteration 7 
GeneSelection: iteration 8 
GeneSelection: iteration 9 
GeneSelection: iteration 10 
GeneSelection: iteration 1 
GeneSelection: iteration 2 
GeneSelection: iteration 3 
GeneSelection: iteration 4 
GeneSelection: iteration 5 
GeneSelection: iteration 6 
GeneSelection: iteration 7 
GeneSelection: iteration 8 
GeneSelection: iteration 9 
GeneSelection: iteration 10 
GeneSelection: iteration 1 
GeneSelection: iteration 2 
GeneSelection: iteration 3 
GeneSelection: iteration 4 
GeneSelection: iteration 5 
GeneSelection: iteration 6 
GeneSelection: iteration 7 
GeneSelection: iteration 8 
GeneSelection: iteration 9 
GeneSelection: iteration 10 
[1] 35
[1] "varselmethod"
[1] "maxnum"
[1] 35
[1] "Method: limma"
[1] 5
[1] "dim of scoring matrix is "
[1] 2308    1
    Min.  1st Qu.   Median     Mean  3rd Qu.     Max. 
0.000000 0.000000 0.000000 0.002166 0.000000 1.000000 
[1] 5
[1] 2308
[1] "DS index stage 1"
[1] NA
[1] "bestgenelist"
[1]  246  255  742  842 1003
        var246    var255     var742   var842   var1003
[1,] 1.6047470 -1.514582  0.7311171 1.553629 -3.231455
[2,] 0.7924947 -1.701005  0.3808308 1.732505 -2.294617
[3,] 1.5527410 -1.256319 -0.2871489 1.454747 -2.154165
         var246    var255     var742     var842   var1003
[1,] -2.5010360  1.165710  1.1040309 -0.3690368 -1.988505
[2,] -0.5151684 -0.592759 -1.1605941  0.7715886 -2.928074
[3,] -1.9330926 -1.027222 -0.7325119  0.9271515  1.000558
[1] "numgenes selected:5"
[1] "test acc:0.9"
[1] "test AUC acc:0.944444444444445"
[1] "10 fold train95.2380952380952"
[1] "confusion matrix train 10 fold"
          nci_y
pred10fold  1  2  3  4
         1  7  1  0  0
         2  0 22  0  0
         3  0  0 12  0
         4  1  0  0 20
[1] "confusion matrix test"
         test_y
pred_test 1 2 3 4
        1 3 1 0 0
        2 0 4 0 0
        3 0 0 6 0
        4 0 1 0 5
[1] "train acc:0.968253968253968"
[1] "confusion matrix train"
          nci_y
pred_train  1  2  3  4
         1  7  1  0  0
         2  0 22  0  0
         3  0  0 12  0
         4  1  0  0 20
[1] "DS index stage 1"
[1] NA
[1] "KI index stage 1"
[1] NA
[1] "dim of trainm is "
[1]   63 2308
[1]   63 2308
[1] "maxnum is "
[1] 5
[1] "# of genes left after filtering:"
[1]   63 2308
[1] "lasso"
[1] "Method name: lasso"
[1]   63 2308
nci_y
 1  2  3  4 
 8 23 12 20 
learningset mode:  CV 
number of learningsets:  10 
(maximum) number of observations per learning set:  57 
[1] "one-vs-all"
GeneSelection: iteration 1 
Loaded glmnet 2.0-10


Attaching package: ‘glmnet’

The following object is masked from ‘package:pROC’:

    auc

GeneSelection: iteration 2 
GeneSelection: iteration 3 
GeneSelection: iteration 4 
GeneSelection: iteration 5 
GeneSelection: iteration 6 
GeneSelection: iteration 7 
GeneSelection: iteration 8 
GeneSelection: iteration 9 
GeneSelection: iteration 10 
GeneSelection: iteration 1 
GeneSelection: iteration 2 
GeneSelection: iteration 3 
GeneSelection: iteration 4 
GeneSelection: iteration 5 
GeneSelection: iteration 6 
GeneSelection: iteration 7 
GeneSelection: iteration 8 
GeneSelection: iteration 9 
GeneSelection: iteration 10 
GeneSelection: iteration 1 
GeneSelection: iteration 2 
GeneSelection: iteration 3 
GeneSelection: iteration 4 
GeneSelection: iteration 5 
GeneSelection: iteration 6 
GeneSelection: iteration 7 
GeneSelection: iteration 8 
GeneSelection: iteration 9 
GeneSelection: iteration 10 
GeneSelection: iteration 1 
GeneSelection: iteration 2 
GeneSelection: iteration 3 
GeneSelection: iteration 4 
GeneSelection: iteration 5 
GeneSelection: iteration 6 
GeneSelection: iteration 7 
GeneSelection: iteration 8 
GeneSelection: iteration 9 
GeneSelection: iteration 10 
genelist
   1  246  255  842 1003 1389 1427 1954 1955 2050  836 1764    2  509 2198 2046 
  10   10   10   10   10   10   10   10   10   10    9    9    8    8    7    6 
 248  129  742    3  589 1319  545  695  851  910 1387 2022 2166 
   5    3    3    2    2    2    1    1    1    1    1    1    1 
[1] 29
[1] "varselmethod"
[1] "maxnum"
[1] 29
[1] "Method: lasso"
[1] 5
[1] "dim of scoring matrix is "
[1] 2308    1
    Min.  1st Qu.   Median     Mean  3rd Qu.     Max. 
0.000000 0.000000 0.000000 0.002166 0.000000 1.000000 
[1] 5
[1] 2308
[1] "DS index stage 1"
[1] NA
[1] "bestgenelist"
[1]    1  246  255  842 1003
            var1    var246    var255   var842   var1003
[1,]  0.77334370 1.6047470 -1.514582 1.553629 -3.231455
[2,] -0.07817778 0.7924947 -1.701005 1.732505 -2.294617
[3,] -0.08446916 1.5527410 -1.256319 1.454747 -2.154165
          var1     var246    var255     var842   var1003
[1,] 0.1395010 -2.5010360  1.165710 -0.3690368 -1.988505
[2,] 1.1642752 -0.5151684 -0.592759  0.7715886 -2.928074
[3,] 0.8410929 -1.9330926 -1.027222  0.9271515  1.000558
[1] "numgenes selected:5"
[1] "test acc:0.95"
[1] "test AUC acc:0.958333333333333"
[1] "10 fold train96.8253968253968"
[1] "confusion matrix train 10 fold"
          nci_y
pred10fold  1  2  3  4
         1  8  0  0  0
         2  0 23  0  0
         3  0  0 12  0
         4  0  0  0 20
[1] "confusion matrix test"
         test_y
pred_test 1 2 3 4
        1 3 0 0 0
        2 0 5 0 0
        3 0 0 6 0
        4 0 1 0 5
[1] "train acc:1"
[1] "confusion matrix train"
          nci_y
pred_train  1  2  3  4
         1  8  0  0  0
         2  0 23  0  0
         3  0  0 12  0
         4  0  0  0 20
[1] "DS index stage 1"
[1] NA
[1] "KI index stage 1"
[1] NA
[1] "dim of trainm is "
[1]   63 2308
[1]   63 2308
[1] "maxnum is "
[1] 5
[1] "# of genes left after filtering:"
[1]   63 2308
[1] "rfe"
[1] "Method name: rfe"
[1]   63 2308
nci_y
 1  2  3  4 
 8 23 12 20 
learningset mode:  CV 
number of learningsets:  10 
(maximum) number of observations per learning set:  57 
[1] "one-vs-all"
GeneSelection: iteration 1 
GeneSelection: iteration 2 
GeneSelection: iteration 3 
GeneSelection: iteration 4 
GeneSelection: iteration 5 
GeneSelection: iteration 6 
GeneSelection: iteration 7 
GeneSelection: iteration 8 
GeneSelection: iteration 9 
GeneSelection: iteration 10 
GeneSelection: iteration 1 
GeneSelection: iteration 2 
GeneSelection: iteration 3 
GeneSelection: iteration 4 
GeneSelection: iteration 5 
GeneSelection: iteration 6 
GeneSelection: iteration 7 
GeneSelection: iteration 8 
GeneSelection: iteration 9 
GeneSelection: iteration 10 
GeneSelection: iteration 1 
GeneSelection: iteration 2 
GeneSelection: iteration 3 
GeneSelection: iteration 4 
GeneSelection: iteration 5 
GeneSelection: iteration 6 
GeneSelection: iteration 7 
GeneSelection: iteration 8 
GeneSelection: iteration 9 
GeneSelection: iteration 10 
GeneSelection: iteration 1 
GeneSelection: iteration 2 
GeneSelection: iteration 3 
GeneSelection: iteration 4 
GeneSelection: iteration 5 
GeneSelection: iteration 6 
GeneSelection: iteration 7 
GeneSelection: iteration 8 
GeneSelection: iteration 9 
GeneSelection: iteration 10 
[1] 28
[1] "varselmethod"
[1] "maxnum"
[1] 28
[1] "Method: rfe"
[1] 5
[1] "dim of scoring matrix is "
[1] 2308    1
    Min.  1st Qu.   Median     Mean  3rd Qu.     Max. 
0.000000 0.000000 0.000000 0.002166 0.000000 1.000000 
[1] 5
[1] 2308
[1] "DS index stage 1"
[1] NA
[1] "bestgenelist"
[1] 187 246 509 819 846
        var187    var246    var509    var819    var846
[1,] -3.426515 1.6047470 -1.844528 -2.108664 -3.803169
[2,] -2.361274 0.7924947 -1.699363 -3.272804 -3.083471
[3,] -2.259526 1.5527410 -1.478848 -2.767800 -2.285728
         var187     var246    var509    var819    var846
[1,] -0.8549605 -2.5010360 -1.367276 -1.657054 -2.160218
[2,] -2.8949824 -0.5151684 -2.365525 -2.199126 -2.487711
[3,]  2.9578798 -1.9330926  2.815109 -1.017493 -2.153303
[1] "numgenes selected:5"
[1] "test acc:0.8"
[1] "test AUC acc:0.895833333333333"
[1] "10 fold train88.8888888888889"
[1] "confusion matrix train 10 fold"
          nci_y
pred10fold  1  2  3  4
         1  8  0  0  0
         2  0 23  0  0
         3  0  0 12  0
         4  0  0  0 20
[1] "confusion matrix test"
         test_y
pred_test 1 2 3 4
        1 3 0 2 0
        2 0 5 0 0
        3 0 1 3 0
        4 0 0 1 5
[1] "train acc:1"
[1] "confusion matrix train"
          nci_y
pred_train  1  2  3  4
         1  8  0  0  0
         2  0 23  0  0
         3  0  0 12  0
         4  0  0  0 20
[1] "DS index stage 1"
[1] NA
[1] "KI index stage 1"
[1] NA
[1] "dim of trainm is "
[1]   63 2308
[1]   63 2308
[1] "maxnum is "
[1] 5
[1] "# of genes left after filtering:"
[1]   63 2308
[1] "elasticnet"
[1] "Method name: elasticnet"
[1]   63 2308
nci_y
 1  2  3  4 
 8 23 12 20 
learningset mode:  CV 
number of learningsets:  10 
(maximum) number of observations per learning set:  57 
[1] "one-vs-all"
GeneSelection: iteration 1 
GeneSelection: iteration 2 
GeneSelection: iteration 3 
GeneSelection: iteration 4 
GeneSelection: iteration 5 
GeneSelection: iteration 6 
GeneSelection: iteration 7 
GeneSelection: iteration 8 
GeneSelection: iteration 9 
GeneSelection: iteration 10 
GeneSelection: iteration 1 
GeneSelection: iteration 2 
GeneSelection: iteration 3 
GeneSelection: iteration 4 
GeneSelection: iteration 5 
GeneSelection: iteration 6 
GeneSelection: iteration 7 
GeneSelection: iteration 8 
GeneSelection: iteration 9 
GeneSelection: iteration 10 
GeneSelection: iteration 1 
GeneSelection: iteration 2 
GeneSelection: iteration 3 
GeneSelection: iteration 4 
GeneSelection: iteration 5 
GeneSelection: iteration 6 
GeneSelection: iteration 7 
GeneSelection: iteration 8 
GeneSelection: iteration 9 
GeneSelection: iteration 10 
GeneSelection: iteration 1 
GeneSelection: iteration 2 
GeneSelection: iteration 3 
GeneSelection: iteration 4 
GeneSelection: iteration 5 
GeneSelection: iteration 6 
GeneSelection: iteration 7 
GeneSelection: iteration 8 
GeneSelection: iteration 9 
GeneSelection: iteration 10 
[1] 26
[1] "varselmethod"
[1] "maxnum"
[1] 26
[1] "Method: elasticnet"
[1] 5
[1] "dim of scoring matrix is "
[1] 2308    1
    Min.  1st Qu.   Median     Mean  3rd Qu.     Max. 
0.000000 0.000000 0.000000 0.002166 0.000000 1.000000 
[1] 5
[1] 2308
[1] "DS index stage 1"
[1] NA
[1] "bestgenelist"
[1]   1   2 246 255 842
            var1      var2    var246    var255   var842
[1,]  0.77334370 -2.438405 1.6047470 -1.514582 1.553629
[2,] -0.07817778 -2.415754 0.7924947 -1.701005 1.732505
[3,] -0.08446916 -1.649739 1.5527410 -1.256319 1.454747
          var1       var2     var246    var255     var842
[1,] 0.1395010 -1.1689275 -2.5010360  1.165710 -0.3690368
[2,] 1.1642752 -2.0181583 -0.5151684 -0.592759  0.7715886
[3,] 0.8410929  0.2547197 -1.9330926 -1.027222  0.9271515
[1] "numgenes selected:5"
[1] "test acc:0.9"
[1] "test AUC acc:0.916666666666667"
[1] "10 fold train95.2380952380952"
[1] "confusion matrix train 10 fold"
          nci_y
pred10fold  1  2  3  4
         1  8  0  0  0
         2  0 22  0  1
         3  0  0 12  0
         4  0  1  0 19
[1] "confusion matrix test"
         test_y
pred_test 1 2 3 4
        1 3 0 0 0
        2 0 4 0 0
        3 0 0 6 0
        4 0 2 0 5
[1] "train acc:0.968253968253968"
[1] "confusion matrix train"
          nci_y
pred_train  1  2  3  4
         1  8  0  0  0
         2  0 22  0  1
         3  0  0 12  0
         4  0  1  0 19
[1] "DS index stage 1"
[1] NA
[1] "KI index stage 1"
[1] NA
[1] "dim of trainm is "
[1]   63 2308
[1]   63 2308
[1] "maxnum is "
[1] 5
[1] "# of genes left after filtering:"
[1]   63 2308
[1] "f.test"
[1] "Method name: f.test"
[1]   63 2308
nci_y
 1  2  3  4 
 8 23 12 20 
learningset mode:  CV 
number of learningsets:  10 
(maximum) number of observations per learning set:  57 
[1] "one-vs-all"
GeneSelection: iteration 1 
GeneSelection: iteration 2 
GeneSelection: iteration 3 
GeneSelection: iteration 4 
GeneSelection: iteration 5 
GeneSelection: iteration 6 
GeneSelection: iteration 7 
GeneSelection: iteration 8 
GeneSelection: iteration 9 
GeneSelection: iteration 10 
GeneSelection: iteration 1 
GeneSelection: iteration 2 
GeneSelection: iteration 3 
GeneSelection: iteration 4 
GeneSelection: iteration 5 
GeneSelection: iteration 6 
GeneSelection: iteration 7 
GeneSelection: iteration 8 
GeneSelection: iteration 9 
GeneSelection: iteration 10 
GeneSelection: iteration 1 
GeneSelection: iteration 2 
GeneSelection: iteration 3 
GeneSelection: iteration 4 
GeneSelection: iteration 5 
GeneSelection: iteration 6 
GeneSelection: iteration 7 
GeneSelection: iteration 8 
GeneSelection: iteration 9 
GeneSelection: iteration 10 
GeneSelection: iteration 1 
GeneSelection: iteration 2 
GeneSelection: iteration 3 
GeneSelection: iteration 4 
GeneSelection: iteration 5 
GeneSelection: iteration 6 
GeneSelection: iteration 7 
GeneSelection: iteration 8 
GeneSelection: iteration 9 
GeneSelection: iteration 10 
[1] 37
[1] "varselmethod"
[1] "maxnum"
[1] 37
[1] "Method: f.test"
[1] 5
[1] "dim of scoring matrix is "
[1] 2308    1
    Min.  1st Qu.   Median     Mean  3rd Qu.     Max. 
0.000000 0.000000 0.000000 0.002166 0.000000 1.000000 
[1] 5
[1] 2308
[1] "DS index stage 1"
[1] NA
[1] "bestgenelist"
[1]  246  255  742  842 1003
        var246    var255     var742   var842   var1003
[1,] 1.6047470 -1.514582  0.7311171 1.553629 -3.231455
[2,] 0.7924947 -1.701005  0.3808308 1.732505 -2.294617
[3,] 1.5527410 -1.256319 -0.2871489 1.454747 -2.154165
         var246    var255     var742     var842   var1003
[1,] -2.5010360  1.165710  1.1040309 -0.3690368 -1.988505
[2,] -0.5151684 -0.592759 -1.1605941  0.7715886 -2.928074
[3,] -1.9330926 -1.027222 -0.7325119  0.9271515  1.000558
[1] "numgenes selected:5"
[1] "test acc:0.9"
[1] "test AUC acc:0.944444444444445"
[1] "10 fold train95.2380952380952"
[1] "confusion matrix train 10 fold"
          nci_y
pred10fold  1  2  3  4
         1  7  1  0  0
         2  0 22  0  0
         3  0  0 12  0
         4  1  0  0 20
[1] "confusion matrix test"
         test_y
pred_test 1 2 3 4
        1 3 1 0 0
        2 0 4 0 0
        3 0 0 6 0
        4 0 1 0 5
[1] "train acc:0.968253968253968"
[1] "confusion matrix train"
          nci_y
pred_train  1  2  3  4
         1  7  1  0  0
         2  0 22  0  0
         3  0  0 12  0
         4  1  0  0 20
[1] "DS index stage 1"
[1] NA
[1] "KI index stage 1"
[1] NA
There were 44 warnings (use warnings() to see them)
> #1
> CMAres<-performCMA(trainm, trainclass, testm, testclass,outloc,
+ maxnum=as.numeric(args[10]),
+ minnum=3,
+ stepitr=1,
+ gsmethods=c("limma","lasso","rfe","elasticnet", "f.test"), #"lasso","elasticnet","kruskal.test"), #"f.test", "f.test", "elasticnet", "wilcox.test", "welch.test"),
+ pct_train=0.40,
+ accuracyweight=1,
+ featweight=0.06,
+ minpresent=1,
+ kname="radial",
+ norm_method="none",
+ tolerance=0.5,
+ maxitrs=5,
+ classindex=1,
+ numfacts=0,
+ evalmethod="CV",
+ numfolds=10,
+ CVfoldthresh=0.7,
+ varselmethod=args[11],
+ scheme_val="one-vs-all",
+ iter_learn=1,boostweight=rep(0,dim(trainm)[2]))
[1] "dim of trainm is "
[1]   63 2308
[1]   63 2308
[1] "maxnum is "
[1] 5
[1] "# of genes left after filtering:"
[1]   63 2308
[1] "limma"      "lasso"      "rfe"        "elasticnet" "f.test"    
[1] "Method name: limma"
[1]   63 2308
nci_y
 1  2  3  4 
 8 23 12 20 
learningset mode:  CV 
number of learningsets:  10 
(maximum) number of observations per learning set:  57 
[1] "one-vs-all"
GeneSelection: iteration 1 
GeneSelection: iteration 2 
GeneSelection: iteration 3 
GeneSelection: iteration 4 
GeneSelection: iteration 5 
GeneSelection: iteration 6 
GeneSelection: iteration 7 
GeneSelection: iteration 8 
GeneSelection: iteration 9 
GeneSelection: iteration 10 
GeneSelection: iteration 1 
GeneSelection: iteration 2 
GeneSelection: iteration 3 
GeneSelection: iteration 4 
GeneSelection: iteration 5 
GeneSelection: iteration 6 
GeneSelection: iteration 7 
GeneSelection: iteration 8 
GeneSelection: iteration 9 
GeneSelection: iteration 10 
GeneSelection: iteration 1 
GeneSelection: iteration 2 
GeneSelection: iteration 3 
GeneSelection: iteration 4 
GeneSelection: iteration 5 
GeneSelection: iteration 6 
GeneSelection: iteration 7 
GeneSelection: iteration 8 
GeneSelection: iteration 9 
GeneSelection: iteration 10 
GeneSelection: iteration 1 
GeneSelection: iteration 2 
GeneSelection: iteration 3 
GeneSelection: iteration 4 
GeneSelection: iteration 5 
GeneSelection: iteration 6 
GeneSelection: iteration 7 
GeneSelection: iteration 8 
GeneSelection: iteration 9 
GeneSelection: iteration 10 
[1] 35
[1] "varselmethod"
[1] "maxnum"
[1] 35
[1] "Method: limma"
[1] 5
[1] "Method name: lasso"
[1]   63 2308
nci_y
 1  2  3  4 
 8 23 12 20 
learningset mode:  CV 
number of learningsets:  10 
(maximum) number of observations per learning set:  57 
[1] "one-vs-all"
GeneSelection: iteration 1 
GeneSelection: iteration 2 
GeneSelection: iteration 3 
GeneSelection: iteration 4 
GeneSelection: iteration 5 
GeneSelection: iteration 6 
GeneSelection: iteration 7 
GeneSelection: iteration 8 
GeneSelection: iteration 9 
GeneSelection: iteration 10 
GeneSelection: iteration 1 
GeneSelection: iteration 2 
GeneSelection: iteration 3 
GeneSelection: iteration 4 
GeneSelection: iteration 5 
GeneSelection: iteration 6 
GeneSelection: iteration 7 
GeneSelection: iteration 8 
GeneSelection: iteration 9 
GeneSelection: iteration 10 
GeneSelection: iteration 1 
GeneSelection: iteration 2 
GeneSelection: iteration 3 
GeneSelection: iteration 4 
GeneSelection: iteration 5 
GeneSelection: iteration 6 
GeneSelection: iteration 7 
GeneSelection: iteration 8 
GeneSelection: iteration 9 
GeneSelection: iteration 10 
GeneSelection: iteration 1 
GeneSelection: iteration 2 
GeneSelection: iteration 3 
GeneSelection: iteration 4 
GeneSelection: iteration 5 
GeneSelection: iteration 6 
GeneSelection: iteration 7 
GeneSelection: iteration 8 
GeneSelection: iteration 9 
GeneSelection: iteration 10 
genelist
   1  246  255  842 1003 1389 1427 1954 1955 2050  836 1764    2  509 2198 2046 
  10   10   10   10   10   10   10   10   10   10    9    9    8    8    7    6 
 248  129  742    3  589 1319  545  695  851  910 1387 2022 2166 
   5    3    3    2    2    2    1    1    1    1    1    1    1 
[1] 29
[1] "varselmethod"
[1] "maxnum"
[1] 29
[1] "Method: lasso"
[1] 5
[1] "Method name: rfe"
[1]   63 2308
nci_y
 1  2  3  4 
 8 23 12 20 
learningset mode:  CV 
number of learningsets:  10 
(maximum) number of observations per learning set:  57 
[1] "one-vs-all"
GeneSelection: iteration 1 
GeneSelection: iteration 2 
GeneSelection: iteration 3 
GeneSelection: iteration 4 
GeneSelection: iteration 5 
GeneSelection: iteration 6 
GeneSelection: iteration 7 
GeneSelection: iteration 8 
GeneSelection: iteration 9 
GeneSelection: iteration 10 
GeneSelection: iteration 1 
GeneSelection: iteration 2 
GeneSelection: iteration 3 
GeneSelection: iteration 4 
GeneSelection: iteration 5 
GeneSelection: iteration 6 
GeneSelection: iteration 7 
GeneSelection: iteration 8 
GeneSelection: iteration 9 
GeneSelection: iteration 10 
GeneSelection: iteration 1 
GeneSelection: iteration 2 
GeneSelection: iteration 3 
GeneSelection: iteration 4 
GeneSelection: iteration 5 
GeneSelection: iteration 6 
GeneSelection: iteration 7 
GeneSelection: iteration 8 
GeneSelection: iteration 9 
GeneSelection: iteration 10 
GeneSelection: iteration 1 
GeneSelection: iteration 2 
GeneSelection: iteration 3 
GeneSelection: iteration 4 
GeneSelection: iteration 5 
GeneSelection: iteration 6 
GeneSelection: iteration 7 
GeneSelection: iteration 8 
GeneSelection: iteration 9 
GeneSelection: iteration 10 
[1] 28
[1] "varselmethod"
[1] "maxnum"
[1] 28
[1] "Method: rfe"
[1] 5
[1] "Method name: elasticnet"
[1]   63 2308
nci_y
 1  2  3  4 
 8 23 12 20 
learningset mode:  CV 
number of learningsets:  10 
(maximum) number of observations per learning set:  57 
[1] "one-vs-all"
GeneSelection: iteration 1 
GeneSelection: iteration 2 
GeneSelection: iteration 3 
GeneSelection: iteration 4 
GeneSelection: iteration 5 
GeneSelection: iteration 6 
GeneSelection: iteration 7 
GeneSelection: iteration 8 
GeneSelection: iteration 9 
GeneSelection: iteration 10 
GeneSelection: iteration 1 
GeneSelection: iteration 2 
GeneSelection: iteration 3 
GeneSelection: iteration 4 
GeneSelection: iteration 5 
GeneSelection: iteration 6 
GeneSelection: iteration 7 
GeneSelection: iteration 8 
GeneSelection: iteration 9 
GeneSelection: iteration 10 
GeneSelection: iteration 1 
GeneSelection: iteration 2 
GeneSelection: iteration 3 
GeneSelection: iteration 4 
GeneSelection: iteration 5 
GeneSelection: iteration 6 
GeneSelection: iteration 7 
GeneSelection: iteration 8 
GeneSelection: iteration 9 
GeneSelection: iteration 10 
GeneSelection: iteration 1 
GeneSelection: iteration 2 
GeneSelection: iteration 3 
GeneSelection: iteration 4 
GeneSelection: iteration 5 
GeneSelection: iteration 6 
GeneSelection: iteration 7 
GeneSelection: iteration 8 
GeneSelection: iteration 9 
GeneSelection: iteration 10 
[1] 26
[1] "varselmethod"
[1] "maxnum"
[1] 26
[1] "Method: elasticnet"
[1] 5
[1] "Method name: f.test"
[1]   63 2308
nci_y
 1  2  3  4 
 8 23 12 20 
learningset mode:  CV 
number of learningsets:  10 
(maximum) number of observations per learning set:  57 
[1] "one-vs-all"
GeneSelection: iteration 1 
GeneSelection: iteration 2 
GeneSelection: iteration 3 
GeneSelection: iteration 4 
GeneSelection: iteration 5 
GeneSelection: iteration 6 
GeneSelection: iteration 7 
GeneSelection: iteration 8 
GeneSelection: iteration 9 
GeneSelection: iteration 10 
GeneSelection: iteration 1 
GeneSelection: iteration 2 
GeneSelection: iteration 3 
GeneSelection: iteration 4 
GeneSelection: iteration 5 
GeneSelection: iteration 6 
GeneSelection: iteration 7 
GeneSelection: iteration 8 
GeneSelection: iteration 9 
GeneSelection: iteration 10 
GeneSelection: iteration 1 
GeneSelection: iteration 2 
GeneSelection: iteration 3 
GeneSelection: iteration 4 
GeneSelection: iteration 5 
GeneSelection: iteration 6 
GeneSelection: iteration 7 
GeneSelection: iteration 8 
GeneSelection: iteration 9 
GeneSelection: iteration 10 
GeneSelection: iteration 1 
GeneSelection: iteration 2 
GeneSelection: iteration 3 
GeneSelection: iteration 4 
GeneSelection: iteration 5 
GeneSelection: iteration 6 
GeneSelection: iteration 7 
GeneSelection: iteration 8 
GeneSelection: iteration 9 
GeneSelection: iteration 10 
[1] 37
[1] "varselmethod"
[1] "maxnum"
[1] 37
[1] "Method: f.test"
[1] 5
[1] "dim of scoring matrix is "
[1] 2308    5
   Min. 1st Qu.  Median    Mean 3rd Qu.    Max. 
0.00000 0.00000 0.00000 0.01083 0.00000 5.00000 
[1] 11
[1] 2308
[1] "DS index stage 1"
[1] 0.54
[1] "bestgenelist"
 [1]    1    2  187  246  255  509  742  819  842  846 1003
            var1      var2    var187    var246    var255    var509     var742
[1,]  0.77334370 -2.438405 -3.426515 1.6047470 -1.514582 -1.844528  0.7311171
[2,] -0.07817778 -2.415754 -2.361274 0.7924947 -1.701005 -1.699363  0.3808308
[3,] -0.08446916 -1.649739 -2.259526 1.5527410 -1.256319 -1.478848 -0.2871489
        var819   var842    var846   var1003
[1,] -2.108664 1.553629 -3.803169 -3.231455
[2,] -3.272804 1.732505 -3.083471 -2.294617
[3,] -2.767800 1.454747 -2.285728 -2.154165
          var1       var2     var187     var246    var255    var509     var742
[1,] 0.1395010 -1.1689275 -0.8549605 -2.5010360  1.165710 -1.367276  1.1040309
[2,] 1.1642752 -2.0181583 -2.8949824 -0.5151684 -0.592759 -2.365525 -1.1605941
[3,] 0.8410929  0.2547197  2.9578798 -1.9330926 -1.027222  2.815109 -0.7325119
        var819     var842    var846   var1003
[1,] -1.657054 -0.3690368 -2.160218 -1.988505
[2,] -2.199126  0.7715886 -2.487711 -2.928074
[3,] -1.017493  0.9271515 -2.153303  1.000558
[1] "numgenes selected:11"
[1] "test acc:1"
[1] "test AUC acc:1"
[1] "10 fold train98.4126984126984"
[1] "confusion matrix train 10 fold"
          nci_y
pred10fold  1  2  3  4
         1  8  0  0  0
         2  0 23  0  0
         3  0  0 12  0
         4  0  0  0 20
[1] "confusion matrix test"
         test_y
pred_test 1 2 3 4
        1 3 0 0 0
        2 0 6 0 0
        3 0 0 6 0
        4 0 0 0 5
[1] "train acc:1"
[1] "confusion matrix train"
          nci_y
pred_train  1  2  3  4
         1  8  0  0  0
         2  0 23  0  0
         3  0  0 12  0
         4  0  0  0 20
[1] "DS index stage 1"
[1] 0.54
[1] "KI index stage 1"
[1] 0.5390013
[[1]]
[1] "var246"  "var255"  "var742"  "var842"  "var1003"

[[2]]
[1] "var1"    "var246"  "var255"  "var842"  "var1003"

[[3]]
[1] "var187" "var246" "var509" "var819" "var846"

[[4]]
[1] "var1"   "var2"   "var246" "var255" "var842"

[[5]]
[1] "var246"  "var255"  "var742"  "var842"  "var1003"


 Iteration 1 :  Optimal value:  11.6 
 Optimal List:   var255,var246,var1,var842,var819 

 Iteration 2 :  Optimal value:  10.8 
 Optimal List:   var246,var255,var842,var742,var1003 

 Iteration 3 :  Optimal value:  11.2 
 Optimal List:   var246,var255,var187,var842,var1003 

 Iteration 4 :  Optimal value:  10 
 Optimal List:   var246,var1,var255,var842,var1003 

 Iteration 5 :  Optimal value:  10 
 Optimal List:   var246,var1,var255,var842,var1003 

 Iteration 6 :  Optimal value:  10 
 Optimal List:   var246,var255,var1,var842,var1003 

 Iteration 7 :  Optimal value:  10 
 Optimal List:   var246,var255,var1,var842,var1003 

 Iteration 8 :  Optimal value:  10 
 Optimal List:   var246,var255,var1,var842,var1003 

 Iteration 9 :  Optimal value:  10 
 Optimal List:   var246,var255,var1,var842,var1003 

 Iteration 10 :  Optimal value:  10 
 Optimal List:   var246,var255,var742,var842,var1003 
[1] "test acc rank aggreg CE:0.9"
[1] "test AUC acc rank aggreg CE:0.944444444444445"
[1] "10 fold train rank aggreg res CE95.2380952380952"
[1] "confusion matrix train 10 fold rank aggreg CE"
            nci_y
pred10foldRA  1  2  3  4
           1  7  1  0  0
           2  0 22  0  0
           3  0  0 12  0
           4  1  0  0 20
[1] "Num itr RA CE"
[1] 10
[1] "Test BER aggreg CE is"
[1] 0.9166667

 Iteration 1 :  Optimal value:  11.6 
 Optimal List:   var246,var1,var842,var255,var742 

 Iteration 2 :  Optimal value:  11.2 
 Optimal List:   var246,var1,var742,var255,var842 

 Iteration 3 :  Optimal value:  11.2 
 Optimal List:   var246,var1,var742,var255,var842 

 Iteration 4 :  Optimal value:  11.6 
 Optimal List:   var246,var1,var842,var255,var742 

 Iteration 5 :  Optimal value:  10.8 
 Optimal List:   var246,var255,var742,var842,var509 

 Iteration 6 :  Optimal value:  10.8 
 Optimal List:   var246,var255,var742,var842,var509 

 Iteration 7 :  Optimal value:  10.8 
 Optimal List:   var246,var255,var742,var842,var509 

 Iteration 8 :  Optimal value:  10.4 
 Optimal List:   var246,var255,var1,var842,var742 

 Iteration 9 :  Optimal value:  10.4 
 Optimal List:   var246,var1,var255,var842,var742 

 Iteration 10 :  Optimal value:  10.4 
 Optimal List:   var246,var1,var255,var842,var742 

 Iteration 11 :  Optimal value:  10.4 
 Optimal List:   var246,var1,var255,var842,var742 

 Iteration 12 :  Optimal value:  10.4 
 Optimal List:   var1,var246,var255,var842,var742 

 Iteration 13 :  Optimal value:  10 
 Optimal List:   var246,var255,var742,var842,var1003 

 Iteration 14 :  Optimal value:  10 
 Optimal List:   var246,var255,var742,var842,var1003 

 Iteration 15 :  Optimal value:  10 
 Optimal List:   var246,var255,var742,var842,var1003 

 Iteration 16 :  Optimal value:  10 
 Optimal List:   var246,var255,var742,var842,var1003 

 Iteration 17 :  Optimal value:  10 
 Optimal List:   var1,var246,var255,var842,var1003 

 Iteration 18 :  Optimal value:  10 
 Optimal List:   var246,var255,var742,var842,var1003 

 Iteration 19 :  Optimal value:  10 
 Optimal List:   var246,var1,var255,var842,var1003 

 Iteration 20 :  Optimal value:  10 
 Optimal List:   var246,var1,var255,var842,var1003 

 Iteration 21 :  Optimal value:  10 
 Optimal List:   var246,var1,var255,var842,var1003 

 Iteration 22 :  Optimal value:  10 
 Optimal List:   var246,var1,var255,var842,var1003 

 Iteration 23 :  Optimal value:  10 
 Optimal List:   var246,var255,var742,var842,var1003 

 Iteration 24 :  Optimal value:  10 
 Optimal List:   var246,var255,var1,var842,var1003 

 Iteration 25 :  Optimal value:  10 
 Optimal List:   var246,var255,var1,var842,var1003 

 Iteration 26 :  Optimal value:  10 
 Optimal List:   var246,var255,var1,var842,var1003 

 Iteration 27 :  Optimal value:  10 
 Optimal List:   var246,var255,var1,var842,var1003 

 Iteration 28 :  Optimal value:  10 
 Optimal List:   var246,var1,var255,var842,var1003 

 Iteration 29 :  Optimal value:  10 
 Optimal List:   var246,var255,var1,var842,var1003 

 Iteration 30 :  Optimal value:  10 
 Optimal List:   var246,var255,var1,var842,var1003 

 Iteration 31 :  Optimal value:  10 
 Optimal List:   var246,var1,var255,var842,var1003 

 Iteration 32 :  Optimal value:  10 
 Optimal List:   var246,var1,var255,var842,var1003 

 Iteration 33 :  Optimal value:  10 
 Optimal List:   var246,var255,var1,var842,var1003 

 Iteration 34 :  Optimal value:  10 
 Optimal List:   var246,var255,var1,var842,var1003 

 Iteration 35 :  Optimal value:  10 
 Optimal List:   var246,var1,var255,var842,var1003 

 Iteration 36 :  Optimal value:  10 
 Optimal List:   var246,var1,var255,var842,var1003 

 Iteration 37 :  Optimal value:  10 
 Optimal List:   var246,var1,var255,var842,var1003 

 Iteration 38 :  Optimal value:  10 
 Optimal List:   var246,var255,var1,var842,var1003 

 Iteration 39 :  Optimal value:  10 
 Optimal List:   var246,var255,var1,var842,var1003 

 Iteration 40 :  Optimal value:  10 
 Optimal List:   var246,var1,var255,var842,var1003 

 Iteration 41 :  Optimal value:  10 
 Optimal List:   var246,var1,var255,var842,var1003 

 Iteration 42 :  Optimal value:  10 
 Optimal List:   var246,var255,var742,var842,var1003 
[1] "test acc rank aggreg GA:0.9"
[1] "test AUC acc rank aggreg GA:0.944444444444445"
[1] "10 fold train rank aggreg res GA95.2380952380952"
[1] "confusion matrix train 10 fold rank aggreg GA"
            nci_y
pred10foldRA  1  2  3  4
           1  7  1  0  0
           2  0 22  0  0
           3  0  0 12  0
           4  1  0  0 20
[1] "Num itr RA GA"
[1] 43
[1] "Test BER aggreg GA is"
[1] 0.9166667
There were 15 warnings (use warnings() to see them)
> 
> cma_feat_list<-colnames(trainm)
> 
> save(CMAres,file="CMAres.Rda")
> write.table(cma_feat_list,file="selected_cma_feat_list.txt",sep="t",row.names=FALSE)
> 
> # modtraindata=modtrain, modtestdata=modtest, blindtest=testacc, modtrainclass=nci_y, modtestclass=test_y
> #if(FALSE)
> {
+ trainm<-CMAres$modtraindata
+ testm<-CMAres$modtestdata
+ trainclass<-CMAres$modtrainclass
+ testclass<-CMAres$modtestclass
+ learningsets<-CMAres$learningsets
+ }
> 
> if(FALSE)
+ {
+ trainclass<-trainm[,1] #CMAres$modtrainclass
+ testclass<-testm[,1] #CMAres$modtestclass
+ trainm<-trainm[,-c(1)] #CMAres$modtrainmata
+ testm<-testm[,-c(1)] #CMAres$modtestmata
+ 
+ }
> 
> d_dim<-dim(trainm)
> 
> print("Original dimension")
[1] "Original dimension"
> print(d_dim)
[1] 63 11
> 
> system.time(psores<-run_pso(outloc=outloc,trainm,trainclass,testm,testclass,transition_matrix,c1=2.05,
+ c2=2.05,
+ itr=10,
+ globalpso_maxitr=10,
+ global_max_itr=5,
+ num_part=20,
+ kname="radial",
+ errortype="BER",
+ weightA<-as.numeric(args[1]),
+ weightB<-as.numeric(args[2]),
+ weightC<-as.numeric(args[3]),
+ weightD<-as.numeric(args[4]),
+ featweight.max=0.01,
+ featweight.min=0.01,
+ numfolds=10,
+ followerprob=as.numeric(args[6]),
+ confusionprob=as.numeric(args[7]),
+ leaderprob=as.numeric(args[8]),
+ wmax=1,
+ wmin=1,
+ behavior_reset_itr=5,
+ maxitrreset=10,
+ num_neighbors=3,
+ minselect.pct=0.5,
+ evalMode="CV2",
+ minfitnessthresh=50,
+ maxnum=as.numeric(args[10]),minnum=3,inertia_method=args[5],particlebehav_method="randbased",constriction_factor=1,
+ select.global.best=TRUE,numnodes=4,evalFunc=eval_fit_kfold_diff,itr.terminate=FALSE,train.pct=0.8))
[1] "c1: 2.05"
[1] "c2: 2.05"
[1] "itr: 10"
[1] "globalpso_maxitr: 10"
[1] "global_max_itr: 5"
[1] "num_part: 20"
[1] "kname: radial"
[1] "errortype: BER"
[1] "weightA: 0.7"
[1] "weightB: 0.2"
[1] "weightC: 0.05"
[1] "weightD: 0.05"
[1] "featweight.max: 0.01"
[1] "featweight.min: 0.01"
[1] "numfolds: 10"
[1] "followerprob: 0.45"
[1] "confusionprob: 0.2"
[1] "leaderprob: 0.25"
[1] "wmax: 1"
[1] "wmin: 1"
[1] "behavior_reset_itr: 5"
[1] "maxitrreset: 10"
[1] "num_neighbors: 3"
[1] "minselect.pct: 0.5"
[1] "minfitnessthresh: 50"
[1] "maxnum: 5"
[1] "minnum: 3"
[1] "inertia_method: global"
[1] "particlebehav_method: randbased"
[1] "constriction_factor: 1"
[1] "select.global.best: TRUE"
[1] "train 10 fold"
[1] 98.4127
[1] "here"
[1] "s"
[1] 50.4
[1] 63 11
[1] 10
[1] "learning sets: 1"
 [1]  9 60 46 32 15 18 51 14 19 36 53 44 20 25 38 56 58  6 17 33 22 41 37 61 40
[26] 30 50 45 35 59 10  3 52  2  1 43  7 57 11 31 23 63 16 49  4  5 24 47 26 42
[1] "Starting global iteration number : 1"
[1] "iteration number: "
[1] 1
[1] "Best fitness updated to:"
[1] -72.40099
[1] "Best solution:"
 [1] NA NA NA NA NA NA NA NA NA NA NA
[1] 0
[1] "iteration number: "
[1] 2
[1] "iteration number: "
[1] 3
[1] "Best fitness updated to:"
[1] -74.69191
[1] "Best solution:"
 [1] 1 1 1 0 0 1 1 1 1 1 1
[1] 9
[1] "iteration number: "
[1] 4
[1] "iteration number: "
[1] 5
[1] "iteration number: "
[1] 6
[1] "iteration number: "
[1] 7
[1] "iteration number: "
[1] 8
[1] "iteration number: "
[1] 9
[1] "iteration number: "
[1] 10
[1] "iteration number: "
[1] 11
[1] "iteration number: "
[1] 12
[1] "Best fitness updated to:"
[1] -75.83933
[1] "Best solution:"
 [1] 1 1 1 1 0 1 1 1 1 1 1
[1] 10
[1] "iteration number: "
[1] 13
[1] "iteration number: "
[1] 14
[1] "iteration number: "
[1] 15
[1] "iteration number: "
[1] 16
[1] "iteration number: "
[1] 17
[1] "Best fitness updated to:"
[1] -76.36005
[1] "Best solution:"
 [1] 1 1 1 1 0 1 1 1 1 1 1
[1] 10
[1] "iteration number: "
[1] 18
[1] "iteration number: "
[1] 19
[1] "iteration number: "
[1] 20
[1] "iteration number: "
[1] 21
[1] "iteration number: "
[1] 22
[1] "iteration number: "
[1] 23
[1] "iteration number: "
[1] 24
[1] "iteration number: "
[1] 25
[1] "iteration number: "
[1] 26
[1] "iteration number: "
[1] 27
[1] "iteration number: "
[1] 28
[1] "RE-INITIALIZING..."
[1] 1
[1] 5
[1] 11
 [1] 2 1 4 4 3 3 4 2 1 3 4 1 1 4 2 3 3 1 3 2
[1] "iteration number: "
[1] 29
[1] "iteration number: "
[1] 30
[1] "iteration number: "
[1] 31
[1] "iteration number: "
[1] 32
[1] "iteration number: "
[1] 33
[1] "iteration number: "
[1] 34
[1] "iteration number: "
[1] 35
[1] "iteration number: "
[1] 36
[1] "iteration number: "
[1] 37
[1] "iteration number: "
[1] 38
[1] "Best fitness updated to:"
[1] -78.08296
[1] "Best solution:"
 [1] 1 1 0 1 0 0 1 1 1 1 1
[1] 8
[1] "iteration number: "
[1] 39
[1] "iteration number: "
[1] 40
[1] "iteration number: "
[1] 41
[1] "iteration number: "
[1] 42
[1] "iteration number: "
[1] 43
[1] "iteration number: "
[1] 44
[1] "iteration number: "
[1] 45
[1] "iteration number: "
[1] 46
[1] "iteration number: "
[1] 47
[1] "iteration number: "
[1] 48
[1] "iteration number: "
[1] 49
[1] "RE-INITIALIZING..."
[1] 1
[1] 5
[1] 11
 [1] 3 1 4 2 2 3 2 2 1 2 3 2 1 2 2 3 2 2 3 3
[1] "iteration number: "
[1] 50
[1] "iteration number: "
[1] 51
[1] "iteration number: "
[1] 52
[1] "iteration number: "
[1] 53
[1] "iteration number: "
[1] 54
[1] "iteration number: "
[1] 55
[1] "iteration number: "
[1] 56
[1] "iteration number: "
[1] 57
[1] "iteration number: "
[1] 58
[1] "iteration number: "
[1] 59
[1] "iteration number: "
[1] 60
[1] "RE-INITIALIZING..."
[1] 2
[1] 5
[1] 11
 [1] 3 1 4 2 2 3 2 2 1 2 3 2 1 2 2 3 2 2 3 3
[1] "iteration number: "
[1] 61
[1] "iteration number: "
[1] 62
[1] "iteration number: "
[1] 63
[1] "iteration number: "
[1] 64
[1] "iteration number: "
[1] 65
[1] "iteration number: "
[1] 66
[1] "iteration number: "
[1] 67
[1] "iteration number: "
[1] 68
[1] "iteration number: "
[1] 69
[1] "iteration number: "
[1] 70
[1] "iteration number: "
[1] 71
[1] "RE-INITIALIZING..."
[1] 3
[1] 5
[1] 10
 [1] 3 1 4 2 2 3 2 2 1 2 3 2 1 2 2 3 2 2 3 3
[1] "iteration number: "
[1] 72
[1] "iteration number: "
[1] 73
[1] "iteration number: "
[1] 74
[1] "iteration number: "
[1] 75
[1] "iteration number: "
[1] 76
[1] "iteration number: "
[1] 77
[1] "iteration number: "
[1] 78
[1] "iteration number: "
[1] 79
[1] "iteration number: "
[1] 80
[1] "iteration number: "
[1] 81
[1] "iteration number: "
[1] 82
[1] "RE-INITIALIZING..."
[1] 4
[1] 5
[1] 10
 [1] 2 1 4 4 3 3 4 2 1 3 4 1 1 4 2 3 3 1 3 2
[1] "iteration number: "
[1] 83
[1] "iteration number: "
[1] 84
[1] "iteration number: "
[1] 85
[1] "iteration number: "
[1] 86
[1] "iteration number: "
[1] 87
[1] "iteration number: "
[1] 88
[1] "iteration number: "
[1] 89
[1] "iteration number: "
[1] 90
[1] "iteration number: "
[1] 91
[1] "iteration number: "
[1] 92
[1] "iteration number: "
[1] 93
[1] "RE-INITIALIZING..."
[1] 5
[1] 5
[1] 10
 [1] 1 3 1 2 2 2 3 2 2 2 3 3 2 1 3 3 2 2 2 1
[1] "iteration number: "
[1] 94
[1] "iteration number: "
[1] 95
[1] "iteration number: "
[1] 96
[1] "iteration number: "
[1] 97
[1] "iteration number: "
[1] 98
[1] "iteration number: "
[1] 99
[1] "iteration number: "
[1] 100
[1] "iteration number: "
[1] 101
[1] "iteration number: "
[1] 102
[1] "iteration number: "
[1] 103
[1] "iteration number: "
[1] 104
[1] "RE-INITIALIZING..."
[1] 6
[1] 5
[1] 11
[1] "No change for 6 iterations. Exiting PSO."
[1]  1  2  4  7  8  9 11
[1] 1
[1] "##################################"
[1] "Results summary for itr:1"
[1] "number of features selected using population mean"
[1] 7
[1] "number of features selected using current global best"
[1] 7
[1] "feat ind length"
[1] 7
[1] "best accuracy"
[1] 78.08296
[1] "test acc:1"
[1] "##################################"
[1] "learning sets: 2"
 [1] 42 28 32 47 22  4 56 35 57 15 58 46  9 51 33 40 63 29 48  2 50  3 53  8  7
[26] 11 49 54 55 27 45 25 30 18  1 19 21 59 14  5 41 61 52 13 34 31 17 44 24 38
[1] "Starting global iteration number : 2"
[1] "iteration number: "
[1] 1
[1] "Best fitness updated to:"
[1] -73.17436
[1] "Best solution:"
 [1] NA NA NA NA NA NA NA NA NA NA NA
[1] 0
[1] "iteration number: "
[1] 2
[1] "Best fitness updated to:"
[1] -76.62955
[1] "Best solution:"
 [1] 1 0 1 0 0 1 1 1 1 1 1
[1] 8
[1] "iteration number: "
[1] 3
[1] "iteration number: "
[1] 4
[1] "iteration number: "
[1] 5
[1] "iteration number: "
[1] 6
[1] "iteration number: "
[1] 7
[1] "iteration number: "
[1] 8
[1] "iteration number: "
[1] 9
[1] "iteration number: "
[1] 10
[1] "iteration number: "
[1] 11
[1] "iteration number: "
[1] 12
[1] "Best fitness updated to:"
[1] -76.65176
[1] "Best solution:"
 [1] 1 1 0 0 0 0 1 0 0 0 1
[1] 4
[1] "iteration number: "
[1] 13
[1] "Best fitness updated to:"
[1] -78.33259
[1] "Best solution:"
 [1] 1 1 0 0 0 0 1 0 0 0 0
[1] 3
[1] "iteration number: "
[1] 14
[1] "iteration number: "
[1] 15
[1] "iteration number: "
[1] 16
[1] "iteration number: "
[1] 17
[1] "iteration number: "
[1] 18
[1] "iteration number: "
[1] 19
[1] "iteration number: "
[1] 20
[1] "iteration number: "
[1] 21
[1] "iteration number: "
[1] 22
[1] "iteration number: "
[1] 23
[1] "Best fitness updated to:"
[1] -79.37274
[1] "Best solution:"
 [1] 1 1 0 0 0 0 0 1 1 1 1
[1] 6
[1] "iteration number: "
[1] 24
[1] "iteration number: "
[1] 25
[1] "iteration number: "
[1] 26
[1] "iteration number: "
[1] 27
[1] "iteration number: "
[1] 28
[1] "iteration number: "
[1] 29
[1] "iteration number: "
[1] 30
[1] "iteration number: "
[1] 31
[1] "iteration number: "
[1] 32
[1] "iteration number: "
[1] 33
[1] "iteration number: "
[1] 34
[1] "RE-INITIALIZING..."
[1] 1
[1] 5
[1] 11
 [1] 3 1 4 2 2 3 2 2 1 2 3 2 1 2 2 3 2 2 3 3
[1] "iteration number: "
[1] 35
[1] "iteration number: "
[1] 36
[1] "iteration number: "
[1] 37
[1] "iteration number: "
[1] 38
[1] "iteration number: "
[1] 39
[1] "iteration number: "
[1] 40
[1] "iteration number: "
[1] 41
[1] "iteration number: "
[1] 42
[1] "iteration number: "
[1] 43
[1] "iteration number: "
[1] 44
[1] "iteration number: "
[1] 45
[1] "RE-INITIALIZING..."
[1] 2
[1] 5
[1] 11
 [1] 3 1 4 2 2 3 2 2 1 2 3 2 1 2 2 3 2 2 3 3
[1] "iteration number: "
[1] 46
[1] "iteration number: "
[1] 47
[1] "iteration number: "
[1] 48
[1] "iteration number: "
[1] 49
[1] "iteration number: "
[1] 50
[1] "iteration number: "
[1] 51
[1] "iteration number: "
[1] 52
[1] "iteration number: "
[1] 53
[1] "iteration number: "
[1] 54
[1] "iteration number: "
[1] 55
[1] "iteration number: "
[1] 56
[1] "RE-INITIALIZING..."
[1] 3
[1] 5
[1] 11
 [1] 3 1 4 2 2 3 2 2 1 2 3 2 1 2 2 3 2 2 3 3
[1] "iteration number: "
[1] 57
[1] "iteration number: "
[1] 58
[1] "iteration number: "
[1] 59
[1] "iteration number: "
[1] 60
[1] "iteration number: "
[1] 61
[1] "iteration number: "
[1] 62
[1] "iteration number: "
[1] 63
[1] "iteration number: "
[1] 64
[1] "iteration number: "
[1] 65
[1] "iteration number: "
[1] 66
[1] "iteration number: "
[1] 67
[1] "RE-INITIALIZING..."
[1] 4
[1] 5
[1] 11
 [1] 2 1 4 4 3 3 4 2 1 3 4 1 1 4 2 3 3 1 3 2
[1] "iteration number: "
[1] 68
[1] "iteration number: "
[1] 69
[1] "iteration number: "
[1] 70
[1] "iteration number: "
[1] 71
[1] "iteration number: "
[1] 72
[1] "iteration number: "
[1] 73
[1] "iteration number: "
[1] 74
[1] "iteration number: "
[1] 75
[1] "iteration number: "
[1] 76
[1] "iteration number: "
[1] 77
[1] "iteration number: "
[1] 78
[1] "RE-INITIALIZING..."
[1] 5
[1] 5
[1] 11
 [1] 1 3 1 2 2 2 3 2 2 2 3 3 2 1 3 3 2 2 2 1
[1] "iteration number: "
[1] 79
[1] "iteration number: "
[1] 80
[1] "iteration number: "
[1] 81
[1] "iteration number: "
[1] 82
[1] "iteration number: "
[1] 83
[1] "iteration number: "
[1] 84
[1] "iteration number: "
[1] 85
[1] "iteration number: "
[1] 86
[1] "iteration number: "
[1] 87
[1] "iteration number: "
[1] 88
[1] "iteration number: "
[1] 89
[1] "RE-INITIALIZING..."
[1] 6
[1] 5
[1] 11
[1] "No change for 6 iterations. Exiting PSO."
[1]  1  2  5  7  8 10 11
[1] 2
[1] "##################################"
[1] "Results summary for itr:2"
[1] "number of features selected using population mean"
[1] 7
[1] "number of features selected using current global best"
[1] 7
[1] "feat ind length"
[1] 7
[1] "best accuracy"
[1] 79.37274
[1] "test acc:1"
[1] "##################################"
[1] "learning sets: 3"
 [1] 16 27 41 18 48 21 61 38 57 33 42 12 55 10 63  3 62  9 14 47 23  8  5 46 15
[26] 24 34 35 37 53 20 17  2 30 19 32 31 25 36 49 26 13  4 22 60 45 50 29 58 39
[1] "Starting global iteration number : 3"
[1] "iteration number: "
[1] 1
[1] "Best fitness updated to:"
[1] -71.42672
[1] "Best solution:"
 [1] NA NA NA NA NA NA NA NA NA NA NA
[1] 0
[1] "iteration number: "
[1] 2
[1] "iteration number: "
[1] 3
[1] "Best fitness updated to:"
[1] -73.64411
[1] "Best solution:"
 [1] 1 1 1 0 0 1 1 1 1 1 1
[1] 9
[1] "iteration number: "
[1] 4
[1] "iteration number: "
[1] 5
[1] "Best fitness updated to:"
[1] -75.57063
[1] "Best solution:"
 [1] 1 1 1 1 0 1 1 1 1 1 1
[1] 10
[1] "iteration number: "
[1] 6
[1] "iteration number: "
[1] 7
[1] "iteration number: "
[1] 8
[1] "iteration number: "
[1] 9
[1] "iteration number: "
[1] 10
[1] "iteration number: "
[1] 11
[1] "iteration number: "
[1] 12
[1] "iteration number: "
[1] 13
[1] "iteration number: "
[1] 14
[1] "iteration number: "
[1] 15
[1] "iteration number: "
[1] 16
[1] "RE-INITIALIZING..."
[1] 1
[1] 5
[1] 11
 [1] 3 1 4 2 2 3 2 2 1 2 3 2 1 2 2 3 2 2 3 3
[1] "iteration number: "
[1] 17
[1] "Best fitness updated to:"
[1] -77.52788
[1] "Best solution:"
 [1] 1 1 0 0 0 0 1 0 1 0 0
[1] 4
[1] "iteration number: "
[1] 18
[1] "iteration number: "
[1] 19
[1] "iteration number: "
[1] 20
[1] "iteration number: "
[1] 21
[1] "iteration number: "
[1] 22
[1] "iteration number: "
[1] 23
[1] "iteration number: "
[1] 24
[1] "iteration number: "
[1] 25
[1] "iteration number: "
[1] 26
[1] "Best fitness updated to:"
[1] -77.75032
[1] "Best solution:"
 [1] 1 1 1 1 0 1 1 1 0 1 1
[1] 9
[1] "iteration number: "
[1] 27
[1] "iteration number: "
[1] 28
[1] "iteration number: "
[1] 29
[1] "iteration number: "
[1] 30
[1] "iteration number: "
[1] 31
[1] "iteration number: "
[1] 32
[1] "iteration number: "
[1] 33
[1] "iteration number: "
[1] 34
[1] "iteration number: "
[1] 35
[1] "iteration number: "
[1] 36
[1] "iteration number: "
[1] 37
[1] "RE-INITIALIZING..."
[1] 1
[1] 5
[1] 11
 [1] 1 3 1 2 2 2 3 2 2 2 3 3 2 1 3 3 2 2 2 1
[1] "iteration number: "
[1] 38
[1] "iteration number: "
[1] 39
[1] "iteration number: "
[1] 40
[1] "iteration number: "
[1] 41
[1] "iteration number: "
[1] 42
[1] "iteration number: "
[1] 43
[1] "iteration number: "
[1] 44
[1] "iteration number: "
[1] 45
[1] "iteration number: "
[1] 46
[1] "iteration number: "
[1] 47
[1] "iteration number: "
[1] 48
[1] "RE-INITIALIZING..."
[1] 2
[1] 5
[1] 11
 [1] 2 2 1 2 1 3 2 2 2 2 2 3 1 3 2 2 1 3 1 2
[1] "iteration number: "
[1] 49
[1] "iteration number: "
[1] 50
[1] "iteration number: "
[1] 51
[1] "iteration number: "
[1] 52
[1] "iteration number: "
[1] 53
[1] "iteration number: "
[1] 54
[1] "iteration number: "
[1] 55
[1] "iteration number: "
[1] 56
[1] "iteration number: "
[1] 57
[1] "iteration number: "
[1] 58
[1] "iteration number: "
[1] 59
[1] "RE-INITIALIZING..."
[1] 3
[1] 5
[1] 10
 [1] 3 1 4 2 2 3 2 2 1 2 3 2 1 2 2 3 2 2 3 3
[1] "iteration number: "
[1] 60
[1] "iteration number: "
[1] 61
[1] "iteration number: "
[1] 62
[1] "iteration number: "
[1] 63
[1] "iteration number: "
[1] 64
[1] "iteration number: "
[1] 65
[1] "iteration number: "
[1] 66
[1] "iteration number: "
[1] 67
[1] "iteration number: "
[1] 68
[1] "iteration number: "
[1] 69
[1] "iteration number: "
[1] 70
[1] "RE-INITIALIZING..."
[1] 4
[1] 5
[1] 10
 [1] 3 1 4 2 2 3 2 2 1 2 3 2 1 2 2 3 2 2 3 3
[1] "iteration number: "
[1] 71
[1] "iteration number: "
[1] 72
[1] "iteration number: "
[1] 73
[1] "iteration number: "
[1] 74
[1] "iteration number: "
[1] 75
[1] "iteration number: "
[1] 76
[1] "iteration number: "
[1] 77
[1] "iteration number: "
[1] 78
[1] "iteration number: "
[1] 79
[1] "iteration number: "
[1] 80
[1] "iteration number: "
[1] 81
[1] "RE-INITIALIZING..."
[1] 5
[1] 5
[1] 9
 [1] 3 1 4 2 2 3 2 2 1 2 3 2 1 2 2 3 2 2 3 3
[1] "iteration number: "
[1] 82
[1] "iteration number: "
[1] 83
[1] "iteration number: "
[1] 84
[1] "iteration number: "
[1] 85
[1] "iteration number: "
[1] 86
[1] "iteration number: "
[1] 87
[1] "iteration number: "
[1] 88
[1] "iteration number: "
[1] 89
[1] "iteration number: "
[1] 90
[1] "iteration number: "
[1] 91
[1] "iteration number: "
[1] 92
[1] "RE-INITIALIZING..."
[1] 6
[1] 5
[1] 10
 [1] 2 1 4 4 3 3 4 2 1 3 4 1 1 4 2 3 3 1 3 2
[1] "iteration number: "
[1] 93
[1] "iteration number: "
[1] 94
[1] "iteration number: "
[1] 95
[1] "iteration number: "
[1] 96
[1] "iteration number: "
[1] 97
[1] "iteration number: "
[1] 98
[1] "iteration number: "
[1] 99
[1] "iteration number: "
[1] 100
[1] "iteration number: "
[1] 101
[1] "iteration number: "
[1] 102
[1] "iteration number: "
[1] 103
[1] "RE-INITIALIZING..."
[1] 7
[1] 5
[1] 8
 [1] 3 1 4 2 2 3 2 2 1 2 3 2 1 2 2 3 2 2 3 3
[1] "iteration number: "
[1] 104
[1] "iteration number: "
[1] 105
[1] "iteration number: "
[1] 106
[1] "iteration number: "
[1] 107
[1] "iteration number: "
[1] 108
[1] "iteration number: "
[1] 109
[1] "iteration number: "
[1] 110
[1] "iteration number: "
[1] 111
[1] "iteration number: "
[1] 112
[1] "iteration number: "
[1] 113
[1] "iteration number: "
[1] 114
[1] "RE-INITIALIZING..."
[1] 8
[1] 5
[1] 8
 [1] 3 1 4 2 2 3 2 2 1 2 3 2 1 2 2 3 2 2 3 3
[1] "No change for 8 iterations. Exiting PSO."
[1]  2  4  6  7  9 11
[1] 3
[1] "##################################"
[1] "Results summary for itr:3"
[1] "number of features selected using population mean"
[1] 6
[1] "number of features selected using current global best"
[1] 6
[1] "feat ind length"
[1] 6
[1] "best accuracy"
[1] 77.75032
[1] "test acc:1"
[1] "##################################"
[1] "learning sets: 4"
 [1] 23 41 24 22  6 31 35 10 46 28 37  5 21 19 53 55 29 25 40 57 47 14 38 13  1
[26] 36 60 17 11  2 48 43 44 16 30  3 50 32 58 18 51 20  8 33 59 34 45 39 27 54
[1] "Starting global iteration number : 4"
[1] "iteration number: "
[1] 1
[1] "Best fitness updated to:"
[1] -75.06267
[1] "Best solution:"
 [1] NA NA NA NA NA NA NA NA NA NA NA
[1] 0
[1] "iteration number: "
[1] 2
[1] "iteration number: "
[1] 3
[1] "iteration number: "
[1] 4
[1] "iteration number: "
[1] 5
[1] "iteration number: "
[1] 6
[1] "Best fitness updated to:"
[1] -75.6859
[1] "Best solution:"
 [1] 1 1 1 1 0 0 0 0 0 1 0
[1] 5
[1] "iteration number: "
[1] 7
[1] "iteration number: "
[1] 8
[1] "iteration number: "
[1] 9
[1] "iteration number: "
[1] 10
[1] "iteration number: "
[1] 11
[1] "iteration number: "
[1] 12
[1] "iteration number: "
[1] 13
[1] "iteration number: "
[1] 14
[1] "iteration number: "
[1] 15
[1] "iteration number: "
[1] 16
[1] "iteration number: "
[1] 17
[1] "RE-INITIALIZING..."
[1] 1
[1] 5
[1] 11
 [1] 3 1 4 2 2 3 2 2 1 2 3 2 1 2 2 3 2 2 3 3
[1] "iteration number: "
[1] 18
[1] "iteration number: "
[1] 19
[1] "iteration number: "
[1] 20
[1] "iteration number: "
[1] 21
[1] "iteration number: "
[1] 22
[1] "iteration number: "
[1] 23
[1] "iteration number: "
[1] 24
[1] "iteration number: "
[1] 25
[1] "iteration number: "
[1] 26
[1] "iteration number: "
[1] 27
[1] "iteration number: "
[1] 28
[1] "RE-INITIALIZING..."
[1] 2
[1] 5
[1] 11
 [1] 3 1 4 2 2 3 2 2 1 2 3 2 1 2 2 3 2 2 3 3
[1] "iteration number: "
[1] 29
[1] "iteration number: "
[1] 30
[1] "iteration number: "
[1] 31
[1] "iteration number: "
[1] 32
[1] "iteration number: "
[1] 33
[1] "iteration number: "
[1] 34
[1] "iteration number: "
[1] 35
[1] "iteration number: "
[1] 36
[1] "iteration number: "
[1] 37
[1] "iteration number: "
[1] 38
[1] "iteration number: "
[1] 39
[1] "RE-INITIALIZING..."
[1] 3
[1] 5
[1] 11
 [1] 2 1 4 4 3 3 4 2 1 3 4 1 1 4 2 3 3 1 3 2
[1] "iteration number: "
[1] 40
[1] "iteration number: "
[1] 41
[1] "iteration number: "
[1] 42
[1] "iteration number: "
[1] 43
[1] "iteration number: "
[1] 44
[1] "iteration number: "
[1] 45
[1] "iteration number: "
[1] 46
[1] "iteration number: "
[1] 47
[1] "iteration number: "
[1] 48
[1] "iteration number: "
[1] 49
[1] "iteration number: "
[1] 50
[1] "RE-INITIALIZING..."
[1] 4
[1] 5
[1] 11
 [1] 2 1 4 4 3 3 4 2 1 3 4 1 1 4 2 3 3 1 3 2
[1] "iteration number: "
[1] 51
[1] "iteration number: "
[1] 52
[1] "iteration number: "
[1] 53
[1] "iteration number: "
[1] 54
[1] "iteration number: "
[1] 55
[1] "iteration number: "
[1] 56
[1] "iteration number: "
[1] 57
[1] "iteration number: "
[1] 58
[1] "iteration number: "
[1] 59
[1] "iteration number: "
[1] 60
[1] "iteration number: "
[1] 61
[1] "RE-INITIALIZING..."
[1] 5
[1] 5
[1] 11
 [1] 1 3 1 2 2 2 3 2 2 2 3 3 2 1 3 3 2 2 2 1
[1] "iteration number: "
[1] 62
[1] "iteration number: "
[1] 63
[1] "iteration number: "
[1] 64
[1] "iteration number: "
[1] 65
[1] "iteration number: "
[1] 66
[1] "iteration number: "
[1] 67
[1] "iteration number: "
[1] 68
[1] "iteration number: "
[1] 69
[1] "iteration number: "
[1] 70
[1] "iteration number: "
[1] 71
[1] "iteration number: "
[1] 72
[1] "RE-INITIALIZING..."
[1] 6
[1] 5
[1] 11
[1] "No change for 6 iterations. Exiting PSO."
[1]  1  2  4  8  9 10 11
[1] 4
[1] "##################################"
[1] "Results summary for itr:4"
[1] "number of features selected using population mean"
[1] 7
[1] "number of features selected using current global best"
[1] 7
[1] "feat ind length"
[1] 7
[1] "best accuracy"
[1] 75.6859
[1] "test acc:1"
[1] "##################################"
[1] "learning sets: 5"
 [1] 53  2 51 11 17 16 54 34  7  1 61 29 26 40 62 55 60 13 19 25 43 57 28 50  3
[26] 41 56 23 63 37 18  5 45 32 49 35 27 21 58 38 31 47 30 20 14 52 39 12 36 59
[1] "Starting global iteration number : 5"
[1] "iteration number: "
[1] 1
[1] "Best fitness updated to:"
[1] -64.0826
[1] "Best solution:"
 [1] NA NA NA NA NA NA NA NA NA NA NA
[1] 0
[1] "iteration number: "
[1] 2
[1] "Best fitness updated to:"
[1] -66.22953
[1] "Best solution:"
 [1] 1 0 1 0 0 1 1 1 1 1 1
[1] 8
[1] "iteration number: "
[1] 3
[1] "Best fitness updated to:"
[1] -68.72921
[1] "Best solution:"
 [1] 1 0 0 1 1 0 0 0 1 1 0
[1] 5
[1] "iteration number: "
[1] 4
[1] "iteration number: "
[1] 5
[1] "iteration number: "
[1] 6
[1] "iteration number: "
[1] 7
[1] "iteration number: "
[1] 8
[1] "iteration number: "
[1] 9
[1] "iteration number: "
[1] 10
[1] "Best fitness updated to:"
[1] -69.24822
[1] "Best solution:"
 [1] 0 1 1 0 1 0 1 1 1 1 1
[1] 8
[1] "iteration number: "
[1] 11
[1] "iteration number: "
[1] 12
[1] "Best fitness updated to:"
[1] -69.5233
[1] "Best solution:"
 [1] 1 1 1 1 0 0 1 0 0 0 1
[1] 6
[1] "iteration number: "
[1] 13
[1] "iteration number: "
[1] 14
[1] "iteration number: "
[1] 15
[1] "iteration number: "
[1] 16
[1] "iteration number: "
[1] 17
[1] "iteration number: "
[1] 18
[1] "iteration number: "
[1] 19
[1] "Best fitness updated to:"
[1] -69.57616
[1] "Best solution:"
 [1] 1 1 1 0 0 1 1 1 1 0 1
[1] 8
[1] "iteration number: "
[1] 20
[1] "Best fitness updated to:"
[1] -69.60863
[1] "Best solution:"
 [1] 0 1 1 0 0 1 1 1 1 1 1
[1] 8
[1] "iteration number: "
[1] 21
[1] "iteration number: "
[1] 22
[1] "Best fitness updated to:"
[1] -69.82105
[1] "Best solution:"
 [1] 1 1 0 0 0 0 1 0 1 1 1
[1] 6
[1] "iteration number: "
[1] 23
[1] "iteration number: "
[1] 24
[1] "iteration number: "
[1] 25
[1] "iteration number: "
[1] 26
[1] "Best fitness updated to:"
[1] -71.96186
[1] "Best solution:"
 [1] 1 1 0 0 0 1 1 0 1 1 1
[1] 7
[1] "iteration number: "
[1] 27
[1] "iteration number: "
[1] 28
[1] "iteration number: "
[1] 29
[1] "iteration number: "
[1] 30
[1] "iteration number: "
[1] 31
[1] "iteration number: "
[1] 32
[1] "iteration number: "
[1] 33
[1] "iteration number: "
[1] 34
[1] "iteration number: "
[1] 35
[1] "iteration number: "
[1] 36
[1] "iteration number: "
[1] 37
[1] "RE-INITIALIZING..."
[1] 1
[1] 5
[1] 11
 [1] 1 3 1 2 2 2 3 2 2 2 3 3 2 1 3 3 2 2 2 1
[1] "iteration number: "
[1] 38
[1] "iteration number: "
[1] 39
[1] "iteration number: "
[1] 40
[1] "iteration number: "
[1] 41
[1] "iteration number: "
[1] 42
[1] "iteration number: "
[1] 43
[1] "iteration number: "
[1] 44
[1] "iteration number: "
[1] 45
[1] "iteration number: "
[1] 46
[1] "iteration number: "
[1] 47
[1] "iteration number: "
[1] 48
[1] "RE-INITIALIZING..."
[1] 2
[1] 5
[1] 11
 [1] 2 2 1 2 1 3 2 2 2 2 2 3 1 3 2 2 1 3 1 2
[1] "iteration number: "
[1] 49
[1] "iteration number: "
[1] 50
[1] "iteration number: "
[1] 51
[1] "iteration number: "
[1] 52
[1] "iteration number: "
[1] 53
[1] "iteration number: "
[1] 54
[1] "iteration number: "
[1] 55
[1] "iteration number: "
[1] 56
[1] "iteration number: "
[1] 57
[1] "iteration number: "
[1] 58
[1] "iteration number: "
[1] 59
[1] "RE-INITIALIZING..."
[1] 3
[1] 5
[1] 9
 [1] 3 1 4 2 2 3 2 2 1 2 3 2 1 2 2 3 2 2 3 3
[1] "iteration number: "
[1] 60
[1] "iteration number: "
[1] 61
[1] "iteration number: "
[1] 62
[1] "iteration number: "
[1] 63
[1] "iteration number: "
[1] 64
[1] "iteration number: "
[1] 65
[1] "iteration number: "
[1] 66
[1] "iteration number: "
[1] 67
[1] "iteration number: "
[1] 68
[1] "iteration number: "
[1] 69
[1] "iteration number: "
[1] 70
[1] "RE-INITIALIZING..."
[1] 4
[1] 5
[1] 8
 [1] 3 1 4 2 2 3 2 2 1 2 3 2 1 2 2 3 2 2 3 3
[1] "iteration number: "
[1] 71
[1] "iteration number: "
[1] 72
[1] "iteration number: "
[1] 73
[1] "iteration number: "
[1] 74
[1] "iteration number: "
[1] 75
[1] "iteration number: "
[1] 76
[1] "iteration number: "
[1] 77
[1] "iteration number: "
[1] 78
[1] "iteration number: "
[1] 79
[1] "iteration number: "
[1] 80
[1] "iteration number: "
[1] 81
[1] "RE-INITIALIZING..."
[1] 5
[1] 5
[1] 7
 [1] 3 1 4 2 2 3 2 2 1 2 3 2 1 2 2 3 2 2 3 3
[1] "iteration number: "
[1] 82
[1] "iteration number: "
[1] 83
[1] "iteration number: "
[1] 84
[1] "iteration number: "
[1] 85
[1] "iteration number: "
[1] 86
[1] "iteration number: "
[1] 87
[1] "iteration number: "
[1] 88
[1] "iteration number: "
[1] 89
[1] "iteration number: "
[1] 90
[1] "iteration number: "
[1] 91
[1] "iteration number: "
[1] 92
[1] "RE-INITIALIZING..."
[1] 6
[1] 5
[1] 7
[1] "No change for 6 iterations. Exiting PSO."
[1]  1  2  5  7 11
[1] 5
[1] "##################################"
[1] "Results summary for itr:5"
[1] "number of features selected using population mean"
[1] 5
[1] "number of features selected using current global best"
[1] 5
[1] "feat ind length"
[1] 5
[1] "best accuracy"
[1] 71.96186
[1] "test acc:1"
[1] "##################################"
[1] "learning sets: 6"
 [1] 51 53 30 12 50 41 20  6 18 16  7 43 13 31 37 42 39 61  4 34 15 10 44 35 59
[26]  9 36 46 63 33 23 62  3 26 24 45 25 22 60 19 48 49 52 54 27 21  2 32 47 29
[1] "Starting global iteration number : 6"
[1] "iteration number: "
[1] 1
[1] "Best fitness updated to:"
[1] -62.47104
[1] "Best solution:"
 [1] NA NA NA NA NA NA NA NA NA NA NA
[1] 0
[1] "iteration number: "
[1] 2
[1] "Best fitness updated to:"
[1] -63.73398
[1] "Best solution:"
 [1] 1 0 1 0 0 1 1 1 1 1 1
[1] 8
[1] "iteration number: "
[1] 3
[1] "Best fitness updated to:"
[1] -69.88363
[1] "Best solution:"
 [1] 1 0 0 1 1 1 0 0 1 1 0
[1] 6
[1] "iteration number: "
[1] 4
[1] "iteration number: "
[1] 5
[1] "iteration number: "
[1] 6
[1] "iteration number: "
[1] 7
[1] "Best fitness updated to:"
[1] -70.14995
[1] "Best solution:"
 [1] 1 0 0 1 0 0 1 1 0 1 1
[1] 6
[1] "iteration number: "
[1] 8
[1] "iteration number: "
[1] 9
[1] "Best fitness updated to:"
[1] -70.47493
[1] "Best solution:"
 [1] 1 1 1 1 0 0 1 1 1 1 1
[1] 9
[1] "iteration number: "
[1] 10
[1] "iteration number: "
[1] 11
[1] "iteration number: "
[1] 12
[1] "Best fitness updated to:"
[1] -72.82765
[1] "Best solution:"
 [1] 1 1 0 1 0 1 1 1 1 0 0
[1] 7
[1] "iteration number: "
[1] 13
[1] "iteration number: "
[1] 14
[1] "iteration number: "
[1] 15
[1] "iteration number: "
[1] 16
[1] "iteration number: "
[1] 17
[1] "iteration number: "
[1] 18
[1] "iteration number: "
[1] 19
[1] "iteration number: "
[1] 20
[1] "iteration number: "
[1] 21
[1] "Best fitness updated to:"
[1] -74.5723
[1] "Best solution:"
 [1] 1 1 0 1 0 0 1 0 0 0 1
[1] 5
[1] "iteration number: "
[1] 22
[1] "iteration number: "
[1] 23
[1] "iteration number: "
[1] 24
[1] "Best fitness updated to:"
[1] -74.65497
[1] "Best solution:"
 [1] 1 1 0 1 0 0 0 0 1 0 0
[1] 4
[1] "iteration number: "
[1] 25
[1] "iteration number: "
[1] 26
[1] "iteration number: "
[1] 27
[1] "iteration number: "
[1] 28
[1] "iteration number: "
[1] 29
[1] "iteration number: "
[1] 30
[1] "iteration number: "
[1] 31
[1] "iteration number: "
[1] 32
[1] "iteration number: "
[1] 33
[1] "iteration number: "
[1] 34
[1] "iteration number: "
[1] 35
[1] "RE-INITIALIZING..."
[1] 1
[1] 5
[1] 11
 [1] 1 3 1 2 2 2 3 2 2 2 3 3 2 1 3 3 2 2 2 1
[1] "iteration number: "
[1] 36
[1] "iteration number: "
[1] 37
[1] "iteration number: "
[1] 38
[1] "iteration number: "
[1] 39
[1] "iteration number: "
[1] 40
[1] "iteration number: "
[1] 41
[1] "iteration number: "
[1] 42
[1] "iteration number: "
[1] 43
[1] "iteration number: "
[1] 44
[1] "iteration number: "
[1] 45
[1] "iteration number: "
[1] 46
[1] "RE-INITIALIZING..."
[1] 2
[1] 5
[1] 10
 [1] 2 2 1 2 1 3 2 2 2 2 2 3 1 3 2 2 1 3 1 2
[1] "iteration number: "
[1] 47
[1] "iteration number: "
[1] 48
[1] "iteration number: "
[1] 49
[1] "iteration number: "
[1] 50
[1] "iteration number: "
[1] 51
[1] "iteration number: "
[1] 52
[1] "iteration number: "
[1] 53
[1] "iteration number: "
[1] 54
[1] "iteration number: "
[1] 55
[1] "iteration number: "
[1] 56
[1] "iteration number: "
[1] 57
[1] "RE-INITIALIZING..."
[1] 3
[1] 5
[1] 9
 [1] 3 1 4 2 2 3 2 2 1 2 3 2 1 2 2 3 2 2 3 3
[1] "iteration number: "
[1] 58
[1] "iteration number: "
[1] 59
[1] "iteration number: "
[1] 60
[1] "iteration number: "
[1] 61
[1] "iteration number: "
[1] 62
[1] "iteration number: "
[1] 63
[1] "iteration number: "
[1] 64
[1] "iteration number: "
[1] 65
[1] "iteration number: "
[1] 66
[1] "iteration number: "
[1] 67
[1] "iteration number: "
[1] 68
[1] "RE-INITIALIZING..."
[1] 4
[1] 5
[1] 9
 [1] 2 1 4 4 3 3 4 2 1 3 4 1 1 4 2 3 3 1 3 2
[1] "iteration number: "
[1] 69
[1] "iteration number: "
[1] 70
[1] "iteration number: "
[1] 71
[1] "iteration number: "
[1] 72
[1] "iteration number: "
[1] 73
[1] "iteration number: "
[1] 74
[1] "iteration number: "
[1] 75
[1] "iteration number: "
[1] 76
[1] "iteration number: "
[1] 77
[1] "iteration number: "
[1] 78
[1] "iteration number: "
[1] 79
[1] "RE-INITIALIZING..."
[1] 5
[1] 5
[1] 9
 [1] 1 3 1 2 2 2 3 2 2 2 3 3 2 1 3 3 2 2 2 1
[1] "iteration number: "
[1] 80
[1] "iteration number: "
[1] 81
[1] "iteration number: "
[1] 82
[1] "iteration number: "
[1] 83
[1] "iteration number: "
[1] 84
[1] "iteration number: "
[1] 85
[1] "iteration number: "
[1] 86
[1] "iteration number: "
[1] 87
[1] "iteration number: "
[1] 88
[1] "iteration number: "
[1] 89
[1] "iteration number: "
[1] 90
[1] "RE-INITIALIZING..."
[1] 6
[1] 5
[1] 10
[1] "No change for 6 iterations. Exiting PSO."
[1]  1  2  4  5  9 11
[1] 6
[1] "##################################"
[1] "Results summary for itr:6"
[1] "number of features selected using population mean"
[1] 6
[1] "number of features selected using current global best"
[1] 6
[1] "feat ind length"
[1] 6
[1] "best accuracy"
[1] 74.65497
[1] "test acc:1"
[1] "##################################"
[1] "learning sets: 7"
 [1] 18 33 16 40 41 53 62 58 54 22 43 20  7 47 21 34 44 61 56 38 17 27 50 36 28
[26] 52 15 48  4 63 24 26 10 46 25 57 29 59 32  8 35 19 49 14 13 42 30 51 45 55
[1] "Starting global iteration number : 7"
[1] "iteration number: "
[1] 1
[1] "Best fitness updated to:"
[1] -68.7093
[1] "Best solution:"
 [1] NA NA NA NA NA NA NA NA NA NA NA
[1] 0
[1] "iteration number: "
[1] 2
[1] "Best fitness updated to:"
[1] -70.21244
[1] "Best solution:"
 [1] 1 0 1 0 0 1 1 1 1 1 1
[1] 8
[1] "iteration number: "
[1] 3
[1] "iteration number: "
[1] 4
[1] "Best fitness updated to:"
[1] -72.20078
[1] "Best solution:"
 [1] 1 0 0 1 1 1 0 1 1 1 0
[1] 7
[1] "iteration number: "
[1] 5
[1] "iteration number: "
[1] 6
[1] "iteration number: "
[1] 7
[1] "iteration number: "
[1] 8
[1] "Best fitness updated to:"
[1] -72.55431
[1] "Best solution:"
 [1] 1 1 1 0 1 0 0 1 1 1 1
[1] 8
[1] "iteration number: "
[1] 9
[1] "iteration number: "
[1] 10
[1] "iteration number: "
[1] 11
[1] "Best fitness updated to:"
[1] -72.56704
[1] "Best solution:"
 [1] 1 0 0 1 0 1 0 0 0 1 1
[1] 5
[1] "iteration number: "
[1] 12
[1] "iteration number: "
[1] 13
[1] "iteration number: "
[1] 14
[1] "iteration number: "
[1] 15
[1] "iteration number: "
[1] 16
[1] "iteration number: "
[1] 17
[1] "iteration number: "
[1] 18
[1] "iteration number: "
[1] 19
[1] "iteration number: "
[1] 20
[1] "iteration number: "
[1] 21
[1] "iteration number: "
[1] 22
[1] "Best fitness updated to:"
[1] -73.00525
[1] "Best solution:"
 [1] 1 0 0 1 1 1 1 1 1 1 1
[1] 9
[1] "iteration number: "
[1] 23
[1] "iteration number: "
[1] 24
[1] "iteration number: "
[1] 25
[1] "iteration number: "
[1] 26
[1] "iteration number: "
[1] 27
[1] "iteration number: "
[1] 28
[1] "iteration number: "
[1] 29
[1] "iteration number: "
[1] 30
[1] "iteration number: "
[1] 31
[1] "iteration number: "
[1] 32
[1] "iteration number: "
[1] 33
[1] "RE-INITIALIZING..."
[1] 1
[1] 5
[1] 11
 [1] 3 1 4 2 2 3 2 2 1 2 3 2 1 2 2 3 2 2 3 3
[1] "iteration number: "
[1] 34
[1] "iteration number: "
[1] 35
[1] "iteration number: "
[1] 36
[1] "iteration number: "
[1] 37
[1] "iteration number: "
[1] 38
[1] "iteration number: "
[1] 39
[1] "iteration number: "
[1] 40
[1] "iteration number: "
[1] 41
[1] "iteration number: "
[1] 42
[1] "iteration number: "
[1] 43
[1] "iteration number: "
[1] 44
[1] "RE-INITIALIZING..."
[1] 2
[1] 5
[1] 11
 [1] 2 1 4 4 3 3 4 2 1 3 4 1 1 4 2 3 3 1 3 2
[1] "iteration number: "
[1] 45
[1] "iteration number: "
[1] 46
[1] "iteration number: "
[1] 47
[1] "iteration number: "
[1] 48
[1] "iteration number: "
[1] 49
[1] "iteration number: "
[1] 50
[1] "iteration number: "
[1] 51
[1] "iteration number: "
[1] 52
[1] "iteration number: "
[1] 53
[1] "iteration number: "
[1] 54
[1] "iteration number: "
[1] 55
[1] "RE-INITIALIZING..."
[1] 3
[1] 5
[1] 11
 [1] 2 1 4 4 3 3 4 2 1 3 4 1 1 4 2 3 3 1 3 2
[1] "iteration number: "
[1] 56
[1] "iteration number: "
[1] 57
[1] "iteration number: "
[1] 58
[1] "iteration number: "
[1] 59
[1] "iteration number: "
[1] 60
[1] "iteration number: "
[1] 61
[1] "iteration number: "
[1] 62
[1] "iteration number: "
[1] 63
[1] "iteration number: "
[1] 64
[1] "iteration number: "
[1] 65
[1] "iteration number: "
[1] 66
[1] "Best fitness updated to:"
[1] -73.02303
[1] "Best solution:"
 [1] 1 1 0 0 0 0 0 1 1 0 1
[1] 5
[1] "iteration number: "
[1] 67
[1] "iteration number: "
[1] 68
[1] "iteration number: "
[1] 69
[1] "iteration number: "
[1] 70
[1] "iteration number: "
[1] 71
[1] "iteration number: "
[1] 72
[1] "iteration number: "
[1] 73
[1] "iteration number: "
[1] 74
[1] "iteration number: "
[1] 75
[1] "iteration number: "
[1] 76
[1] "iteration number: "
[1] 77
[1] "RE-INITIALIZING..."
[1] 1
[1] 5
[1] 10
 [1] 3 1 4 2 2 3 2 2 1 2 3 2 1 2 2 3 2 2 3 3
[1] "iteration number: "
[1] 78
[1] "iteration number: "
[1] 79
[1] "iteration number: "
[1] 80
[1] "iteration number: "
[1] 81
[1] "iteration number: "
[1] 82
[1] "iteration number: "
[1] 83
[1] "iteration number: "
[1] 84
[1] "iteration number: "
[1] 85
[1] "iteration number: "
[1] 86
[1] "iteration number: "
[1] 87
[1] "iteration number: "
[1] 88
[1] "RE-INITIALIZING..."
[1] 2
[1] 5
[1] 10
 [1] 2 1 4 4 3 3 4 2 1 3 4 1 1 4 2 3 3 1 3 2
[1] "iteration number: "
[1] 89
[1] "iteration number: "
[1] 90
[1] "iteration number: "
[1] 91
[1] "iteration number: "
[1] 92
[1] "iteration number: "
[1] 93
[1] "iteration number: "
[1] 94
[1] "iteration number: "
[1] 95
[1] "iteration number: "
[1] 96
[1] "iteration number: "
[1] 97
[1] "iteration number: "
[1] 98
[1] "iteration number: "
[1] 99
[1] "RE-INITIALIZING..."
[1] 3
[1] 5
[1] 8
 [1] 1 3 1 2 2 2 3 2 2 2 3 3 2 1 3 3 2 2 2 1
[1] "iteration number: "
[1] 100
[1] "iteration number: "
[1] 101
[1] "iteration number: "
[1] 102
[1] "iteration number: "
[1] 103
[1] "iteration number: "
[1] 104
[1] "iteration number: "
[1] 105
[1] "iteration number: "
[1] 106
[1] "iteration number: "
[1] 107
[1] "iteration number: "
[1] 108
[1] "iteration number: "
[1] 109
[1] "iteration number: "
[1] 110
[1] "RE-INITIALIZING..."
[1] 4
[1] 5
[1] 8
 [1] 1 4 2 3 2 1 2 4 2 2 2 3 3 2 1 2 3 1 2 2
[1] "iteration number: "
[1] 111
[1] "iteration number: "
[1] 112
[1] "iteration number: "
[1] 113
[1] "iteration number: "
[1] 114
[1] "iteration number: "
[1] 115
[1] "iteration number: "
[1] 116
[1] "iteration number: "
[1] 117
[1] "iteration number: "
[1] 118
[1] "iteration number: "
[1] 119
[1] "iteration number: "
[1] 120
[1] "iteration number: "
[1] 121
[1] "RE-INITIALIZING..."
[1] 5
[1] 5
[1] 8
 [1] 1 3 1 2 2 2 3 2 2 2 3 3 2 1 3 3 2 2 2 1
[1] "iteration number: "
[1] 122
[1] "iteration number: "
[1] 123
[1] "iteration number: "
[1] 124
[1] "iteration number: "
[1] 125
[1] "iteration number: "
[1] 126
[1] "iteration number: "
[1] 127
[1] "iteration number: "
[1] 128
[1] "iteration number: "
[1] 129
[1] "iteration number: "
[1] 130
[1] "iteration number: "
[1] 131
[1] "iteration number: "
[1] 132
[1] "RE-INITIALIZING..."
[1] 6
[1] 5
[1] 8
[1] "No change for 6 iterations. Exiting PSO."
[1]  1  3  4  5  7 11
[1] 7
[1] "##################################"
[1] "Results summary for itr:7"
[1] "number of features selected using population mean"
[1] 6
[1] "number of features selected using current global best"
[1] 6
[1] "feat ind length"
[1] 6
[1] "best accuracy"
[1] 73.02303
[1] "test acc:1"
[1] "##################################"
[1] "learning sets: 8"
 [1] 56 34 35 45 53 15 19 59  4 16 26 22  5 12 13 61 29 23  3 51 21 62 27  7  8
[26] 11 36 54 25  1 28 31 40 50 32 30 63 46 33 37 18 43 47 10 49 55 38 20  2 39
[1] "Starting global iteration number : 8"
[1] "iteration number: "
[1] 1
[1] "Best fitness updated to:"
[1] -57.52136
[1] "Best solution:"
 [1] NA NA NA NA NA NA NA NA NA NA NA
[1] 0
[1] "iteration number: "
[1] 2
[1] "Best fitness updated to:"
[1] -61.46133
[1] "Best solution:"
 [1] 1 0 1 0 0 1 1 1 1 1 1
[1] 8
[1] "iteration number: "
[1] 3
[1] "iteration number: "
[1] 4
[1] "Best fitness updated to:"
[1] -68.62492
[1] "Best solution:"
 [1] 1 1 0 0 1 0 1 1 0 1 1
[1] 7
[1] "iteration number: "
[1] 5
[1] "iteration number: "
[1] 6
[1] "iteration number: "
[1] 7
[1] "iteration number: "
[1] 8
[1] "iteration number: "
[1] 9
[1] "iteration number: "
[1] 10
[1] "iteration number: "
[1] 11
[1] "iteration number: "
[1] 12
[1] "iteration number: "
[1] 13
[1] "iteration number: "
[1] 14
[1] "iteration number: "
[1] 15
[1] "RE-INITIALIZING..."
[1] 1
[1] 5
[1] 11
 [1] 3 1 4 2 2 3 2 2 1 2 3 2 1 2 2 3 2 2 3 3
[1] "iteration number: "
[1] 16
[1] "iteration number: "
[1] 17
[1] "iteration number: "
[1] 18
[1] "iteration number: "
[1] 19
[1] "iteration number: "
[1] 20
[1] "iteration number: "
[1] 21
[1] "iteration number: "
[1] 22
[1] "iteration number: "
[1] 23
[1] "iteration number: "
[1] 24
[1] "iteration number: "
[1] 25
[1] "iteration number: "
[1] 26
[1] "RE-INITIALIZING..."
[1] 2
[1] 5
[1] 11
 [1] 3 1 4 2 2 3 2 2 1 2 3 2 1 2 2 3 2 2 3 3
[1] "iteration number: "
[1] 27
[1] "iteration number: "
[1] 28
[1] "iteration number: "
[1] 29
[1] "iteration number: "
[1] 30
[1] "iteration number: "
[1] 31
[1] "iteration number: "
[1] 32
[1] "iteration number: "
[1] 33
[1] "iteration number: "
[1] 34
[1] "iteration number: "
[1] 35
[1] "iteration number: "
[1] 36
[1] "iteration number: "
[1] 37
[1] "RE-INITIALIZING..."
[1] 3
[1] 5
[1] 10
 [1] 2 1 4 4 3 3 4 2 1 3 4 1 1 4 2 3 3 1 3 2
[1] "iteration number: "
[1] 38
[1] "iteration number: "
[1] 39
[1] "iteration number: "
[1] 40
[1] "iteration number: "
[1] 41
[1] "iteration number: "
[1] 42
[1] "iteration number: "
[1] 43
[1] "iteration number: "
[1] 44
[1] "iteration number: "
[1] 45
[1] "iteration number: "
[1] 46
[1] "iteration number: "
[1] 47
[1] "iteration number: "
[1] 48
[1] "RE-INITIALIZING..."
[1] 4
[1] 5
[1] 9
 [1] 1 3 1 2 2 2 3 2 2 2 3 3 2 1 3 3 2 2 2 1
[1] "iteration number: "
[1] 49
[1] "iteration number: "
[1] 50
[1] "iteration number: "
[1] 51
[1] "iteration number: "
[1] 52
[1] "iteration number: "
[1] 53
[1] "iteration number: "
[1] 54
[1] "iteration number: "
[1] 55
[1] "iteration number: "
[1] 56
[1] "iteration number: "
[1] 57
[1] "iteration number: "
[1] 58
[1] "iteration number: "
[1] 59
[1] "RE-INITIALIZING..."
[1] 5
[1] 5
[1] 10
 [1] 2 2 1 2 1 3 2 2 2 2 2 3 1 3 2 2 1 3 1 2
[1] "iteration number: "
[1] 60
[1] "iteration number: "
[1] 61
[1] "iteration number: "
[1] 62
[1] "iteration number: "
[1] 63
[1] "iteration number: "
[1] 64
[1] "iteration number: "
[1] 65
[1] "iteration number: "
[1] 66
[1] "iteration number: "
[1] 67
[1] "iteration number: "
[1] 68
[1] "iteration number: "
[1] 69
[1] "iteration number: "
[1] 70
[1] "RE-INITIALIZING..."
[1] 6
[1] 5
[1] 9
[1] "No change for 6 iterations. Exiting PSO."
[1]  1  2  7  8  9 10 11
[1] 8
[1] "##################################"
[1] "Results summary for itr:8"
[1] "number of features selected using population mean"
[1] 7
[1] "number of features selected using current global best"
[1] 7
[1] "feat ind length"
[1] 7
[1] "best accuracy"
[1] 68.62492
[1] "test acc:1"
[1] "##################################"
[1] "learning sets: 9"
 [1] 22 41 10 46 24 33 14 17 37 38 35  5 28 51  6 20 34 58 42 55 32 48 21 25 26
[26]  4 50 23 47 53 12 18 30 52 62 43 44 40 13 29 49  7 56 61 54 31 36 57 16 19
[1] "Starting global iteration number : 9"
[1] "iteration number: "
[1] 1
[1] "Best fitness updated to:"
[1] -70.69037
[1] "Best solution:"
 [1] NA NA NA NA NA NA NA NA NA NA NA
[1] 0
[1] "iteration number: "
[1] 2
[1] "iteration number: "
[1] 3
[1] "Best fitness updated to:"
[1] -71.78497
[1] "Best solution:"
 [1] 1 1 1 0 0 1 1 1 1 1 1
[1] 9
[1] "iteration number: "
[1] 4
[1] "Best fitness updated to:"
[1] -74.07091
[1] "Best solution:"
 [1] 0 1 1 1 1 0 0 1 1 1 1
[1] 8
[1] "iteration number: "
[1] 5
[1] "iteration number: "
[1] 6
[1] "iteration number: "
[1] 7
[1] "iteration number: "
[1] 8
[1] "iteration number: "
[1] 9
[1] "iteration number: "
[1] 10
[1] "iteration number: "
[1] 11
[1] "iteration number: "
[1] 12
[1] "iteration number: "
[1] 13
[1] "iteration number: "
[1] 14
[1] "iteration number: "
[1] 15
[1] "RE-INITIALIZING..."
[1] 1
[1] 5
[1] 11
 [1] 3 1 4 2 2 3 2 2 1 2 3 2 1 2 2 3 2 2 3 3
[1] "iteration number: "
[1] 16
[1] "iteration number: "
[1] 17
[1] "iteration number: "
[1] 18
[1] "iteration number: "
[1] 19
[1] "iteration number: "
[1] 20
[1] "iteration number: "
[1] 21
[1] "iteration number: "
[1] 22
[1] "iteration number: "
[1] 23
[1] "iteration number: "
[1] 24
[1] "iteration number: "
[1] 25
[1] "iteration number: "
[1] 26
[1] "RE-INITIALIZING..."
[1] 2
[1] 5
[1] 11
 [1] 3 1 4 2 2 3 2 2 1 2 3 2 1 2 2 3 2 2 3 3
[1] "iteration number: "
[1] 27
[1] "iteration number: "
[1] 28
[1] "iteration number: "
[1] 29
[1] "iteration number: "
[1] 30
[1] "iteration number: "
[1] 31
[1] "iteration number: "
[1] 32
[1] "iteration number: "
[1] 33
[1] "iteration number: "
[1] 34
[1] "iteration number: "
[1] 35
[1] "iteration number: "
[1] 36
[1] "iteration number: "
[1] 37
[1] "RE-INITIALIZING..."
[1] 3
[1] 5
[1] 11
 [1] 2 1 4 4 3 3 4 2 1 3 4 1 1 4 2 3 3 1 3 2
[1] "iteration number: "
[1] 38
[1] "iteration number: "
[1] 39
[1] "iteration number: "
[1] 40
[1] "iteration number: "
[1] 41
[1] "iteration number: "
[1] 42
[1] "iteration number: "
[1] 43
[1] "iteration number: "
[1] 44
[1] "iteration number: "
[1] 45
[1] "iteration number: "
[1] 46
[1] "iteration number: "
[1] 47
[1] "iteration number: "
[1] 48
[1] "RE-INITIALIZING..."
[1] 4
[1] 5
[1] 11
 [1] 1 3 1 2 2 2 3 2 2 2 3 3 2 1 3 3 2 2 2 1
[1] "iteration number: "
[1] 49
[1] "iteration number: "
[1] 50
[1] "iteration number: "
[1] 51
[1] "iteration number: "
[1] 52
[1] "iteration number: "
[1] 53
[1] "iteration number: "
[1] 54
[1] "iteration number: "
[1] 55
[1] "iteration number: "
[1] 56
[1] "iteration number: "
[1] 57
[1] "iteration number: "
[1] 58
[1] "iteration number: "
[1] 59
[1] "RE-INITIALIZING..."
[1] 5
[1] 5
[1] 11
 [1] 2 2 1 2 1 3 2 2 2 2 2 3 1 3 2 2 1 3 1 2
[1] "iteration number: "
[1] 60
[1] "iteration number: "
[1] 61
[1] "iteration number: "
[1] 62
[1] "iteration number: "
[1] 63
[1] "iteration number: "
[1] 64
[1] "iteration number: "
[1] 65
[1] "iteration number: "
[1] 66
[1] "iteration number: "
[1] 67
[1] "iteration number: "
[1] 68
[1] "iteration number: "
[1] 69
[1] "Best fitness updated to:"
[1] -74.57004
[1] "Best solution:"
 [1] 1 1 1 1 1 1 0 1 1 1 1
[1] 10
[1] "iteration number: "
[1] 70
[1] "iteration number: "
[1] 71
[1] "iteration number: "
[1] 72
[1] "iteration number: "
[1] 73
[1] "iteration number: "
[1] 74
[1] "iteration number: "
[1] 75
[1] "iteration number: "
[1] 76
[1] "iteration number: "
[1] 77
[1] "iteration number: "
[1] 78
[1] "iteration number: "
[1] 79
[1] "iteration number: "
[1] 80
[1] "RE-INITIALIZING..."
[1] 1
[1] 5
[1] 11
 [1] 3 1 4 2 2 3 2 2 1 2 3 2 1 2 2 3 2 2 3 3
[1] "iteration number: "
[1] 81
[1] "iteration number: "
[1] 82
[1] "iteration number: "
[1] 83
[1] "iteration number: "
[1] 84
[1] "iteration number: "
[1] 85
[1] "iteration number: "
[1] 86
[1] "iteration number: "
[1] 87
[1] "iteration number: "
[1] 88
[1] "iteration number: "
[1] 89
[1] "iteration number: "
[1] 90
[1] "iteration number: "
[1] 91
[1] "RE-INITIALIZING..."
[1] 2
[1] 5
[1] 11
 [1] 3 1 4 2 2 3 2 2 1 2 3 2 1 2 2 3 2 2 3 3
[1] "iteration number: "
[1] 92
[1] "iteration number: "
[1] 93
[1] "iteration number: "
[1] 94
[1] "iteration number: "
[1] 95
[1] "iteration number: "
[1] 96
[1] "iteration number: "
[1] 97
[1] "iteration number: "
[1] 98
[1] "iteration number: "
[1] 99
[1] "iteration number: "
[1] 100
[1] "iteration number: "
[1] 101
[1] "iteration number: "
[1] 102
[1] "RE-INITIALIZING..."
[1] 3
[1] 5
[1] 11
 [1] 2 1 4 4 3 3 4 2 1 3 4 1 1 4 2 3 3 1 3 2
[1] "iteration number: "
[1] 103
[1] "iteration number: "
[1] 104
[1] "iteration number: "
[1] 105
[1] "iteration number: "
[1] 106
[1] "iteration number: "
[1] 107
[1] "iteration number: "
[1] 108
[1] "iteration number: "
[1] 109
[1] "iteration number: "
[1] 110
[1] "iteration number: "
[1] 111
[1] "iteration number: "
[1] 112
[1] "iteration number: "
[1] 113
[1] "RE-INITIALIZING..."
[1] 4
[1] 5
[1] 11
 [1] 1 3 1 2 2 2 3 2 2 2 3 3 2 1 3 3 2 2 2 1
[1] "iteration number: "
[1] 114
[1] "iteration number: "
[1] 115
[1] "iteration number: "
[1] 116
[1] "iteration number: "
[1] 117
[1] "iteration number: "
[1] 118
[1] "iteration number: "
[1] 119
[1] "iteration number: "
[1] 120
[1] "iteration number: "
[1] 121
[1] "iteration number: "
[1] 122
[1] "iteration number: "
[1] 123
[1] "iteration number: "
[1] 124
[1] "RE-INITIALIZING..."
[1] 5
[1] 5
[1] 11
 [1] 2 2 1 2 1 3 2 2 2 2 2 3 1 3 2 2 1 3 1 2
[1] "iteration number: "
[1] 125
[1] "iteration number: "
[1] 126
[1] "iteration number: "
[1] 127
[1] "iteration number: "
[1] 128
[1] "Best fitness updated to:"
[1] -75.00069
[1] "Best solution:"
 [1] 1 1 0 0 0 0 0 0 0 0 1
[1] 3
[1] "iteration number: "
[1] 129
[1] "iteration number: "
[1] 130
[1] "iteration number: "
[1] 131
[1] "iteration number: "
[1] 132
[1] "iteration number: "
[1] 133
[1] "iteration number: "
[1] 134
[1] "iteration number: "
[1] 135
[1] "iteration number: "
[1] 136
[1] "iteration number: "
[1] 137
[1] "iteration number: "
[1] 138
[1] "iteration number: "
[1] 139
[1] "RE-INITIALIZING..."
[1] 1
[1] 5
[1] 11
 [1] 1 3 1 2 2 2 3 2 2 2 3 3 2 1 3 3 2 2 2 1
[1] "iteration number: "
[1] 140
[1] "iteration number: "
[1] 141
[1] "iteration number: "
[1] 142
[1] "iteration number: "
[1] 143
[1] "iteration number: "
[1] 144
[1] "iteration number: "
[1] 145
[1] "iteration number: "
[1] 146
[1] "iteration number: "
[1] 147
[1] "iteration number: "
[1] 148
[1] "iteration number: "
[1] 149
[1] "iteration number: "
[1] 150
[1] "RE-INITIALIZING..."
[1] 2
[1] 5
[1] 11
 [1] 1 4 2 3 2 1 2 4 2 2 2 3 3 2 1 2 3 1 2 2
[1] "iteration number: "
[1] 151
[1] "iteration number: "
[1] 152
[1] "iteration number: "
[1] 153
[1] "iteration number: "
[1] 154
[1] "iteration number: "
[1] 155
[1] "iteration number: "
[1] 156
[1] "iteration number: "
[1] 157
[1] "iteration number: "
[1] 158
[1] "iteration number: "
[1] 159
[1] "iteration number: "
[1] 160
[1] "iteration number: "
[1] 161
[1] "RE-INITIALIZING..."
[1] 3
[1] 5
[1] 11
 [1] 1 3 1 2 2 2 3 2 2 2 3 3 2 1 3 3 2 2 2 1
[1] "iteration number: "
[1] 162
[1] "iteration number: "
[1] 163
[1] "iteration number: "
[1] 164
[1] "iteration number: "
[1] 165
[1] "iteration number: "
[1] 166
[1] "iteration number: "
[1] 167
[1] "iteration number: "
[1] 168
[1] "iteration number: "
[1] 169
[1] "iteration number: "
[1] 170
[1] "iteration number: "
[1] 171
[1] "iteration number: "
[1] 172
[1] "RE-INITIALIZING..."
[1] 4
[1] 5
[1] 11
 [1] 2 2 1 2 1 3 2 2 2 2 2 3 1 3 2 2 1 3 1 2
[1] "iteration number: "
[1] 173
[1] "iteration number: "
[1] 174
[1] "iteration number: "
[1] 175
[1] "iteration number: "
[1] 176
[1] "iteration number: "
[1] 177
[1] "iteration number: "
[1] 178
[1] "iteration number: "
[1] 179
[1] "iteration number: "
[1] 180
[1] "iteration number: "
[1] 181
[1] "iteration number: "
[1] 182
[1] "iteration number: "
[1] 183
[1] "RE-INITIALIZING..."
[1] 5
[1] 5
[1] 10
 [1] 3 1 4 2 2 3 2 2 1 2 3 2 1 2 2 3 2 2 3 3
[1] "iteration number: "
[1] 184
[1] "iteration number: "
[1] 185
[1] "iteration number: "
[1] 186
[1] "iteration number: "
[1] 187
[1] "iteration number: "
[1] 188
[1] "iteration number: "
[1] 189
[1] "iteration number: "
[1] 190
[1] "iteration number: "
[1] 191
[1] "iteration number: "
[1] 192
[1] "iteration number: "
[1] 193
[1] "iteration number: "
[1] 194
[1] "RE-INITIALIZING..."
[1] 6
[1] 5
[1] 10
[1] "No change for 6 iterations. Exiting PSO."
[1]  1  2  5  7  9 10 11
[1] 9
[1] "##################################"
[1] "Results summary for itr:9"
[1] "number of features selected using population mean"
[1] 7
[1] "number of features selected using current global best"
[1] 7
[1] "feat ind length"
[1] 7
[1] "best accuracy"
[1] 75.00069
[1] "test acc:1"
[1] "##################################"
[1] "learning sets: 10"
 [1] 46 10 55  6 23 41 17  9 16 48 20 42  3 13 40 63 21  4 29 27 19 32 47 39  5
[26]  2 45 14 54 35 28 36 11 38 34 51 59 18  7 49 24 61 56 30 53 50 22 26 52 37
[1] "Starting global iteration number : 10"
[1] "iteration number: "
[1] 1
[1] "Best fitness updated to:"
[1] -66.00462
[1] "Best solution:"
 [1] NA NA NA NA NA NA NA NA NA NA NA
[1] 0
[1] "iteration number: "
[1] 2
[1] "Best fitness updated to:"
[1] -66.21177
[1] "Best solution:"
 [1] 1 0 1 0 0 1 1 1 1 1 1
[1] 8
[1] "iteration number: "
[1] 3
[1] "Best fitness updated to:"
[1] -68.64632
[1] "Best solution:"
 [1] 1 0 1 1 1 0 0 0 0 1 1
[1] 6
[1] "iteration number: "
[1] 4
[1] "iteration number: "
[1] 5
[1] "Best fitness updated to:"
[1] -68.96999
[1] "Best solution:"
 [1] 0 0 1 1 1 0 0 1 0 1 1
[1] 6
[1] "iteration number: "
[1] 6
[1] "Best fitness updated to:"
[1] -73.40321
[1] "Best solution:"
 [1] 1 1 1 1 1 0 0 1 0 1 0
[1] 7
[1] "iteration number: "
[1] 7
[1] "iteration number: "
[1] 8
[1] "iteration number: "
[1] 9
[1] "iteration number: "
[1] 10
[1] "iteration number: "
[1] 11
[1] "iteration number: "
[1] 12
[1] "iteration number: "
[1] 13
[1] "iteration number: "
[1] 14
[1] "iteration number: "
[1] 15
[1] "iteration number: "
[1] 16
[1] "iteration number: "
[1] 17
[1] "RE-INITIALIZING..."
[1] 1
[1] 5
[1] 11
 [1] 3 1 4 2 2 3 2 2 1 2 3 2 1 2 2 3 2 2 3 3
[1] "iteration number: "
[1] 18
[1] "iteration number: "
[1] 19
[1] "iteration number: "
[1] 20
[1] "iteration number: "
[1] 21
[1] "iteration number: "
[1] 22
[1] "iteration number: "
[1] 23
[1] "iteration number: "
[1] 24
[1] "iteration number: "
[1] 25
[1] "iteration number: "
[1] 26
[1] "iteration number: "
[1] 27
[1] "iteration number: "
[1] 28
[1] "RE-INITIALIZING..."
[1] 2
[1] 5
[1] 11
 [1] 2 1 4 4 3 3 4 2 1 3 4 1 1 4 2 3 3 1 3 2
[1] "iteration number: "
[1] 29
[1] "iteration number: "
[1] 30
[1] "iteration number: "
[1] 31
[1] "iteration number: "
[1] 32
[1] "iteration number: "
[1] 33
[1] "iteration number: "
[1] 34
[1] "iteration number: "
[1] 35
[1] "iteration number: "
[1] 36
[1] "iteration number: "
[1] 37
[1] "iteration number: "
[1] 38
[1] "iteration number: "
[1] 39
[1] "RE-INITIALIZING..."
[1] 3
[1] 5
[1] 10
 [1] 1 3 1 2 2 2 3 2 2 2 3 3 2 1 3 3 2 2 2 1
[1] "iteration number: "
[1] 40
[1] "iteration number: "
[1] 41
[1] "iteration number: "
[1] 42
[1] "iteration number: "
[1] 43
[1] "iteration number: "
[1] 44
[1] "iteration number: "
[1] 45
[1] "iteration number: "
[1] 46
[1] "iteration number: "
[1] 47
[1] "iteration number: "
[1] 48
[1] "iteration number: "
[1] 49
[1] "iteration number: "
[1] 50
[1] "RE-INITIALIZING..."
[1] 4
[1] 5
[1] 11
 [1] 1 4 2 3 2 1 2 4 2 2 2 3 3 2 1 2 3 1 2 2
[1] "iteration number: "
[1] 51
[1] "iteration number: "
[1] 52
[1] "iteration number: "
[1] 53
[1] "iteration number: "
[1] 54
[1] "iteration number: "
[1] 55
[1] "iteration number: "
[1] 56
[1] "iteration number: "
[1] 57
[1] "iteration number: "
[1] 58
[1] "iteration number: "
[1] 59
[1] "iteration number: "
[1] 60
[1] "iteration number: "
[1] 61
[1] "RE-INITIALIZING..."
[1] 5
[1] 5
[1] 10
 [1] 1 3 1 2 2 2 3 2 2 2 3 3 2 1 3 3 2 2 2 1
[1] "iteration number: "
[1] 62
[1] "iteration number: "
[1] 63
[1] "iteration number: "
[1] 64
[1] "iteration number: "
[1] 65
[1] "iteration number: "
[1] 66
[1] "iteration number: "
[1] 67
[1] "iteration number: "
[1] 68
[1] "iteration number: "
[1] 69
[1] "iteration number: "
[1] 70
[1] "iteration number: "
[1] 71
[1] "iteration number: "
[1] 72
[1] "RE-INITIALIZING..."
[1] 6
[1] 5
[1] 10
[1] "No change for 6 iterations. Exiting PSO."
[1]  1  2  4  8  9 10 11
[1] 10
[1] "##################################"
[1] "Results summary for itr:10"
[1] "number of features selected using population mean"
[1] 7
[1] "number of features selected using current global best"
[1] 7
[1] "feat ind length"
[1] 7
[1] "best accuracy"
[1] 73.40321
[1] "test acc:1"
[1] "##################################"
[1] "testacc"
 [1] 1 1 1 1 1 1 1 1 1 1
[1] 1
   Min. 1st Qu.  Median    Mean 3rd Qu.    Max. 
      1       1       1       1       1       1 
[1] 0
      [,1] [,2] [,3] [,4] [,5] [,6] [,7] [,8] [,9] [,10]
 [1,]    1    1    0    1    1    1    1    1    1     1
 [2,]    1    1    1    1    1    1    0    1    1     1
 [3,]    0    0    0    0    0    0    1    0    0     0
 [4,]    1    0    1    1    0    1    1    0    0     1
 [5,]    0    1    0    0    1    1    1    0    1     0
 [6,]    0    0    1    0    0    0    0    0    0     0
 [7,]    1    1    1    0    1    0    1    1    1     0
 [8,]    1    1    0    1    0    0    0    1    0     1
 [9,]    1    0    1    1    0    1    0    1    1     1
[10,]    0    1    0    1    0    0    0    1    1     1
[11,]    1    1    1    1    1    1    1    1    1     1
[1] "dim of scoring matrix is "
[1] 11 10
[1] "DS index stage 2"
[1] 0.693488
[1] "KI index stage 2"
[1] -Inf
[1] 1
   Min. 1st Qu.  Median    Mean 3rd Qu.    Max. 
  1.000   5.000   6.000   5.909   8.000  10.000 
[1] "Number of features selected in 1 iterations:"
[1] 11
[1] "Number of features selected in 1 iterations:"
[1] 11
[1] 1 1 1 1
[1] 1 1 1 1
[1] "accuracy: 97.2177026125728 num_feat:11 fitness:72.9874135112724"
$fitfunc
[1] -72.98741

$cverror
[1] 97.2177

$cvpermerror
[1] 34.1798

$testacc
[1] 100

$reverseacc
[1] 100

[1] -72.98741
[1] "Number of features selected in 2 iterations:"
[1] 9
[1] 1 1 1 1
[1] 1 1 1 1
[1] "accuracy: 100 num_feat:9 fitness:77.6434155123563"
$fitfunc
[1] -77.64342

$cverror
[1] 100

$cvpermerror
[1] 30.76915

$testacc
[1] 100

$reverseacc
[1] 100

[1] -77.64342
[1] "Number of features selected in 3 iterations:"
[1] 9
[1] 1 1 1 1
[1] 1 1 1 1
[1] "accuracy: 100 num_feat:9 fitness:77.6434155123563"
$fitfunc
[1] -77.64342

$cverror
[1] 100

$cvpermerror
[1] 30.76915

$testacc
[1] 100

$reverseacc
[1] 100

[1] -77.64342
[1] "Number of features selected in 4 iterations:"
[1] 9
[1] 1 1 1 1
[1] 1 1 1 1
[1] "accuracy: 100 num_feat:9 fitness:77.6434155123563"
$fitfunc
[1] -77.64342

$cverror
[1] 100

$cvpermerror
[1] 30.76915

$testacc
[1] 100

$reverseacc
[1] 100

[1] -77.64342
[1] "Number of features selected in 5 iterations:"
[1] 9
[1] 1 1 1 1
[1] 1 1 1 1
[1] "accuracy: 100 num_feat:9 fitness:77.6434155123563"
$fitfunc
[1] -77.64342

$cverror
[1] 100

$cvpermerror
[1] 30.76915

$testacc
[1] 100

$reverseacc
[1] 100

[1] -77.64342
[1] "Number of features selected in 6 iterations:"
[1] 6
[1] 1 1 1 1
[1] 1 1 1 1
[1] "accuracy: 100 num_feat:6 fitness:75.799939736225"
$fitfunc
[1] -75.79994

$cverror
[1] 100

$cvpermerror
[1] 33.79229

$testacc
[1] 100

$reverseacc
[1] 100

[1] -75.79994
[1] "Number of features selected in 7 iterations:"
[1] 5
[1] 1.0000000 0.9565217 1.0000000 1.0000000
[1] 1.0000000 0.9565217 1.0000000 1.0000000
[1] "accuracy: 92.9764095688702 num_feat:5 fitness:69.5645326548631"
$fitfunc
[1] -69.56453

$cverror
[1] 92.97641

$cvpermerror
[1] 35.22697

$testacc
[1] 100

$reverseacc
[1] 98.91304

[1] -69.56453
[1] "Number of features selected in 8 iterations:"
[1] 3
[1] 1.0000000 0.9565217 0.5000000 1.0000000
[1] 1.0000000 0.9565217 0.5000000 1.0000000
[1] "accuracy: 67.2473080284332 num_feat:3 fitness:46.92364748636"
$fitfunc
[1] -46.92365

$cverror
[1] 67.24731

$cvpermerror
[1] 35.77377

$testacc
[1] 87.40942

$reverseacc
[1] 86.41304

[1] -46.92365
[1] "Number of features selected in 9 iterations:"
[1] 3
[1] 1.0000000 0.9565217 0.5000000 1.0000000
[1] 1.0000000 0.9565217 0.5000000 1.0000000
[1] "accuracy: 67.2473080284332 num_feat:3 fitness:46.92364748636"
$fitfunc
[1] -46.92365

$cverror
[1] 67.24731

$cvpermerror
[1] 35.77377

$testacc
[1] 87.40942

$reverseacc
[1] 86.41304

[1] -46.92365
[1] "Number of features selected in 10 iterations:"
[1] 1
[1] "accuracy: 1 num_feat:1 fitness:-100"
$fitfunc
[1] 100

$cverror
[1] 1

$cvpermerror
[1] 100

$testacc
[1] 1

$reverseacc
[1] 1

[1] 100
   Min. 1st Qu.  Median    Mean 3rd Qu.    Max. 
      1       1       1       1       1       1 
[1] "Number of features selected in 2 iterations:"
[1] 9
[1] "Modified train 10 fold accuracy using train data is "
[1] 100
[1] "Modified train accuracy is "
[1] 1
[1] "train confusion matrix is "
          trainclass
pred_train  1  2  3  4
         1  8  0  0  0
         2  0 23  0  0
         3  0  0 12  0
         4  0  0  0 20
[1] "Train dimension is "
[1] 63  9
[1] "Test dimension is "
[1] 20  9
[1] "Test confusion matrix is "
    
pred 1 2 3 4
   1 3 0 0 0
   2 0 6 0 0
   3 0 0 6 0
   4 0 0 0 5
[1] "Test acc is "
[1] 1
[1] "train 10 fold"
[1] 100
[1] "Test confusion matrix is "
    
pred 1 2 3 4
   1 3 0 0 0
   2 0 6 0 0
   3 0 0 6 0
   4 0 0 0 5
[1] "Test acc is "
[1] 1
[1] "Test AUC:"
[1] 1
[1] "Train acc is "
[1] 1
[1] "# of features after CMA:"
NULL
[1] "# of features after PSO:"
[1] 63 10
    user   system  elapsed 
  76.216    4.070 4953.034 
There were 50 or more warnings (use warnings() to see the first 50)
> 
> 
> 
> feat_ind<-psores$bestfeatlist
> feat_names<-psores$bestfeatnames
> 
> scoringmatrix<-as.data.frame(psores$scoringmatrix)
> print(scoringmatrix)
   V1 V2 V3 V4 V5 V6 V7 V8 V9 V10
1   1  1  0  1  1  1  1  1  1   1
2   1  1  1  1  1  1  0  1  1   1
3   0  0  0  0  0  0  1  0  0   0
4   1  0  1  1  0  1  1  0  0   1
5   0  1  0  0  1  1  1  0  1   0
6   0  0  1  0  0  0  0  0  0   0
7   1  1  1  0  1  0  1  1  1   0
8   1  1  0  1  0  0  0  1  0   1
9   1  0  1  1  0  1  0  1  1   1
10  0  1  0  1  0  0  0  1  1   1
11  1  1  1  1  1  1  1  1  1   1
> print(feat_names[feat_ind])
[1] "var1"    "var2"    "var246"  "var255"  "var742"  "var819"  "var842" 
[8] "var846"  "var1003"
> 
> save(psores,file="psores.Rda")
> print("Complete")
[1] "Complete"
> 
