
R version 3.2.2 (2015-08-14) -- "Fire Safety"
Copyright (C) 2015 The R Foundation for Statistical Computing
Platform: x86_64-apple-darwin13.4.0 (64-bit)

R is free software and comes with ABSOLUTELY NO WARRANTY.
You are welcome to redistribute it under certain conditions.
Type 'license()' or 'licence()' for distribution details.

  Natural language support but running in an English locale

R is a collaborative project with many contributors.
Type 'contributors()' for more information and
'citation()' on how to cite R or R packages in publications.

Type 'demo()' for some demos, 'help()' for on-line help, or
'help.start()' for an HTML browser interface to help.
Type 'q()' to quit R.

> 
> #.libPaths("/home/kuppal3/karan_libs/Rlibs")
> library(snow)
Warning message:
package ‘snow’ was built under R version 3.2.5 
> library(e1071)
Warning message:
package ‘e1071’ was built under R version 3.2.5 
> library(yaImpute)

Attaching package: ‘yaImpute’

The following object is masked from ‘package:e1071’:

    impute

> library(pROC)
Type 'citation("pROC")' for a citation.

Attaching package: ‘pROC’

The following objects are masked from ‘package:stats’:

    cov, smooth, var

Warning message:
package ‘pROC’ was built under R version 3.2.5 
> library(bioDist)
Loading required package: Biobase
Loading required package: BiocGenerics
Loading required package: parallel

Attaching package: ‘parallel’

The following objects are masked from ‘package:snow’:

    clusterApply, clusterApplyLB, clusterCall, clusterEvalQ,
    clusterExport, clusterMap, clusterSplit, makeCluster, parApply,
    parCapply, parLapply, parRapply, parSapply, splitIndices,
    stopCluster


Attaching package: ‘BiocGenerics’

The following objects are masked from ‘package:parallel’:

    clusterApply, clusterApplyLB, clusterCall, clusterEvalQ,
    clusterExport, clusterMap, parApply, parCapply, parLapply,
    parLapplyLB, parRapply, parSapply, parSapplyLB

The following objects are masked from ‘package:snow’:

    clusterApply, clusterApplyLB, clusterCall, clusterEvalQ,
    clusterExport, clusterMap, parApply, parCapply, parLapply,
    parRapply, parSapply

The following objects are masked from ‘package:stats’:

    IQR, mad, xtabs

The following objects are masked from ‘package:base’:

    anyDuplicated, append, as.data.frame, as.vector, cbind, colnames,
    do.call, duplicated, eval, evalq, Filter, Find, get, grep, grepl,
    intersect, is.unsorted, lapply, lengths, Map, mapply, match, mget,
    order, paste, pmax, pmax.int, pmin, pmin.int, Position, rank,
    rbind, Reduce, rownames, sapply, setdiff, sort, table, tapply,
    union, unique, unlist, unsplit

Welcome to Bioconductor

    Vignettes contain introductory material; view with
    'browseVignettes()'. To cite Bioconductor, see
    'citation("Biobase")', and for packages 'citation("pkgname")'.

Loading required package: KernSmooth
KernSmooth 2.23 loaded
Copyright M. P. Wand 1997-2009
> #library(CMA, lib="/home/kuppal3/karan_libs/Rlibs/")
> library(RankAggreg)
Warning message:
package ‘RankAggreg’ was built under R version 3.2.5 
> library(CMA)

Attaching package: ‘CMA’

The following object is masked from ‘package:pROC’:

    roc

The following object is masked from ‘package:e1071’:

    tune

Warning message:
package ‘CMA’ was built under R version 3.2.4 
> library(expm)
Loading required package: Matrix

Attaching package: ‘expm’

The following object is masked from ‘package:Matrix’:

    expm

Warning messages:
1: package ‘expm’ was built under R version 3.2.5 
2: package ‘Matrix’ was built under R version 3.2.5 
> 
> cl<-makeCluster(1)
> 
> 
> args<-commandArgs(trailingOnly=TRUE)
> 
> dirloc<-"/Users/karanuppal/Documents/Gatech/Projects/Algorithms/TwostagePSO/"
> #sname<-paste("/home/stu/kuppal3/Research/Feature_selection/Rcode/versionnov2014/OCFS_",args[9],".R",sep="")
> 
> sname<-paste(dirloc,"version2017/OCFS_",args[9],".R",sep="")
> source(sname)
> 
> outloc<-paste(dirloc,"/Datasets/SRBCT_Khan/OCFSvmay2415_Srbct",args[9],"/",sep="")
> 
> 
> sname<-paste(dirloc,"Datasets/SRBCT_Khan/Srbct.Rda",sep="")
> load(sname)
> 
> trainm<-Srbct$X
> testm<-Srbct$Xt
> trainclass<-Srbct$Y
> testclass<-Srbct$Yt
> 
> 
> trainm<-t(trainm)
> testm<-t(testm)
> 
> cnames<-paste("var",seq(1,dim(trainm)[2]),sep="")
> colnames(trainm)<-cnames
> colnames(testm)<-cnames
> 
> trainclass<-t(trainclass)
> testclass<-t(testclass)
> 
> trainm<-cbind(trainclass,trainm)
> testm<-cbind(testclass,testm)
> 
> trainm<-na.omit(trainm)
> testm<-na.omit(testm)
> 
> 
> 
> dir.create(outloc)
Warning message:
In dir.create(outloc) :
  '/Users/karanuppal/Documents/Gatech/Projects/Algorithms/TwostagePSO//Datasets/SRBCT_Khan/OCFSvmay2415_Srbctvmarch62018_v2' already exists
> setwd(outloc)
> 
> trainm<-as.matrix(trainm)
> testm<-as.matrix(testm)
> trainclass<-trainm[,1] #CMAres$modtrainclass
> testclass<-testm[,1] #CMAres$modtestclass
> trainm<-trainm[,-c(1)] #CMAres$modtrainmata
> testm<-testm[,-c(1)] #CMAres$modtestmata
> 
> #a: Confusions
> #b: Neighbors
> #c: Global
> #d: Death
> 
> a<-c(0.25,0.25,0.25,0.25)
> b<-c(0.3,0.1,0.4,0.1)
> c<-c(0.25,0.25,0.5,0)
> d<-c(0.9,0.1,0,0.1)
> 
> a<-c(0,0.4,0.1,0.5)
> b<-c(0.3,0.1,0.4,0.1)
> c<-c(0,0.5,0.5,0)
> d<-c(0.9,0.1,0,0)
> 
> a<-c(0,0.4,0.1,0.5)
> b<-c(0.2,0.3,0.4,0.1)
> c<-c(0,0.4,0.4,0.2)
> d<-c(0.9,0.1,0,0)
> 
> transition_matrix<-rbind(a,b,c,d)
> 
> 
> dir.create(outloc)
Warning message:
In dir.create(outloc) :
  '/Users/karanuppal/Documents/Gatech/Projects/Algorithms/TwostagePSO//Datasets/SRBCT_Khan/OCFSvmay2415_Srbctvmarch62018_v2' already exists
> setwd(outloc)
> temp2=t(trainm)
> temp2=apply(temp2, 2, function(x){which(x=="MD")})
> temp2=unlist(temp2)
> temp2=unique(temp2)
> if(length(temp2)>1)
+ {
+ 	trainm=trainm[,-c(temp2)]
+ 
+ 	rm(temp2)
+ }
> 
> boostweight=rep(0,dim(trainm)[2])
> 
> #if(FALSE)
> {
+ CMAres<-performCMA(trainm, trainclass, testm, testclass,outloc,
+ maxnum=as.numeric(args[10]),
+ minnum=3,
+ stepitr=1,
+ gsmethods=c("limma"), #"lasso","elasticnet","kruskal.test"), #"f.test", "f.test", "elasticnet", "wilcox.test", "welch.test"),
+ pct_train=0.40,
+ accuracyweight=1,
+ featweight=0.06,
+ minpresent=1,
+ kname="radial",
+ norm_method="none",
+ tolerance=0.1,
+ maxitrs=5,
+ classindex=1,
+ numfacts=0,
+ evalmethod="CV",
+ numfolds=10,
+ CVfoldthresh=0.7,
+ varselmethod=args[11],
+ scheme_val="one-vs-all",
+ iter_learn=1,boostweight=rep(0,dim(trainm)[2]))
+ 
+ 
+ CMAres<-performCMA(trainm, trainclass, testm, testclass,outloc,
+ maxnum=as.numeric(args[10]),
+ minnum=3,
+ stepitr=1,
+ gsmethods=c("lasso"), #"lasso","elasticnet","kruskal.test"), #"f.test", "f.test", "elasticnet", "wilcox.test", "welch.test"),
+ pct_train=0.40,
+ accuracyweight=1,
+ featweight=0.06,
+ minpresent=1,
+ kname="radial",
+ norm_method="none",
+ tolerance=0.1,
+ maxitrs=5,
+ classindex=1,
+ numfacts=0,
+ evalmethod="CV",
+ numfolds=10,
+ CVfoldthresh=0.7,
+ varselmethod=args[11],
+ scheme_val="one-vs-all",
+ iter_learn=1,boostweight=rep(0,dim(trainm)[2]))
+ 
+ CMAres<-performCMA(trainm, trainclass, testm, testclass,outloc,
+ maxnum=as.numeric(args[10]),
+ minnum=3,
+ stepitr=1,
+ gsmethods=c("rfe"), #"lasso","elasticnet","kruskal.test"), #"f.test", "f.test", "elasticnet", "wilcox.test", "welch.test"),
+ pct_train=0.40,
+ accuracyweight=1,
+ featweight=0.06,
+ minpresent=1,
+ kname="radial",
+ norm_method="none",
+ tolerance=0.1,
+ maxitrs=5,
+ classindex=1,
+ numfacts=0,
+ evalmethod="CV",
+ numfolds=10,
+ CVfoldthresh=0.7,
+ varselmethod=args[11],
+ scheme_val="one-vs-all",
+ iter_learn=1,boostweight=rep(0,dim(trainm)[2]))
+ 
+ CMAres<-performCMA(trainm, trainclass, testm, testclass,outloc,
+ maxnum=as.numeric(args[10]),
+ minnum=3,
+ stepitr=1,
+ gsmethods=c("elasticnet"), #"lasso","elasticnet","kruskal.test"), #"f.test", "f.test", "elasticnet", "wilcox.test", "welch.test"),
+ pct_train=0.40,
+ accuracyweight=1,
+ featweight=0.06,
+ minpresent=1,
+ kname="radial",
+ norm_method="none",
+ tolerance=0.1,
+ maxitrs=5,
+ classindex=1,
+ numfacts=0,
+ evalmethod="CV",
+ numfolds=10,
+ CVfoldthresh=0.7,
+ varselmethod=args[11],
+ scheme_val="one-vs-all",
+ iter_learn=1,boostweight=rep(0,dim(trainm)[2]))
+ 
+ if(FALSE){
+ CMAres<-performCMA(trainm, trainclass, testm, testclass,outloc,
+ maxnum=as.numeric(args[10]),
+ minnum=3,
+ stepitr=1,
+ gsmethods=c("rf"), #"lasso","elasticnet","kruskal.test"), #"f.test", "f.test", "elasticnet", "wilcox.test", "welch.test"),
+ pct_train=0.40,
+ accuracyweight=1,
+ featweight=0.06,
+ minpresent=1,
+ kname="radial",
+ norm_method="none",
+ tolerance=0.1,
+ maxitrs=5,
+ classindex=1,
+ numfacts=0,
+ evalmethod="CV",
+ numfolds=10,
+ CVfoldthresh=0.7,
+ varselmethod=args[11],
+ scheme_val="one-vs-all",
+ iter_learn=1,boostweight=rep(0,dim(trainm)[2]))
+ }
+ 
+ CMAres<-performCMA(trainm, trainclass, testm, testclass,outloc,
+ maxnum=as.numeric(args[10]),
+ minnum=3,
+ stepitr=1,
+ gsmethods=c("f.test"), #"lasso","elasticnet","kruskal.test"), #"f.test", "f.test", "elasticnet", "wilcox.test", "welch.test"),
+ pct_train=0.40,
+ accuracyweight=1,
+ featweight=0.06,
+ minpresent=1,
+ kname="radial",
+ norm_method="none",
+ tolerance=0.1,
+ maxitrs=5,
+ classindex=1,
+ numfacts=0,
+ evalmethod="CV",
+ numfolds=10,
+ CVfoldthresh=0.7,
+ varselmethod=args[11],
+ scheme_val="one-vs-all",
+ iter_learn=1,boostweight=rep(0,dim(trainm)[2]))
+ }
[1] "dim of trainm is "
[1]   63 2308
[1]   63 2308
[1] "length of factcols"
[1] 0
[1]   63 2308
[1]   20 2308
integer(0)
character(0)
NULL
[1] "ok"
[1] "maxnum is "
[1] 3
[1] "# of genes left after filtering:"
[1]   63 2308
[1] "Method name: limma"
[1]   63 2308
nci_y
 1  2  3  4 
 8 23 12 20 
learningset mode:  CV 
number of learningsets:  10 
(maximum) number of observations per learning set:  57 
[1] "one-vs-all"
GeneSelection: iteration 1 

Attaching package: ‘limma’

The following object is masked from ‘package:BiocGenerics’:

    plotMA

GeneSelection: iteration 2 
GeneSelection: iteration 3 
GeneSelection: iteration 4 
GeneSelection: iteration 5 
GeneSelection: iteration 6 
GeneSelection: iteration 7 
GeneSelection: iteration 8 
GeneSelection: iteration 9 
GeneSelection: iteration 10 
GeneSelection: iteration 1 
GeneSelection: iteration 2 
GeneSelection: iteration 3 
GeneSelection: iteration 4 
GeneSelection: iteration 5 
GeneSelection: iteration 6 
GeneSelection: iteration 7 
GeneSelection: iteration 8 
GeneSelection: iteration 9 
GeneSelection: iteration 10 
GeneSelection: iteration 1 
GeneSelection: iteration 2 
GeneSelection: iteration 3 
GeneSelection: iteration 4 
GeneSelection: iteration 5 
GeneSelection: iteration 6 
GeneSelection: iteration 7 
GeneSelection: iteration 8 
GeneSelection: iteration 9 
GeneSelection: iteration 10 
GeneSelection: iteration 1 
GeneSelection: iteration 2 
GeneSelection: iteration 3 
GeneSelection: iteration 4 
GeneSelection: iteration 5 
GeneSelection: iteration 6 
GeneSelection: iteration 7 
GeneSelection: iteration 8 
GeneSelection: iteration 9 
GeneSelection: iteration 10 
[1] 23
[1] "varselmethod"
[1] "forward"
[1] 23
[1] "limma:3:107.896687849028"
[1] "limma:3:107.896687849028"
[1] "limma:4:133.315954169074"
[1] "limma:4:133.315954169074"
[1] "limma:5:140.818553822453"
[1] "limma:5:140.818553822453"
[1] "limma:6:147.348931253611"
[1] "limma:6:147.348931253611"
[1] "limma:7:146.10153090699"
[1] "limma:6:147.348931253611"
[1] "limma:8:150.687463893703"
[1] "limma:8:150.687463893703"
[1] "limma:9:151.940063547083"
[1] "limma:9:151.940063547083"
[1] "limma:10:149.442663200462"
[1] "limma:9:151.940063547083"
[1] "limma:11:150.695262853842"
[1] "limma:9:151.940063547083"
[1] "limma:12:151.947862507221"
[1] "limma:9:151.940063547083"
[1] "limma:13:145.700462160601"
[1] "limma:9:151.940063547083"
[1] "limma:14:148.341950702869"
[1] "limma:9:151.940063547083"
[1] "limma:15:149.45566146736"
[1] "Method: limma"
[1] 9
[1] "dim of scoring matrix is "
[1] 2308    1
    Min.  1st Qu.   Median     Mean  3rd Qu.     Max. 
0.000000 0.000000 0.000000 0.003899 0.000000 1.000000 
[1] 9
[1] 2308
[1] "DS index stage 1"
[1] NA
[1] "bestgenelist"
[1]    1  246  255  842 1003 1389 1427 1954 1955
            var1    var246    var255   var842   var1003    var1389    var1427
[1,]  0.77334370 1.6047470 -1.514582 1.553629 -3.231455  1.1830760 -1.1248540
[2,] -0.07817778 0.7924947 -1.701005 1.732505 -2.294617  0.5451111  0.2765706
[3,] -0.08446916 1.5527410 -1.256319 1.454747 -2.154165 -0.7044104  0.1036390
       var1954    var1955
[1,] 0.3828786 -1.0604500
[2,] 1.0915880 -1.1135230
[3,] 0.9684277 -0.8947739
          var1     var246    var255     var842   var1003   var1389    var1427
[1,] 0.1395010 -2.5010360  1.165710 -0.3690368 -1.988505 -2.189256  0.1800690
[2,] 1.1642752 -0.5151684 -0.592759  0.7715886 -2.928074 -0.638091  0.1127928
[3,] 0.8410929 -1.9330926 -1.027222  0.9271515  1.000558 -1.346689 -0.3768777
        var1954    var1955
[1,] -1.3862944 -1.7915595
[2,]  0.4342469 -1.1867880
[3,] -0.4942963  0.8235173
[1] "numgenes selected:9"
[1] "test acc:0.95"
[1] "test AUC acc:0.958333333333333"
[1] "10 fold train100"
[1] "confusion matrix train 10 fold"
          nci_y
pred10fold  1  2  3  4
         1  8  0  0  0
         2  0 23  0  0
         3  0  0 12  0
         4  0  0  0 20
[1] "confusion matrix test"
         test_y
pred_test 1 2 3 4
        1 3 0 0 0
        2 0 5 0 0
        3 0 0 6 0
        4 0 1 0 5
[1] "train acc:1"
[1] "confusion matrix train"
          nci_y
pred_train  1  2  3  4
         1  8  0  0  0
         2  0 23  0  0
         3  0  0 12  0
         4  0  0  0 20
[1] "DS index stage 1"
[1] NA
[1] "KI index stage 1"
[1] NA
[1] "dim of trainm is "
[1]   63 2308
[1]   63 2308
[1] "length of factcols"
[1] 0
[1]   63 2308
[1]   20 2308
integer(0)
character(0)
NULL
[1] "ok"
[1] "maxnum is "
[1] 3
[1] "# of genes left after filtering:"
[1]   63 2308
[1] "Method name: lasso"
[1]   63 2308
nci_y
 1  2  3  4 
 8 23 12 20 
learningset mode:  CV 
number of learningsets:  10 
(maximum) number of observations per learning set:  57 
[1] "one-vs-all"
GeneSelection: iteration 1 
Loaded glmnet 2.0-10


Attaching package: ‘glmnet’

The following object is masked from ‘package:pROC’:

    auc

GeneSelection: iteration 2 
GeneSelection: iteration 3 
GeneSelection: iteration 4 
GeneSelection: iteration 5 
GeneSelection: iteration 6 
GeneSelection: iteration 7 
GeneSelection: iteration 8 
GeneSelection: iteration 9 
GeneSelection: iteration 10 
GeneSelection: iteration 1 
GeneSelection: iteration 2 
GeneSelection: iteration 3 
GeneSelection: iteration 4 
GeneSelection: iteration 5 
GeneSelection: iteration 6 
GeneSelection: iteration 7 
GeneSelection: iteration 8 
GeneSelection: iteration 9 
GeneSelection: iteration 10 
GeneSelection: iteration 1 
GeneSelection: iteration 2 
GeneSelection: iteration 3 
GeneSelection: iteration 4 
GeneSelection: iteration 5 
GeneSelection: iteration 6 
GeneSelection: iteration 7 
GeneSelection: iteration 8 
GeneSelection: iteration 9 
GeneSelection: iteration 10 
GeneSelection: iteration 1 
GeneSelection: iteration 2 
GeneSelection: iteration 3 
GeneSelection: iteration 4 
GeneSelection: iteration 5 
GeneSelection: iteration 6 
GeneSelection: iteration 7 
GeneSelection: iteration 8 
GeneSelection: iteration 9 
GeneSelection: iteration 10 
genelist
 246  255  842 1003 1954 1955 1427    1 1764  836 1389 2050  248 2046  129  509 
  10   10   10   10   10   10    8    7    7    5    5    4    3    3    2    2 
 589  742 2198  695  851  910 1319 1387 2022 
   2    2    2    1    1    1    1    1    1 
[1] 25
[1] "varselmethod"
[1] "forward"
[1] 25
[1] "lasso:3:107.896687849028"
[1] "lasso:3:107.896687849028"
[1] "lasso:4:133.315954169074"
[1] "lasso:4:133.315954169074"
[1] "lasso:5:135.818553822453"
[1] "lasso:5:135.818553822453"
[1] "lasso:6:145.265597920277"
[1] "lasso:6:145.265597920277"
[1] "lasso:7:146.240419795879"
[1] "lasso:7:146.240419795879"
[1] "lasso:8:144.993019449259"
[1] "lasso:7:146.240419795879"
[1] "lasso:9:144.995619102638"
[1] "lasso:7:146.240419795879"
[1] "lasso:10:149.581552089351"
[1] "lasso:10:149.581552089351"
[1] "lasso:11:153.195262853842"
[1] "lasso:11:153.195262853842"
[1] "lasso:12:148.33675139611"
[1] "lasso:11:153.195262853842"
[1] "lasso:13:154.450462160601"
[1] "lasso:13:154.450462160601"
[1] "lasso:14:154.45306181398"
[1] "lasso:13:154.450462160601"
[1] "lasso:15:149.45566146736"
[1] "lasso:13:154.450462160601"
[1] "lasso:16:149.597150009628"
[1] "lasso:13:154.450462160601"
[1] "lasso:17:151.960860774119"
[1] "lasso:13:154.450462160601"
[1] "lasso:18:151.963460427499"
[1] "lasso:13:154.450462160601"
[1] "lasso:19:149.604948969767"
[1] "Method: lasso"
[1] 13
[1] "dim of scoring matrix is "
[1] 2308    1
    Min.  1st Qu.   Median     Mean  3rd Qu.     Max. 
0.000000 0.000000 0.000000 0.005633 0.000000 1.000000 
[1] 13
[1] 2308
[1] "DS index stage 1"
[1] NA
[1] "bestgenelist"
 [1]    1  246  248  255  836  842 1003 1389 1427 1764 1954 1955 2050
            var1    var246    var248    var255     var836   var842   var1003
[1,]  0.77334370 1.6047470 0.5256157 -1.514582 -1.8695050 1.553629 -3.231455
[2,] -0.07817778 0.7924947 0.8172657 -1.701005 -0.4274040 1.732505 -2.294617
[3,] -0.08446916 1.5527410 0.2816388 -1.256319 -0.5600159 1.454747 -2.154165
        var1389    var1427    var1764   var1954    var1955   var2050
[1,]  1.1830760 -1.1248540 -1.4184040 0.3828786 -1.0604500 -4.635629
[2,]  0.5451111  0.2765706 -1.6049480 1.0915880 -1.1135230 -1.356736
[3,] -0.7044104  0.1036390 -0.4869463 0.9684277 -0.8947739 -2.922482
          var1     var246     var248    var255    var836     var842   var1003
[1,] 0.1395010 -2.5010360 -1.1917149  1.165710 -2.657832 -0.3690368 -1.988505
[2,] 1.1642752 -0.5151684 -1.6591535 -0.592759 -2.926206  0.7715886 -2.928074
[3,] 0.8410929 -1.9330926 -0.1529181 -1.027222 -2.064356  0.9271515  1.000558
       var1389    var1427    var1764    var1954    var1955     var2050
[1,] -2.189256  0.1800690 -0.8259931 -1.3862944 -1.7915595  0.58053824
[2,] -0.638091  0.1127928 -1.8183088  0.4342469 -1.1867880 -2.61729584
[3,] -1.346689 -0.3768777 -1.5287800 -0.4942963  0.8235173  0.08571887
[1] "numgenes selected:13"
[1] "test acc:0.95"
[1] "test AUC acc:0.958333333333333"
[1] "10 fold train100"
[1] "confusion matrix train 10 fold"
          nci_y
pred10fold  1  2  3  4
         1  8  0  0  0
         2  0 23  0  0
         3  0  0 12  0
         4  0  0  0 20
[1] "confusion matrix test"
         test_y
pred_test 1 2 3 4
        1 3 0 0 0
        2 0 5 0 0
        3 0 0 6 0
        4 0 1 0 5
[1] "train acc:1"
[1] "confusion matrix train"
          nci_y
pred_train  1  2  3  4
         1  8  0  0  0
         2  0 23  0  0
         3  0  0 12  0
         4  0  0  0 20
[1] "DS index stage 1"
[1] NA
[1] "KI index stage 1"
[1] NA
[1] "dim of trainm is "
[1]   63 2308
[1]   63 2308
[1] "length of factcols"
[1] 0
[1]   63 2308
[1]   20 2308
integer(0)
character(0)
NULL
[1] "ok"
[1] "maxnum is "
[1] 3
[1] "# of genes left after filtering:"
[1]   63 2308
[1] "Method name: rfe"
[1]   63 2308
nci_y
 1  2  3  4 
 8 23 12 20 
learningset mode:  CV 
number of learningsets:  10 
(maximum) number of observations per learning set:  57 
[1] "one-vs-all"
GeneSelection: iteration 1 
GeneSelection: iteration 2 
GeneSelection: iteration 3 
GeneSelection: iteration 4 
GeneSelection: iteration 5 
GeneSelection: iteration 6 
GeneSelection: iteration 7 
GeneSelection: iteration 8 
GeneSelection: iteration 9 
GeneSelection: iteration 10 
GeneSelection: iteration 1 
GeneSelection: iteration 2 
GeneSelection: iteration 3 
GeneSelection: iteration 4 
GeneSelection: iteration 5 
GeneSelection: iteration 6 
GeneSelection: iteration 7 
GeneSelection: iteration 8 
GeneSelection: iteration 9 
GeneSelection: iteration 10 
GeneSelection: iteration 1 
GeneSelection: iteration 2 
GeneSelection: iteration 3 
GeneSelection: iteration 4 
GeneSelection: iteration 5 
GeneSelection: iteration 6 
GeneSelection: iteration 7 
GeneSelection: iteration 8 
GeneSelection: iteration 9 
GeneSelection: iteration 10 
GeneSelection: iteration 1 
GeneSelection: iteration 2 
GeneSelection: iteration 3 
GeneSelection: iteration 4 
GeneSelection: iteration 5 
GeneSelection: iteration 6 
GeneSelection: iteration 7 
GeneSelection: iteration 8 
GeneSelection: iteration 9 
GeneSelection: iteration 10 
[1] 21
[1] "varselmethod"
[1] "forward"
[1] 21
[1] "rfe:3:112.132798960139"
[1] "rfe:3:112.132798960139"
[1] "rfe:4:134.010398613518"
[1] "rfe:4:134.010398613518"
[1] "rfe:5:131.23522048912"
[1] "rfe:4:134.010398613518"
[1] "rfe:6:135.265597920277"
[1] "rfe:6:135.265597920277"
[1] "rfe:7:143.740419795879"
[1] "rfe:7:143.740419795879"
[1] "rfe:8:144.506908338147"
[1] "rfe:8:144.506908338147"
[1] "rfe:9:149.509507991527"
[1] "rfe:9:149.509507991527"
[1] "rfe:10:158.887107644907"
[1] "rfe:10:158.887107644907"
[1] "rfe:11:157.639707298286"
[1] "rfe:10:158.887107644907"
[1] "rfe:12:160.142306951666"
[1] "rfe:12:160.142306951666"
[1] "rfe:13:161.811573271712"
[1] "rfe:13:161.811573271712"
[1] "rfe:14:160.147506258425"
[1] "rfe:13:161.811573271712"
[1] "rfe:15:160.775105911804"
[1] "rfe:13:161.811573271712"
[1] "rfe:16:160.916594454073"
[1] "rfe:13:161.811573271712"
[1] "rfe:17:160.919194107452"
[1] "rfe:13:161.811573271712"
[1] "rfe:18:159.671793760832"
[1] "rfe:13:161.811573271712"
[1] "rfe:19:159.049393414211"
[1] "Method: rfe"
[1] 13
[1] "dim of scoring matrix is "
[1] 2308    1
    Min.  1st Qu.   Median     Mean  3rd Qu.     Max. 
0.000000 0.000000 0.000000 0.005633 0.000000 1.000000 
[1] 13
[1] 2308
[1] "DS index stage 1"
[1] NA
[1] "bestgenelist"
 [1]  107  187  246  509  819  851 1594 1601 1750 1915 1955 2046 2050
         var107    var187    var246    var509    var819     var851   var1594
[1,] -2.6118310 -3.426515 1.6047470 -1.844528 -2.108664 -0.1328459 -2.520741
[2,]  0.8554786 -2.361274 0.7924947 -1.699363 -3.272804  0.2616717 -1.227241
[3,] -0.3792127 -2.259526 1.5527410 -1.478848 -2.767800  1.3272610 -1.213686
        var1601  var1750    var1915    var1955   var2046   var2050
[1,]  0.0875529 1.354571 -2.0234390 -1.0604500 -2.051826 -4.635629
[2,] -0.7918632 1.736370 -2.2926350 -1.1135230 -3.007805 -1.356736
[3,]  0.7540541 1.645789 -0.7663632 -0.8947739 -2.972016 -2.922482
         var107     var187     var246    var509    var819     var851    var1594
[1,] -1.7344344 -0.8549605 -2.5010360 -1.367276 -1.657054  0.4353475  0.4095899
[2,] -1.8559780 -2.8949824 -0.5151684 -2.365525 -2.199126 -1.6124424 -2.2985931
[3,]  0.8299918  2.9578798 -1.9330926  2.815109 -1.017493 -0.5922165 -0.6907501
        var1601   var1750   var1915    var1955     var2046     var2050
[1,]  1.8007192 1.3047860 -2.332014 -1.7915595  0.05600219  0.58053824
[2,] -0.9545119 2.3969585 -2.160218 -1.1867880 -2.95651156 -2.61729584
[3,]  0.1650058 0.5802584 -1.562554  0.8235173  1.32433917  0.08571887
[1] "numgenes selected:13"
[1] "test acc:1"
[1] "test AUC acc:1"
[1] "10 fold train100"
[1] "confusion matrix train 10 fold"
          nci_y
pred10fold  1  2  3  4
         1  8  0  0  0
         2  0 23  0  0
         3  0  0 12  0
         4  0  0  0 20
[1] "confusion matrix test"
         test_y
pred_test 1 2 3 4
        1 3 0 0 0
        2 0 6 0 0
        3 0 0 6 0
        4 0 0 0 5
[1] "train acc:1"
[1] "confusion matrix train"
          nci_y
pred_train  1  2  3  4
         1  8  0  0  0
         2  0 23  0  0
         3  0  0 12  0
         4  0  0  0 20
[1] "DS index stage 1"
[1] NA
[1] "KI index stage 1"
[1] NA
[1] "dim of trainm is "
[1]   63 2308
[1]   63 2308
[1] "length of factcols"
[1] 0
[1]   63 2308
[1]   20 2308
integer(0)
character(0)
NULL
[1] "ok"
[1] "maxnum is "
[1] 3
[1] "# of genes left after filtering:"
[1]   63 2308
[1] "Method name: elasticnet"
[1]   63 2308
nci_y
 1  2  3  4 
 8 23 12 20 
learningset mode:  CV 
number of learningsets:  10 
(maximum) number of observations per learning set:  57 
[1] "one-vs-all"
GeneSelection: iteration 1 
GeneSelection: iteration 2 
GeneSelection: iteration 3 
GeneSelection: iteration 4 
GeneSelection: iteration 5 
GeneSelection: iteration 6 
GeneSelection: iteration 7 
GeneSelection: iteration 8 
GeneSelection: iteration 9 
GeneSelection: iteration 10 
GeneSelection: iteration 1 
GeneSelection: iteration 2 
GeneSelection: iteration 3 
GeneSelection: iteration 4 
GeneSelection: iteration 5 
GeneSelection: iteration 6 
GeneSelection: iteration 7 
GeneSelection: iteration 8 
GeneSelection: iteration 9 
GeneSelection: iteration 10 
GeneSelection: iteration 1 
GeneSelection: iteration 2 
GeneSelection: iteration 3 
GeneSelection: iteration 4 
GeneSelection: iteration 5 
GeneSelection: iteration 6 
GeneSelection: iteration 7 
GeneSelection: iteration 8 
GeneSelection: iteration 9 
GeneSelection: iteration 10 
GeneSelection: iteration 1 
GeneSelection: iteration 2 
GeneSelection: iteration 3 
GeneSelection: iteration 4 
GeneSelection: iteration 5 
GeneSelection: iteration 6 
GeneSelection: iteration 7 
GeneSelection: iteration 8 
GeneSelection: iteration 9 
GeneSelection: iteration 10 
[1] 23
[1] "varselmethod"
[1] "forward"
[1] 23
[1] "elasticnet:3:117.757798960139"
[1] "elasticnet:3:117.757798960139"
[1] "elasticnet:4:129.288176391296"
[1] "elasticnet:4:129.288176391296"
[1] "elasticnet:5:133.874109378009"
[1] "elasticnet:5:133.874109378009"
[1] "elasticnet:6:146.098931253611"
[1] "elasticnet:6:146.098931253611"
[1] "elasticnet:7:146.10153090699"
[1] "elasticnet:6:146.098931253611"
[1] "elasticnet:8:144.993019449259"
[1] "elasticnet:6:146.098931253611"
[1] "elasticnet:9:151.940063547083"
[1] "elasticnet:9:151.940063547083"
[1] "elasticnet:10:153.192663200462"
[1] "elasticnet:10:153.192663200462"
[1] "elasticnet:11:153.195262853842"
[1] "elasticnet:10:153.192663200462"
[1] "elasticnet:12:148.33675139611"
[1] "elasticnet:10:153.192663200462"
[1] "elasticnet:13:154.450462160601"
[1] "elasticnet:13:154.450462160601"
[1] "elasticnet:14:153.20306181398"
[1] "elasticnet:13:154.450462160601"
[1] "elasticnet:15:154.45566146736"
[1] "elasticnet:13:154.450462160601"
[1] "elasticnet:16:154.458261120739"
[1] "elasticnet:13:154.450462160601"
[1] "elasticnet:17:154.460860774119"
[1] "elasticnet:13:154.450462160601"
[1] "elasticnet:18:154.463460427499"
[1] "elasticnet:13:154.450462160601"
[1] "elasticnet:19:149.604948969767"
[1] "Method: elasticnet"
[1] 13
[1] "dim of scoring matrix is "
[1] 2308    1
    Min.  1st Qu.   Median     Mean  3rd Qu.     Max. 
0.000000 0.000000 0.000000 0.005633 0.000000 1.000000 
[1] 13
[1] 2308
[1] "DS index stage 1"
[1] NA
[1] "bestgenelist"
 [1]    1  246  248  255  836  842 1003 1389 1427 1764 1954 1955 2050
            var1    var246    var248    var255     var836   var842   var1003
[1,]  0.77334370 1.6047470 0.5256157 -1.514582 -1.8695050 1.553629 -3.231455
[2,] -0.07817778 0.7924947 0.8172657 -1.701005 -0.4274040 1.732505 -2.294617
[3,] -0.08446916 1.5527410 0.2816388 -1.256319 -0.5600159 1.454747 -2.154165
        var1389    var1427    var1764   var1954    var1955   var2050
[1,]  1.1830760 -1.1248540 -1.4184040 0.3828786 -1.0604500 -4.635629
[2,]  0.5451111  0.2765706 -1.6049480 1.0915880 -1.1135230 -1.356736
[3,] -0.7044104  0.1036390 -0.4869463 0.9684277 -0.8947739 -2.922482
          var1     var246     var248    var255    var836     var842   var1003
[1,] 0.1395010 -2.5010360 -1.1917149  1.165710 -2.657832 -0.3690368 -1.988505
[2,] 1.1642752 -0.5151684 -1.6591535 -0.592759 -2.926206  0.7715886 -2.928074
[3,] 0.8410929 -1.9330926 -0.1529181 -1.027222 -2.064356  0.9271515  1.000558
       var1389    var1427    var1764    var1954    var1955     var2050
[1,] -2.189256  0.1800690 -0.8259931 -1.3862944 -1.7915595  0.58053824
[2,] -0.638091  0.1127928 -1.8183088  0.4342469 -1.1867880 -2.61729584
[3,] -1.346689 -0.3768777 -1.5287800 -0.4942963  0.8235173  0.08571887
[1] "numgenes selected:13"
[1] "test acc:0.95"
[1] "test AUC acc:0.958333333333333"
[1] "10 fold train100"
[1] "confusion matrix train 10 fold"
          nci_y
pred10fold  1  2  3  4
         1  8  0  0  0
         2  0 23  0  0
         3  0  0 12  0
         4  0  0  0 20
[1] "confusion matrix test"
         test_y
pred_test 1 2 3 4
        1 3 0 0 0
        2 0 5 0 0
        3 0 0 6 0
        4 0 1 0 5
[1] "train acc:1"
[1] "confusion matrix train"
          nci_y
pred_train  1  2  3  4
         1  8  0  0  0
         2  0 23  0  0
         3  0  0 12  0
         4  0  0  0 20
[1] "DS index stage 1"
[1] NA
[1] "KI index stage 1"
[1] NA
[1] "dim of trainm is "
[1]   63 2308
[1]   63 2308
[1] "length of factcols"
[1] 0
[1]   63 2308
[1]   20 2308
integer(0)
character(0)
NULL
[1] "ok"
[1] "maxnum is "
[1] 3
[1] "# of genes left after filtering:"
[1]   63 2308
[1] "Method name: f.test"
[1]   63 2308
nci_y
 1  2  3  4 
 8 23 12 20 
learningset mode:  CV 
number of learningsets:  10 
(maximum) number of observations per learning set:  57 
[1] "one-vs-all"
GeneSelection: iteration 1 
GeneSelection: iteration 2 
GeneSelection: iteration 3 
GeneSelection: iteration 4 
GeneSelection: iteration 5 
GeneSelection: iteration 6 
GeneSelection: iteration 7 
GeneSelection: iteration 8 
GeneSelection: iteration 9 
GeneSelection: iteration 10 
GeneSelection: iteration 1 
GeneSelection: iteration 2 
GeneSelection: iteration 3 
GeneSelection: iteration 4 
GeneSelection: iteration 5 
GeneSelection: iteration 6 
GeneSelection: iteration 7 
GeneSelection: iteration 8 
GeneSelection: iteration 9 
GeneSelection: iteration 10 
GeneSelection: iteration 1 
GeneSelection: iteration 2 
GeneSelection: iteration 3 
GeneSelection: iteration 4 
GeneSelection: iteration 5 
GeneSelection: iteration 6 
GeneSelection: iteration 7 
GeneSelection: iteration 8 
GeneSelection: iteration 9 
GeneSelection: iteration 10 
GeneSelection: iteration 1 
GeneSelection: iteration 2 
GeneSelection: iteration 3 
GeneSelection: iteration 4 
GeneSelection: iteration 5 
GeneSelection: iteration 6 
GeneSelection: iteration 7 
GeneSelection: iteration 8 
GeneSelection: iteration 9 
GeneSelection: iteration 10 
[1] 26
[1] "varselmethod"
[1] "forward"
[1] 26
[1] "f.test:3:107.896687849028"
[1] "f.test:3:107.896687849028"
[1] "f.test:4:133.315954169074"
[1] "f.test:4:133.315954169074"
[1] "f.test:5:135.818553822453"
[1] "f.test:5:135.818553822453"
[1] "f.test:6:145.265597920277"
[1] "f.test:6:145.265597920277"
[1] "f.test:7:146.10153090699"
[1] "f.test:7:146.10153090699"
[1] "f.test:8:144.993019449259"
[1] "f.test:7:146.10153090699"
[1] "f.test:9:151.940063547083"
[1] "f.test:9:151.940063547083"
[1] "f.test:10:149.442663200462"
[1] "f.test:9:151.940063547083"
[1] "f.test:11:149.445262853842"
[1] "f.test:9:151.940063547083"
[1] "f.test:12:151.947862507221"
[1] "f.test:9:151.940063547083"
[1] "f.test:13:145.700462160601"
[1] "f.test:9:151.940063547083"
[1] "f.test:14:148.20306181398"
[1] "f.test:9:151.940063547083"
[1] "f.test:15:150.70566146736"
[1] "Method: f.test"
[1] 9
[1] "dim of scoring matrix is "
[1] 2308    1
    Min.  1st Qu.   Median     Mean  3rd Qu.     Max. 
0.000000 0.000000 0.000000 0.003899 0.000000 1.000000 
[1] 9
[1] 2308
[1] "DS index stage 1"
[1] NA
[1] "bestgenelist"
[1]    1  246  255  842 1003 1389 1427 1954 1955
            var1    var246    var255   var842   var1003    var1389    var1427
[1,]  0.77334370 1.6047470 -1.514582 1.553629 -3.231455  1.1830760 -1.1248540
[2,] -0.07817778 0.7924947 -1.701005 1.732505 -2.294617  0.5451111  0.2765706
[3,] -0.08446916 1.5527410 -1.256319 1.454747 -2.154165 -0.7044104  0.1036390
       var1954    var1955
[1,] 0.3828786 -1.0604500
[2,] 1.0915880 -1.1135230
[3,] 0.9684277 -0.8947739
          var1     var246    var255     var842   var1003   var1389    var1427
[1,] 0.1395010 -2.5010360  1.165710 -0.3690368 -1.988505 -2.189256  0.1800690
[2,] 1.1642752 -0.5151684 -0.592759  0.7715886 -2.928074 -0.638091  0.1127928
[3,] 0.8410929 -1.9330926 -1.027222  0.9271515  1.000558 -1.346689 -0.3768777
        var1954    var1955
[1,] -1.3862944 -1.7915595
[2,]  0.4342469 -1.1867880
[3,] -0.4942963  0.8235173
[1] "numgenes selected:9"
[1] "test acc:0.95"
[1] "test AUC acc:0.958333333333333"
[1] "10 fold train100"
[1] "confusion matrix train 10 fold"
          nci_y
pred10fold  1  2  3  4
         1  8  0  0  0
         2  0 23  0  0
         3  0  0 12  0
         4  0  0  0 20
[1] "confusion matrix test"
         test_y
pred_test 1 2 3 4
        1 3 0 0 0
        2 0 5 0 0
        3 0 0 6 0
        4 0 1 0 5
[1] "train acc:1"
[1] "confusion matrix train"
          nci_y
pred_train  1  2  3  4
         1  8  0  0  0
         2  0 23  0  0
         3  0  0 12  0
         4  0  0  0 20
[1] "DS index stage 1"
[1] NA
[1] "KI index stage 1"
[1] NA
There were 50 or more warnings (use warnings() to see the first 50)
> #1
> CMAres<-performCMA(trainm, trainclass, testm, testclass,outloc,
+ maxnum=as.numeric(args[10]),
+ minnum=3,
+ stepitr=1,
+ gsmethods=c("limma","lasso","rfe","elasticnet", "f.test"), #"lasso","elasticnet","kruskal.test"), #"f.test", "f.test", "elasticnet", "wilcox.test", "welch.test"),
+ pct_train=0.40,
+ accuracyweight=1,
+ featweight=0.06,
+ minpresent=1,
+ kname="radial",
+ norm_method="none",
+ tolerance=0.1,
+ maxitrs=5,
+ classindex=1,
+ numfacts=0,
+ evalmethod="CV",
+ numfolds=10,
+ CVfoldthresh=0.7,
+ varselmethod=args[11],
+ scheme_val="one-vs-all",
+ iter_learn=1,boostweight=rep(0,dim(trainm)[2]))
[1] "dim of trainm is "
[1]   63 2308
[1]   63 2308
[1] "length of factcols"
[1] 0
[1]   63 2308
[1]   20 2308
integer(0)
character(0)
NULL
[1] "ok"
[1] "maxnum is "
[1] 3
[1] "# of genes left after filtering:"
[1]   63 2308
[1] "Method name: limma"
[1]   63 2308
nci_y
 1  2  3  4 
 8 23 12 20 
learningset mode:  CV 
number of learningsets:  10 
(maximum) number of observations per learning set:  57 
[1] "one-vs-all"
GeneSelection: iteration 1 
GeneSelection: iteration 2 
GeneSelection: iteration 3 
GeneSelection: iteration 4 
GeneSelection: iteration 5 
GeneSelection: iteration 6 
GeneSelection: iteration 7 
GeneSelection: iteration 8 
GeneSelection: iteration 9 
GeneSelection: iteration 10 
GeneSelection: iteration 1 
GeneSelection: iteration 2 
GeneSelection: iteration 3 
GeneSelection: iteration 4 
GeneSelection: iteration 5 
GeneSelection: iteration 6 
GeneSelection: iteration 7 
GeneSelection: iteration 8 
GeneSelection: iteration 9 
GeneSelection: iteration 10 
GeneSelection: iteration 1 
GeneSelection: iteration 2 
GeneSelection: iteration 3 
GeneSelection: iteration 4 
GeneSelection: iteration 5 
GeneSelection: iteration 6 
GeneSelection: iteration 7 
GeneSelection: iteration 8 
GeneSelection: iteration 9 
GeneSelection: iteration 10 
GeneSelection: iteration 1 
GeneSelection: iteration 2 
GeneSelection: iteration 3 
GeneSelection: iteration 4 
GeneSelection: iteration 5 
GeneSelection: iteration 6 
GeneSelection: iteration 7 
GeneSelection: iteration 8 
GeneSelection: iteration 9 
GeneSelection: iteration 10 
[1] 23
[1] "varselmethod"
[1] "forward"
[1] 23
[1] "limma:3:107.896687849028"
[1] "limma:3:107.896687849028"
[1] "limma:4:133.315954169074"
[1] "limma:4:133.315954169074"
[1] "limma:5:140.818553822453"
[1] "limma:5:140.818553822453"
[1] "limma:6:147.348931253611"
[1] "limma:6:147.348931253611"
[1] "limma:7:146.10153090699"
[1] "limma:6:147.348931253611"
[1] "limma:8:150.687463893703"
[1] "limma:8:150.687463893703"
[1] "limma:9:151.940063547083"
[1] "limma:9:151.940063547083"
[1] "limma:10:149.442663200462"
[1] "limma:9:151.940063547083"
[1] "limma:11:150.695262853842"
[1] "limma:9:151.940063547083"
[1] "limma:12:151.947862507221"
[1] "limma:9:151.940063547083"
[1] "limma:13:145.700462160601"
[1] "limma:9:151.940063547083"
[1] "limma:14:148.341950702869"
[1] "limma:9:151.940063547083"
[1] "limma:15:149.45566146736"
[1] "Method: limma"
[1] 9
[1] "Method name: lasso"
[1]   63 2308
nci_y
 1  2  3  4 
 8 23 12 20 
learningset mode:  CV 
number of learningsets:  10 
(maximum) number of observations per learning set:  57 
[1] "one-vs-all"
GeneSelection: iteration 1 
GeneSelection: iteration 2 
GeneSelection: iteration 3 
GeneSelection: iteration 4 
GeneSelection: iteration 5 
GeneSelection: iteration 6 
GeneSelection: iteration 7 
GeneSelection: iteration 8 
GeneSelection: iteration 9 
GeneSelection: iteration 10 
GeneSelection: iteration 1 
GeneSelection: iteration 2 
GeneSelection: iteration 3 
GeneSelection: iteration 4 
GeneSelection: iteration 5 
GeneSelection: iteration 6 
GeneSelection: iteration 7 
GeneSelection: iteration 8 
GeneSelection: iteration 9 
GeneSelection: iteration 10 
GeneSelection: iteration 1 
GeneSelection: iteration 2 
GeneSelection: iteration 3 
GeneSelection: iteration 4 
GeneSelection: iteration 5 
GeneSelection: iteration 6 
GeneSelection: iteration 7 
GeneSelection: iteration 8 
GeneSelection: iteration 9 
GeneSelection: iteration 10 
GeneSelection: iteration 1 
GeneSelection: iteration 2 
GeneSelection: iteration 3 
GeneSelection: iteration 4 
GeneSelection: iteration 5 
GeneSelection: iteration 6 
GeneSelection: iteration 7 
GeneSelection: iteration 8 
GeneSelection: iteration 9 
GeneSelection: iteration 10 
genelist
 246  255  842 1003 1954 1955 1427    1 1764  836 1389 2050  248 2046  129  509 
  10   10   10   10   10   10    8    7    7    5    5    4    3    3    2    2 
 589  742 2198  695  851  910 1319 1387 2022 
   2    2    2    1    1    1    1    1    1 
[1] 25
[1] "varselmethod"
[1] "forward"
[1] 25
[1] "lasso:3:107.896687849028"
[1] "lasso:3:107.896687849028"
[1] "lasso:4:133.315954169074"
[1] "lasso:4:133.315954169074"
[1] "lasso:5:135.818553822453"
[1] "lasso:5:135.818553822453"
[1] "lasso:6:145.265597920277"
[1] "lasso:6:145.265597920277"
[1] "lasso:7:146.240419795879"
[1] "lasso:7:146.240419795879"
[1] "lasso:8:144.993019449259"
[1] "lasso:7:146.240419795879"
[1] "lasso:9:144.995619102638"
[1] "lasso:7:146.240419795879"
[1] "lasso:10:149.581552089351"
[1] "lasso:10:149.581552089351"
[1] "lasso:11:153.195262853842"
[1] "lasso:11:153.195262853842"
[1] "lasso:12:148.33675139611"
[1] "lasso:11:153.195262853842"
[1] "lasso:13:154.450462160601"
[1] "lasso:13:154.450462160601"
[1] "lasso:14:154.45306181398"
[1] "lasso:13:154.450462160601"
[1] "lasso:15:149.45566146736"
[1] "lasso:13:154.450462160601"
[1] "lasso:16:149.597150009628"
[1] "lasso:13:154.450462160601"
[1] "lasso:17:151.960860774119"
[1] "lasso:13:154.450462160601"
[1] "lasso:18:151.963460427499"
[1] "lasso:13:154.450462160601"
[1] "lasso:19:149.604948969767"
[1] "Method: lasso"
[1] 13
[1] "Method name: rfe"
[1]   63 2308
nci_y
 1  2  3  4 
 8 23 12 20 
learningset mode:  CV 
number of learningsets:  10 
(maximum) number of observations per learning set:  57 
[1] "one-vs-all"
GeneSelection: iteration 1 
GeneSelection: iteration 2 
GeneSelection: iteration 3 
GeneSelection: iteration 4 
GeneSelection: iteration 5 
GeneSelection: iteration 6 
GeneSelection: iteration 7 
GeneSelection: iteration 8 
GeneSelection: iteration 9 
GeneSelection: iteration 10 
GeneSelection: iteration 1 
GeneSelection: iteration 2 
GeneSelection: iteration 3 
GeneSelection: iteration 4 
GeneSelection: iteration 5 
GeneSelection: iteration 6 
GeneSelection: iteration 7 
GeneSelection: iteration 8 
GeneSelection: iteration 9 
GeneSelection: iteration 10 
GeneSelection: iteration 1 
GeneSelection: iteration 2 
GeneSelection: iteration 3 
GeneSelection: iteration 4 
GeneSelection: iteration 5 
GeneSelection: iteration 6 
GeneSelection: iteration 7 
GeneSelection: iteration 8 
GeneSelection: iteration 9 
GeneSelection: iteration 10 
GeneSelection: iteration 1 
GeneSelection: iteration 2 
GeneSelection: iteration 3 
GeneSelection: iteration 4 
GeneSelection: iteration 5 
GeneSelection: iteration 6 
GeneSelection: iteration 7 
GeneSelection: iteration 8 
GeneSelection: iteration 9 
GeneSelection: iteration 10 
[1] 21
[1] "varselmethod"
[1] "forward"
[1] 21
[1] "rfe:3:112.132798960139"
[1] "rfe:3:112.132798960139"
[1] "rfe:4:134.010398613518"
[1] "rfe:4:134.010398613518"
[1] "rfe:5:131.23522048912"
[1] "rfe:4:134.010398613518"
[1] "rfe:6:135.265597920277"
[1] "rfe:6:135.265597920277"
[1] "rfe:7:143.740419795879"
[1] "rfe:7:143.740419795879"
[1] "rfe:8:144.506908338147"
[1] "rfe:8:144.506908338147"
[1] "rfe:9:149.509507991527"
[1] "rfe:9:149.509507991527"
[1] "rfe:10:158.887107644907"
[1] "rfe:10:158.887107644907"
[1] "rfe:11:157.639707298286"
[1] "rfe:10:158.887107644907"
[1] "rfe:12:160.142306951666"
[1] "rfe:12:160.142306951666"
[1] "rfe:13:161.811573271712"
[1] "rfe:13:161.811573271712"
[1] "rfe:14:160.147506258425"
[1] "rfe:13:161.811573271712"
[1] "rfe:15:160.775105911804"
[1] "rfe:13:161.811573271712"
[1] "rfe:16:160.916594454073"
[1] "rfe:13:161.811573271712"
[1] "rfe:17:160.919194107452"
[1] "rfe:13:161.811573271712"
[1] "rfe:18:159.671793760832"
[1] "rfe:13:161.811573271712"
[1] "rfe:19:159.049393414211"
[1] "Method: rfe"
[1] 13
[1] "Method name: elasticnet"
[1]   63 2308
nci_y
 1  2  3  4 
 8 23 12 20 
learningset mode:  CV 
number of learningsets:  10 
(maximum) number of observations per learning set:  57 
[1] "one-vs-all"
GeneSelection: iteration 1 
GeneSelection: iteration 2 
GeneSelection: iteration 3 
GeneSelection: iteration 4 
GeneSelection: iteration 5 
GeneSelection: iteration 6 
GeneSelection: iteration 7 
GeneSelection: iteration 8 
GeneSelection: iteration 9 
GeneSelection: iteration 10 
GeneSelection: iteration 1 
GeneSelection: iteration 2 
GeneSelection: iteration 3 
GeneSelection: iteration 4 
GeneSelection: iteration 5 
GeneSelection: iteration 6 
GeneSelection: iteration 7 
GeneSelection: iteration 8 
GeneSelection: iteration 9 
GeneSelection: iteration 10 
GeneSelection: iteration 1 
GeneSelection: iteration 2 
GeneSelection: iteration 3 
GeneSelection: iteration 4 
GeneSelection: iteration 5 
GeneSelection: iteration 6 
GeneSelection: iteration 7 
GeneSelection: iteration 8 
GeneSelection: iteration 9 
GeneSelection: iteration 10 
GeneSelection: iteration 1 
GeneSelection: iteration 2 
GeneSelection: iteration 3 
GeneSelection: iteration 4 
GeneSelection: iteration 5 
GeneSelection: iteration 6 
GeneSelection: iteration 7 
GeneSelection: iteration 8 
GeneSelection: iteration 9 
GeneSelection: iteration 10 
[1] 23
[1] "varselmethod"
[1] "forward"
[1] 23
[1] "elasticnet:3:117.757798960139"
[1] "elasticnet:3:117.757798960139"
[1] "elasticnet:4:129.288176391296"
[1] "elasticnet:4:129.288176391296"
[1] "elasticnet:5:133.874109378009"
[1] "elasticnet:5:133.874109378009"
[1] "elasticnet:6:146.098931253611"
[1] "elasticnet:6:146.098931253611"
[1] "elasticnet:7:146.10153090699"
[1] "elasticnet:6:146.098931253611"
[1] "elasticnet:8:144.993019449259"
[1] "elasticnet:6:146.098931253611"
[1] "elasticnet:9:151.940063547083"
[1] "elasticnet:9:151.940063547083"
[1] "elasticnet:10:153.192663200462"
[1] "elasticnet:10:153.192663200462"
[1] "elasticnet:11:153.195262853842"
[1] "elasticnet:10:153.192663200462"
[1] "elasticnet:12:148.33675139611"
[1] "elasticnet:10:153.192663200462"
[1] "elasticnet:13:154.450462160601"
[1] "elasticnet:13:154.450462160601"
[1] "elasticnet:14:153.20306181398"
[1] "elasticnet:13:154.450462160601"
[1] "elasticnet:15:154.45566146736"
[1] "elasticnet:13:154.450462160601"
[1] "elasticnet:16:154.458261120739"
[1] "elasticnet:13:154.450462160601"
[1] "elasticnet:17:154.460860774119"
[1] "elasticnet:13:154.450462160601"
[1] "elasticnet:18:154.463460427499"
[1] "elasticnet:13:154.450462160601"
[1] "elasticnet:19:149.604948969767"
[1] "Method: elasticnet"
[1] 13
[1] "Method name: f.test"
[1]   63 2308
nci_y
 1  2  3  4 
 8 23 12 20 
learningset mode:  CV 
number of learningsets:  10 
(maximum) number of observations per learning set:  57 
[1] "one-vs-all"
GeneSelection: iteration 1 
GeneSelection: iteration 2 
GeneSelection: iteration 3 
GeneSelection: iteration 4 
GeneSelection: iteration 5 
GeneSelection: iteration 6 
GeneSelection: iteration 7 
GeneSelection: iteration 8 
GeneSelection: iteration 9 
GeneSelection: iteration 10 
GeneSelection: iteration 1 
GeneSelection: iteration 2 
GeneSelection: iteration 3 
GeneSelection: iteration 4 
GeneSelection: iteration 5 
GeneSelection: iteration 6 
GeneSelection: iteration 7 
GeneSelection: iteration 8 
GeneSelection: iteration 9 
GeneSelection: iteration 10 
GeneSelection: iteration 1 
GeneSelection: iteration 2 
GeneSelection: iteration 3 
GeneSelection: iteration 4 
GeneSelection: iteration 5 
GeneSelection: iteration 6 
GeneSelection: iteration 7 
GeneSelection: iteration 8 
GeneSelection: iteration 9 
GeneSelection: iteration 10 
GeneSelection: iteration 1 
GeneSelection: iteration 2 
GeneSelection: iteration 3 
GeneSelection: iteration 4 
GeneSelection: iteration 5 
GeneSelection: iteration 6 
GeneSelection: iteration 7 
GeneSelection: iteration 8 
GeneSelection: iteration 9 
GeneSelection: iteration 10 
[1] 26
[1] "varselmethod"
[1] "forward"
[1] 26
[1] "f.test:3:107.896687849028"
[1] "f.test:3:107.896687849028"
[1] "f.test:4:133.315954169074"
[1] "f.test:4:133.315954169074"
[1] "f.test:5:135.818553822453"
[1] "f.test:5:135.818553822453"
[1] "f.test:6:145.265597920277"
[1] "f.test:6:145.265597920277"
[1] "f.test:7:146.10153090699"
[1] "f.test:7:146.10153090699"
[1] "f.test:8:144.993019449259"
[1] "f.test:7:146.10153090699"
[1] "f.test:9:151.940063547083"
[1] "f.test:9:151.940063547083"
[1] "f.test:10:149.442663200462"
[1] "f.test:9:151.940063547083"
[1] "f.test:11:149.445262853842"
[1] "f.test:9:151.940063547083"
[1] "f.test:12:151.947862507221"
[1] "f.test:9:151.940063547083"
[1] "f.test:13:145.700462160601"
[1] "f.test:9:151.940063547083"
[1] "f.test:14:148.20306181398"
[1] "f.test:9:151.940063547083"
[1] "f.test:15:150.70566146736"
[1] "Method: f.test"
[1] 9
[1] "dim of scoring matrix is "
[1] 2308    5
    Min.  1st Qu.   Median     Mean  3rd Qu.     Max. 
0.000000 0.000000 0.000000 0.003899 0.000000 1.000000 
[1] 9
[1] 2308
[1] "DS index stage 1"
[1] 0
[1] "bestgenelist"
[1]    1  246  255  842 1003 1389 1427 1954 1955
            var1    var246    var255   var842   var1003    var1389    var1427
[1,]  0.77334370 1.6047470 -1.514582 1.553629 -3.231455  1.1830760 -1.1248540
[2,] -0.07817778 0.7924947 -1.701005 1.732505 -2.294617  0.5451111  0.2765706
[3,] -0.08446916 1.5527410 -1.256319 1.454747 -2.154165 -0.7044104  0.1036390
       var1954    var1955
[1,] 0.3828786 -1.0604500
[2,] 1.0915880 -1.1135230
[3,] 0.9684277 -0.8947739
          var1     var246    var255     var842   var1003   var1389    var1427
[1,] 0.1395010 -2.5010360  1.165710 -0.3690368 -1.988505 -2.189256  0.1800690
[2,] 1.1642752 -0.5151684 -0.592759  0.7715886 -2.928074 -0.638091  0.1127928
[3,] 0.8410929 -1.9330926 -1.027222  0.9271515  1.000558 -1.346689 -0.3768777
        var1954    var1955
[1,] -1.3862944 -1.7915595
[2,]  0.4342469 -1.1867880
[3,] -0.4942963  0.8235173
[1] "numgenes selected:9"
[1] "test acc:0.95"
[1] "test AUC acc:0.958333333333333"
[1] "10 fold train100"
[1] "confusion matrix train 10 fold"
          nci_y
pred10fold  1  2  3  4
         1  8  0  0  0
         2  0 23  0  0
         3  0  0 12  0
         4  0  0  0 20
[1] "confusion matrix test"
         test_y
pred_test 1 2 3 4
        1 3 0 0 0
        2 0 5 0 0
        3 0 0 6 0
        4 0 1 0 5
[1] "train acc:1"
[1] "confusion matrix train"
          nci_y
pred_train  1  2  3  4
         1  8  0  0  0
         2  0 23  0  0
         3  0  0 12  0
         4  0  0  0 20
[1] "DS index stage 1"
[1] 0
[1] "KI index stage 1"
[1] -0.01139351
There were 50 or more warnings (use warnings() to see the first 50)
> 
> cma_feat_list<-colnames(trainm)
> 
> save(CMAres,file="CMAres.Rda")
> write.table(cma_feat_list,file="selected_cma_feat_list.txt",sep="t",row.names=FALSE)
> 
> # modtraindata=modtrain, modtestdata=modtest, blindtest=testacc, modtrainclass=nci_y, modtestclass=test_y
> #if(FALSE)
> {
+ trainm<-CMAres$modtraindata
+ testm<-CMAres$modtestdata
+ trainclass<-CMAres$modtrainclass
+ testclass<-CMAres$modtestclass
+ learningsets<-CMAres$learningsets
+ }
> 
> if(FALSE)
+ {
+ trainclass<-trainm[,1] #CMAres$modtrainclass
+ testclass<-testm[,1] #CMAres$modtestclass
+ trainm<-trainm[,-c(1)] #CMAres$modtrainmata
+ testm<-testm[,-c(1)] #CMAres$modtestmata
+ 
+ }
> 
> d_dim<-dim(trainm)
> 
> print("Original dimension")
[1] "Original dimension"
> print(d_dim)
[1] 63  9
> 
> system.time(psores<-run_pso(outloc=outloc,trainm,trainclass,testm,testclass,transition_matrix,c1=2.05,
+ c2=2.05,
+ itr=10,
+ globalpso_maxitr=10,
+ global_max_itr=5,
+ num_part=20,
+ kname="radial",
+ errortype="BER",
+ weightA<-as.numeric(args[1]),
+ weightB<-as.numeric(args[2]),
+ weightC<-as.numeric(args[3]),
+ weightD<-as.numeric(args[4]),
+ featweight.max=0.01,
+ featweight.min=0.01,
+ numfolds=10,
+ followerprob=as.numeric(args[6]),
+ confusionprob=as.numeric(args[7]),
+ leaderprob=as.numeric(args[8]),
+ wmax=1,
+ wmin=1,
+ behavior_reset_itr=5,
+ maxitrreset=10,
+ num_neighbors=3,
+ minselect.pct=0.5,
+ evalMode="CV2",
+ minfitnessthresh=50,
+ maxnum=as.numeric(args[10]),minnum=3,inertia_method=args[5],particlebehav_method="randbased",constriction_factor=1,
+ select.global.best=TRUE,numnodes=4,evalFunc=eval_fit_kfold_diff,itr.terminate=FALSE,train.pct=0.8))
[1] "c1: 2.05"
[1] "c2: 2.05"
[1] "itr: 10"
[1] "globalpso_maxitr: 10"
[1] "global_max_itr: 5"
[1] "num_part: 20"
[1] "kname: radial"
[1] "errortype: BER"
[1] "weightA: 0.7"
[1] "weightB: 0.2"
[1] "weightC: 0.05"
[1] "weightD: 0.05"
[1] "featweight.max: 0.01"
[1] "featweight.min: 0.01"
[1] "numfolds: 10"
[1] "followerprob: 0.45"
[1] "confusionprob: 0.2"
[1] "leaderprob: 0.25"
[1] "wmax: 1"
[1] "wmin: 1"
[1] "behavior_reset_itr: 5"
[1] "maxitrreset: 10"
[1] "num_neighbors: 3"
[1] "minselect.pct: 0.5"
[1] "minfitnessthresh: 50"
[1] "maxnum: 3"
[1] "minnum: 3"
[1] "inertia_method: global"
[1] "particlebehav_method: randbased"
[1] "constriction_factor: 1"
[1] "select.global.best: TRUE"
[1] "train 10 fold"
[1] 100
[1] "here"
[1] "s"
[1] 50.4
[1] 63  9
[1] 10
[1] "learning sets: 1"
 [1]  9 60 46 32 15 18 51 14 19 36 53 44 20 25 38 56 58  6 17 33 22 41 37 61 40
[26] 30 50 45 35 59 10  3 52  2  1 43  7 57 11 31 23 63 16 49  4  5 24 47 26 42
[1] "Starting global iteration number : 1"
[1] "iteration number: "
[1] 1
[1] "Best fitness updated to:"
[1] -64.69948
[1] "Best solution:"
[1] NA NA NA NA NA NA NA NA NA
[1] 0
[1] "iteration number: "
[1] 2
[1] "Best fitness updated to:"
[1] -66.94962
[1] "Best solution:"
[1] 1 1 0 1 0 0 0 1 0
[1] 4
[1] "iteration number: "
[1] 3
[1] "Best fitness updated to:"
[1] -68.22878
[1] "Best solution:"
[1] 0 0 1 1 1 1 1 1 0
[1] 6
[1] "iteration number: "
[1] 4
[1] "iteration number: "
[1] 5
[1] "Best fitness updated to:"
[1] -68.2335
[1] "Best solution:"
[1] 1 1 1 1 0 1 1 1 0
[1] 7
[1] "iteration number: "
[1] 6
[1] "iteration number: "
[1] 7
[1] "iteration number: "
[1] 8
[1] "iteration number: "
[1] 9
[1] "Best fitness updated to:"
[1] -69.26318
[1] "Best solution:"
[1] 1 1 0 0 0 1 0 0 0
[1] 3
[1] "iteration number: "
[1] 10
[1] "Best fitness updated to:"
[1] -71.27068
[1] "Best solution:"
[1] 1 1 0 0 0 0 0 0 0
[1] 2
[1] "iteration number: "
[1] 11
[1] "iteration number: "
[1] 12
[1] "iteration number: "
[1] 13
[1] "iteration number: "
[1] 14
[1] "iteration number: "
[1] 15
[1] "iteration number: "
[1] 16
[1] "iteration number: "
[1] 17
[1] "iteration number: "
[1] 18
[1] "iteration number: "
[1] 19
[1] "iteration number: "
[1] 20
[1] "iteration number: "
[1] 21
[1] "RE-INITIALIZING..."
[1] 1
[1] 5
[1] 9
 [1] 2 2 3 1 2 2 2 1 2 1 4 4 3 3 4 2 1 3 4 1
[1] "iteration number: "
[1] 22
[1] "iteration number: "
[1] 23
[1] "iteration number: "
[1] 24
[1] "iteration number: "
[1] 25
[1] "iteration number: "
[1] 26
[1] "iteration number: "
[1] 27
[1] "iteration number: "
[1] 28
[1] "iteration number: "
[1] 29
[1] "iteration number: "
[1] 30
[1] "iteration number: "
[1] 31
[1] "iteration number: "
[1] 32
[1] "RE-INITIALIZING..."
[1] 2
[1] 5
[1] 9
 [1] 2 2 3 1 2 2 2 1 2 1 4 4 3 3 4 2 1 3 4 1
[1] "iteration number: "
[1] 33
[1] "iteration number: "
[1] 34
[1] "iteration number: "
[1] 35
[1] "iteration number: "
[1] 36
[1] "iteration number: "
[1] 37
[1] "iteration number: "
[1] 38
[1] "iteration number: "
[1] 39
[1] "iteration number: "
[1] 40
[1] "iteration number: "
[1] 41
[1] "iteration number: "
[1] 42
[1] "iteration number: "
[1] 43
[1] "RE-INITIALIZING..."
[1] 3
[1] 5
[1] 9
 [1] 2 2 3 1 2 2 2 1 2 1 4 4 3 3 4 2 1 3 4 1
[1] "iteration number: "
[1] 44
[1] "iteration number: "
[1] 45
[1] "iteration number: "
[1] 46
[1] "iteration number: "
[1] 47
[1] "iteration number: "
[1] 48
[1] "iteration number: "
[1] 49
[1] "iteration number: "
[1] 50
[1] "iteration number: "
[1] 51
[1] "iteration number: "
[1] 52
[1] "iteration number: "
[1] 53
[1] "iteration number: "
[1] 54
[1] "RE-INITIALIZING..."
[1] 4
[1] 5
[1] 9
 [1] 2 2 3 1 2 2 2 1 2 1 4 4 3 3 4 2 1 3 4 1
[1] "iteration number: "
[1] 55
[1] "iteration number: "
[1] 56
[1] "iteration number: "
[1] 57
[1] "iteration number: "
[1] 58
[1] "iteration number: "
[1] 59
[1] "iteration number: "
[1] 60
[1] "iteration number: "
[1] 61
[1] "iteration number: "
[1] 62
[1] "iteration number: "
[1] 63
[1] "iteration number: "
[1] 64
[1] "iteration number: "
[1] 65
[1] "RE-INITIALIZING..."
[1] 5
[1] 5
[1] 9
 [1] 2 2 3 1 2 2 2 1 2 1 4 4 3 3 4 2 1 3 4 1
[1] "iteration number: "
[1] 66
[1] "iteration number: "
[1] 67
[1] "iteration number: "
[1] 68
[1] "iteration number: "
[1] 69
[1] "iteration number: "
[1] 70
[1] "iteration number: "
[1] 71
[1] "iteration number: "
[1] 72
[1] "iteration number: "
[1] 73
[1] "iteration number: "
[1] 74
[1] "iteration number: "
[1] 75
[1] "iteration number: "
[1] 76
[1] "RE-INITIALIZING..."
[1] 6
[1] 5
[1] 9
[1] "No change for 6 iterations. Exiting PSO."
[1] 1 3 4 6 8 9
[1] 1
[1] "##################################"
[1] "Results summary for itr:1"
[1] "number of features selected using population mean"
[1] 6
[1] "number of features selected using current global best"
[1] 6
[1] "feat ind length"
[1] 6
[1] "best accuracy"
[1] 71.27068
[1] "test acc:1"
[1] "##################################"
[1] "learning sets: 2"
 [1] 42 28 32 47 22  4 56 35 57 15 58 46  9 51 33 40 63 29 48  2 50  3 53  8  7
[26] 11 49 54 55 27 45 25 30 18  1 19 21 59 14  5 41 61 52 13 34 31 17 44 24 38
[1] "Starting global iteration number : 2"
[1] "iteration number: "
[1] 1
[1] "Best fitness updated to:"
[1] -73.37498
[1] "Best solution:"
[1] NA NA NA NA NA NA NA NA NA
[1] 0
[1] "iteration number: "
[1] 2
[1] "Best fitness updated to:"
[1] -76.64763
[1] "Best solution:"
[1] 1 1 0 1 0 0 0 1 0
[1] 4
[1] "iteration number: "
[1] 3
[1] "Best fitness updated to:"
[1] -77.97106
[1] "Best solution:"
[1] 0 0 1 1 1 1 1 1 0
[1] 6
[1] "iteration number: "
[1] 4
[1] "iteration number: "
[1] 5
[1] "iteration number: "
[1] 6
[1] "Best fitness updated to:"
[1] -78.85792
[1] "Best solution:"
[1] 1 1 0 0 0 0 0 0 1
[1] 3
[1] "iteration number: "
[1] 7
[1] "iteration number: "
[1] 8
[1] "iteration number: "
[1] 9
[1] "iteration number: "
[1] 10
[1] "iteration number: "
[1] 11
[1] "iteration number: "
[1] 12
[1] "iteration number: "
[1] 13
[1] "iteration number: "
[1] 14
[1] "iteration number: "
[1] 15
[1] "iteration number: "
[1] 16
[1] "iteration number: "
[1] 17
[1] "RE-INITIALIZING..."
[1] 1
[1] 5
[1] 9
 [1] 2 2 3 1 2 2 2 1 2 1 4 4 3 3 4 2 1 3 4 1
[1] "iteration number: "
[1] 18
[1] "iteration number: "
[1] 19
[1] "iteration number: "
[1] 20
[1] "iteration number: "
[1] 21
[1] "iteration number: "
[1] 22
[1] "iteration number: "
[1] 23
[1] "iteration number: "
[1] 24
[1] "iteration number: "
[1] 25
[1] "iteration number: "
[1] 26
[1] "iteration number: "
[1] 27
[1] "iteration number: "
[1] 28
[1] "RE-INITIALIZING..."
[1] 2
[1] 5
[1] 9
 [1] 2 2 3 1 2 2 2 1 2 1 4 4 3 3 4 2 1 3 4 1
[1] "iteration number: "
[1] 29
[1] "iteration number: "
[1] 30
[1] "iteration number: "
[1] 31
[1] "iteration number: "
[1] 32
[1] "iteration number: "
[1] 33
[1] "iteration number: "
[1] 34
[1] "iteration number: "
[1] 35
[1] "iteration number: "
[1] 36
[1] "iteration number: "
[1] 37
[1] "iteration number: "
[1] 38
[1] "iteration number: "
[1] 39
[1] "RE-INITIALIZING..."
[1] 3
[1] 5
[1] 8
 [1] 2 2 3 1 2 2 2 1 2 1 4 4 3 3 4 2 1 3 4 1
[1] "iteration number: "
[1] 40
[1] "iteration number: "
[1] 41
[1] "iteration number: "
[1] 42
[1] "iteration number: "
[1] 43
[1] "iteration number: "
[1] 44
[1] "iteration number: "
[1] 45
[1] "iteration number: "
[1] 46
[1] "iteration number: "
[1] 47
[1] "iteration number: "
[1] 48
[1] "iteration number: "
[1] 49
[1] "iteration number: "
[1] 50
[1] "RE-INITIALIZING..."
[1] 4
[1] 5
[1] 8
 [1] 2 2 3 1 2 2 2 1 2 1 4 4 3 3 4 2 1 3 4 1
[1] "iteration number: "
[1] 51
[1] "iteration number: "
[1] 52
[1] "iteration number: "
[1] 53
[1] "iteration number: "
[1] 54
[1] "iteration number: "
[1] 55
[1] "iteration number: "
[1] 56
[1] "iteration number: "
[1] 57
[1] "iteration number: "
[1] 58
[1] "iteration number: "
[1] 59
[1] "iteration number: "
[1] 60
[1] "iteration number: "
[1] 61
[1] "RE-INITIALIZING..."
[1] 5
[1] 5
[1] 8
 [1] 2 2 3 1 2 2 2 1 2 1 4 4 3 3 4 2 1 3 4 1
[1] "iteration number: "
[1] 62
[1] "iteration number: "
[1] 63
[1] "iteration number: "
[1] 64
[1] "iteration number: "
[1] 65
[1] "iteration number: "
[1] 66
[1] "iteration number: "
[1] 67
[1] "iteration number: "
[1] 68
[1] "iteration number: "
[1] 69
[1] "iteration number: "
[1] 70
[1] "iteration number: "
[1] 71
[1] "iteration number: "
[1] 72
[1] "RE-INITIALIZING..."
[1] 6
[1] 5
[1] 8
 [1] 2 2 3 1 2 2 2 1 2 1 4 4 3 3 4 2 1 3 4 1
[1] "iteration number: "
[1] 73
[1] "iteration number: "
[1] 74
[1] "iteration number: "
[1] 75
[1] "iteration number: "
[1] 76
[1] "iteration number: "
[1] 77
[1] "iteration number: "
[1] 78
[1] "iteration number: "
[1] 79
[1] "iteration number: "
[1] 80
[1] "iteration number: "
[1] 81
[1] "iteration number: "
[1] 82
[1] "iteration number: "
[1] 83
[1] "RE-INITIALIZING..."
[1] 7
[1] 5
[1] 8
 [1] 2 2 3 1 2 2 2 1 2 1 4 4 3 3 4 2 1 3 4 1
[1] "iteration number: "
[1] 84
[1] "iteration number: "
[1] 85
[1] "iteration number: "
[1] 86
[1] "iteration number: "
[1] 87
[1] "iteration number: "
[1] 88
[1] "iteration number: "
[1] 89
[1] "iteration number: "
[1] 90
[1] "iteration number: "
[1] 91
[1] "iteration number: "
[1] 92
[1] "iteration number: "
[1] 93
[1] "iteration number: "
[1] 94
[1] "RE-INITIALIZING..."
[1] 8
[1] 5
[1] 8
 [1] 2 2 3 1 2 2 2 1 2 1 4 4 3 3 4 2 1 3 4 1
[1] "No change for 8 iterations. Exiting PSO."
[1] 2 3 4 5 6 7 8
[1] 2
[1] "##################################"
[1] "Results summary for itr:2"
[1] "number of features selected using population mean"
[1] 8
[1] "number of features selected using current global best"
[1] 7
[1] "feat ind length"
[1] 7
[1] "best accuracy"
[1] 78.85792
[1] "test acc:1"
[1] "##################################"
[1] "learning sets: 3"
 [1] 16 27 41 18 48 21 61 38 57 33 42 12 55 10 63  3 62  9 14 47 23  8  5 46 15
[26] 24 34 35 37 53 20 17  2 30 19 32 31 25 36 49 26 13  4 22 60 45 50 29 58 39
[1] "Starting global iteration number : 3"
[1] "iteration number: "
[1] 1
[1] "Best fitness updated to:"
[1] -67.99533
[1] "Best solution:"
[1] NA NA NA NA NA NA NA NA NA
[1] 0
[1] "iteration number: "
[1] 2
[1] "iteration number: "
[1] 3
[1] "iteration number: "
[1] 4
[1] "iteration number: "
[1] 5
[1] "Best fitness updated to:"
[1] -71.94419
[1] "Best solution:"
[1] 1 1 1 1 1 1 0 1 1
[1] 8
[1] "iteration number: "
[1] 6
[1] "iteration number: "
[1] 7
[1] "iteration number: "
[1] 8
[1] "iteration number: "
[1] 9
[1] "iteration number: "
[1] 10
[1] "Best fitness updated to:"
[1] -73.57075
[1] "Best solution:"
[1] 1 1 1 1 1 1 0 1 1
[1] 8
[1] "iteration number: "
[1] 11
[1] "iteration number: "
[1] 12
[1] "iteration number: "
[1] 13
[1] "iteration number: "
[1] 14
[1] "iteration number: "
[1] 15
[1] "iteration number: "
[1] 16
[1] "iteration number: "
[1] 17
[1] "iteration number: "
[1] 18
[1] "iteration number: "
[1] 19
[1] "iteration number: "
[1] 20
[1] "iteration number: "
[1] 21
[1] "RE-INITIALIZING..."
[1] 1
[1] 5
[1] 9
 [1] 2 2 3 1 2 2 2 1 2 1 4 4 3 3 4 2 1 3 4 1
[1] "iteration number: "
[1] 22
[1] "iteration number: "
[1] 23
[1] "iteration number: "
[1] 24
[1] "iteration number: "
[1] 25
[1] "iteration number: "
[1] 26
[1] "iteration number: "
[1] 27
[1] "iteration number: "
[1] 28
[1] "iteration number: "
[1] 29
[1] "iteration number: "
[1] 30
[1] "iteration number: "
[1] 31
[1] "iteration number: "
[1] 32
[1] "RE-INITIALIZING..."
[1] 2
[1] 5
[1] 9
 [1] 2 2 3 1 2 2 2 1 2 1 4 4 3 3 4 2 1 3 4 1
[1] "iteration number: "
[1] 33
[1] "iteration number: "
[1] 34
[1] "iteration number: "
[1] 35
[1] "iteration number: "
[1] 36
[1] "iteration number: "
[1] 37
[1] "iteration number: "
[1] 38
[1] "iteration number: "
[1] 39
[1] "iteration number: "
[1] 40
[1] "iteration number: "
[1] 41
[1] "iteration number: "
[1] 42
[1] "iteration number: "
[1] 43
[1] "RE-INITIALIZING..."
[1] 3
[1] 5
[1] 9
 [1] 2 2 3 1 2 2 2 1 2 1 4 4 3 3 4 2 1 3 4 1
[1] "iteration number: "
[1] 44
[1] "iteration number: "
[1] 45
[1] "iteration number: "
[1] 46
[1] "iteration number: "
[1] 47
[1] "iteration number: "
[1] 48
[1] "iteration number: "
[1] 49
[1] "iteration number: "
[1] 50
[1] "iteration number: "
[1] 51
[1] "iteration number: "
[1] 52
[1] "iteration number: "
[1] 53
[1] "iteration number: "
[1] 54
[1] "RE-INITIALIZING..."
[1] 4
[1] 5
[1] 9
 [1] 2 2 3 1 2 2 2 1 2 1 4 4 3 3 4 2 1 3 4 1
[1] "iteration number: "
[1] 55
[1] "iteration number: "
[1] 56
[1] "iteration number: "
[1] 57
[1] "iteration number: "
[1] 58
[1] "iteration number: "
[1] 59
[1] "iteration number: "
[1] 60
[1] "iteration number: "
[1] 61
[1] "iteration number: "
[1] 62
[1] "iteration number: "
[1] 63
[1] "iteration number: "
[1] 64
[1] "iteration number: "
[1] 65
[1] "RE-INITIALIZING..."
[1] 5
[1] 5
[1] 9
 [1] 2 2 3 1 2 2 2 1 2 1 4 4 3 3 4 2 1 3 4 1
[1] "iteration number: "
[1] 66
[1] "iteration number: "
[1] 67
[1] "iteration number: "
[1] 68
[1] "iteration number: "
[1] 69
[1] "iteration number: "
[1] 70
[1] "iteration number: "
[1] 71
[1] "iteration number: "
[1] 72
[1] "iteration number: "
[1] 73
[1] "iteration number: "
[1] 74
[1] "iteration number: "
[1] 75
[1] "iteration number: "
[1] 76
[1] "RE-INITIALIZING..."
[1] 6
[1] 5
[1] 9
[1] "No change for 6 iterations. Exiting PSO."
[1] 1 3 4 5 6 9
[1] 3
[1] "##################################"
[1] "Results summary for itr:3"
[1] "number of features selected using population mean"
[1] 6
[1] "number of features selected using current global best"
[1] 6
[1] "feat ind length"
[1] 6
[1] "best accuracy"
[1] 73.57075
[1] "test acc:0.923076923076923"
[1] "##################################"
[1] "learning sets: 4"
 [1] 23 41 24 22  6 31 35 10 46 28 37  5 21 19 53 55 29 25 40 57 47 14 38 13  1
[26] 36 60 17 11  2 48 43 44 16 30  3 50 32 58 18 51 20  8 33 59 34 45 39 27 54
[1] "Starting global iteration number : 4"
[1] "iteration number: "
[1] 1
[1] "Best fitness updated to:"
[1] -71.41684
[1] "Best solution:"
[1] NA NA NA NA NA NA NA NA NA
[1] 0
[1] "iteration number: "
[1] 2
[1] "Best fitness updated to:"
[1] -73.7094
[1] "Best solution:"
[1] 1 1 0 1 0 0 0 1 0
[1] 4
[1] "iteration number: "
[1] 3
[1] "iteration number: "
[1] 4
[1] "iteration number: "
[1] 5
[1] "iteration number: "
[1] 6
[1] "iteration number: "
[1] 7
[1] "Best fitness updated to:"
[1] -75.37001
[1] "Best solution:"
[1] 0 0 1 1 1 1 1 1 0
[1] 6
[1] "iteration number: "
[1] 8
[1] "iteration number: "
[1] 9
[1] "iteration number: "
[1] 10
[1] "iteration number: "
[1] 11
[1] "iteration number: "
[1] 12
[1] "iteration number: "
[1] 13
[1] "iteration number: "
[1] 14
[1] "iteration number: "
[1] 15
[1] "iteration number: "
[1] 16
[1] "iteration number: "
[1] 17
[1] "iteration number: "
[1] 18
[1] "RE-INITIALIZING..."
[1] 1
[1] 5
[1] 9
 [1] 2 2 3 1 2 2 2 1 2 1 4 4 3 3 4 2 1 3 4 1
[1] "iteration number: "
[1] 19
[1] "iteration number: "
[1] 20
[1] "iteration number: "
[1] 21
[1] "iteration number: "
[1] 22
[1] "iteration number: "
[1] 23
[1] "iteration number: "
[1] 24
[1] "iteration number: "
[1] 25
[1] "iteration number: "
[1] 26
[1] "iteration number: "
[1] 27
[1] "iteration number: "
[1] 28
[1] "iteration number: "
[1] 29
[1] "RE-INITIALIZING..."
[1] 2
[1] 5
[1] 9
 [1] 2 2 3 1 2 2 2 1 2 1 4 4 3 3 4 2 1 3 4 1
[1] "iteration number: "
[1] 30
[1] "iteration number: "
[1] 31
[1] "iteration number: "
[1] 32
[1] "iteration number: "
[1] 33
[1] "iteration number: "
[1] 34
[1] "iteration number: "
[1] 35
[1] "iteration number: "
[1] 36
[1] "iteration number: "
[1] 37
[1] "iteration number: "
[1] 38
[1] "iteration number: "
[1] 39
[1] "iteration number: "
[1] 40
[1] "RE-INITIALIZING..."
[1] 3
[1] 5
[1] 9
 [1] 2 2 3 1 2 2 2 1 2 1 4 4 3 3 4 2 1 3 4 1
[1] "iteration number: "
[1] 41
[1] "iteration number: "
[1] 42
[1] "iteration number: "
[1] 43
[1] "iteration number: "
[1] 44
[1] "iteration number: "
[1] 45
[1] "iteration number: "
[1] 46
[1] "iteration number: "
[1] 47
[1] "iteration number: "
[1] 48
[1] "iteration number: "
[1] 49
[1] "iteration number: "
[1] 50
[1] "iteration number: "
[1] 51
[1] "RE-INITIALIZING..."
[1] 4
[1] 5
[1] 9
 [1] 2 2 3 1 2 2 2 1 2 1 4 4 3 3 4 2 1 3 4 1
[1] "iteration number: "
[1] 52
[1] "iteration number: "
[1] 53
[1] "iteration number: "
[1] 54
[1] "iteration number: "
[1] 55
[1] "iteration number: "
[1] 56
[1] "iteration number: "
[1] 57
[1] "iteration number: "
[1] 58
[1] "iteration number: "
[1] 59
[1] "iteration number: "
[1] 60
[1] "iteration number: "
[1] 61
[1] "iteration number: "
[1] 62
[1] "RE-INITIALIZING..."
[1] 5
[1] 5
[1] 9
 [1] 2 2 3 1 2 2 2 1 2 1 4 4 3 3 4 2 1 3 4 1
[1] "iteration number: "
[1] 63
[1] "iteration number: "
[1] 64
[1] "iteration number: "
[1] 65
[1] "iteration number: "
[1] 66
[1] "iteration number: "
[1] 67
[1] "iteration number: "
[1] 68
[1] "iteration number: "
[1] 69
[1] "iteration number: "
[1] 70
[1] "iteration number: "
[1] 71
[1] "iteration number: "
[1] 72
[1] "iteration number: "
[1] 73
[1] "RE-INITIALIZING..."
[1] 6
[1] 5
[1] 9
[1] "No change for 6 iterations. Exiting PSO."
[1] 1 2 4 5 6 7 8 9
[1] 4
[1] "##################################"
[1] "Results summary for itr:4"
[1] "number of features selected using population mean"
[1] 8
[1] "number of features selected using current global best"
[1] 8
[1] "feat ind length"
[1] 8
[1] "best accuracy"
[1] 75.37001
[1] "test acc:1"
[1] "##################################"
[1] "learning sets: 5"
 [1] 53  2 51 11 17 16 54 34  7  1 61 29 26 40 62 55 60 13 19 25 43 57 28 50  3
[26] 41 56 23 63 37 18  5 45 32 49 35 27 21 58 38 31 47 30 20 14 52 39 12 36 59
[1] "Starting global iteration number : 5"
[1] "iteration number: "
[1] 1
[1] "Best fitness updated to:"
[1] -64.96609
[1] "Best solution:"
[1] NA NA NA NA NA NA NA NA NA
[1] 0
[1] "iteration number: "
[1] 2
[1] "Best fitness updated to:"
[1] -67.27279
[1] "Best solution:"
[1] 1 1 0 1 0 0 0 1 0
[1] 4
[1] "iteration number: "
[1] 3
[1] "Best fitness updated to:"
[1] -67.97232
[1] "Best solution:"
[1] 0 0 1 1 1 1 1 1 0
[1] 6
[1] "iteration number: "
[1] 4
[1] "iteration number: "
[1] 5
[1] "iteration number: "
[1] 6
[1] "iteration number: "
[1] 7
[1] "iteration number: "
[1] 8
[1] "iteration number: "
[1] 9
[1] "iteration number: "
[1] 10
[1] "iteration number: "
[1] 11
[1] "iteration number: "
[1] 12
[1] "iteration number: "
[1] 13
[1] "iteration number: "
[1] 14
[1] "RE-INITIALIZING..."
[1] 1
[1] 5
[1] 9
 [1] 2 1 2 3 1 2 2 3 3 3 4 1 1 1 2 2 2 3 4 1
[1] "iteration number: "
[1] 15
[1] "iteration number: "
[1] 16
[1] "iteration number: "
[1] 17
[1] "iteration number: "
[1] 18
[1] "iteration number: "
[1] 19
[1] "iteration number: "
[1] 20
[1] "iteration number: "
[1] 21
[1] "iteration number: "
[1] 22
[1] "iteration number: "
[1] 23
[1] "iteration number: "
[1] 24
[1] "iteration number: "
[1] 25
[1] "RE-INITIALIZING..."
[1] 2
[1] 5
[1] 9
 [1] 2 2 3 1 2 2 2 1 2 1 4 4 3 3 4 2 1 3 4 1
[1] "iteration number: "
[1] 26
[1] "iteration number: "
[1] 27
[1] "iteration number: "
[1] 28
[1] "iteration number: "
[1] 29
[1] "iteration number: "
[1] 30
[1] "iteration number: "
[1] 31
[1] "iteration number: "
[1] 32
[1] "iteration number: "
[1] 33
[1] "iteration number: "
[1] 34
[1] "iteration number: "
[1] 35
[1] "iteration number: "
[1] 36
[1] "RE-INITIALIZING..."
[1] 3
[1] 5
[1] 9
 [1] 2 2 3 1 2 2 2 1 2 1 4 4 3 3 4 2 1 3 4 1
[1] "iteration number: "
[1] 37
[1] "iteration number: "
[1] 38
[1] "iteration number: "
[1] 39
[1] "iteration number: "
[1] 40
[1] "iteration number: "
[1] 41
[1] "iteration number: "
[1] 42
[1] "iteration number: "
[1] 43
[1] "iteration number: "
[1] 44
[1] "iteration number: "
[1] 45
[1] "iteration number: "
[1] 46
[1] "iteration number: "
[1] 47
[1] "RE-INITIALIZING..."
[1] 4
[1] 5
[1] 9
 [1] 2 2 3 1 2 2 2 1 2 1 4 4 3 3 4 2 1 3 4 1
[1] "iteration number: "
[1] 48
[1] "iteration number: "
[1] 49
[1] "iteration number: "
[1] 50
[1] "iteration number: "
[1] 51
[1] "iteration number: "
[1] 52
[1] "iteration number: "
[1] 53
[1] "iteration number: "
[1] 54
[1] "iteration number: "
[1] 55
[1] "iteration number: "
[1] 56
[1] "iteration number: "
[1] 57
[1] "iteration number: "
[1] 58
[1] "RE-INITIALIZING..."
[1] 5
[1] 5
[1] 9
 [1] 2 2 3 1 2 2 2 1 2 1 4 4 3 3 4 2 1 3 4 1
[1] "iteration number: "
[1] 59
[1] "iteration number: "
[1] 60
[1] "iteration number: "
[1] 61
[1] "iteration number: "
[1] 62
[1] "iteration number: "
[1] 63
[1] "iteration number: "
[1] 64
[1] "iteration number: "
[1] 65
[1] "iteration number: "
[1] 66
[1] "iteration number: "
[1] 67
[1] "iteration number: "
[1] 68
[1] "iteration number: "
[1] 69
[1] "RE-INITIALIZING..."
[1] 6
[1] 5
[1] 9
[1] "No change for 6 iterations. Exiting PSO."
[1] 1 3 4 5 6 7 8
[1] 5
[1] "##################################"
[1] "Results summary for itr:5"
[1] "number of features selected using population mean"
[1] 7
[1] "number of features selected using current global best"
[1] 7
[1] "feat ind length"
[1] 7
[1] "best accuracy"
[1] 67.97232
[1] "test acc:0.923076923076923"
[1] "##################################"
[1] "learning sets: 6"
 [1] 51 53 30 12 50 41 20  6 18 16  7 43 13 31 37 42 39 61  4 34 15 10 44 35 59
[26]  9 36 46 63 33 23 62  3 26 24 45 25 22 60 19 48 49 52 54 27 21  2 32 47 29
[1] "Starting global iteration number : 6"
[1] "iteration number: "
[1] 1
[1] "Best fitness updated to:"
[1] -68.93769
[1] "Best solution:"
[1] NA NA NA NA NA NA NA NA NA
[1] 0
[1] "iteration number: "
[1] 2
[1] "Best fitness updated to:"
[1] -69.82507
[1] "Best solution:"
[1] 1 1 0 1 0 0 0 1 0
[1] 4
[1] "iteration number: "
[1] 3
[1] "Best fitness updated to:"
[1] -72.23732
[1] "Best solution:"
[1] 1 1 1 1 1 1 0 0 0
[1] 6
[1] "iteration number: "
[1] 4
[1] "iteration number: "
[1] 5
[1] "Best fitness updated to:"
[1] -73.40447
[1] "Best solution:"
[1] 0 1 1 1 1 1 1 0 1
[1] 7
[1] "iteration number: "
[1] 6
[1] "iteration number: "
[1] 7
[1] "iteration number: "
[1] 8
[1] "iteration number: "
[1] 9
[1] "iteration number: "
[1] 10
[1] "iteration number: "
[1] 11
[1] "iteration number: "
[1] 12
[1] "iteration number: "
[1] 13
[1] "iteration number: "
[1] 14
[1] "iteration number: "
[1] 15
[1] "iteration number: "
[1] 16
[1] "RE-INITIALIZING..."
[1] 1
[1] 5
[1] 9
 [1] 2 2 3 1 2 2 2 1 2 1 4 4 3 3 4 2 1 3 4 1
[1] "iteration number: "
[1] 17
[1] "iteration number: "
[1] 18
[1] "Best fitness updated to:"
[1] -74.39738
[1] "Best solution:"
[1] 1 1 1 1 0 1 0 1 0
[1] 6
[1] "iteration number: "
[1] 19
[1] "iteration number: "
[1] 20
[1] "iteration number: "
[1] 21
[1] "iteration number: "
[1] 22
[1] "iteration number: "
[1] 23
[1] "iteration number: "
[1] 24
[1] "iteration number: "
[1] 25
[1] "iteration number: "
[1] 26
[1] "iteration number: "
[1] 27
[1] "iteration number: "
[1] 28
[1] "iteration number: "
[1] 29
[1] "RE-INITIALIZING..."
[1] 1
[1] 5
[1] 9
 [1] 2 2 3 1 2 2 2 1 2 1 4 4 3 3 4 2 1 3 4 1
[1] "iteration number: "
[1] 30
[1] "iteration number: "
[1] 31
[1] "iteration number: "
[1] 32
[1] "iteration number: "
[1] 33
[1] "iteration number: "
[1] 34
[1] "iteration number: "
[1] 35
[1] "iteration number: "
[1] 36
[1] "iteration number: "
[1] 37
[1] "iteration number: "
[1] 38
[1] "iteration number: "
[1] 39
[1] "iteration number: "
[1] 40
[1] "RE-INITIALIZING..."
[1] 2
[1] 5
[1] 9
 [1] 2 2 3 1 2 2 2 1 2 1 4 4 3 3 4 2 1 3 4 1
[1] "iteration number: "
[1] 41
[1] "iteration number: "
[1] 42
[1] "iteration number: "
[1] 43
[1] "iteration number: "
[1] 44
[1] "iteration number: "
[1] 45
[1] "iteration number: "
[1] 46
[1] "iteration number: "
[1] 47
[1] "iteration number: "
[1] 48
[1] "iteration number: "
[1] 49
[1] "iteration number: "
[1] 50
[1] "iteration number: "
[1] 51
[1] "RE-INITIALIZING..."
[1] 3
[1] 5
[1] 9
 [1] 2 2 3 1 2 2 2 1 2 1 4 4 3 3 4 2 1 3 4 1
[1] "iteration number: "
[1] 52
[1] "iteration number: "
[1] 53
[1] "iteration number: "
[1] 54
[1] "iteration number: "
[1] 55
[1] "iteration number: "
[1] 56
[1] "iteration number: "
[1] 57
[1] "iteration number: "
[1] 58
[1] "iteration number: "
[1] 59
[1] "iteration number: "
[1] 60
[1] "iteration number: "
[1] 61
[1] "iteration number: "
[1] 62
[1] "RE-INITIALIZING..."
[1] 4
[1] 5
[1] 9
 [1] 2 2 3 1 2 2 2 1 2 1 4 4 3 3 4 2 1 3 4 1
[1] "iteration number: "
[1] 63
[1] "iteration number: "
[1] 64
[1] "iteration number: "
[1] 65
[1] "iteration number: "
[1] 66
[1] "iteration number: "
[1] 67
[1] "iteration number: "
[1] 68
[1] "iteration number: "
[1] 69
[1] "iteration number: "
[1] 70
[1] "iteration number: "
[1] 71
[1] "iteration number: "
[1] 72
[1] "iteration number: "
[1] 73
[1] "RE-INITIALIZING..."
[1] 5
[1] 5
[1] 9
 [1] 2 2 3 1 2 2 2 1 2 1 4 4 3 3 4 2 1 3 4 1
[1] "iteration number: "
[1] 74
[1] "iteration number: "
[1] 75
[1] "iteration number: "
[1] 76
[1] "iteration number: "
[1] 77
[1] "iteration number: "
[1] 78
[1] "iteration number: "
[1] 79
[1] "iteration number: "
[1] 80
[1] "iteration number: "
[1] 81
[1] "iteration number: "
[1] 82
[1] "iteration number: "
[1] 83
[1] "iteration number: "
[1] 84
[1] "RE-INITIALIZING..."
[1] 6
[1] 5
[1] 9
[1] "No change for 6 iterations. Exiting PSO."
[1] 1 3 4 6 8 9
[1] 6
[1] "##################################"
[1] "Results summary for itr:6"
[1] "number of features selected using population mean"
[1] 6
[1] "number of features selected using current global best"
[1] 6
[1] "feat ind length"
[1] 6
[1] "best accuracy"
[1] 74.39738
[1] "test acc:1"
[1] "##################################"
[1] "learning sets: 7"
 [1] 18 33 16 40 41 53 62 58 54 22 43 20  7 47 21 34 44 61 56 38 17 27 50 36 28
[26] 52 15 48  4 63 24 26 10 46 25 57 29 59 32  8 35 19 49 14 13 42 30 51 45 55
[1] "Starting global iteration number : 7"
[1] "iteration number: "
[1] 1
[1] "Best fitness updated to:"
[1] -68.40708
[1] "Best solution:"
[1] NA NA NA NA NA NA NA NA NA
[1] 0
[1] "iteration number: "
[1] 2
[1] "Best fitness updated to:"
[1] -70.17819
[1] "Best solution:"
[1] 1 1 0 1 0 0 0 1 0
[1] 4
[1] "iteration number: "
[1] 3
[1] "Best fitness updated to:"
[1] -72.6641
[1] "Best solution:"
[1] 0 0 1 1 1 0 1 1 0
[1] 5
[1] "iteration number: "
[1] 4
[1] "iteration number: "
[1] 5
[1] "iteration number: "
[1] 6
[1] "iteration number: "
[1] 7
[1] "Best fitness updated to:"
[1] -73.62444
[1] "Best solution:"
[1] 1 0 1 1 1 0 1 1 1
[1] 7
[1] "iteration number: "
[1] 8
[1] "iteration number: "
[1] 9
[1] "Best fitness updated to:"
[1] -75.06168
[1] "Best solution:"
[1] 1 0 1 1 1 1 0 1 0
[1] 6
[1] "iteration number: "
[1] 10
[1] "iteration number: "
[1] 11
[1] "iteration number: "
[1] 12
[1] "iteration number: "
[1] 13
[1] "iteration number: "
[1] 14
[1] "iteration number: "
[1] 15
[1] "iteration number: "
[1] 16
[1] "iteration number: "
[1] 17
[1] "iteration number: "
[1] 18
[1] "iteration number: "
[1] 19
[1] "iteration number: "
[1] 20
[1] "RE-INITIALIZING..."
[1] 1
[1] 5
[1] 9
 [1] 2 2 3 1 2 2 2 1 2 1 4 4 3 3 4 2 1 3 4 1
[1] "iteration number: "
[1] 21
[1] "iteration number: "
[1] 22
[1] "iteration number: "
[1] 23
[1] "iteration number: "
[1] 24
[1] "iteration number: "
[1] 25
[1] "iteration number: "
[1] 26
[1] "iteration number: "
[1] 27
[1] "iteration number: "
[1] 28
[1] "iteration number: "
[1] 29
[1] "iteration number: "
[1] 30
[1] "iteration number: "
[1] 31
[1] "RE-INITIALIZING..."
[1] 2
[1] 5
[1] 9
 [1] 2 2 3 1 2 2 2 1 2 1 4 4 3 3 4 2 1 3 4 1
[1] "iteration number: "
[1] 32
[1] "iteration number: "
[1] 33
[1] "iteration number: "
[1] 34
[1] "iteration number: "
[1] 35
[1] "iteration number: "
[1] 36
[1] "iteration number: "
[1] 37
[1] "iteration number: "
[1] 38
[1] "iteration number: "
[1] 39
[1] "iteration number: "
[1] 40
[1] "iteration number: "
[1] 41
[1] "iteration number: "
[1] 42
[1] "RE-INITIALIZING..."
[1] 3
[1] 5
[1] 9
 [1] 2 2 3 1 2 2 2 1 2 1 4 4 3 3 4 2 1 3 4 1
[1] "iteration number: "
[1] 43
[1] "iteration number: "
[1] 44
[1] "iteration number: "
[1] 45
[1] "iteration number: "
[1] 46
[1] "iteration number: "
[1] 47
[1] "iteration number: "
[1] 48
[1] "iteration number: "
[1] 49
[1] "iteration number: "
[1] 50
[1] "iteration number: "
[1] 51
[1] "iteration number: "
[1] 52
[1] "iteration number: "
[1] 53
[1] "RE-INITIALIZING..."
[1] 4
[1] 5
[1] 9
 [1] 2 2 3 1 2 2 2 1 2 1 4 4 3 3 4 2 1 3 4 1
[1] "iteration number: "
[1] 54
[1] "iteration number: "
[1] 55
[1] "iteration number: "
[1] 56
[1] "iteration number: "
[1] 57
[1] "iteration number: "
[1] 58
[1] "iteration number: "
[1] 59
[1] "iteration number: "
[1] 60
[1] "iteration number: "
[1] 61
[1] "iteration number: "
[1] 62
[1] "iteration number: "
[1] 63
[1] "iteration number: "
[1] 64
[1] "RE-INITIALIZING..."
[1] 5
[1] 5
[1] 9
 [1] 2 2 3 1 2 2 2 1 2 1 4 4 3 3 4 2 1 3 4 1
[1] "iteration number: "
[1] 65
[1] "iteration number: "
[1] 66
[1] "iteration number: "
[1] 67
[1] "iteration number: "
[1] 68
[1] "iteration number: "
[1] 69
[1] "iteration number: "
[1] 70
[1] "iteration number: "
[1] 71
[1] "iteration number: "
[1] 72
[1] "iteration number: "
[1] 73
[1] "iteration number: "
[1] 74
[1] "iteration number: "
[1] 75
[1] "RE-INITIALIZING..."
[1] 6
[1] 5
[1] 9
[1] "No change for 6 iterations. Exiting PSO."
[1] 1 2 3 4 5 6 8
[1] 7
[1] "##################################"
[1] "Results summary for itr:7"
[1] "number of features selected using population mean"
[1] 7
[1] "number of features selected using current global best"
[1] 7
[1] "feat ind length"
[1] 7
[1] "best accuracy"
[1] 75.06168
[1] "test acc:1"
[1] "##################################"
[1] "learning sets: 8"
 [1] 56 34 35 45 53 15 19 59  4 16 26 22  5 12 13 61 29 23  3 51 21 62 27  7  8
[26] 11 36 54 25  1 28 31 40 50 32 30 63 46 33 37 18 43 47 10 49 55 38 20  2 39
[1] "Starting global iteration number : 8"
[1] "iteration number: "
[1] 1
[1] "Best fitness updated to:"
[1] -60.08848
[1] "Best solution:"
[1] NA NA NA NA NA NA NA NA NA
[1] 0
[1] "iteration number: "
[1] 2
[1] "Best fitness updated to:"
[1] -64.0446
[1] "Best solution:"
[1] 1 1 0 1 0 0 0 1 0
[1] 4
[1] "iteration number: "
[1] 3
[1] "iteration number: "
[1] 4
[1] "Best fitness updated to:"
[1] -64.89489
[1] "Best solution:"
[1] 0 0 1 1 1 1 1 1 0
[1] 6
[1] "iteration number: "
[1] 5
[1] "iteration number: "
[1] 6
[1] "iteration number: "
[1] 7
[1] "iteration number: "
[1] 8
[1] "iteration number: "
[1] 9
[1] "iteration number: "
[1] 10
[1] "iteration number: "
[1] 11
[1] "iteration number: "
[1] 12
[1] "iteration number: "
[1] 13
[1] "iteration number: "
[1] 14
[1] "iteration number: "
[1] 15
[1] "RE-INITIALIZING..."
[1] 1
[1] 5
[1] 9
 [1] 2 2 3 1 2 2 2 1 2 1 4 4 3 3 4 2 1 3 4 1
[1] "iteration number: "
[1] 16
[1] "iteration number: "
[1] 17
[1] "iteration number: "
[1] 18
[1] "iteration number: "
[1] 19
[1] "iteration number: "
[1] 20
[1] "iteration number: "
[1] 21
[1] "iteration number: "
[1] 22
[1] "iteration number: "
[1] 23
[1] "iteration number: "
[1] 24
[1] "iteration number: "
[1] 25
[1] "iteration number: "
[1] 26
[1] "RE-INITIALIZING..."
[1] 2
[1] 5
[1] 9
 [1] 2 2 3 1 2 2 2 1 2 1 4 4 3 3 4 2 1 3 4 1
[1] "iteration number: "
[1] 27
[1] "iteration number: "
[1] 28
[1] "iteration number: "
[1] 29
[1] "iteration number: "
[1] 30
[1] "iteration number: "
[1] 31
[1] "iteration number: "
[1] 32
[1] "iteration number: "
[1] 33
[1] "iteration number: "
[1] 34
[1] "iteration number: "
[1] 35
[1] "iteration number: "
[1] 36
[1] "iteration number: "
[1] 37
[1] "RE-INITIALIZING..."
[1] 3
[1] 5
[1] 9
 [1] 2 2 3 1 2 2 2 1 2 1 4 4 3 3 4 2 1 3 4 1
[1] "iteration number: "
[1] 38
[1] "iteration number: "
[1] 39
[1] "iteration number: "
[1] 40
[1] "iteration number: "
[1] 41
[1] "iteration number: "
[1] 42
[1] "iteration number: "
[1] 43
[1] "iteration number: "
[1] 44
[1] "iteration number: "
[1] 45
[1] "iteration number: "
[1] 46
[1] "iteration number: "
[1] 47
[1] "iteration number: "
[1] 48
[1] "RE-INITIALIZING..."
[1] 4
[1] 5
[1] 9
 [1] 2 2 3 1 2 2 2 1 2 1 4 4 3 3 4 2 1 3 4 1
[1] "iteration number: "
[1] 49
[1] "iteration number: "
[1] 50
[1] "iteration number: "
[1] 51
[1] "iteration number: "
[1] 52
[1] "iteration number: "
[1] 53
[1] "iteration number: "
[1] 54
[1] "iteration number: "
[1] 55
[1] "iteration number: "
[1] 56
[1] "iteration number: "
[1] 57
[1] "iteration number: "
[1] 58
[1] "iteration number: "
[1] 59
[1] "RE-INITIALIZING..."
[1] 5
[1] 5
[1] 9
 [1] 2 2 3 1 2 2 2 1 2 1 4 4 3 3 4 2 1 3 4 1
[1] "iteration number: "
[1] 60
[1] "iteration number: "
[1] 61
[1] "iteration number: "
[1] 62
[1] "iteration number: "
[1] 63
[1] "iteration number: "
[1] 64
[1] "iteration number: "
[1] 65
[1] "iteration number: "
[1] 66
[1] "iteration number: "
[1] 67
[1] "iteration number: "
[1] 68
[1] "iteration number: "
[1] 69
[1] "iteration number: "
[1] 70
[1] "RE-INITIALIZING..."
[1] 6
[1] 5
[1] 9
[1] "No change for 6 iterations. Exiting PSO."
[1] 1 3 4 5 6 8
[1] 8
[1] "##################################"
[1] "Results summary for itr:8"
[1] "number of features selected using population mean"
[1] 6
[1] "number of features selected using current global best"
[1] 6
[1] "feat ind length"
[1] 6
[1] "best accuracy"
[1] 64.89489
[1] "test acc:1"
[1] "##################################"
[1] "learning sets: 9"
 [1] 22 41 10 46 24 33 14 17 37 38 35  5 28 51  6 20 34 58 42 55 32 48 21 25 26
[26]  4 50 23 47 53 12 18 30 52 62 43 44 40 13 29 49  7 56 61 54 31 36 57 16 19
[1] "Starting global iteration number : 9"
[1] "iteration number: "
[1] 1
[1] "Best fitness updated to:"
[1] -70.28173
[1] "Best solution:"
[1] NA NA NA NA NA NA NA NA NA
[1] 0
[1] "iteration number: "
[1] 2
[1] "Best fitness updated to:"
[1] -75.64191
[1] "Best solution:"
[1] 1 1 0 1 0 0 0 1 0
[1] 4
[1] "iteration number: "
[1] 3
[1] "iteration number: "
[1] 4
[1] "iteration number: "
[1] 5
[1] "iteration number: "
[1] 6
[1] "iteration number: "
[1] 7
[1] "iteration number: "
[1] 8
[1] "iteration number: "
[1] 9
[1] "iteration number: "
[1] 10
[1] "iteration number: "
[1] 11
[1] "iteration number: "
[1] 12
[1] "iteration number: "
[1] 13
[1] "RE-INITIALIZING..."
[1] 1
[1] 5
[1] 9
 [1] 2 1 2 3 1 2 2 3 3 3 4 1 1 1 2 2 2 3 4 1
[1] "iteration number: "
[1] 14
[1] "iteration number: "
[1] 15
[1] "iteration number: "
[1] 16
[1] "iteration number: "
[1] 17
[1] "iteration number: "
[1] 18
[1] "iteration number: "
[1] 19
[1] "iteration number: "
[1] 20
[1] "iteration number: "
[1] 21
[1] "iteration number: "
[1] 22
[1] "iteration number: "
[1] 23
[1] "iteration number: "
[1] 24
[1] "RE-INITIALIZING..."
[1] 2
[1] 5
[1] 9
 [1] 2 2 3 1 2 2 2 1 2 1 4 4 3 3 4 2 1 3 4 1
[1] "iteration number: "
[1] 25
[1] "iteration number: "
[1] 26
[1] "iteration number: "
[1] 27
[1] "iteration number: "
[1] 28
[1] "iteration number: "
[1] 29
[1] "iteration number: "
[1] 30
[1] "iteration number: "
[1] 31
[1] "iteration number: "
[1] 32
[1] "iteration number: "
[1] 33
[1] "iteration number: "
[1] 34
[1] "iteration number: "
[1] 35
[1] "RE-INITIALIZING..."
[1] 3
[1] 5
[1] 9
 [1] 2 2 3 1 2 2 2 1 2 1 4 4 3 3 4 2 1 3 4 1
[1] "iteration number: "
[1] 36
[1] "iteration number: "
[1] 37
[1] "iteration number: "
[1] 38
[1] "iteration number: "
[1] 39
[1] "iteration number: "
[1] 40
[1] "iteration number: "
[1] 41
[1] "iteration number: "
[1] 42
[1] "iteration number: "
[1] 43
[1] "iteration number: "
[1] 44
[1] "iteration number: "
[1] 45
[1] "iteration number: "
[1] 46
[1] "RE-INITIALIZING..."
[1] 4
[1] 5
[1] 9
 [1] 2 2 3 1 2 2 2 1 2 1 4 4 3 3 4 2 1 3 4 1
[1] "iteration number: "
[1] 47
[1] "iteration number: "
[1] 48
[1] "iteration number: "
[1] 49
[1] "iteration number: "
[1] 50
[1] "iteration number: "
[1] 51
[1] "iteration number: "
[1] 52
[1] "iteration number: "
[1] 53
[1] "iteration number: "
[1] 54
[1] "iteration number: "
[1] 55
[1] "iteration number: "
[1] 56
[1] "iteration number: "
[1] 57
[1] "RE-INITIALIZING..."
[1] 5
[1] 5
[1] 9
 [1] 2 2 3 1 2 2 2 1 2 1 4 4 3 3 4 2 1 3 4 1
[1] "iteration number: "
[1] 58
[1] "iteration number: "
[1] 59
[1] "iteration number: "
[1] 60
[1] "iteration number: "
[1] 61
[1] "iteration number: "
[1] 62
[1] "iteration number: "
[1] 63
[1] "iteration number: "
[1] 64
[1] "iteration number: "
[1] 65
[1] "iteration number: "
[1] 66
[1] "iteration number: "
[1] 67
[1] "iteration number: "
[1] 68
[1] "RE-INITIALIZING..."
[1] 6
[1] 5
[1] 9
[1] "No change for 6 iterations. Exiting PSO."
[1] 3 4 5 6 7 8
[1] 9
[1] "##################################"
[1] "Results summary for itr:9"
[1] "number of features selected using population mean"
[1] 6
[1] "number of features selected using current global best"
[1] 6
[1] "feat ind length"
[1] 6
[1] "best accuracy"
[1] 75.64191
[1] "test acc:1"
[1] "##################################"
[1] "learning sets: 10"
 [1] 46 10 55  6 23 41 17  9 16 48 20 42  3 13 40 63 21  4 29 27 19 32 47 39  5
[26]  2 45 14 54 35 28 36 11 38 34 51 59 18  7 49 24 61 56 30 53 50 22 26 52 37
[1] "Starting global iteration number : 10"
[1] "iteration number: "
[1] 1
[1] "Best fitness updated to:"
[1] -64.26624
[1] "Best solution:"
[1] NA NA NA NA NA NA NA NA NA
[1] 0
[1] "iteration number: "
[1] 2
[1] "iteration number: "
[1] 3
[1] "Best fitness updated to:"
[1] -64.90323
[1] "Best solution:"
[1] 0 0 1 1 1 1 1 0 1
[1] 6
[1] "iteration number: "
[1] 4
[1] "iteration number: "
[1] 5
[1] "iteration number: "
[1] 6
[1] "iteration number: "
[1] 7
[1] "iteration number: "
[1] 8
[1] "iteration number: "
[1] 9
[1] "iteration number: "
[1] 10
[1] "iteration number: "
[1] 11
[1] "iteration number: "
[1] 12
[1] "iteration number: "
[1] 13
[1] "iteration number: "
[1] 14
[1] "RE-INITIALIZING..."
[1] 1
[1] 5
[1] 9
 [1] 2 1 2 3 1 2 2 3 3 3 4 1 1 1 2 2 2 3 4 1
[1] "iteration number: "
[1] 15
[1] "iteration number: "
[1] 16
[1] "iteration number: "
[1] 17
[1] "iteration number: "
[1] 18
[1] "iteration number: "
[1] 19
[1] "iteration number: "
[1] 20
[1] "iteration number: "
[1] 21
[1] "Best fitness updated to:"
[1] -64.95255
[1] "Best solution:"
[1] 1 0 1 1 1 1 1 1 1
[1] 8
[1] "iteration number: "
[1] 22
[1] "iteration number: "
[1] 23
[1] "iteration number: "
[1] 24
[1] "iteration number: "
[1] 25
[1] "iteration number: "
[1] 26
[1] "iteration number: "
[1] 27
[1] "iteration number: "
[1] 28
[1] "iteration number: "
[1] 29
[1] "iteration number: "
[1] 30
[1] "iteration number: "
[1] 31
[1] "iteration number: "
[1] 32
[1] "RE-INITIALIZING..."
[1] 1
[1] 5
[1] 9
 [1] 2 2 3 1 2 2 2 1 2 1 4 4 3 3 4 2 1 3 4 1
[1] "iteration number: "
[1] 33
[1] "iteration number: "
[1] 34
[1] "iteration number: "
[1] 35
[1] "iteration number: "
[1] 36
[1] "iteration number: "
[1] 37
[1] "iteration number: "
[1] 38
[1] "iteration number: "
[1] 39
[1] "iteration number: "
[1] 40
[1] "iteration number: "
[1] 41
[1] "iteration number: "
[1] 42
[1] "iteration number: "
[1] 43
[1] "RE-INITIALIZING..."
[1] 2
[1] 5
[1] 9
 [1] 2 2 3 1 2 2 2 1 2 1 4 4 3 3 4 2 1 3 4 1
[1] "iteration number: "
[1] 44
[1] "iteration number: "
[1] 45
[1] "iteration number: "
[1] 46
[1] "iteration number: "
[1] 47
[1] "iteration number: "
[1] 48
[1] "iteration number: "
[1] 49
[1] "iteration number: "
[1] 50
[1] "iteration number: "
[1] 51
[1] "iteration number: "
[1] 52
[1] "iteration number: "
[1] 53
[1] "iteration number: "
[1] 54
[1] "RE-INITIALIZING..."
[1] 3
[1] 5
[1] 9
 [1] 2 2 3 1 2 2 2 1 2 1 4 4 3 3 4 2 1 3 4 1
[1] "iteration number: "
[1] 55
[1] "iteration number: "
[1] 56
[1] "iteration number: "
[1] 57
[1] "iteration number: "
[1] 58
[1] "iteration number: "
[1] 59
[1] "iteration number: "
[1] 60
[1] "iteration number: "
[1] 61
[1] "iteration number: "
[1] 62
[1] "iteration number: "
[1] 63
[1] "iteration number: "
[1] 64
[1] "iteration number: "
[1] 65
[1] "RE-INITIALIZING..."
[1] 4
[1] 5
[1] 9
 [1] 2 2 3 1 2 2 2 1 2 1 4 4 3 3 4 2 1 3 4 1
[1] "iteration number: "
[1] 66
[1] "iteration number: "
[1] 67
[1] "iteration number: "
[1] 68
[1] "iteration number: "
[1] 69
[1] "iteration number: "
[1] 70
[1] "iteration number: "
[1] 71
[1] "iteration number: "
[1] 72
[1] "iteration number: "
[1] 73
[1] "iteration number: "
[1] 74
[1] "iteration number: "
[1] 75
[1] "iteration number: "
[1] 76
[1] "RE-INITIALIZING..."
[1] 5
[1] 5
[1] 9
 [1] 2 2 3 1 2 2 2 1 2 1 4 4 3 3 4 2 1 3 4 1
[1] "iteration number: "
[1] 77
[1] "iteration number: "
[1] 78
[1] "iteration number: "
[1] 79
[1] "iteration number: "
[1] 80
[1] "iteration number: "
[1] 81
[1] "iteration number: "
[1] 82
[1] "iteration number: "
[1] 83
[1] "iteration number: "
[1] 84
[1] "iteration number: "
[1] 85
[1] "iteration number: "
[1] 86
[1] "iteration number: "
[1] 87
[1] "RE-INITIALIZING..."
[1] 6
[1] 5
[1] 9
 [1] 2 2 3 1 2 2 2 1 2 1 4 4 3 3 4 2 1 3 4 1
[1] "iteration number: "
[1] 88
[1] "iteration number: "
[1] 89
[1] "iteration number: "
[1] 90
[1] "iteration number: "
[1] 91
[1] "iteration number: "
[1] 92
[1] "iteration number: "
[1] 93
[1] "iteration number: "
[1] 94
[1] "iteration number: "
[1] 95
[1] "iteration number: "
[1] 96
[1] "iteration number: "
[1] 97
[1] "iteration number: "
[1] 98
[1] "RE-INITIALIZING..."
[1] 7
[1] 5
[1] 9
 [1] 2 2 3 1 2 2 2 1 2 1 4 4 3 3 4 2 1 3 4 1
[1] "iteration number: "
[1] 99
[1] "iteration number: "
[1] 100
[1] "iteration number: "
[1] 101
[1] "iteration number: "
[1] 102
[1] "iteration number: "
[1] 103
[1] "iteration number: "
[1] 104
[1] "iteration number: "
[1] 105
[1] "iteration number: "
[1] 106
[1] "iteration number: "
[1] 107
[1] "iteration number: "
[1] 108
[1] "iteration number: "
[1] 109
[1] "RE-INITIALIZING..."
[1] 8
[1] 5
[1] 9
 [1] 2 2 3 1 2 2 2 1 2 1 4 4 3 3 4 2 1 3 4 1
[1] "No change for 8 iterations. Exiting PSO."
[1] 2 3 5 6 7 9
[1] 10
[1] "##################################"
[1] "Results summary for itr:10"
[1] "number of features selected using population mean"
[1] 7
[1] "number of features selected using current global best"
[1] 6
[1] "feat ind length"
[1] 6
[1] "best accuracy"
[1] 64.95255
[1] "test acc:0.923076923076923"
[1] "##################################"
[1] "testacc"
 [1] 1.0000000 1.0000000 0.9230769 1.0000000 0.9230769 1.0000000 1.0000000
 [8] 1.0000000 1.0000000 0.9230769
[1] 0.9769231
   Min. 1st Qu.  Median    Mean 3rd Qu.    Max. 
 0.9231  0.9423  1.0000  0.9769  1.0000  1.0000 
[1] 0.03715738
      [,1] [,2] [,3] [,4] [,5] [,6] [,7] [,8] [,9] [,10]
 [1,]    1    0    1    1    1    1    1    1    0     0
 [2,]    0    1    0    1    0    0    1    0    0     1
 [3,]    1    1    1    0    1    1    1    1    1     1
 [4,]    1    1    1    1    1    1    1    1    1     0
 [5,]    0    1    1    1    1    0    1    1    1     1
 [6,]    1    1    1    1    1    1    1    1    1     1
 [7,]    0    1    0    1    1    0    0    0    1     1
 [8,]    1    1    0    1    1    1    1    1    1     0
 [9,]    1    0    1    1    0    1    0    0    0     1
[1] "dim of scoring matrix is "
[1]  9 10
[1] "DS index stage 2"
[1] 0.7507285
[1] "KI index stage 2"
[1] -Inf
[1] 1
   Min. 1st Qu.  Median    Mean 3rd Qu.    Max. 
  4.000   5.000   8.000   7.222   9.000  10.000 
[1] "Number of features selected in 1 iterations:"
[1] 9
[1] "Number of features selected in 1 iterations:"
[1] 9
[1] 1 1 1 1
[1] 1 1 1 1
[1] "accuracy: 100 num_feat:9 fitness:77.6422931514233"
$fitfunc
[1] -77.64229

$cverror
[1] 100

$cvpermerror
[1] 30.51101

$testacc
[1] 100

$reverseacc
[1] 100

[1] -77.64229
[1] "Number of features selected in 2 iterations:"
[1] 9
[1] 1 1 1 1
[1] 1 1 1 1
[1] "accuracy: 100 num_feat:9 fitness:77.6422931514233"
$fitfunc
[1] -77.64229

$cverror
[1] 100

$cvpermerror
[1] 30.51101

$testacc
[1] 100

$reverseacc
[1] 100

[1] -77.64229
[1] "Number of features selected in 3 iterations:"
[1] 9
[1] 1 1 1 1
[1] 1 1 1 1
[1] "accuracy: 100 num_feat:9 fitness:77.6422931514233"
$fitfunc
[1] -77.64229

$cverror
[1] 100

$cvpermerror
[1] 30.51101

$testacc
[1] 100

$reverseacc
[1] 100

[1] -77.64229
[1] "Number of features selected in 4 iterations:"
[1] 9
[1] 1 1 1 1
[1] 1 1 1 1
[1] "accuracy: 100 num_feat:9 fitness:77.6422931514233"
$fitfunc
[1] -77.64229

$cverror
[1] 100

$cvpermerror
[1] 30.51101

$testacc
[1] 100

$reverseacc
[1] 100

[1] -77.64229
[1] "Number of features selected in 5 iterations:"
[1] 8
[1] 1.0000000 0.9565217 1.0000000 1.0000000
[1] 1.0000000 0.9565217 1.0000000 1.0000000
[1] "accuracy: 94.0857799503322 num_feat:8 fitness:70.7945147435324"
$fitfunc
[1] -70.79451

$cverror
[1] 94.08578

$cvpermerror
[1] 34.03798

$testacc
[1] 100

$reverseacc
[1] 98.91304

[1] -70.79451
[1] "Number of features selected in 6 iterations:"
[1] 6
[1] 1.0000000 0.9565217 1.0000000 1.0000000
[1] 1.0000000 0.9565217 1.0000000 1.0000000
[1] "accuracy: 100 num_feat:6 fitness:76.7415622418896"
$fitfunc
[1] -76.74156

$cverror
[1] 100

$cvpermerror
[1] 32.19632

$testacc
[1] 100

$reverseacc
[1] 98.91304

[1] -76.74156
[1] "Number of features selected in 7 iterations:"
[1] 6
[1] 1.0000000 0.9565217 1.0000000 1.0000000
[1] 1.0000000 0.9565217 1.0000000 1.0000000
[1] "accuracy: 100 num_feat:6 fitness:76.7415622418896"
$fitfunc
[1] -76.74156

$cverror
[1] 100

$cvpermerror
[1] 32.19632

$testacc
[1] 100

$reverseacc
[1] 98.91304

[1] -76.74156
[1] "Number of features selected in 8 iterations:"
[1] 5
[1] 1 1 1 1
[1] 1 1 1 1
[1] "accuracy: 94.934109880331 num_feat:5 fitness:71.098377470889"
$fitfunc
[1] -71.09838

$cverror
[1] 94.93411

$cvpermerror
[1] 34.17378

$testacc
[1] 96.875

$reverseacc
[1] 100

[1] -71.09838
[1] "Number of features selected in 9 iterations:"
[1] 3
[1] 0.3750000 0.9565217 0.9166667 0.8500000
[1] 0.3750000 0.9565217 0.9166667 0.8500000
[1] "accuracy: 70.8626385346864 num_feat:3 fitness:42.3321733413825"
$fitfunc
[1] -42.33217

$cverror
[1] 70.86264

$cvpermerror
[1] 44.12402

$testacc
[1] 82.66304

$reverseacc
[1] 77.45471

[1] -42.33217
[1] "Number of features selected in 10 iterations:"
[1] 1
[1] "accuracy: 1 num_feat:1 fitness:-100"
$fitfunc
[1] 100

$cverror
[1] 1

$cvpermerror
[1] 100

$testacc
[1] 1

$reverseacc
[1] 1

[1] 100
   Min. 1st Qu.  Median    Mean 3rd Qu.    Max. 
 0.9231  0.9423  1.0000  0.9769  1.0000  1.0000 
[1] "Number of features selected in 1 iterations:"
[1] 9
[1] "Modified train 10 fold accuracy using train data is "
[1] 100
[1] "Modified train accuracy is "
[1] 1
[1] "train confusion matrix is "
          trainclass
pred_train  1  2  3  4
         1  8  0  0  0
         2  0 23  0  0
         3  0  0 12  0
         4  0  0  0 20
[1] "Train dimension is "
[1] 63  9
[1] "Test dimension is "
[1] 20  9
[1] "Test confusion matrix is "
    
pred 1 2 3 4
   1 3 0 0 0
   2 0 5 0 0
   3 0 0 6 0
   4 0 1 0 5
[1] "Test acc is "
[1] 0.95
[1] "train 10 fold"
[1] 100
[1] "Test confusion matrix is "
    
pred 1 2 3 4
   1 3 0 0 0
   2 0 5 0 0
   3 0 0 6 0
   4 0 1 0 5
[1] "Test acc is "
[1] 0.95
[1] "Test AUC:"
[1] 0.9583333
[1] "Train acc is "
[1] 1
[1] "# of features after CMA:"
NULL
[1] "# of features after PSO:"
[1] 63 10
     user    system   elapsed 
   47.278     5.629 21027.577 
There were 50 or more warnings (use warnings() to see the first 50)
> 
> 
> 
> feat_ind<-psores$bestfeatlist
> feat_names<-psores$bestfeatnames
> 
> scoringmatrix<-as.data.frame(psores$scoringmatrix)
> print(scoringmatrix)
  V1 V2 V3 V4 V5 V6 V7 V8 V9 V10
1  1  0  1  1  1  1  1  1  0   0
2  0  1  0  1  0  0  1  0  0   1
3  1  1  1  0  1  1  1  1  1   1
4  1  1  1  1  1  1  1  1  1   0
5  0  1  1  1  1  0  1  1  1   1
6  1  1  1  1  1  1  1  1  1   1
7  0  1  0  1  1  0  0  0  1   1
8  1  1  0  1  1  1  1  1  1   0
9  1  0  1  1  0  1  0  0  0   1
> print(feat_names[feat_ind])
[1] "var1"    "var246"  "var255"  "var842"  "var1003" "var1389" "var1427"
[8] "var1954" "var1955"
> 
> save(psores,file="psores.Rda")
> print("Complete")
[1] "Complete"
> 
