nmaqcIIbreastER3globalnochange5itrreset5nod1pctfeb817v5D_2.out : [1] 0.8959647
nmaqcIIbreastER5globalnochange5itrreset5nod1pct030117vfebv6B.out : [1] 0.8703237
nmaqcIIbreastER15globalnochange5itrreset5nod1pctfeb817v6E_1.out : [1] 0.8959647
nmaqcIIbreastER15globalnochange5itrreset5nod1pct083116.out : [1] 0.8749475
nmaqcIIbreastER10globalnochange5itrreset5nod1pctfeb817v5E_2.out : [1] 0.8575032
nmaqcIIbreastER15globalnochange5itrreset5nod1pctfeb817v6D_2.out : [1] 0.8703237
nmaqcIIbreastER3globalnochange5itrreset5nod1pctfeb817v5B_2.out : [1] 0.8959647
nmaqcIIbreastER15globalnochange5itrreset5nod1pctfeb817v5B_2.out : [1] 0.8831442
nmaqcIIbreastER10globalnochange5itrreset5nod1pct083116.out : [1] 0.8656999
nmaqcIIbreastER3globalnochange5itrreset5nod1pctfeb817v5C_2.out : [1] 0.8959647
nmaqcIIbreastER10globalnochange5itrreset5nod1pctfeb817v5C_2.out : [1] 0.8656999
nmaqcIIbreastER3globalnochange5itrreset5nod1pctfeb817v6D_2.out : [1] 0.8959647
nmaqcIIbreastER15globalnochange5itrreset5nod1pctfeb817v5D_2.out : [1] 0.8959647
nmaqcIIbreastER15globalnochange5itrreset5nod1pctfeb817v5C_2.out : [1] 0.8656999
nmaqcIIbreastER10globalnochange5itrreset5nod1pctfeb817v5E_4.out : [1] 0.8575032
nmaqcIIbreastER5globalnochange5itrreset5nod1pctfeb817v5E_3.out : [1] 0.8446826
nmaqcIIbreastER15globalnochange5itrreset5nod1train0.7pctfeb817v5E_6.out : [1] 0.8959647
nmaqcIIbreastER5globalnochange5itrreset5nod1pct030117vfebv6.out : [1] 0.8703237
nmaqcIIbreastER5globalnochange5itrreset5nod1pctfeb817v5C_2.out : [1] 0.8411097
nmaqcIIbreastER15globalnochange5itrreset5nod1pctfeb817v5E_4.out : [1] 0.8831442
nmaqcIIbreastER10globalnochange5itrreset5nod1pct030117vfebv6B.out : [1] 0.8785204
nmaqcIIbreastER3globalnochange5itrreset5nod1pctfeb817v5E_2.out : [1] 0.8959647
nmaqcIIbreastER5globalnochange5itrreset5nod1pct083116.out : [1] 0.8493064
nmaqcIIbreastER15globalnochange5itrreset5nod1pct030117vfebv6B.out : [1] 0.8831442
nmaqcIIbreastER5globalnochange5itrreset5nod1pctfeb817v5D_2.out : [1] 0.8575032
nmaqcIIbreastER5globalnochange5itrreset5nod1pctfeb817v5B_2.out : [1] 0.8656999
nmaqcIIbreastER10globalnochange5itrreset5nod1pctfeb817v5D_2.out : [1] 0.8656999
nmaqcIIbreastER10globalnochange5itrreset5nod1train0.7pctfeb817v5E_6.out : [1] 0.8621269
nmaqcIIbreastER3globalnochange5itrreset5nod1pctfeb817v5E_3.out : [1] 0.8959647
nmaqcIIbreastER5globalnochange5itrreset5nod1pctfeb817v5E_2.out : [1] 0.8703237
nmaqcIIbreastER5globalnochange5itrreset5nod1train0.7pctfeb817v5E_6.out : [1] 0.8785204
nmaqcIIbreastER5globalnochange5itrreset5nod1pctfeb817v6D_2.out : [1] 0.8621269
nmaqcIIbreastER10globalnochange5itrreset5nod1pctfeb817v5B_2.out : [1] 0.8738966
nmaqcIIbreastER3globalnochange5itrreset5nod1pctfeb817v5E_4.out : [1] 0.8959647
nmaqcIIbreastER3globalnochange5itrreset5nod1train0.7pctfeb817v5E_6.out : [1] 0.8959647
nmaqcIIbreastER15globalnochange5itrreset5nod1pctfeb817v5E_2.out : [1] 0.8959647
nmaqcIIbreastER3globalnochange5itrreset5nod1pct030117vfebv6B.out : [1] 0.8959647
nmaqcIIbreastER3globalnochange5itrreset5nod1pct083116.out : [1] 0.8959647
nmaqcIIbreastER10globalnochange5itrreset5nod1pctfeb817v6D_2.out : [1] 0.8656999
nmaqcIIbreastER5globalnochange5itrreset5nod1pctfeb817v5E_4.out : [1] 0.8703237
