
R version 3.2.2 (2015-08-14) -- "Fire Safety"
Copyright (C) 2015 The R Foundation for Statistical Computing
Platform: x86_64-pc-linux-gnu (64-bit)

R is free software and comes with ABSOLUTELY NO WARRANTY.
You are welcome to redistribute it under certain conditions.
Type 'license()' or 'licence()' for distribution details.

  Natural language support but running in an English locale

R is a collaborative project with many contributors.
Type 'contributors()' for more information and
'citation()' on how to cite R or R packages in publications.

Type 'demo()' for some demos, 'help()' for on-line help, or
'help.start()' for an HTML browser interface to help.
Type 'q()' to quit R.

> 
> #.libPaths("/home/kuppal3/karan_libs/Rlibs")
> library(snow)
> library(e1071)
> library(yaImpute)

Attaching package: ‘yaImpute’

The following object is masked from ‘package:e1071’:

    impute

> library(pROC)
Type 'citation("pROC")' for a citation.

Attaching package: ‘pROC’

The following objects are masked from ‘package:stats’:

    cov, smooth, var

> library(bioDist)
Loading required package: Biobase
Loading required package: BiocGenerics
Loading required package: parallel

Attaching package: ‘parallel’

The following objects are masked from ‘package:snow’:

    clusterApply, clusterApplyLB, clusterCall, clusterEvalQ,
    clusterExport, clusterMap, clusterSplit, makeCluster, parApply,
    parCapply, parLapply, parRapply, parSapply, splitIndices,
    stopCluster


Attaching package: ‘BiocGenerics’

The following objects are masked from ‘package:parallel’:

    clusterApply, clusterApplyLB, clusterCall, clusterEvalQ,
    clusterExport, clusterMap, parApply, parCapply, parLapply,
    parLapplyLB, parRapply, parSapply, parSapplyLB

The following objects are masked from ‘package:snow’:

    clusterApply, clusterApplyLB, clusterCall, clusterEvalQ,
    clusterExport, clusterMap, parApply, parCapply, parLapply,
    parRapply, parSapply

The following objects are masked from ‘package:stats’:

    IQR, mad, xtabs

The following objects are masked from ‘package:base’:

    anyDuplicated, append, as.data.frame, as.vector, cbind, colnames,
    do.call, duplicated, eval, evalq, Filter, Find, get, grep, grepl,
    intersect, is.unsorted, lapply, lengths, Map, mapply, match, mget,
    order, paste, pmax, pmax.int, pmin, pmin.int, Position, rank,
    rbind, Reduce, rownames, sapply, setdiff, sort, table, tapply,
    union, unique, unlist, unsplit

Welcome to Bioconductor

    Vignettes contain introductory material; view with
    'browseVignettes()'. To cite Bioconductor, see
    'citation("Biobase")', and for packages 'citation("pkgname")'.

Loading required package: KernSmooth
KernSmooth 2.23 loaded
Copyright M. P. Wand 1997-2009
> #library(CMA, lib="/home/kuppal3/karan_libs/Rlibs/")
> library(RankAggreg)
> library(CMA)

Attaching package: ‘CMA’

The following object is masked from ‘package:pROC’:

    roc

The following object is masked from ‘package:e1071’:

    tune

> library(expm)
Loading required package: Matrix

Attaching package: ‘expm’

The following object is masked from ‘package:Matrix’:

    expm

> 
> cl<-makeCluster(1)
> 
> #source("/home/kuppal3/Research/Feature_selection/Rcode/versionjuly12013/svm_cv_v1.1.R")
> #source("/Users/karanuppal/Documents/Gatech/Projects/Algorithms/TwostagePSO/Rcode/version2015/OCFS_vnov282014.R")
> 
> #same results
> #source("/home/kuppal3/Research/Feature_selection/Rcode/version2015/OCFS_vnov28.22014_v11.R")
> 
> #source("/home/kuppal3/Research/Feature_selection/Rcode/version2015/OCFS_vapr282015.R")
> 
> #source("/home/kuppal3/Research/Feature_selection/Rcode/version2015/OCFS_vapr282015_v5_2.R")
> 
> #source("/home/kuppal3/Research/Feature_selection/Rcode/version2015/OCFS_vapr282015_v11.R")
> 
> 
> #source("/home/kuppal3/Research/Feature_selection/Rcode/version2015/OCFS_vmay2415_v26_randomseeds.R")
> 
> args<-commandArgs(trailingOnly=TRUE)
> #sname<-paste("/home/kuppal3/Research/Feature_selection/Rcode/version2015/OCFS_",args[9],".R",sep="")
> 
> #source(sname)
> #source("/Users/karanuppal/Documents/Gatech/Projects/Algorithms/TwostagePSO/Rcode/version2015/svm_cv_v1.1.R")
> 
> #source("/Users/karanuppal/Documents/Gatech/Projects/Algorithms/TwostagePSO/Rcode/version2015/performCMA_consensus_tenfold_ber_nominal_lungheart_train_test_nov172014_none.R")
> sname<-paste("/home/kuppal2/Documents/Projects/xmsPANDA/Other/scripts/OCFS_",args[9],".R",sep="")
> source(sname)
> print(sname)
[1] "/home/kuppal2/Documents/Projects/xmsPANDA/Other/scripts/OCFS_vfeb817_v8.R"
> 
> #data_loc<-"/home/stu/kuppal3/Research/Feature_selection/Datasets/Golub/" 
> #data_loc<-"/Users/karanuppal/Documents/Gatech/Projects/Algorithms/TwostagePSO/Datasets/Golub/"
> data_loc<-"/home/kuppal2/Documents/Projects/xmsPANDA/Other/Datasets/Golub/"
> setwd(data_loc)
> #load("/home/stu/kuppal3/Research/Feature_selection/Datasets/MAQCII_BreastCancer/MaqcIIbr.Rda")
> 
> 
> #load("/home/kuppal3/Research/Feature_selection/Datasets/Golub/Golub.rda")
> load("Golub.rda")
> trainm<-Golub$X
> testm<-Golub$Xt
> trainclass<-Golub$y
> testclass<-Golub$yt
> 
> cnames<-paste("var",seq(1,dim(trainm)[2]),sep="")
> colnames(trainm)<-cnames
> colnames(testm)<-cnames
> 
> trainm<-t(trainm)
> testm<-t(testm)
> 
> 
> 
> trainm[trainm < 100] <- 100
> trainm[trainm > 16000] <- 16000
> 
> testm[testm < 100] <- 100
> testm[testm > 16000] <- 16000
> 
> mmfilt <- function(x,r = 5, d = 500, na.rm = TRUE) {
+  minval <- min(x, na.rm = na.rm)
+  maxval <- max(x, na.rm = na.rm)
+  (maxval/minval > r) && (maxval - minval > d)
+ }
> 
> #mmfun <- mmfilt()
> #ffun <- filterfun(mmfun)
> #good <- genefilter(X, ffun)
> 
> good<-apply(trainm,1,mmfilt)
> 
> 
> trainm<-trainm[good,]
> 
> print(dim(trainm))
[1] 3051   38
> testm<-testm[good,]
> 
> 
> trainm<-log10(trainm+1)
>  testm<-log10(testm+1)
> 
> 
> trainm<-t(trainm)
> testm<-t(testm)
> 
> trainm<-cbind(trainclass,trainm)
> testm<-cbind(testclass,testm)
> 
> trainm<-na.omit(trainm)
> testm<-na.omit(testm)
> 
> #outloc<-"/home/kuppal3/Research/Feature_selection/Datasets/Khan_SRBCT/OCFSv21itr1_LIMMApres1novarsel_l0.45f0.45c0.05minsel0.3randbehavfeatw0.01_local/"
> #outloc<-"/home/kuppal3/Research/Feature_selection/Datasets/Prostate/OCFSvmay2415_v28_itr2_CV2june2615_randbehav_randinertia_max10/"
> 
> #outloc<-"/home/kuppal3/Research/Feature_selection/Datasets/Golub/OCFSvmay2415_v28_sensitivity_itr23/"
> 
> #outloc<-paste("/home/kuppal3/Research/Feature_selection/Datasets/Golub/OCFSvmay2415_v26randseeds_sensitivity_itr",args[9],"/",sep="")
> 
> outloc<-paste(data_loc,"/OCFSvmay2415_v31_sensitivity_itr",args[9],"/",sep="")
> 
> 
> 
> #OCFSvmay2415v2reg_itr1_LassoRFELIMMAELpres1backwsel_l0.25f0.45c0.25_top10pctmaxitrs100minselmedianrandbehavfeatw0.01_CV2accA100B1wrand6methodsmax100wrand/"
> 
> dir.create(outloc)
Warning message:
In dir.create(outloc) :
  '/home/kuppal2/Documents/Projects/xmsPANDA/Other/Datasets/Golub//OCFSvmay2415_v31_sensitivity_itrvfeb817_v8' already exists
> setwd(outloc)
> 
> trainm<-as.matrix(trainm)
> testm<-as.matrix(testm)
> trainclass<-trainm[,1] #CMAres$modtrainclass
> testclass<-testm[,1] #CMAres$modtestclass
> trainm<-trainm[,-c(1)] #CMAres$modtrainmata
> testm<-testm[,-c(1)] #CMAres$modtestmata
> 
> #a: Confusions
> #b: Neighbors
> #c: Global
> #d: Death
> 
> a<-c(0.25,0.25,0.25,0.25)
> b<-c(0.3,0.1,0.4,0.1)
> c<-c(0.25,0.25,0.5,0)
> d<-c(0.9,0.1,0,0.1)
> 
> a<-c(0,0.4,0.1,0.5)
> b<-c(0.3,0.1,0.4,0.1)
> c<-c(0,0.5,0.5,0)
> d<-c(0.9,0.1,0,0)
> 
> a<-c(0,0.4,0.1,0.5)
> b<-c(0.2,0.3,0.4,0.1)
> c<-c(0,0.4,0.4,0.2)
> d<-c(0.9,0.1,0,0)
> 
> transition_matrix<-rbind(a,b,c,d)
> 
> 
> dir.create(outloc)
Warning message:
In dir.create(outloc) :
  '/home/kuppal2/Documents/Projects/xmsPANDA/Other/Datasets/Golub//OCFSvmay2415_v31_sensitivity_itrvfeb817_v8' already exists
> setwd(outloc)
> temp2=t(trainm)
> temp2=apply(temp2, 2, function(x){which(x=="MD")})
> temp2=unlist(temp2)
> temp2=unique(temp2)
> if(length(temp2)>1)
+ {
+ 	trainm=trainm[,-c(temp2)]
+ 
+ 	rm(temp2)
+ }
> 
> boostweight=rep(0,dim(trainm)[2])
> 
> #if(FALSE)
> {
+ CMAres<-performCMA(trainm, trainclass, testm, testclass,outloc,
+ maxnum=as.numeric(args[10]),
+ minnum=3,
+ stepitr=1,
+ gsmethods=c("limma"), #"lasso","elasticnet","kruskal.test"), #"f.test", "f.test", "elasticnet", "wilcox.test", "welch.test"),
+ pct_train=0.40,
+ accuracyweight=1,
+ featweight=0.06,
+ minpresent=1,
+ kname="radial",
+ norm_method="none",
+ tolerance=0.1,
+ maxitrs=5,
+ classindex=1,
+ numfacts=0,
+ evalmethod="CV",
+ numfolds=10,
+ CVfoldthresh=0.7,
+ varselmethod="none",
+ scheme_val="one-vs-all",
+ iter_learn=1,boostweight=rep(0,dim(trainm)[2]))
+ 
+ 
+ CMAres<-performCMA(trainm, trainclass, testm, testclass,outloc,
+ maxnum=as.numeric(args[10]),
+ minnum=3,
+ stepitr=1,
+ gsmethods=c("lasso"), #"lasso","elasticnet","kruskal.test"), #"f.test", "f.test", "elasticnet", "wilcox.test", "welch.test"),
+ pct_train=0.40,
+ accuracyweight=1,
+ featweight=0.06,
+ minpresent=1,
+ kname="radial",
+ norm_method="none",
+ tolerance=0.1,
+ maxitrs=5,
+ classindex=1,
+ numfacts=0,
+ evalmethod="CV",
+ numfolds=10,
+ CVfoldthresh=0.7,
+ varselmethod="none",
+ scheme_val="one-vs-all",
+ iter_learn=1,boostweight=rep(0,dim(trainm)[2]))
+ 
+ CMAres<-performCMA(trainm, trainclass, testm, testclass,outloc,
+ maxnum=as.numeric(args[10]),
+ minnum=3,
+ stepitr=1,
+ gsmethods=c("rfe"), #"lasso","elasticnet","kruskal.test"), #"f.test", "f.test", "elasticnet", "wilcox.test", "welch.test"),
+ pct_train=0.40,
+ accuracyweight=1,
+ featweight=0.06,
+ minpresent=1,
+ kname="radial",
+ norm_method="none",
+ tolerance=0.1,
+ maxitrs=5,
+ classindex=1,
+ numfacts=0,
+ evalmethod="CV",
+ numfolds=10,
+ CVfoldthresh=0.7,
+ varselmethod="none",
+ scheme_val="one-vs-all",
+ iter_learn=1,boostweight=rep(0,dim(trainm)[2]))
+ 
+ CMAres<-performCMA(trainm, trainclass, testm, testclass,outloc,
+ maxnum=as.numeric(args[10]),
+ minnum=3,
+ stepitr=1,
+ gsmethods=c("elasticnet"), #"lasso","elasticnet","kruskal.test"), #"f.test", "f.test", "elasticnet", "wilcox.test", "welch.test"),
+ pct_train=0.40,
+ accuracyweight=1,
+ featweight=0.06,
+ minpresent=1,
+ kname="radial",
+ norm_method="none",
+ tolerance=0.1,
+ maxitrs=5,
+ classindex=1,
+ numfacts=0,
+ evalmethod="CV",
+ numfolds=10,
+ CVfoldthresh=0.7,
+ varselmethod="none",
+ scheme_val="one-vs-all",
+ iter_learn=1,boostweight=rep(0,dim(trainm)[2]))
+ 
+ if(FALSE){
+ CMAres<-performCMA(trainm, trainclass, testm, testclass,outloc,
+ maxnum=as.numeric(args[10]),
+ minnum=3,
+ stepitr=1,
+ gsmethods=c("rf"), #"lasso","elasticnet","kruskal.test"), #"f.test", "f.test", "elasticnet", "wilcox.test", "welch.test"),
+ pct_train=0.40,
+ accuracyweight=1,
+ featweight=0.06,
+ minpresent=1,
+ kname="radial",
+ norm_method="none",
+ tolerance=0.1,
+ maxitrs=5,
+ classindex=1,
+ numfacts=0,
+ evalmethod="CV",
+ numfolds=10,
+ CVfoldthresh=0.7,
+ varselmethod="none",
+ scheme_val="one-vs-all",
+ iter_learn=1,boostweight=rep(0,dim(trainm)[2]))
+ }
+ 
+ CMAres<-performCMA(trainm, trainclass, testm, testclass,outloc,
+ maxnum=as.numeric(args[10]),
+ minnum=3,
+ stepitr=1,
+ gsmethods=c("f.test"), #"lasso","elasticnet","kruskal.test"), #"f.test", "f.test", "elasticnet", "wilcox.test", "welch.test"),
+ pct_train=0.40,
+ accuracyweight=1,
+ featweight=0.06,
+ minpresent=1,
+ kname="radial",
+ norm_method="none",
+ tolerance=0.1,
+ maxitrs=5,
+ classindex=1,
+ numfacts=0,
+ evalmethod="CV",
+ numfolds=10,
+ CVfoldthresh=0.7,
+ varselmethod="none",
+ scheme_val="one-vs-all",
+ iter_learn=1,boostweight=rep(0,dim(trainm)[2]))
+ }
[1] "dim of trainm is "
[1]   38 3051
[1]   38 3051
[1] "length of factcols"
[1] 0
[1]   38 3051
[1]   34 3051
integer(0)
character(0)
NULL
[1] "ok"
[1] "test class"
V1 V2 V3 V4 
-1 -1 -1 -1 
Levels: -1 1
[1] "orig train matrix"
        var36    var37    var38    var39    var40    var41    var42    var43
[1,] 2.004321 2.334454 2.902003 4.162535 3.988514 3.930949 4.178315 4.046378
[2,] 2.004321 2.068186 2.637490 2.789581 2.064458 3.181558 4.204147 4.132548
[3,] 2.021189 2.678518 3.168792 3.753583 3.514946 3.564548 4.204147 4.204147
[4,] 2.004321 2.193125 2.619093 3.685831 3.360593 3.409933 4.173798 4.058426
[5,] 2.004321 2.089905 2.684845 3.108903 3.436481 2.501059 4.165956 4.176988
        var45    var46
[1,] 4.204147 4.204147
[2,] 4.204147 4.204147
[3,] 4.204147 4.204147
[4,] 4.197859 4.204147
[5,] 4.204147 4.204147
[1] "orig train matrix"
        var36    var37    var38    var39    var40    var41    var42    var43
[1,] 2.004321 2.334454 2.902003 4.162535 3.988514 3.930949 4.178315 4.046378
[2,] 2.004321 2.068186 2.637490 2.789581 2.064458 3.181558 4.204147 4.132548
[3,] 2.021189 2.678518 3.168792 3.753583 3.514946 3.564548 4.204147 4.204147
[4,] 2.004321 2.193125 2.619093 3.685831 3.360593 3.409933 4.173798 4.058426
[5,] 2.004321 2.089905 2.684845 3.108903 3.436481 2.501059 4.165956 4.176988
        var45    var46
[1,] 4.204147 4.204147
[2,] 4.204147 4.204147
[3,] 4.204147 4.204147
[4,] 4.197859 4.204147
[5,] 4.204147 4.204147
[1] 2.902003 2.637490 3.168792
[1] "norm train matrix"
        var36    var37    var38    var39    var40    var41    var42    var43
[1,] 2.004321 2.334454 2.902003 4.162535 3.988514 3.930949 4.178315 4.046378
[2,] 2.004321 2.068186 2.637490 2.789581 2.064458 3.181558 4.204147 4.132548
[3,] 2.021189 2.678518 3.168792 3.753583 3.514946 3.564548 4.204147 4.204147
[4,] 2.004321 2.193125 2.619093 3.685831 3.360593 3.409933 4.173798 4.058426
[5,] 2.004321 2.089905 2.684845 3.108903 3.436481 2.501059 4.165956 4.176988
        var45    var46
[1,] 4.204147 4.204147
[2,] 4.204147 4.204147
[3,] 4.204147 4.204147
[4,] 4.197859 4.204147
[5,] 4.204147 4.204147
[1] "mean of feat 2"
[1] 2.241856
[1] "sd of feat 2"
[1] 0.2932821
[1] "maxnum is "
[1] 10
[1] "# of genes left after filtering:"
[1]   38 3051
GeneSelection: iteration 1 

Attaching package: ‘limma’

The following object is masked from ‘package:BiocGenerics’:

    plotMA

GeneSelection: iteration 2 
GeneSelection: iteration 3 
GeneSelection: iteration 4 
GeneSelection: iteration 5 
GeneSelection: iteration 6 
GeneSelection: iteration 7 
GeneSelection: iteration 8 
GeneSelection: iteration 9 
GeneSelection: iteration 10 
[1] "varselmethod"
[1] "none"
[1] "dim of scoring matrix is "
[1] 3051    1
[1] 3051
[1] "DS index stage 1"
[1] NA
[1] "bestgenelist"
 [1]  378  808  829 1009 1448 2124 2489 2663 2664 2670
       var760  var1834  var1882  var2288  var3320  var4847  var5772  var6200
[1,] 2.209515 2.418301 2.482874 2.004321 3.051153 2.475671 3.492201 2.466868
[2,] 2.770115 2.008600 3.133219 2.004321 3.026533 2.488551 3.048830 3.314499
[3,] 2.318063 2.491362 2.406540 2.004321 3.145818 2.491362 3.657438 2.004321
      var6201  var6218
[1,] 2.523746 2.004321
[2,] 3.728029 2.004321
[3,] 2.480007 2.004321
       var760  var1834  var1882  var2288  var3320  var4847  var5772  var6200
[1,] 2.004321 2.227887 2.004321 2.004321 3.050380 2.252853 3.309204 2.526339
[2,] 2.004321 2.389166 2.004321 2.004321 3.007321 2.025306 3.175512 2.222716
[3,] 2.356026 2.004321 2.004321 2.004321 2.632457 2.403121 3.627468 2.178977
      var6201  var6218
[1,] 2.870404 2.037426
[2,] 2.303196 2.230449
[3,] 2.004321 2.584331
[1] "numgenes selected:10"
[1] "test acc:0.970588235294118"
[1] "test AUC acc:0.964285714285714"
[1] "10 fold train89.4736842105263"
[1] "confusion matrix train 10 fold"
          nci_y
pred10fold -1  1
        -1 27  0
        1   0 11
[1] "confusion matrix test"
         test_y
pred_test -1  1
       -1 20  1
       1   0 13
[1] "train acc:1"
[1] "confusion matrix train"
          nci_y
pred_train -1  1
        -1 27  0
        1   0 11
[1] "DS index stage 1"
[1] NA
[1] "KI index stage 1"
[1] NA
[1] "dim of trainm is "
[1]   38 3051
[1]   38 3051
[1] "length of factcols"
[1] 0
[1]   38 3051
[1]   34 3051
integer(0)
character(0)
NULL
[1] "ok"
[1] "test class"
V1 V2 V3 V4 
-1 -1 -1 -1 
Levels: -1 1
[1] "orig train matrix"
        var36    var37    var38    var39    var40    var41    var42    var43
[1,] 2.004321 2.334454 2.902003 4.162535 3.988514 3.930949 4.178315 4.046378
[2,] 2.004321 2.068186 2.637490 2.789581 2.064458 3.181558 4.204147 4.132548
[3,] 2.021189 2.678518 3.168792 3.753583 3.514946 3.564548 4.204147 4.204147
[4,] 2.004321 2.193125 2.619093 3.685831 3.360593 3.409933 4.173798 4.058426
[5,] 2.004321 2.089905 2.684845 3.108903 3.436481 2.501059 4.165956 4.176988
        var45    var46
[1,] 4.204147 4.204147
[2,] 4.204147 4.204147
[3,] 4.204147 4.204147
[4,] 4.197859 4.204147
[5,] 4.204147 4.204147
[1] "orig train matrix"
        var36    var37    var38    var39    var40    var41    var42    var43
[1,] 2.004321 2.334454 2.902003 4.162535 3.988514 3.930949 4.178315 4.046378
[2,] 2.004321 2.068186 2.637490 2.789581 2.064458 3.181558 4.204147 4.132548
[3,] 2.021189 2.678518 3.168792 3.753583 3.514946 3.564548 4.204147 4.204147
[4,] 2.004321 2.193125 2.619093 3.685831 3.360593 3.409933 4.173798 4.058426
[5,] 2.004321 2.089905 2.684845 3.108903 3.436481 2.501059 4.165956 4.176988
        var45    var46
[1,] 4.204147 4.204147
[2,] 4.204147 4.204147
[3,] 4.204147 4.204147
[4,] 4.197859 4.204147
[5,] 4.204147 4.204147
[1] 2.902003 2.637490 3.168792
[1] "norm train matrix"
        var36    var37    var38    var39    var40    var41    var42    var43
[1,] 2.004321 2.334454 2.902003 4.162535 3.988514 3.930949 4.178315 4.046378
[2,] 2.004321 2.068186 2.637490 2.789581 2.064458 3.181558 4.204147 4.132548
[3,] 2.021189 2.678518 3.168792 3.753583 3.514946 3.564548 4.204147 4.204147
[4,] 2.004321 2.193125 2.619093 3.685831 3.360593 3.409933 4.173798 4.058426
[5,] 2.004321 2.089905 2.684845 3.108903 3.436481 2.501059 4.165956 4.176988
        var45    var46
[1,] 4.204147 4.204147
[2,] 4.204147 4.204147
[3,] 4.204147 4.204147
[4,] 4.197859 4.204147
[5,] 4.204147 4.204147
[1] "mean of feat 2"
[1] 2.241856
[1] "sd of feat 2"
[1] 0.2932821
[1] "maxnum is "
[1] 10
[1] "# of genes left after filtering:"
[1]   38 3051
GeneSelection: iteration 1 
Loaded glmnet 2.0-5


Attaching package: ‘glmnet’

The following object is masked from ‘package:pROC’:

    auc

GeneSelection: iteration 2 
GeneSelection: iteration 3 
GeneSelection: iteration 4 
GeneSelection: iteration 5 
GeneSelection: iteration 6 
GeneSelection: iteration 7 
GeneSelection: iteration 8 
GeneSelection: iteration 9 
GeneSelection: iteration 10 
genelist
   1    2    3  829  808 2670    4  523 2124    5 2813 1448  792 1995 2198    6 
  20   20   20   20   18   16   14   12   10    8    8    6    4    4    4    2 
 140  378  894 1413 1977 2663 2750 
   2    2    2    2    2    2    2 
[1] "varselmethod"
[1] "none"
[1] "dim of scoring matrix is "
[1] 3051    1
[1] 3051
[1] "DS index stage 1"
[1] NA
[1] "bestgenelist"
 [1]    1    2    3    4    5  523  808  829 2124 2670
        var36    var37    var38    var39    var40  var1144  var1834  var1882
[1,] 2.004321 2.334454 2.902003 4.162535 3.988514 2.786041 2.418301 2.482874
[2,] 2.004321 2.068186 2.637490 2.789581 2.064458 2.967548 2.008600 3.133219
[3,] 2.021189 2.678518 3.168792 3.753583 3.514946 3.229938 2.491362 2.406540
      var4847  var6218
[1,] 2.475671 2.004321
[2,] 2.488551 2.004321
[3,] 2.491362 2.004321
        var36    var37    var38    var39    var40  var1144  var1834  var1882
[1,] 2.004321 2.133539 2.428135 2.004321 2.004321 2.895975 2.227887 2.004321
[2,] 2.004321 2.004321 2.572872 2.004321 2.004321 2.997823 2.389166 2.004321
[3,] 2.004321 2.004321 2.220108 2.021189 2.004321 2.789581 2.004321 2.004321
      var4847  var6218
[1,] 2.252853 2.037426
[2,] 2.025306 2.230449
[3,] 2.403121 2.584331
[1] "numgenes selected:10"
[1] "test acc:1"
[1] "test AUC acc:1"
[1] "10 fold train100"
[1] "confusion matrix train 10 fold"
          nci_y
pred10fold -1  1
        -1 27  0
        1   0 11
[1] "confusion matrix test"
         test_y
pred_test -1  1
       -1 20  0
       1   0 14
[1] "train acc:1"
[1] "confusion matrix train"
          nci_y
pred_train -1  1
        -1 27  0
        1   0 11
[1] "DS index stage 1"
[1] NA
[1] "KI index stage 1"
[1] NA
[1] "dim of trainm is "
[1]   38 3051
[1]   38 3051
[1] "length of factcols"
[1] 0
[1]   38 3051
[1]   34 3051
integer(0)
character(0)
NULL
[1] "ok"
[1] "test class"
V1 V2 V3 V4 
-1 -1 -1 -1 
Levels: -1 1
[1] "orig train matrix"
        var36    var37    var38    var39    var40    var41    var42    var43
[1,] 2.004321 2.334454 2.902003 4.162535 3.988514 3.930949 4.178315 4.046378
[2,] 2.004321 2.068186 2.637490 2.789581 2.064458 3.181558 4.204147 4.132548
[3,] 2.021189 2.678518 3.168792 3.753583 3.514946 3.564548 4.204147 4.204147
[4,] 2.004321 2.193125 2.619093 3.685831 3.360593 3.409933 4.173798 4.058426
[5,] 2.004321 2.089905 2.684845 3.108903 3.436481 2.501059 4.165956 4.176988
        var45    var46
[1,] 4.204147 4.204147
[2,] 4.204147 4.204147
[3,] 4.204147 4.204147
[4,] 4.197859 4.204147
[5,] 4.204147 4.204147
[1] "orig train matrix"
        var36    var37    var38    var39    var40    var41    var42    var43
[1,] 2.004321 2.334454 2.902003 4.162535 3.988514 3.930949 4.178315 4.046378
[2,] 2.004321 2.068186 2.637490 2.789581 2.064458 3.181558 4.204147 4.132548
[3,] 2.021189 2.678518 3.168792 3.753583 3.514946 3.564548 4.204147 4.204147
[4,] 2.004321 2.193125 2.619093 3.685831 3.360593 3.409933 4.173798 4.058426
[5,] 2.004321 2.089905 2.684845 3.108903 3.436481 2.501059 4.165956 4.176988
        var45    var46
[1,] 4.204147 4.204147
[2,] 4.204147 4.204147
[3,] 4.204147 4.204147
[4,] 4.197859 4.204147
[5,] 4.204147 4.204147
[1] 2.902003 2.637490 3.168792
[1] "norm train matrix"
        var36    var37    var38    var39    var40    var41    var42    var43
[1,] 2.004321 2.334454 2.902003 4.162535 3.988514 3.930949 4.178315 4.046378
[2,] 2.004321 2.068186 2.637490 2.789581 2.064458 3.181558 4.204147 4.132548
[3,] 2.021189 2.678518 3.168792 3.753583 3.514946 3.564548 4.204147 4.204147
[4,] 2.004321 2.193125 2.619093 3.685831 3.360593 3.409933 4.173798 4.058426
[5,] 2.004321 2.089905 2.684845 3.108903 3.436481 2.501059 4.165956 4.176988
        var45    var46
[1,] 4.204147 4.204147
[2,] 4.204147 4.204147
[3,] 4.204147 4.204147
[4,] 4.197859 4.204147
[5,] 4.204147 4.204147
[1] "mean of feat 2"
[1] 2.241856
[1] "sd of feat 2"
[1] 0.2932821
[1] "maxnum is "
[1] 10
[1] "# of genes left after filtering:"
[1]   38 3051
GeneSelection: iteration 1 
GeneSelection: iteration 2 
GeneSelection: iteration 3 
GeneSelection: iteration 4 
GeneSelection: iteration 5 
GeneSelection: iteration 6 
GeneSelection: iteration 7 
GeneSelection: iteration 8 
GeneSelection: iteration 9 
GeneSelection: iteration 10 
[1] "varselmethod"
[1] "none"
[1] "dim of scoring matrix is "
[1] 3051    1
[1] 3051
[1] "DS index stage 1"
[1] NA
[1] "bestgenelist"
 [1]  773  829 1009 1038 1162 2124 2402 2600 2670 2945
      var1779  var1882  var2288  var2349  var2642  var4847  var5552  var6041
[1,] 2.004321 2.482874 2.004321 2.220108 3.969742 2.475671 3.961184 3.108903
[2,] 2.004321 3.133219 2.004321 2.703291 2.952308 2.488551 3.611829 2.733197
[3,] 2.004321 2.406540 2.004321 2.004321 2.798651 2.491362 3.504199 2.374748
      var6218  var6884
[1,] 2.004321 2.079181
[2,] 2.004321 2.004321
[3,] 2.004321 2.238046
      var1779  var1882  var2288  var2349  var2642  var4847  var5552  var6041
[1,] 2.691081 2.004321 2.004321 2.313867 4.112906 2.252853 3.792392 2.004321
[2,] 2.004321 2.004321 2.004321 2.004321 3.258637 2.025306 2.492760 2.557507
[3,] 2.004321 2.004321 2.004321 2.004321 3.559667 2.403121 3.720325 2.752816
      var6218  var6884
[1,] 2.037426 2.184691
[2,] 2.230449 2.604226
[3,] 2.584331 2.004321
[1] "numgenes selected:10"
[1] "test acc:0.970588235294118"
[1] "test AUC acc:0.964285714285714"
[1] "10 fold train92.1052631578947"
[1] "confusion matrix train 10 fold"
          nci_y
pred10fold -1  1
        -1 27  0
        1   0 11
[1] "confusion matrix test"
         test_y
pred_test -1  1
       -1 20  1
       1   0 13
[1] "train acc:1"
[1] "confusion matrix train"
          nci_y
pred_train -1  1
        -1 27  0
        1   0 11
[1] "DS index stage 1"
[1] NA
[1] "KI index stage 1"
[1] NA
[1] "dim of trainm is "
[1]   38 3051
[1]   38 3051
[1] "length of factcols"
[1] 0
[1]   38 3051
[1]   34 3051
integer(0)
character(0)
NULL
[1] "ok"
[1] "test class"
V1 V2 V3 V4 
-1 -1 -1 -1 
Levels: -1 1
[1] "orig train matrix"
        var36    var37    var38    var39    var40    var41    var42    var43
[1,] 2.004321 2.334454 2.902003 4.162535 3.988514 3.930949 4.178315 4.046378
[2,] 2.004321 2.068186 2.637490 2.789581 2.064458 3.181558 4.204147 4.132548
[3,] 2.021189 2.678518 3.168792 3.753583 3.514946 3.564548 4.204147 4.204147
[4,] 2.004321 2.193125 2.619093 3.685831 3.360593 3.409933 4.173798 4.058426
[5,] 2.004321 2.089905 2.684845 3.108903 3.436481 2.501059 4.165956 4.176988
        var45    var46
[1,] 4.204147 4.204147
[2,] 4.204147 4.204147
[3,] 4.204147 4.204147
[4,] 4.197859 4.204147
[5,] 4.204147 4.204147
[1] "orig train matrix"
        var36    var37    var38    var39    var40    var41    var42    var43
[1,] 2.004321 2.334454 2.902003 4.162535 3.988514 3.930949 4.178315 4.046378
[2,] 2.004321 2.068186 2.637490 2.789581 2.064458 3.181558 4.204147 4.132548
[3,] 2.021189 2.678518 3.168792 3.753583 3.514946 3.564548 4.204147 4.204147
[4,] 2.004321 2.193125 2.619093 3.685831 3.360593 3.409933 4.173798 4.058426
[5,] 2.004321 2.089905 2.684845 3.108903 3.436481 2.501059 4.165956 4.176988
        var45    var46
[1,] 4.204147 4.204147
[2,] 4.204147 4.204147
[3,] 4.204147 4.204147
[4,] 4.197859 4.204147
[5,] 4.204147 4.204147
[1] 2.902003 2.637490 3.168792
[1] "norm train matrix"
        var36    var37    var38    var39    var40    var41    var42    var43
[1,] 2.004321 2.334454 2.902003 4.162535 3.988514 3.930949 4.178315 4.046378
[2,] 2.004321 2.068186 2.637490 2.789581 2.064458 3.181558 4.204147 4.132548
[3,] 2.021189 2.678518 3.168792 3.753583 3.514946 3.564548 4.204147 4.204147
[4,] 2.004321 2.193125 2.619093 3.685831 3.360593 3.409933 4.173798 4.058426
[5,] 2.004321 2.089905 2.684845 3.108903 3.436481 2.501059 4.165956 4.176988
        var45    var46
[1,] 4.204147 4.204147
[2,] 4.204147 4.204147
[3,] 4.204147 4.204147
[4,] 4.197859 4.204147
[5,] 4.204147 4.204147
[1] "mean of feat 2"
[1] 2.241856
[1] "sd of feat 2"
[1] 0.2932821
[1] "maxnum is "
[1] 10
[1] "# of genes left after filtering:"
[1]   38 3051
GeneSelection: iteration 1 
GeneSelection: iteration 2 
GeneSelection: iteration 3 
GeneSelection: iteration 4 
GeneSelection: iteration 5 
GeneSelection: iteration 6 
GeneSelection: iteration 7 
GeneSelection: iteration 8 
GeneSelection: iteration 9 
GeneSelection: iteration 10 
[1] "varselmethod"
[1] "none"
[1] "dim of scoring matrix is "
[1] 3051    1
[1] 3051
[1] "DS index stage 1"
[1] NA
[1] "bestgenelist"
 [1]    1    2    3    4    5    6  808  829 2124 2670
        var36    var37    var38    var39    var40    var41  var1834  var1882
[1,] 2.004321 2.334454 2.902003 4.162535 3.988514 3.930949 2.418301 2.482874
[2,] 2.004321 2.068186 2.637490 2.789581 2.064458 3.181558 2.008600 3.133219
[3,] 2.021189 2.678518 3.168792 3.753583 3.514946 3.564548 2.491362 2.406540
      var4847  var6218
[1,] 2.475671 2.004321
[2,] 2.488551 2.004321
[3,] 2.491362 2.004321
        var36    var37    var38    var39    var40    var41  var1834  var1882
[1,] 2.004321 2.133539 2.428135 2.004321 2.004321 2.004321 2.227887 2.004321
[2,] 2.004321 2.004321 2.572872 2.004321 2.004321 2.004321 2.389166 2.004321
[3,] 2.004321 2.004321 2.220108 2.021189 2.004321 2.004321 2.004321 2.004321
      var4847  var6218
[1,] 2.252853 2.037426
[2,] 2.025306 2.230449
[3,] 2.403121 2.584331
[1] "numgenes selected:10"
[1] "test acc:0.970588235294118"
[1] "test AUC acc:0.964285714285714"
[1] "10 fold train94.7368421052632"
[1] "confusion matrix train 10 fold"
          nci_y
pred10fold -1  1
        -1 27  0
        1   0 11
[1] "confusion matrix test"
         test_y
pred_test -1  1
       -1 20  1
       1   0 13
[1] "train acc:1"
[1] "confusion matrix train"
          nci_y
pred_train -1  1
        -1 27  0
        1   0 11
[1] "DS index stage 1"
[1] NA
[1] "KI index stage 1"
[1] NA
[1] "dim of trainm is "
[1]   38 3051
[1]   38 3051
[1] "length of factcols"
[1] 0
[1]   38 3051
[1]   34 3051
integer(0)
character(0)
NULL
[1] "ok"
[1] "test class"
V1 V2 V3 V4 
-1 -1 -1 -1 
Levels: -1 1
[1] "orig train matrix"
        var36    var37    var38    var39    var40    var41    var42    var43
[1,] 2.004321 2.334454 2.902003 4.162535 3.988514 3.930949 4.178315 4.046378
[2,] 2.004321 2.068186 2.637490 2.789581 2.064458 3.181558 4.204147 4.132548
[3,] 2.021189 2.678518 3.168792 3.753583 3.514946 3.564548 4.204147 4.204147
[4,] 2.004321 2.193125 2.619093 3.685831 3.360593 3.409933 4.173798 4.058426
[5,] 2.004321 2.089905 2.684845 3.108903 3.436481 2.501059 4.165956 4.176988
        var45    var46
[1,] 4.204147 4.204147
[2,] 4.204147 4.204147
[3,] 4.204147 4.204147
[4,] 4.197859 4.204147
[5,] 4.204147 4.204147
[1] "orig train matrix"
        var36    var37    var38    var39    var40    var41    var42    var43
[1,] 2.004321 2.334454 2.902003 4.162535 3.988514 3.930949 4.178315 4.046378
[2,] 2.004321 2.068186 2.637490 2.789581 2.064458 3.181558 4.204147 4.132548
[3,] 2.021189 2.678518 3.168792 3.753583 3.514946 3.564548 4.204147 4.204147
[4,] 2.004321 2.193125 2.619093 3.685831 3.360593 3.409933 4.173798 4.058426
[5,] 2.004321 2.089905 2.684845 3.108903 3.436481 2.501059 4.165956 4.176988
        var45    var46
[1,] 4.204147 4.204147
[2,] 4.204147 4.204147
[3,] 4.204147 4.204147
[4,] 4.197859 4.204147
[5,] 4.204147 4.204147
[1] 2.902003 2.637490 3.168792
[1] "norm train matrix"
        var36    var37    var38    var39    var40    var41    var42    var43
[1,] 2.004321 2.334454 2.902003 4.162535 3.988514 3.930949 4.178315 4.046378
[2,] 2.004321 2.068186 2.637490 2.789581 2.064458 3.181558 4.204147 4.132548
[3,] 2.021189 2.678518 3.168792 3.753583 3.514946 3.564548 4.204147 4.204147
[4,] 2.004321 2.193125 2.619093 3.685831 3.360593 3.409933 4.173798 4.058426
[5,] 2.004321 2.089905 2.684845 3.108903 3.436481 2.501059 4.165956 4.176988
        var45    var46
[1,] 4.204147 4.204147
[2,] 4.204147 4.204147
[3,] 4.204147 4.204147
[4,] 4.197859 4.204147
[5,] 4.204147 4.204147
[1] "mean of feat 2"
[1] 2.241856
[1] "sd of feat 2"
[1] 0.2932821
[1] "maxnum is "
[1] 10
[1] "# of genes left after filtering:"
[1]   38 3051
GeneSelection: iteration 1 
GeneSelection: iteration 2 
GeneSelection: iteration 3 
GeneSelection: iteration 4 
GeneSelection: iteration 5 
GeneSelection: iteration 6 
GeneSelection: iteration 7 
GeneSelection: iteration 8 
GeneSelection: iteration 9 
GeneSelection: iteration 10 
[1] "varselmethod"
[1] "none"
[1] "dim of scoring matrix is "
[1] 3051    1
[1] 3051
[1] "DS index stage 1"
[1] NA
[1] "bestgenelist"
 [1]  378  808  829 1009 1448 2124 2198 2489 2663 2670
       var760  var1834  var1882  var2288  var3320  var4847  var5039  var5772
[1,] 2.209515 2.418301 2.482874 2.004321 3.051153 2.475671 2.778874 3.492201
[2,] 2.770115 2.008600 3.133219 2.004321 3.026533 2.488551 2.528917 3.048830
[3,] 2.318063 2.491362 2.406540 2.004321 3.145818 2.491362 2.759668 3.657438
      var6200  var6218
[1,] 2.466868 2.004321
[2,] 3.314499 2.004321
[3,] 2.004321 2.004321
       var760  var1834  var1882  var2288  var3320  var4847  var5039  var5772
[1,] 2.004321 2.227887 2.004321 2.004321 3.050380 2.252853 2.668386 3.309204
[2,] 2.004321 2.389166 2.004321 2.004321 3.007321 2.025306 2.806180 3.175512
[3,] 2.356026 2.004321 2.004321 2.004321 2.632457 2.403121 2.309630 3.627468
      var6200  var6218
[1,] 2.526339 2.037426
[2,] 2.222716 2.230449
[3,] 2.178977 2.584331
[1] "numgenes selected:10"
[1] "test acc:0.970588235294118"
[1] "test AUC acc:0.964285714285714"
[1] "10 fold train97.3684210526316"
[1] "confusion matrix train 10 fold"
          nci_y
pred10fold -1  1
        -1 27  0
        1   0 11
[1] "confusion matrix test"
         test_y
pred_test -1  1
       -1 20  1
       1   0 13
[1] "train acc:1"
[1] "confusion matrix train"
          nci_y
pred_train -1  1
        -1 27  0
        1   0 11
[1] "DS index stage 1"
[1] NA
[1] "KI index stage 1"
[1] NA
There were 38 warnings (use warnings() to see them)
> #1
> CMAres<-performCMA(trainm, trainclass, testm, testclass,outloc,
+ maxnum=as.numeric(args[10]),
+ minnum=3,
+ stepitr=1,
+ gsmethods=c("limma","lasso","rfe","elasticnet", "f.test"), #"lasso","elasticnet","kruskal.test"), #"f.test", "f.test", "elasticnet", "wilcox.test", "welch.test"),
+ pct_train=0.40,
+ accuracyweight=1,
+ featweight=0.06,
+ minpresent=1,
+ kname="radial",
+ norm_method="none",
+ tolerance=0.1,
+ maxitrs=5,
+ classindex=1,
+ numfacts=0,
+ evalmethod="CV",
+ numfolds=10,
+ CVfoldthresh=0.7,
+ varselmethod="none",
+ scheme_val="one-vs-all",
+ iter_learn=1,boostweight=rep(0,dim(trainm)[2]))
[1] "dim of trainm is "
[1]   38 3051
[1]   38 3051
[1] "length of factcols"
[1] 0
[1]   38 3051
[1]   34 3051
integer(0)
character(0)
NULL
[1] "ok"
[1] "test class"
V1 V2 V3 V4 
-1 -1 -1 -1 
Levels: -1 1
[1] "orig train matrix"
        var36    var37    var38    var39    var40    var41    var42    var43
[1,] 2.004321 2.334454 2.902003 4.162535 3.988514 3.930949 4.178315 4.046378
[2,] 2.004321 2.068186 2.637490 2.789581 2.064458 3.181558 4.204147 4.132548
[3,] 2.021189 2.678518 3.168792 3.753583 3.514946 3.564548 4.204147 4.204147
[4,] 2.004321 2.193125 2.619093 3.685831 3.360593 3.409933 4.173798 4.058426
[5,] 2.004321 2.089905 2.684845 3.108903 3.436481 2.501059 4.165956 4.176988
        var45    var46
[1,] 4.204147 4.204147
[2,] 4.204147 4.204147
[3,] 4.204147 4.204147
[4,] 4.197859 4.204147
[5,] 4.204147 4.204147
[1] "orig train matrix"
        var36    var37    var38    var39    var40    var41    var42    var43
[1,] 2.004321 2.334454 2.902003 4.162535 3.988514 3.930949 4.178315 4.046378
[2,] 2.004321 2.068186 2.637490 2.789581 2.064458 3.181558 4.204147 4.132548
[3,] 2.021189 2.678518 3.168792 3.753583 3.514946 3.564548 4.204147 4.204147
[4,] 2.004321 2.193125 2.619093 3.685831 3.360593 3.409933 4.173798 4.058426
[5,] 2.004321 2.089905 2.684845 3.108903 3.436481 2.501059 4.165956 4.176988
        var45    var46
[1,] 4.204147 4.204147
[2,] 4.204147 4.204147
[3,] 4.204147 4.204147
[4,] 4.197859 4.204147
[5,] 4.204147 4.204147
[1] 2.902003 2.637490 3.168792
[1] "norm train matrix"
        var36    var37    var38    var39    var40    var41    var42    var43
[1,] 2.004321 2.334454 2.902003 4.162535 3.988514 3.930949 4.178315 4.046378
[2,] 2.004321 2.068186 2.637490 2.789581 2.064458 3.181558 4.204147 4.132548
[3,] 2.021189 2.678518 3.168792 3.753583 3.514946 3.564548 4.204147 4.204147
[4,] 2.004321 2.193125 2.619093 3.685831 3.360593 3.409933 4.173798 4.058426
[5,] 2.004321 2.089905 2.684845 3.108903 3.436481 2.501059 4.165956 4.176988
        var45    var46
[1,] 4.204147 4.204147
[2,] 4.204147 4.204147
[3,] 4.204147 4.204147
[4,] 4.197859 4.204147
[5,] 4.204147 4.204147
[1] "mean of feat 2"
[1] 2.241856
[1] "sd of feat 2"
[1] 0.2932821
[1] "maxnum is "
[1] 10
[1] "# of genes left after filtering:"
[1]   38 3051
GeneSelection: iteration 1 
GeneSelection: iteration 2 
GeneSelection: iteration 3 
GeneSelection: iteration 4 
GeneSelection: iteration 5 
GeneSelection: iteration 6 
GeneSelection: iteration 7 
GeneSelection: iteration 8 
GeneSelection: iteration 9 
GeneSelection: iteration 10 
[1] "varselmethod"
[1] "none"
GeneSelection: iteration 1 
GeneSelection: iteration 2 
GeneSelection: iteration 3 
GeneSelection: iteration 4 
GeneSelection: iteration 5 
GeneSelection: iteration 6 
GeneSelection: iteration 7 
GeneSelection: iteration 8 
GeneSelection: iteration 9 
GeneSelection: iteration 10 
genelist
   1    2    3  829  808 2670    4  523 2124    5 2813 1448  792 1995 2198    6 
  20   20   20   20   18   16   14   12   10    8    8    6    4    4    4    2 
 140  378  894 1413 1977 2663 2750 
   2    2    2    2    2    2    2 
[1] "varselmethod"
[1] "none"
GeneSelection: iteration 1 
GeneSelection: iteration 2 
GeneSelection: iteration 3 
GeneSelection: iteration 4 
GeneSelection: iteration 5 
GeneSelection: iteration 6 
GeneSelection: iteration 7 
GeneSelection: iteration 8 
GeneSelection: iteration 9 
GeneSelection: iteration 10 
[1] "varselmethod"
[1] "none"
GeneSelection: iteration 1 
GeneSelection: iteration 2 
GeneSelection: iteration 3 
GeneSelection: iteration 4 
GeneSelection: iteration 5 
GeneSelection: iteration 6 
GeneSelection: iteration 7 
GeneSelection: iteration 8 
GeneSelection: iteration 9 
GeneSelection: iteration 10 
[1] "varselmethod"
[1] "none"
GeneSelection: iteration 1 
GeneSelection: iteration 2 
GeneSelection: iteration 3 
GeneSelection: iteration 4 
GeneSelection: iteration 5 
GeneSelection: iteration 6 
GeneSelection: iteration 7 
GeneSelection: iteration 8 
GeneSelection: iteration 9 
GeneSelection: iteration 10 
[1] "varselmethod"
[1] "none"
[1] "dim of scoring matrix is "
[1] 3051    5
[1] 3051
[1] "DS index stage 1"
[1] 0.48
[1] "bestgenelist"
 [1]    1    2    3    4    5    6  378  523  773  808  829 1009 1038 1162 1448
[16] 2124 2198 2402 2489 2600 2663 2664 2670 2945
        var36    var37    var38    var39    var40    var41   var760  var1144
[1,] 2.004321 2.334454 2.902003 4.162535 3.988514 3.930949 2.209515 2.786041
[2,] 2.004321 2.068186 2.637490 2.789581 2.064458 3.181558 2.770115 2.967548
[3,] 2.021189 2.678518 3.168792 3.753583 3.514946 3.564548 2.318063 3.229938
      var1779  var1834  var1882  var2288  var2349  var2642  var3320  var4847
[1,] 2.004321 2.418301 2.482874 2.004321 2.220108 3.969742 3.051153 2.475671
[2,] 2.004321 2.008600 3.133219 2.004321 2.703291 2.952308 3.026533 2.488551
[3,] 2.004321 2.491362 2.406540 2.004321 2.004321 2.798651 3.145818 2.491362
      var5039  var5552  var5772  var6041  var6200  var6201  var6218  var6884
[1,] 2.778874 3.961184 3.492201 3.108903 2.466868 2.523746 2.004321 2.079181
[2,] 2.528917 3.611829 3.048830 2.733197 3.314499 3.728029 2.004321 2.004321
[3,] 2.759668 3.504199 3.657438 2.374748 2.004321 2.480007 2.004321 2.238046
        var36    var37    var38    var39    var40    var41   var760  var1144
[1,] 2.004321 2.133539 2.428135 2.004321 2.004321 2.004321 2.004321 2.895975
[2,] 2.004321 2.004321 2.572872 2.004321 2.004321 2.004321 2.004321 2.997823
[3,] 2.004321 2.004321 2.220108 2.021189 2.004321 2.004321 2.356026 2.789581
      var1779  var1834  var1882  var2288  var2349  var2642  var3320  var4847
[1,] 2.691081 2.227887 2.004321 2.004321 2.313867 4.112906 3.050380 2.252853
[2,] 2.004321 2.389166 2.004321 2.004321 2.004321 3.258637 3.007321 2.025306
[3,] 2.004321 2.004321 2.004321 2.004321 2.004321 3.559667 2.632457 2.403121
      var5039  var5552  var5772  var6041  var6200  var6201  var6218  var6884
[1,] 2.668386 3.792392 3.309204 2.004321 2.526339 2.870404 2.037426 2.184691
[2,] 2.806180 2.492760 3.175512 2.557507 2.222716 2.303196 2.230449 2.604226
[3,] 2.309630 3.720325 3.627468 2.752816 2.178977 2.004321 2.584331 2.004321
[1] "numgenes selected:24"
[1] "test acc:0.970588235294118"
[1] "test AUC acc:0.964285714285714"
[1] "10 fold train100"
[1] "confusion matrix train 10 fold"
          nci_y
pred10fold -1  1
        -1 27  0
        1   0 11
[1] "confusion matrix test"
         test_y
pred_test -1  1
       -1 20  1
       1   0 13
[1] "train acc:1"
[1] "confusion matrix train"
          nci_y
pred_train -1  1
        -1 27  0
        1   0 11
[1] "DS index stage 1"
[1] 0.48
[1] "KI index stage 1"
[1] 0.47829
[[1]]
 [1] "var378"  "var808"  "var829"  "var1009" "var1448" "var2124" "var2489"
 [8] "var2663" "var2664" "var2670"

[[2]]
 [1] "var1"    "var2"    "var3"    "var4"    "var5"    "var523"  "var808" 
 [8] "var829"  "var2124" "var2670"

[[3]]
 [1] "var773"  "var829"  "var1009" "var1038" "var1162" "var2124" "var2402"
 [8] "var2600" "var2670" "var2945"

[[4]]
 [1] "var1"    "var2"    "var3"    "var4"    "var5"    "var6"    "var808" 
 [8] "var829"  "var2124" "var2670"

[[5]]
 [1] "var378"  "var808"  "var829"  "var1009" "var1448" "var2124" "var2198"
 [8] "var2489" "var2663" "var2670"


 Iteration 1 :  Optimal value:  58 
 Optimal List:   var3,var5,var808,var4,var1009,var378,var2124,var829,var2,var1038 

 Iteration 2 :  Optimal value:  56.4 
 Optimal List:   var378,var829,var2600,var1009,var4,var2124,var808,var2670,var3,var1 

 Iteration 3 :  Optimal value:  56.4 
 Optimal List:   var378,var808,var829,var1009,var2124,var2402,var4,var773,var1038,var2945 

 Iteration 4 :  Optimal value:  53.6 
 Optimal List:   var1009,var1,var829,var808,var2,var2124,var378,var2670,var1038,var5 

 Iteration 5 :  Optimal value:  55.2 
 Optimal List:   var1,var1009,var829,var808,var3,var2124,var1162,var2600,var2663,var523 

 Iteration 6 :  Optimal value:  55.2 
 Optimal List:   var808,var2124,var829,var1009,var4,var2,var1,var2670,var2489,var6 

 Iteration 7 :  Optimal value:  53.2 
 Optimal List:   var378,var808,var829,var1009,var2663,var2124,var4,var2489,var2670,var523 

 Iteration 8 :  Optimal value:  52.4 
 Optimal List:   var829,var2,var808,var1009,var378,var2124,var5,var2670,var3,var2402 

 Iteration 9 :  Optimal value:  50.4 
 Optimal List:   var1,var829,var808,var1009,var5,var2124,var3,var1448,var2670,var4 

 Iteration 10 :  Optimal value:  51.6 
 Optimal List:   var808,var1,var1009,var829,var378,var2,var2124,var1448,var3,var2670 

 Iteration 11 :  Optimal value:  51.6 
 Optimal List:   var1,var829,var808,var1009,var378,var2124,var4,var1162,var2670,var2663 

 Iteration 12 :  Optimal value:  52 
 Optimal List:   var829,var2,var1009,var3,var4,var2124,var808,var2489,var2670,var2945 

 Iteration 13 :  Optimal value:  51.2 
 Optimal List:   var1,var829,var808,var1009,var3,var2124,var4,var2670,var2663,var2 

 Iteration 14 :  Optimal value:  51.2 
 Optimal List:   var378,var808,var829,var1009,var1,var2124,var2489,var6,var1448,var2670 

 Iteration 15 :  Optimal value:  50.8 
 Optimal List:   var378,var2,var829,var1009,var808,var2124,var4,var2663,var1038,var2670 

 Iteration 16 :  Optimal value:  51.2 
 Optimal List:   var378,var829,var808,var1009,var3,var4,var2124,var1,var773,var2670 

 Iteration 17 :  Optimal value:  51.2 
 Optimal List:   var378,var808,var1009,var829,var4,var2124,var2,var1,var2670,var2402 

 Iteration 18 :  Optimal value:  50.4 
 Optimal List:   var378,var829,var808,var1009,var1448,var2124,var3,var4,var2670,var2489 

 Iteration 19 :  Optimal value:  50.8 
 Optimal List:   var1,var829,var808,var1009,var5,var2124,var4,var2663,var2670,var378 

 Iteration 20 :  Optimal value:  50.8 
 Optimal List:   var808,var829,var1,var1009,var3,var2124,var4,var2489,var2663,var2670 

 Iteration 21 :  Optimal value:  50.4 
 Optimal List:   var1,var829,var378,var1009,var3,var2124,var808,var4,var2670,var5 

 Iteration 22 :  Optimal value:  50.4 
 Optimal List:   var378,var829,var808,var1009,var3,var2124,var1,var5,var2670,var2 

 Iteration 23 :  Optimal value:  50 
 Optimal List:   var378,var808,var829,var1009,var3,var2124,var1448,var2489,var2670,var5 

 Iteration 24 :  Optimal value:  50 
 Optimal List:   var378,var808,var829,var1009,var4,var2124,var1448,var2663,var2,var2670 

 Iteration 25 :  Optimal value:  50.4 
 Optimal List:   var808,var378,var829,var1009,var5,var2124,var1,var2489,var2,var2670 

 Iteration 26 :  Optimal value:  50.4 
 Optimal List:   var1,var829,var1009,var378,var5,var2124,var808,var2489,var2,var2670 

 Iteration 27 :  Optimal value:  51.2 
 Optimal List:   var808,var829,var1009,var2,var3,var2124,var1448,var2489,var2663,var2670 

 Iteration 28 :  Optimal value:  50 
 Optimal List:   var378,var829,var808,var1009,var4,var2124,var5,var1,var2489,var2670 

 Iteration 29 :  Optimal value:  50.8 
 Optimal List:   var829,var808,var378,var1009,var3,var2124,var1448,var5,var2663,var2670 

 Iteration 30 :  Optimal value:  50.8 
 Optimal List:   var808,var829,var2,var1009,var3,var2124,var5,var1,var2663,var2670 

 Iteration 31 :  Optimal value:  50.8 
 Optimal List:   var808,var829,var1,var1009,var3,var2124,var5,var378,var2489,var2670 

 Iteration 32 :  Optimal value:  50.8 
 Optimal List:   var808,var829,var3,var1009,var5,var2124,var1448,var2489,var2663,var2670 

 Iteration 33 :  Optimal value:  50 
 Optimal List:   var378,var808,var829,var1009,var3,var2124,var4,var2489,var2670,var2663 

 Iteration 34 :  Optimal value:  51.2 
 Optimal List:   var808,var829,var1009,var2,var3,var2124,var1448,var2489,var2663,var2670 

 Iteration 35 :  Optimal value:  51.2 
 Optimal List:   var808,var829,var1009,var2,var5,var2124,var1448,var2489,var2663,var2670 

 Iteration 36 :  Optimal value:  50.8 
 Optimal List:   var829,var808,var2,var1009,var5,var2124,var1448,var2489,var2663,var2670 

 Iteration 37 :  Optimal value:  50.8 
 Optimal List:   var808,var829,var3,var1009,var5,var2124,var378,var2489,var2663,var2670 

 Iteration 38 :  Optimal value:  51.2 
 Optimal List:   var808,var829,var1009,var2,var5,var2124,var1448,var2489,var2663,var2670 

 Iteration 39 :  Optimal value:  51.2 
 Optimal List:   var808,var829,var1009,var4,var5,var2124,var378,var2489,var2663,var2670 

 Iteration 40 :  Optimal value:  51.2 
 Optimal List:   var808,var829,var1009,var2,var3,var2124,var1448,var2489,var2663,var2670 

 Iteration 41 :  Optimal value:  51.2 
 Optimal List:   var808,var829,var1009,var3,var5,var2124,var1448,var2489,var2663,var2670 

 Iteration 42 :  Optimal value:  51.2 
 Optimal List:   var808,var829,var1009,var2,var3,var2124,var1448,var2489,var2663,var2670 

 Iteration 43 :  Optimal value:  51.2 
 Optimal List:   var829,var808,var1009,var4,var3,var2124,var1448,var2489,var2663,var2670 

 Iteration 44 :  Optimal value:  51.2 
 Optimal List:   var808,var829,var1009,var2,var5,var2124,var1448,var2489,var2663,var2670 
[1] "test acc rank aggreg CE:0.970588235294118"
[1] "test AUC acc rank aggreg CE:0.964285714285714"
[1] "10 fold train rank aggreg res CE97.3684210526316"
[1] "confusion matrix train 10 fold rank aggreg CE"
            nci_y
pred10foldRA -1  1
          -1 27  0
          1   0 11
[1] "Num itr RA CE"
[1] 44
[1] "Test BER aggreg CE is"
[1] 0.9642857

 Iteration 1 :  Optimal value:  66.8 
 Optimal List:   var2664,var1009,var3,var829,var808,var2670,var1448,var773,var523,var4 

 Iteration 2 :  Optimal value:  64.4 
 Optimal List:   var378,var2,var3,var2124,var2670,var808,var1,var2663,var773,var1448 

 Iteration 3 :  Optimal value:  64.4 
 Optimal List:   var378,var2,var3,var2124,var2670,var808,var1,var2663,var773,var1448 

 Iteration 4 :  Optimal value:  61.2 
 Optimal List:   var523,var808,var829,var3,var378,var2,var1009,var4,var1038,var2670 

 Iteration 5 :  Optimal value:  61.2 
 Optimal List:   var523,var808,var829,var3,var378,var2,var1009,var4,var1038,var2670 

 Iteration 6 :  Optimal value:  61.2 
 Optimal List:   var523,var808,var829,var3,var378,var2,var1009,var4,var1038,var2670 

 Iteration 7 :  Optimal value:  59.6 
 Optimal List:   var378,var808,var829,var3,var523,var2,var1009,var4,var1038,var2198 

 Iteration 8 :  Optimal value:  58.4 
 Optimal List:   var1448,var808,var829,var3,var378,var2,var1009,var4,var1038,var2670 

 Iteration 9 :  Optimal value:  58.4 
 Optimal List:   var1448,var808,var829,var3,var378,var2,var1009,var4,var1038,var2670 

 Iteration 10 :  Optimal value:  58 
 Optimal List:   var1448,var808,var829,var3,var378,var1009,var2,var4,var1038,var2670 

 Iteration 11 :  Optimal value:  54.8 
 Optimal List:   var378,var808,var829,var3,var1448,var1009,var2,var4,var1038,var2670 

 Iteration 12 :  Optimal value:  56 
 Optimal List:   var2,var808,var829,var3,var378,var1448,var1009,var4,var1038,var2670 

 Iteration 13 :  Optimal value:  56 
 Optimal List:   var1009,var808,var829,var3,var378,var2,var1448,var4,var1038,var2670 

 Iteration 14 :  Optimal value:  55.2 
 Optimal List:   var1448,var808,var829,var3,var378,var2,var1009,var4,var2124,var2670 

 Iteration 15 :  Optimal value:  52.8 
 Optimal List:   var2,var808,var829,var3,var378,var1448,var1009,var4,var2124,var2670 

 Iteration 16 :  Optimal value:  54 
 Optimal List:   var2,var808,var829,var3,var378,var1448,var1009,var773,var2124,var2670 

 Iteration 17 :  Optimal value:  52.8 
 Optimal List:   var1009,var808,var829,var3,var378,var1448,var2124,var4,var1038,var2670 

 Iteration 18 :  Optimal value:  52.8 
 Optimal List:   var2,var808,var829,var3,var378,var1448,var1009,var4,var2124,var2670 

 Iteration 19 :  Optimal value:  52.4 
 Optimal List:   var2,var808,var829,var3,var378,var1009,var2124,var4,var1038,var2670 

 Iteration 20 :  Optimal value:  52.4 
 Optimal List:   var2,var808,var829,var3,var378,var1009,var1448,var4,var2124,var2670 

 Iteration 21 :  Optimal value:  52.4 
 Optimal List:   var2,var808,var829,var3,var378,var1009,var1448,var4,var2124,var2670 

 Iteration 22 :  Optimal value:  52.4 
 Optimal List:   var2,var808,var829,var3,var378,var1009,var1448,var4,var2124,var2670 

 Iteration 23 :  Optimal value:  52.4 
 Optimal List:   var2,var808,var829,var3,var378,var1009,var1448,var4,var2124,var2670 

 Iteration 24 :  Optimal value:  51.2 
 Optimal List:   var378,var808,var829,var3,var1009,var2,var1448,var4,var2124,var2670 

 Iteration 25 :  Optimal value:  51.6 
 Optimal List:   var378,var808,var829,var3,var2,var1009,var1448,var4,var2124,var2670 

 Iteration 26 :  Optimal value:  51.2 
 Optimal List:   var378,var808,var829,var3,var1009,var1448,var2,var4,var2124,var2670 

 Iteration 27 :  Optimal value:  51.6 
 Optimal List:   var378,var808,var829,var3,var2,var1009,var1448,var4,var2124,var2670 

 Iteration 28 :  Optimal value:  51.6 
 Optimal List:   var378,var808,var829,var3,var2,var1009,var1448,var4,var2124,var2670 

 Iteration 29 :  Optimal value:  51.6 
 Optimal List:   var378,var808,var829,var3,var4,var1009,var1448,var2,var2124,var2670 

 Iteration 30 :  Optimal value:  51.2 
 Optimal List:   var378,var808,var829,var3,var1009,var2,var1448,var4,var2124,var2670 

 Iteration 31 :  Optimal value:  51.6 
 Optimal List:   var1,var808,var829,var3,var2,var1009,var1448,var4,var2124,var2670 

 Iteration 32 :  Optimal value:  51.6 
 Optimal List:   var378,var808,var829,var3,var2,var1009,var1448,var4,var2124,var2670 

 Iteration 33 :  Optimal value:  50.8 
 Optimal List:   var378,var808,var829,var3,var2,var2124,var1009,var4,var1448,var2670 

 Iteration 34 :  Optimal value:  50.8 
 Optimal List:   var378,var808,var829,var3,var2,var2124,var1009,var4,var1448,var2670 

 Iteration 35 :  Optimal value:  50.8 
 Optimal List:   var378,var808,var829,var3,var2,var2124,var1009,var4,var1448,var2670 

 Iteration 36 :  Optimal value:  51.2 
 Optimal List:   var378,var808,var829,var3,var1009,var1448,var2,var4,var2124,var2670 

 Iteration 37 :  Optimal value:  50.8 
 Optimal List:   var2,var808,var829,var3,var1009,var2124,var1448,var4,var378,var2670 

 Iteration 38 :  Optimal value:  51.2 
 Optimal List:   var378,var808,var829,var3,var1009,var2,var1448,var4,var2124,var2670 

 Iteration 39 :  Optimal value:  51.2 
 Optimal List:   var2,var808,var829,var3,var1009,var1448,var2124,var4,var378,var2670 

 Iteration 40 :  Optimal value:  51.2 
 Optimal List:   var2,var808,var829,var3,var1009,var1448,var2124,var4,var378,var2670 

 Iteration 41 :  Optimal value:  51.2 
 Optimal List:   var1,var808,var829,var3,var2,var1009,var1448,var2124,var378,var2670 

 Iteration 42 :  Optimal value:  50.8 
 Optimal List:   var1,var808,var829,var3,var1009,var2124,var1448,var4,var2670,var1038 

 Iteration 43 :  Optimal value:  50.8 
 Optimal List:   var1,var808,var829,var3,var1009,var2124,var1448,var4,var2670,var1038 

 Iteration 44 :  Optimal value:  51.2 
 Optimal List:   var1,var808,var829,var3,var2124,var1009,var1448,var4,var378,var2670 

 Iteration 45 :  Optimal value:  51.2 
 Optimal List:   var378,var808,var829,var3,var2124,var1009,var1448,var2489,var1,var2670 

 Iteration 46 :  Optimal value:  51.2 
 Optimal List:   var378,var808,var829,var3,var2124,var1009,var1448,var2489,var1,var2670 

 Iteration 47 :  Optimal value:  51.2 
 Optimal List:   var378,var808,var829,var3,var2124,var1009,var1448,var2489,var1,var2670 

 Iteration 48 :  Optimal value:  51.2 
 Optimal List:   var378,var808,var829,var3,var1009,var1,var1448,var2,var2124,var2670 

 Iteration 49 :  Optimal value:  51.2 
 Optimal List:   var378,var808,var829,var3,var1009,var1,var1448,var2,var2124,var2670 

 Iteration 50 :  Optimal value:  51.2 
 Optimal List:   var1,var808,var829,var3,var1009,var378,var1448,var2,var2124,var2670 

 Iteration 51 :  Optimal value:  51.2 
 Optimal List:   var378,var808,var829,var3,var1009,var1,var1448,var2,var2124,var2670 

 Iteration 52 :  Optimal value:  51.2 
 Optimal List:   var1,var808,var829,var3,var2124,var1009,var1448,var2,var378,var2670 

 Iteration 53 :  Optimal value:  50.8 
 Optimal List:   var378,var808,var829,var3,var1,var1009,var2124,var1448,var2,var2670 

 Iteration 54 :  Optimal value:  51.2 
 Optimal List:   var378,var808,var829,var3,var2124,var1009,var2,var4,var1448,var2670 

 Iteration 55 :  Optimal value:  51.2 
 Optimal List:   var378,var808,var829,var3,var2124,var1009,var2,var4,var1448,var2670 

 Iteration 56 :  Optimal value:  51.2 
 Optimal List:   var378,var808,var829,var2,var2124,var1009,var3,var4,var1448,var2670 

 Iteration 57 :  Optimal value:  50.8 
 Optimal List:   var1,var808,var1009,var3,var829,var2124,var1448,var2,var378,var2670 

 Iteration 58 :  Optimal value:  51.2 
 Optimal List:   var378,var808,var829,var3,var1009,var1,var1448,var2,var2124,var2670 

 Iteration 59 :  Optimal value:  51.2 
 Optimal List:   var1,var808,var829,var3,var1009,var2,var378,var4,var2124,var2670 

 Iteration 60 :  Optimal value:  51.2 
 Optimal List:   var378,var808,var829,var3,var1009,var1,var1448,var2,var2124,var2670 

 Iteration 61 :  Optimal value:  50.4 
 Optimal List:   var378,var808,var829,var1009,var2124,var3,var1448,var4,var2,var2670 

 Iteration 62 :  Optimal value:  51.2 
 Optimal List:   var378,var808,var829,var3,var1009,var1,var1448,var4,var2124,var2670 

 Iteration 63 :  Optimal value:  51.2 
 Optimal List:   var378,var808,var829,var3,var1009,var2,var1448,var4,var2124,var2670 

 Iteration 64 :  Optimal value:  51.2 
 Optimal List:   var378,var808,var829,var3,var1009,var2,var1448,var4,var2124,var2670 

 Iteration 65 :  Optimal value:  51.2 
 Optimal List:   var378,var808,var829,var3,var1009,var2,var1,var4,var2124,var2670 

 Iteration 66 :  Optimal value:  50.4 
 Optimal List:   var378,var808,var829,var3,var1009,var2,var2124,var4,var1448,var2670 

 Iteration 67 :  Optimal value:  50.8 
 Optimal List:   var378,var808,var829,var3,var1448,var2124,var1009,var4,var2,var2670 

 Iteration 68 :  Optimal value:  50.8 
 Optimal List:   var378,var808,var829,var3,var1448,var2124,var1009,var4,var2,var2670 

 Iteration 69 :  Optimal value:  50.8 
 Optimal List:   var378,var808,var829,var3,var1448,var2124,var1009,var4,var2,var2670 

 Iteration 70 :  Optimal value:  50.8 
 Optimal List:   var378,var808,var829,var3,var1448,var1009,var2124,var4,var2,var2670 

 Iteration 71 :  Optimal value:  50.8 
 Optimal List:   var378,var808,var829,var3,var1448,var2124,var1009,var4,var2,var2670 

 Iteration 72 :  Optimal value:  50.8 
 Optimal List:   var378,var808,var829,var3,var1448,var2124,var1009,var4,var2,var2670 

 Iteration 73 :  Optimal value:  50.8 
 Optimal List:   var378,var808,var829,var3,var1448,var2124,var1009,var4,var2,var2670 

 Iteration 74 :  Optimal value:  50.8 
 Optimal List:   var378,var808,var1009,var829,var1448,var2,var2124,var4,var3,var2670 

 Iteration 75 :  Optimal value:  50.8 
 Optimal List:   var378,var808,var1009,var829,var1448,var4,var2124,var2,var3,var2670 

 Iteration 76 :  Optimal value:  50.4 
 Optimal List:   var378,var808,var1009,var829,var3,var2124,var1,var4,var2,var2670 

 Iteration 77 :  Optimal value:  50.4 
 Optimal List:   var378,var808,var1009,var829,var3,var2124,var1,var4,var2,var2670 

 Iteration 78 :  Optimal value:  50.4 
 Optimal List:   var378,var808,var1009,var829,var3,var2124,var1,var4,var2,var2670 

 Iteration 79 :  Optimal value:  50.4 
 Optimal List:   var378,var808,var1009,var829,var3,var2124,var1,var4,var2,var2670 

 Iteration 80 :  Optimal value:  50 
 Optimal List:   var378,var808,var829,var2,var1009,var2124,var1448,var4,var3,var2670 

 Iteration 81 :  Optimal value:  49.6 
 Optimal List:   var378,var808,var829,var1009,var1448,var2124,var3,var4,var2,var2670 

 Iteration 82 :  Optimal value:  50 
 Optimal List:   var378,var808,var829,var2,var1009,var2124,var1448,var4,var3,var2670 

 Iteration 83 :  Optimal value:  50 
 Optimal List:   var378,var808,var829,var4,var1009,var2124,var1448,var2,var3,var2670 

 Iteration 84 :  Optimal value:  50 
 Optimal List:   var378,var808,var829,var2,var1009,var2124,var1448,var4,var3,var2670 

 Iteration 85 :  Optimal value:  50.4 
 Optimal List:   var378,var808,var1009,var829,var3,var2124,var1,var4,var2,var2670 

 Iteration 86 :  Optimal value:  50 
 Optimal List:   var378,var808,var829,var3,var1009,var2124,var1448,var4,var2,var2670 

 Iteration 87 :  Optimal value:  50 
 Optimal List:   var378,var808,var829,var3,var1009,var2124,var1448,var4,var2,var2670 

 Iteration 88 :  Optimal value:  50 
 Optimal List:   var378,var808,var829,var3,var1009,var2124,var1448,var4,var2,var2670 

 Iteration 89 :  Optimal value:  50 
 Optimal List:   var378,var808,var829,var3,var1009,var2124,var1448,var4,var2,var2670 

 Iteration 90 :  Optimal value:  50 
 Optimal List:   var378,var808,var829,var3,var1009,var2124,var1448,var4,var2,var2670 

 Iteration 91 :  Optimal value:  50 
 Optimal List:   var378,var808,var829,var3,var1009,var2124,var1448,var4,var2,var2670 

 Iteration 92 :  Optimal value:  50 
 Optimal List:   var378,var808,var829,var3,var1009,var2124,var1448,var4,var2,var2670 

 Iteration 93 :  Optimal value:  50 
 Optimal List:   var378,var808,var829,var3,var1009,var2124,var1448,var4,var2,var2670 

 Iteration 94 :  Optimal value:  50 
 Optimal List:   var378,var808,var829,var2,var1009,var2124,var1448,var4,var3,var2670 

 Iteration 95 :  Optimal value:  50 
 Optimal List:   var378,var808,var829,var2,var1009,var2124,var1448,var4,var3,var2670 

 Iteration 96 :  Optimal value:  50 
 Optimal List:   var378,var808,var829,var3,var1009,var2124,var1448,var4,var2,var2670 

 Iteration 97 :  Optimal value:  50 
 Optimal List:   var378,var808,var829,var2,var1009,var2124,var1448,var4,var3,var2670 

 Iteration 98 :  Optimal value:  50 
 Optimal List:   var378,var808,var829,var3,var1009,var2124,var1448,var4,var2,var2670 

 Iteration 99 :  Optimal value:  50 
 Optimal List:   var378,var808,var829,var3,var1009,var2124,var1448,var4,var2,var2670 

 Iteration 100 :  Optimal value:  50 
 Optimal List:   var378,var808,var829,var2,var1009,var2124,var1448,var4,var3,var2670 

 Iteration 101 :  Optimal value:  50 
 Optimal List:   var378,var808,var829,var3,var1009,var2124,var1448,var4,var2,var2670 

 Iteration 102 :  Optimal value:  50 
 Optimal List:   var378,var808,var829,var3,var1009,var2124,var1448,var4,var2,var2670 

 Iteration 103 :  Optimal value:  50 
 Optimal List:   var378,var808,var829,var2,var1009,var2124,var1448,var4,var3,var2670 

 Iteration 104 :  Optimal value:  50 
 Optimal List:   var378,var808,var829,var3,var1009,var2124,var1448,var4,var2,var2670 

 Iteration 105 :  Optimal value:  50 
 Optimal List:   var378,var808,var829,var2,var1009,var2124,var1448,var4,var3,var2670 

 Iteration 106 :  Optimal value:  50 
 Optimal List:   var378,var808,var829,var2,var1009,var2124,var1448,var4,var3,var2670 

 Iteration 107 :  Optimal value:  50 
 Optimal List:   var378,var808,var829,var3,var1009,var2124,var1448,var4,var2,var2670 

 Iteration 108 :  Optimal value:  50 
 Optimal List:   var378,var808,var829,var2,var1009,var2124,var1448,var4,var3,var2670 

 Iteration 109 :  Optimal value:  50 
 Optimal List:   var378,var808,var829,var1009,var1448,var2,var2124,var4,var3,var2670 

 Iteration 110 :  Optimal value:  50 
 Optimal List:   var378,var808,var829,var3,var1009,var2124,var1448,var4,var2,var2670 

 Iteration 111 :  Optimal value:  49.6 
 Optimal List:   var378,var808,var829,var1009,var1448,var2124,var2,var4,var3,var2670 

 Iteration 112 :  Optimal value:  49.6 
 Optimal List:   var378,var808,var829,var1009,var1448,var2124,var2,var4,var3,var2670 

 Iteration 113 :  Optimal value:  49.6 
 Optimal List:   var378,var808,var829,var1009,var1448,var2124,var2,var4,var3,var2670 

 Iteration 114 :  Optimal value:  49.6 
 Optimal List:   var378,var808,var829,var1009,var1448,var2124,var2,var4,var3,var2670 

 Iteration 115 :  Optimal value:  49.6 
 Optimal List:   var378,var808,var829,var1009,var1,var2124,var1448,var4,var2,var2670 

 Iteration 116 :  Optimal value:  49.6 
 Optimal List:   var378,var808,var829,var1009,var1,var2124,var1448,var4,var2,var2670 

 Iteration 117 :  Optimal value:  49.6 
 Optimal List:   var378,var808,var829,var1009,var1448,var2124,var2,var4,var3,var2670 

 Iteration 118 :  Optimal value:  49.6 
 Optimal List:   var378,var808,var829,var1009,var1448,var2124,var2,var4,var3,var2670 

 Iteration 119 :  Optimal value:  49.6 
 Optimal List:   var378,var808,var829,var1009,var1448,var2124,var3,var4,var2,var2670 

 Iteration 120 :  Optimal value:  49.6 
 Optimal List:   var378,var808,var829,var1009,var1448,var2124,var2,var1,var3,var2670 

 Iteration 121 :  Optimal value:  49.6 
 Optimal List:   var378,var808,var829,var1009,var1448,var2124,var2,var1,var3,var2670 

 Iteration 122 :  Optimal value:  49.6 
 Optimal List:   var378,var808,var829,var1009,var1448,var2124,var3,var1,var2,var2670 

 Iteration 123 :  Optimal value:  49.6 
 Optimal List:   var378,var808,var829,var1009,var1448,var2124,var2,var1,var3,var2670 

 Iteration 124 :  Optimal value:  49.6 
 Optimal List:   var378,var808,var829,var1009,var1448,var2124,var2,var1,var3,var2670 

 Iteration 125 :  Optimal value:  49.6 
 Optimal List:   var378,var808,var829,var1009,var1448,var2124,var2,var1,var3,var2670 

 Iteration 126 :  Optimal value:  49.6 
 Optimal List:   var378,var808,var829,var1009,var1448,var2124,var2,var1,var3,var2670 

 Iteration 127 :  Optimal value:  49.6 
 Optimal List:   var378,var808,var829,var1009,var1448,var2124,var2,var1,var3,var2670 

 Iteration 128 :  Optimal value:  49.6 
 Optimal List:   var378,var808,var829,var1009,var1448,var2124,var2,var1,var3,var2670 

 Iteration 129 :  Optimal value:  49.6 
 Optimal List:   var378,var808,var829,var1009,var1448,var2124,var2,var1,var3,var2670 

 Iteration 130 :  Optimal value:  49.6 
 Optimal List:   var378,var808,var829,var1009,var1448,var2124,var2,var1,var3,var2670 

 Iteration 131 :  Optimal value:  49.6 
 Optimal List:   var378,var808,var829,var1009,var1448,var2124,var2,var4,var3,var2670 

 Iteration 132 :  Optimal value:  49.6 
 Optimal List:   var378,var808,var829,var1009,var1448,var2124,var2,var4,var3,var2670 

 Iteration 133 :  Optimal value:  49.6 
 Optimal List:   var378,var808,var829,var1009,var2,var2124,var1448,var1,var3,var2670 

 Iteration 134 :  Optimal value:  49.6 
 Optimal List:   var378,var808,var829,var1009,var1448,var2124,var2,var1,var3,var2670 

 Iteration 135 :  Optimal value:  49.6 
 Optimal List:   var378,var808,var829,var1009,var1448,var2124,var2,var1,var3,var2670 

 Iteration 136 :  Optimal value:  49.6 
 Optimal List:   var378,var808,var829,var1009,var1448,var2124,var2,var1,var3,var2670 

 Iteration 137 :  Optimal value:  49.6 
 Optimal List:   var378,var808,var829,var1009,var1448,var2124,var2,var1,var3,var2670 

 Iteration 138 :  Optimal value:  49.6 
 Optimal List:   var378,var808,var829,var1009,var1448,var2124,var2,var1,var3,var2670 

 Iteration 139 :  Optimal value:  49.6 
 Optimal List:   var378,var808,var829,var1009,var2,var2124,var1448,var1,var3,var2670 

 Iteration 140 :  Optimal value:  49.6 
 Optimal List:   var378,var808,var829,var1009,var2,var2124,var1448,var1,var3,var2670 
[1] "test acc rank aggreg GA:0.970588235294118"
[1] "test AUC acc rank aggreg GA:0.964285714285714"
[1] "10 fold train rank aggreg res GA97.3684210526316"
[1] "confusion matrix train 10 fold rank aggreg GA"
            nci_y
pred10foldRA -1  1
          -1 27  0
          1   0 11
[1] "Num itr RA GA"
[1] 141
[1] "Test BER aggreg GA is"
[1] 0.9642857
There were 11 warnings (use warnings() to see them)
> 
> cma_feat_list<-colnames(trainm)
> 
> save(CMAres,file="CMAres.Rda")
> write.table(cma_feat_list,file="selected_cma_feat_list.txt",sep="t",row.names=FALSE)
> 
> # modtraindata=modtrain, modtestdata=modtest, blindtest=testacc, modtrainclass=nci_y, modtestclass=test_y
> #if(FALSE)
> {
+ trainm<-CMAres$modtraindata
+ testm<-CMAres$modtestdata
+ trainclass<-CMAres$modtrainclass
+ testclass<-CMAres$modtestclass
+ learningsets<-CMAres$learningsets
+ }
> 
> if(FALSE)
+ {
+ trainclass<-trainm[,1] #CMAres$modtrainclass
+ testclass<-testm[,1] #CMAres$modtestclass
+ trainm<-trainm[,-c(1)] #CMAres$modtrainmata
+ testm<-testm[,-c(1)] #CMAres$modtestmata
+ 
+ }
> 
> d_dim<-dim(trainm)
> 
> print("Original dimension")
[1] "Original dimension"
> print(d_dim)
[1] 38 24
> 
> system.time(psores<-run_pso(outloc=outloc,trainm,trainclass,testm,testclass,transition_matrix,c1=2.05,
+ c2=2.05,
+ itr=10,
+ globalpso_maxitr=10,
+ global_max_itr=5,
+ num_part=20,
+ kname="radial",
+ errortype="BER",
+ weightA<-as.numeric(args[1]),
+ weightB<-as.numeric(args[2]),
+ weightC<-as.numeric(args[3]),
+ weightD<-as.numeric(args[4]),
+ featweight.max=0.01,
+ featweight.min=0.01,
+ numfolds=10,
+ followerprob=as.numeric(args[6]),
+ confusionprob=as.numeric(args[7]),
+ leaderprob=as.numeric(args[8]),
+ wmax=1,
+ wmin=1,
+ behavior_reset_itr=5,
+ maxitrreset=10,
+ num_neighbors=3,
+ minselect.pct=0.5,
+ evalMode="CV2",
+ minfitnessthresh=50,
+ maxnum=as.numeric(args[10]),minnum=3,inertia_method=args[5],particlebehav_method="randbased",constriction_factor=1,
+ select.global.best=TRUE,numnodes=8,evalFunc=eval_fit_kfold_diff,itr.terminate=FALSE,train.pct=0.8))
[1] "c1: 2.05"
[1] "c2: 2.05"
[1] "itr: 10"
[1] "globalpso_maxitr: 10"
[1] "global_max_itr: 5"
[1] "num_part: 20"
[1] "kname: radial"
[1] "errortype: BER"
[1] "weightA: 0.7"
[1] "weightB: 0.25"
[1] "weightC: 0.05"
[1] "weightD: 0.2"
[1] "featweight.max: 0.01"
[1] "featweight.min: 0.01"
[1] "numfolds: 10"
[1] "followerprob: 0.45"
[1] "confusionprob: 0.2"
[1] "leaderprob: 0.25"
[1] "wmax: 1"
[1] "wmin: 1"
[1] "behavior_reset_itr: 5"
[1] "maxitrreset: 10"
[1] "num_neighbors: 3"
[1] "minselect.pct: 0.5"
[1] "minfitnessthresh: 50"
[1] "maxnum: 10"
[1] "minnum: 3"
[1] "inertia_method: global"
[1] "particlebehav_method: randbased"
[1] "constriction_factor: 1"
[1] "select.global.best: TRUE"
[1] "train 10 fold"
[1] 100
[1] 1 1
[1] 1 1
[1] "accuracy: 100 num_feat:24 fitness:-587.850782746749"
[1] "All features after CMA"
$fitfunc
[1] 587.8508

$cverror
[1] 100

$cvpermerror
[1] 73.93716

$testacc
[1] 100

$reverseacc
[1] 100

[1] "here"
[1] "s"
[1] 30.4
[1] 38 24
[1] 10
[1] "learning sets: 1"
 [1]  6 28 12  2 16  7 25 20 29 13 15  3 19  9 30 26 21 38 27 10  5 14 23 34  8
[26] 24  4 31 36  1
[1] "Starting global iteration number : 1"
[1] 1 1
[1] 1 1
[1] "accuracy: 100 num_feat:24 fitness:-1266.17973504224"
[1] "iteration number: "
[1] 1
[1] "iteration number: "
[1] 2
[1] "Best fitness updated to:"
[1] 1243.255
[1] "Best solution:"
 [1] NA NA NA NA NA NA NA NA NA NA NA NA NA NA NA NA NA NA NA NA NA NA NA NA
[1] 0
[1] "iteration number: "
[1] 3
[1] "Best fitness updated to:"
[1] 1240.13
[1] "Best solution:"
 [1] 0 0 1 1 0 0 1 0 0 1 1 0 0 0 1 0 1 0 0 0 1 1 0 0
[1] 9
[1] "iteration number: "
[1] 4
[1] "iteration number: "
[1] 5
[1] "iteration number: "
[1] 6
[1] "Minimum fitness threshold not reached after 6 iterations! Continuing PSO."
[1] "iteration number: "
[1] 7
[1] "Minimum fitness threshold not reached after 7 iterations! Continuing PSO."
[1] "iteration number: "
[1] 8
[1] "Minimum fitness threshold not reached after 8 iterations! Continuing PSO."
[1] "iteration number: "
[1] 9
[1] "Minimum fitness threshold not reached after 9 iterations! Continuing PSO."
[1] "iteration number: "
[1] 10
[1] "Minimum fitness threshold not reached after 10 iterations! Continuing PSO."
[1] "iteration number: "
[1] 11
[1] "Best fitness updated to:"
[1] 1167.702
[1] "Best solution:"
 [1] 1 0 0 0 1 0 0 1 1 1 0 0 1 1 0 1 0 1 0 1 0 0 0 1
[1] 11
[1] "Minimum fitness threshold not reached after 11 iterations! Continuing PSO."
[1] "iteration number: "
[1] 12
[1] "Minimum fitness threshold not reached after 12 iterations! Continuing PSO."
[1] "iteration number: "
[1] 13
[1] "Minimum fitness threshold not reached after 13 iterations! Continuing PSO."
[1] "iteration number: "
[1] 14
[1] "Best fitness updated to:"
[1] 1164.468
[1] "Best solution:"
 [1] 0 0 0 0 1 1 0 0 0 0 1 1 1 1 0 1 0 0 1 0 0 0 0 0
[1] 8
[1] "Minimum fitness threshold not reached after 14 iterations! Continuing PSO."
[1] "iteration number: "
[1] 15
[1] "Minimum fitness threshold not reached after 15 iterations! Continuing PSO."
[1] "iteration number: "
[1] 16
[1] "Minimum fitness threshold not reached after 16 iterations! Continuing PSO."
[1] "iteration number: "
[1] 17
[1] "Minimum fitness threshold not reached after 17 iterations! Continuing PSO."
[1] "iteration number: "
[1] 18
[1] "Minimum fitness threshold not reached after 18 iterations! Continuing PSO."
[1] "iteration number: "
[1] 19
[1] "Minimum fitness threshold not reached after 19 iterations! Continuing PSO."
[1] "iteration number: "
[1] 20
[1] "Minimum fitness threshold not reached after 20 iterations! Continuing PSO."
[1] "iteration number: "
[1] 21
[1] "Minimum fitness threshold not reached after 21 iterations! Continuing PSO."
[1] "iteration number: "
[1] 22
[1] "Minimum fitness threshold not reached after 22 iterations! Continuing PSO."
[1] "iteration number: "
[1] 23
[1] "Minimum fitness threshold not reached after 23 iterations! Continuing PSO."
[1] "iteration number: "
[1] 24
[1] "Minimum fitness threshold not reached after 24 iterations! Continuing PSO."
[1] "iteration number: "
[1] 25
[1] "RE-INITIALIZING..."
[1] 1
[1] 5
[1] 24
 [1] 2 3 3 3 4 1 1 1 2 2 2 3 4 1 3 1 4 2 2 3
[1] "Minimum fitness threshold not reached after 25 iterations! Continuing PSO."
[1] "iteration number: "
[1] 26
[1] "Minimum fitness threshold not reached after 26 iterations! Continuing PSO."
[1] "iteration number: "
[1] 27
[1] "Minimum fitness threshold not reached after 27 iterations! Continuing PSO."
[1] "iteration number: "
[1] 28
[1] "Minimum fitness threshold not reached after 28 iterations! Continuing PSO."
[1] "iteration number: "
[1] 29
[1] "Minimum fitness threshold not reached after 29 iterations! Continuing PSO."
[1] "iteration number: "
[1] 30
[1] "Minimum fitness threshold not reached after 30 iterations! Continuing PSO."
[1] "iteration number: "
[1] 31
[1] "Minimum fitness threshold not reached after 31 iterations! Continuing PSO."
[1] "iteration number: "
[1] 32
[1] "Minimum fitness threshold not reached after 32 iterations! Continuing PSO."
[1] "iteration number: "
[1] 33
[1] "Minimum fitness threshold not reached after 33 iterations! Continuing PSO."
[1] "iteration number: "
[1] 34
[1] "Minimum fitness threshold not reached after 34 iterations! Continuing PSO."
[1] "iteration number: "
[1] 35
[1] "Minimum fitness threshold not reached after 35 iterations! Continuing PSO."
[1] "iteration number: "
[1] 36
[1] "Best fitness updated to:"
[1] 1115.978
[1] "Best solution:"
 [1] 1 0 0 0 1 1 0 0 0 0 0 0 1 1 0 0 0 0 0 0 0 0 0 0
[1] 5
[1] "Minimum fitness threshold not reached after 36 iterations! Continuing PSO."
[1] "iteration number: "
[1] 37
[1] "Minimum fitness threshold not reached after 37 iterations! Continuing PSO."
[1] "iteration number: "
[1] 38
[1] "Minimum fitness threshold not reached after 38 iterations! Continuing PSO."
[1] "iteration number: "
[1] 39
[1] "Minimum fitness threshold not reached after 39 iterations! Continuing PSO."
[1] "iteration number: "
[1] 40
[1] "Minimum fitness threshold not reached after 40 iterations! Continuing PSO."
[1] "iteration number: "
[1] 41
[1] "Minimum fitness threshold not reached after 41 iterations! Continuing PSO."
[1] "iteration number: "
[1] 42
[1] "Minimum fitness threshold not reached after 42 iterations! Continuing PSO."
[1] "iteration number: "
[1] 43
[1] "Minimum fitness threshold not reached after 43 iterations! Continuing PSO."
[1] "iteration number: "
[1] 44
[1] "Minimum fitness threshold not reached after 44 iterations! Continuing PSO."
[1] "iteration number: "
[1] 45
[1] "Minimum fitness threshold not reached after 45 iterations! Continuing PSO."
[1] "iteration number: "
[1] 46
[1] "Minimum fitness threshold not reached after 46 iterations! Continuing PSO."
[1] "iteration number: "
[1] 47
[1] "RE-INITIALIZING..."
[1] 1
[1] 5
[1] 24
 [1] 2 3 3 3 4 1 1 1 2 2 2 3 4 1 3 1 4 2 2 3
[1] "Minimum fitness threshold not reached after 47 iterations! Continuing PSO."
[1] "iteration number: "
[1] 48
[1] "Minimum fitness threshold not reached after 48 iterations! Continuing PSO."
[1] "iteration number: "
[1] 49
[1] "Minimum fitness threshold not reached after 49 iterations! Continuing PSO."
[1] "iteration number: "
[1] 50
[1] "Minimum fitness threshold not reached after 50 iterations! Continuing PSO."
[1] "iteration number: "
[1] 51
[1] "Minimum fitness threshold not reached after 51 iterations! Continuing PSO."
[1] "iteration number: "
[1] 52
[1] "Minimum fitness threshold not reached after 52 iterations! Continuing PSO."
[1] "iteration number: "
[1] 53
[1] "Minimum fitness threshold not reached after 53 iterations! Continuing PSO."
[1] "iteration number: "
[1] 54
[1] "Minimum fitness threshold not reached after 54 iterations! Continuing PSO."
[1] "iteration number: "
[1] 55
[1] "Minimum fitness threshold not reached after 55 iterations! Continuing PSO."
[1] "iteration number: "
[1] 56
[1] "Minimum fitness threshold not reached after 56 iterations! Continuing PSO."
[1] "iteration number: "
[1] 57
[1] "Minimum fitness threshold not reached after 57 iterations! Continuing PSO."
[1] "iteration number: "
[1] 58
[1] "RE-INITIALIZING..."
[1] 2
[1] 5
[1] 24
 [1] 2 3 3 3 4 1 1 1 2 2 2 3 4 1 3 1 4 2 2 3
[1] "Minimum fitness threshold not reached after 58 iterations! Continuing PSO."
[1] "iteration number: "
[1] 59
[1] "Minimum fitness threshold not reached after 59 iterations! Continuing PSO."
[1] "iteration number: "
[1] 60
[1] "Minimum fitness threshold not reached after 60 iterations! Continuing PSO."
[1] "iteration number: "
[1] 61
[1] "Minimum fitness threshold not reached after 61 iterations! Continuing PSO."
[1] "iteration number: "
[1] 62
[1] "Minimum fitness threshold not reached after 62 iterations! Continuing PSO."
[1] "iteration number: "
[1] 63
[1] "Minimum fitness threshold not reached after 63 iterations! Continuing PSO."
[1] "iteration number: "
[1] 64
[1] "Minimum fitness threshold not reached after 64 iterations! Continuing PSO."
[1] "iteration number: "
[1] 65
[1] "Minimum fitness threshold not reached after 65 iterations! Continuing PSO."
[1] "iteration number: "
[1] 66
[1] "Minimum fitness threshold not reached after 66 iterations! Continuing PSO."
[1] "iteration number: "
[1] 67
[1] "Minimum fitness threshold not reached after 67 iterations! Continuing PSO."
[1] "iteration number: "
[1] 68
[1] "Minimum fitness threshold not reached after 68 iterations! Continuing PSO."
[1] "iteration number: "
[1] 69
[1] "RE-INITIALIZING..."
[1] 3
[1] 5
[1] 24
 [1] 2 3 3 3 4 1 1 1 2 2 2 3 4 1 3 1 4 2 2 3
[1] "Minimum fitness threshold not reached after 69 iterations! Continuing PSO."
[1] "iteration number: "
[1] 70
[1] "Minimum fitness threshold not reached after 70 iterations! Continuing PSO."
[1] "iteration number: "
[1] 71
[1] "Minimum fitness threshold not reached after 71 iterations! Continuing PSO."
[1] "iteration number: "
[1] 72
[1] "Minimum fitness threshold not reached after 72 iterations! Continuing PSO."
[1] "iteration number: "
[1] 73
[1] "Minimum fitness threshold not reached after 73 iterations! Continuing PSO."
[1] "iteration number: "
[1] 74
[1] "Minimum fitness threshold not reached after 74 iterations! Continuing PSO."
[1] "iteration number: "
[1] 75
[1] "Minimum fitness threshold not reached after 75 iterations! Continuing PSO."
[1] "iteration number: "
[1] 76
[1] "Minimum fitness threshold not reached after 76 iterations! Continuing PSO."
[1] "iteration number: "
[1] 77
[1] "Minimum fitness threshold not reached after 77 iterations! Continuing PSO."
[1] "iteration number: "
[1] 78
[1] "Minimum fitness threshold not reached after 78 iterations! Continuing PSO."
[1] "iteration number: "
[1] 79
[1] "Minimum fitness threshold not reached after 79 iterations! Continuing PSO."
[1] "iteration number: "
[1] 80
[1] "RE-INITIALIZING..."
[1] 4
[1] 5
[1] 24
 [1] 1 1 2 2 2 2 2 1 2 3 1 1 1 3 2 1 2 2 1 1
[1] "Minimum fitness threshold not reached after 80 iterations! Continuing PSO."
[1] "iteration number: "
[1] 81
[1] "Minimum fitness threshold not reached after 81 iterations! Continuing PSO."
[1] "iteration number: "
[1] 82
[1] "Minimum fitness threshold not reached after 82 iterations! Continuing PSO."
[1] "iteration number: "
[1] 83
[1] "Minimum fitness threshold not reached after 83 iterations! Continuing PSO."
[1] "iteration number: "
[1] 84
[1] "Minimum fitness threshold not reached after 84 iterations! Continuing PSO."
[1] "iteration number: "
[1] 85
[1] "Minimum fitness threshold not reached after 85 iterations! Continuing PSO."
[1] "iteration number: "
[1] 86
[1] "Minimum fitness threshold not reached after 86 iterations! Continuing PSO."
[1] "iteration number: "
[1] 87
[1] "Minimum fitness threshold not reached after 87 iterations! Continuing PSO."
[1] "iteration number: "
[1] 88
[1] "Minimum fitness threshold not reached after 88 iterations! Continuing PSO."
[1] "iteration number: "
[1] 89
[1] "Minimum fitness threshold not reached after 89 iterations! Continuing PSO."
[1] "iteration number: "
[1] 90
[1] "Minimum fitness threshold not reached after 90 iterations! Continuing PSO."
[1] "iteration number: "
[1] 91
[1] "RE-INITIALIZING..."
[1] 5
[1] 5
[1] 23
 [1] 1 1 2 2 2 2 2 1 2 3 1 1 1 3 2 1 2 2 1 1
[1] "Minimum fitness threshold not reached after 91 iterations! Continuing PSO."
[1] "iteration number: "
[1] 92
[1] "Minimum fitness threshold not reached after 92 iterations! Continuing PSO."
[1] "iteration number: "
[1] 93
[1] "Minimum fitness threshold not reached after 93 iterations! Continuing PSO."
[1] "iteration number: "
[1] 94
[1] "Minimum fitness threshold not reached after 94 iterations! Continuing PSO."
[1] "iteration number: "
[1] 95
[1] "Minimum fitness threshold not reached after 95 iterations! Continuing PSO."
[1] "iteration number: "
[1] 96
[1] "Minimum fitness threshold not reached after 96 iterations! Continuing PSO."
[1] "iteration number: "
[1] 97
[1] "Minimum fitness threshold not reached after 97 iterations! Continuing PSO."
[1] "iteration number: "
[1] 98
[1] "Minimum fitness threshold not reached after 98 iterations! Continuing PSO."
[1] "iteration number: "
[1] 99
[1] "Minimum fitness threshold not reached after 99 iterations! Continuing PSO."
[1] "iteration number: "
[1] 100
[1] "Minimum fitness threshold not reached after 100 iterations! Continuing PSO."
[1] "iteration number: "
[1] 101
[1] "Minimum fitness threshold not reached after 101 iterations! Continuing PSO."
[1] "iteration number: "
[1] 102
[1] "RE-INITIALIZING..."
[1] 6
[1] 5
[1] 23
 [1] 1 1 2 2 2 2 2 1 2 3 1 1 1 3 2 1 2 2 1 1
[1] "Minimum fitness threshold not reached after 102 iterations! Continuing PSO."
[1] "iteration number: "
[1] 103
[1] "Minimum fitness threshold not reached after 103 iterations! Continuing PSO."
[1] "iteration number: "
[1] 104
[1] "Minimum fitness threshold not reached after 104 iterations! Continuing PSO."
[1] "iteration number: "
[1] 105
[1] "Minimum fitness threshold not reached after 105 iterations! Continuing PSO."
[1] "iteration number: "
[1] 106
[1] "Minimum fitness threshold not reached after 106 iterations! Continuing PSO."
[1] "iteration number: "
[1] 107
[1] "Minimum fitness threshold not reached after 107 iterations! Continuing PSO."
[1] "iteration number: "
[1] 108
[1] "Minimum fitness threshold not reached after 108 iterations! Continuing PSO."
[1] "iteration number: "
[1] 109
[1] "Minimum fitness threshold not reached after 109 iterations! Continuing PSO."
[1] "iteration number: "
[1] 110
[1] "Minimum fitness threshold not reached after 110 iterations! Continuing PSO."
[1] "iteration number: "
[1] 111
[1] "Best fitness updated to:"
[1] 914.4206
[1] "Best solution:"
 [1] 1 0 0 0 0 1 0 0 0 0 0 0 1 1 0 1 0 0 0 0 0 0 0 0
[1] 5
[1] "Minimum fitness threshold not reached after 111 iterations! Continuing PSO."
[1] "iteration number: "
[1] 112
[1] "Minimum fitness threshold not reached after 112 iterations! Continuing PSO."
[1] "iteration number: "
[1] 113
[1] "Minimum fitness threshold not reached after 113 iterations! Continuing PSO."
[1] "iteration number: "
[1] 114
[1] "Minimum fitness threshold not reached after 114 iterations! Continuing PSO."
[1] "iteration number: "
[1] 115
[1] "Minimum fitness threshold not reached after 115 iterations! Continuing PSO."
[1] "iteration number: "
[1] 116
[1] "Minimum fitness threshold not reached after 116 iterations! Continuing PSO."
[1] "iteration number: "
[1] 117
[1] "Best fitness updated to:"
[1] 892.5044
[1] "Best solution:"
 [1] 1 1 0 0 0 1 0 0 0 0 0 0 0 1 0 0 0 0 0 0 0 0 0 0
[1] 4
[1] "Minimum fitness threshold not reached after 117 iterations! Continuing PSO."
[1] "iteration number: "
[1] 118
[1] "Minimum fitness threshold not reached after 118 iterations! Continuing PSO."
[1] "iteration number: "
[1] 119
[1] "Best fitness updated to:"
[1] 840.3031
[1] "Best solution:"
 [1] 1 1 0 0 0 1 0 0 0 0 0 0 0 1 0 0 0 0 0 0 0 0 0 0
[1] 4
[1] "Minimum fitness threshold not reached after 119 iterations! Continuing PSO."
[1] "iteration number: "
[1] 120
[1] "Minimum fitness threshold not reached after 120 iterations! Continuing PSO."
[1] "iteration number: "
[1] 121
[1] "Minimum fitness threshold not reached after 121 iterations! Continuing PSO."
[1] "iteration number: "
[1] 122
[1] "Minimum fitness threshold not reached after 122 iterations! Continuing PSO."
[1] "iteration number: "
[1] 123
[1] "Minimum fitness threshold not reached after 123 iterations! Continuing PSO."
[1] "iteration number: "
[1] 124
[1] "Minimum fitness threshold not reached after 124 iterations! Continuing PSO."
[1] "iteration number: "
[1] 125
[1] "Minimum fitness threshold not reached after 125 iterations! Continuing PSO."
[1] "iteration number: "
[1] 126
[1] "Minimum fitness threshold not reached after 126 iterations! Continuing PSO."
[1] "iteration number: "
[1] 127
[1] "Minimum fitness threshold not reached after 127 iterations! Continuing PSO."
[1] "iteration number: "
[1] 128
[1] "Minimum fitness threshold not reached after 128 iterations! Continuing PSO."
[1] "iteration number: "
[1] 129
[1] "Minimum fitness threshold not reached after 129 iterations! Continuing PSO."
[1] "iteration number: "
[1] 130
[1] "RE-INITIALIZING..."
[1] 1
[1] 5
[1] 21
 [1] 1 1 2 2 2 2 2 1 2 3 1 1 1 3 2 1 2 2 1 1
[1] "Minimum fitness threshold not reached after 130 iterations! Continuing PSO."
[1] "iteration number: "
[1] 131
[1] "Minimum fitness threshold not reached after 131 iterations! Continuing PSO."
[1] "iteration number: "
[1] 132
[1] "Minimum fitness threshold not reached after 132 iterations! Continuing PSO."
[1] "iteration number: "
[1] 133
[1] "Minimum fitness threshold not reached after 133 iterations! Continuing PSO."
[1] "iteration number: "
[1] 134
[1] "Minimum fitness threshold not reached after 134 iterations! Continuing PSO."
[1] "iteration number: "
[1] 135
[1] "Minimum fitness threshold not reached after 135 iterations! Continuing PSO."
[1] "iteration number: "
[1] 136
[1] "Minimum fitness threshold not reached after 136 iterations! Continuing PSO."
[1] "iteration number: "
[1] 137
[1] "Minimum fitness threshold not reached after 137 iterations! Continuing PSO."
[1] "iteration number: "
[1] 138
[1] "Minimum fitness threshold not reached after 138 iterations! Continuing PSO."
[1] "iteration number: "
[1] 139
[1] "Minimum fitness threshold not reached after 139 iterations! Continuing PSO."
[1] "iteration number: "
[1] 140
[1] "Minimum fitness threshold not reached after 140 iterations! Continuing PSO."
[1] "iteration number: "
[1] 141
[1] "RE-INITIALIZING..."
[1] 2
[1] 5
[1] 21
 [1] 1 1 2 2 2 2 2 1 2 3 1 1 1 3 2 1 2 2 1 1
[1] "Minimum fitness threshold not reached after 141 iterations! Continuing PSO."
[1] "iteration number: "
[1] 142
[1] "Best fitness updated to:"
[1] 565.1414
[1] "Best solution:"
 [1] 1 1 0 0 0 1 0 0 0 0 0 0 0 1 0 0 0 0 0 0 0 0 0 0
[1] 4
[1] "Minimum fitness threshold not reached after 142 iterations! Continuing PSO."
[1] "iteration number: "
[1] 143
[1] "Minimum fitness threshold not reached after 143 iterations! Continuing PSO."
[1] "iteration number: "
[1] 144
[1] "Minimum fitness threshold not reached after 144 iterations! Continuing PSO."
[1] "iteration number: "
[1] 145
[1] "Minimum fitness threshold not reached after 145 iterations! Continuing PSO."
[1] "iteration number: "
[1] 146
[1] "Minimum fitness threshold not reached after 146 iterations! Continuing PSO."
[1] "iteration number: "
[1] 147
[1] "Minimum fitness threshold not reached after 147 iterations! Continuing PSO."
[1] "iteration number: "
[1] 148
[1] "Minimum fitness threshold not reached after 148 iterations! Continuing PSO."
[1] "iteration number: "
[1] 149
[1] "Minimum fitness threshold not reached after 149 iterations! Continuing PSO."
[1] "iteration number: "
[1] 150
[1] "Minimum fitness threshold not reached after 150 iterations! Continuing PSO."
[1] "iteration number: "
[1] 151
[1] "Minimum fitness threshold not reached after 151 iterations! Continuing PSO."
[1] "iteration number: "
[1] 152
[1] "Minimum fitness threshold not reached after 152 iterations! Continuing PSO."
[1] "iteration number: "
[1] 153
[1] "Best fitness updated to:"
[1] 557.6869
[1] "Best solution:"
 [1] 1 1 0 0 0 0 0 0 0 0 0 0 0 1 0 0 0 1 0 0 0 0 0 0
[1] 4
[1] "Minimum fitness threshold not reached after 153 iterations! Continuing PSO."
[1] "iteration number: "
[1] 154
[1] "Minimum fitness threshold not reached after 154 iterations! Continuing PSO."
[1] "iteration number: "
[1] 155
[1] "Minimum fitness threshold not reached after 155 iterations! Continuing PSO."
[1] "iteration number: "
[1] 156
[1] "Minimum fitness threshold not reached after 156 iterations! Continuing PSO."
[1] "iteration number: "
[1] 157
[1] "Minimum fitness threshold not reached after 157 iterations! Continuing PSO."
[1] "iteration number: "
[1] 158
[1] "Minimum fitness threshold not reached after 158 iterations! Continuing PSO."
[1] "iteration number: "
[1] 159
[1] "Minimum fitness threshold not reached after 159 iterations! Continuing PSO."
[1] "iteration number: "
[1] 160
[1] "Minimum fitness threshold not reached after 160 iterations! Continuing PSO."
[1] "iteration number: "
[1] 161
[1] "Minimum fitness threshold not reached after 161 iterations! Continuing PSO."
[1] "iteration number: "
[1] 162
[1] "Minimum fitness threshold not reached after 162 iterations! Continuing PSO."
[1] "iteration number: "
[1] 163
[1] "Minimum fitness threshold not reached after 163 iterations! Continuing PSO."
[1] "iteration number: "
[1] 164
[1] "RE-INITIALIZING..."
[1] 1
[1] 5
[1] 20
 [1] 1 1 2 2 2 2 2 1 2 3 1 1 1 3 2 1 2 2 1 1
[1] "Minimum fitness threshold not reached after 164 iterations! Continuing PSO."
[1] "iteration number: "
[1] 165
[1] "Minimum fitness threshold not reached after 165 iterations! Continuing PSO."
[1] "iteration number: "
[1] 166
[1] "Minimum fitness threshold not reached after 166 iterations! Continuing PSO."
[1] "iteration number: "
[1] 167
[1] "Minimum fitness threshold not reached after 167 iterations! Continuing PSO."
[1] "iteration number: "
[1] 168
[1] "Minimum fitness threshold not reached after 168 iterations! Continuing PSO."
[1] "iteration number: "
[1] 169
[1] "Minimum fitness threshold not reached after 169 iterations! Continuing PSO."
[1] "iteration number: "
[1] 170
[1] "Minimum fitness threshold not reached after 170 iterations! Continuing PSO."
[1] "iteration number: "
[1] 171
[1] "Minimum fitness threshold not reached after 171 iterations! Continuing PSO."
[1] "iteration number: "
[1] 172
[1] "Minimum fitness threshold not reached after 172 iterations! Continuing PSO."
[1] "iteration number: "
[1] 173
[1] "Minimum fitness threshold not reached after 173 iterations! Continuing PSO."
[1] "iteration number: "
[1] 174
[1] "Minimum fitness threshold not reached after 174 iterations! Continuing PSO."
[1] "iteration number: "
[1] 175
[1] "RE-INITIALIZING..."
[1] 2
[1] 5
[1] 20
 [1] 2 3 3 3 4 1 1 1 2 2 2 3 4 1 3 1 4 2 2 3
[1] "Minimum fitness threshold not reached after 175 iterations! Continuing PSO."
[1] "iteration number: "
[1] 176
[1] "Minimum fitness threshold not reached after 176 iterations! Continuing PSO."
[1] "iteration number: "
[1] 177
[1] "Minimum fitness threshold not reached after 177 iterations! Continuing PSO."
[1] "iteration number: "
[1] 178
[1] "Minimum fitness threshold not reached after 178 iterations! Continuing PSO."
[1] "iteration number: "
[1] 179
[1] "Minimum fitness threshold not reached after 179 iterations! Continuing PSO."
[1] "iteration number: "
[1] 180
[1] "Minimum fitness threshold not reached after 180 iterations! Continuing PSO."
[1] "iteration number: "
[1] 181
