nmaqcIIbreastER15globalnochange5itrreset5nod1pctfeb817v5C_2.out : [1] 0.8656999
niris3globalnochange5itrreset5nod1pctfeb817v5C_2.out : [1] 0.9741667
nmaqcIIbreastER10globalnochange5itrreset5nod1pctfeb817v5C_2.out : [1] 0.8656999
ngolub3globalnochange5itrreset5nod1pctfeb817v5C_2.out : [1] 0.9642857
ngolub15globalnochange5itrreset5nod1pctfeb817v5C_2.out : [1] 0.9642857
nprostate3globalnochange5itrreset5nod1pctfeb817v5C_2.out : [1] 0.7712121
nprostate5globalnochange5itrreset5nod1pctfeb817v5C_2.out : [1] 0.8
nprostate15globalnochange5itrreset5nod1pctfeb817v5C_2.out : [1] 0.8166667
nsrbct10globalnochange5itrreset5nod1pctfeb817v5C_2.out : [1] 1
nmaqcIIbreastER3globalnochange5itrreset5nod1pctfeb817v5C_2.out : [1] 0.8959647
nsrbct5globalnochange5itrreset5nod1pctfeb817v5C_2.out : [1] 1
nprostate10globalnochange5itrreset5nod1pctfeb817v5C_2.out : [1] 0.7712121
nmaqcIIbreastER5globalnochange5itrreset5nod1pctfeb817v5C_2.out : [1] 0.8411097
ngolub10globalnochange5itrreset5nod1pctfeb817v5C_2.out : [1] 0.9642857
nsrbct3globalnochange5itrreset5nod1pctfeb817v5C_2.out : [1] 1
nmaqcIIbreastPCR15globalnochange5itrreset5nod1pctfeb817v5C_2.out : [1] 0.6509804
nmaqcIIbreastPCR3globalnochange5itrreset5nod1pctfeb817v5C_2.out : [1] 0.7156863
nsrbct15globalnochange5itrreset5nod1pctfeb817v5C_2.out : [1] 1
nmaqcIIbreastPCR5globalnochange5itrreset5nod1pctfeb817v5C_2.out : [1] 0.7176471
nmaqcIIbreastPCR10globalnochange5itrreset5nod1pctfeb817v5C_2.out : [1] 0.6901961
ngolub5globalnochange5itrreset5nod1pctfeb817v5C_2.out : [1] 0.9642857
