
R version 3.2.2 (2015-08-14) -- "Fire Safety"
Copyright (C) 2015 The R Foundation for Statistical Computing
Platform: x86_64-pc-linux-gnu (64-bit)

R is free software and comes with ABSOLUTELY NO WARRANTY.
You are welcome to redistribute it under certain conditions.
Type 'license()' or 'licence()' for distribution details.

  Natural language support but running in an English locale

R is a collaborative project with many contributors.
Type 'contributors()' for more information and
'citation()' on how to cite R or R packages in publications.

Type 'demo()' for some demos, 'help()' for on-line help, or
'help.start()' for an HTML browser interface to help.
Type 'q()' to quit R.

> 
> #.libPaths("/home/stu/kuppal3/karan_libs/Rlibs")
> library(snow)
> library(e1071)
> library(yaImpute)

Attaching package: ‘yaImpute’

The following object is masked from ‘package:e1071’:

    impute

> library(pROC)
Type 'citation("pROC")' for a citation.

Attaching package: ‘pROC’

The following objects are masked from ‘package:stats’:

    cov, smooth, var

> library(bioDist)
Loading required package: Biobase
Loading required package: BiocGenerics
Loading required package: parallel

Attaching package: ‘parallel’

The following objects are masked from ‘package:snow’:

    clusterApply, clusterApplyLB, clusterCall, clusterEvalQ,
    clusterExport, clusterMap, clusterSplit, makeCluster, parApply,
    parCapply, parLapply, parRapply, parSapply, splitIndices,
    stopCluster


Attaching package: ‘BiocGenerics’

The following objects are masked from ‘package:parallel’:

    clusterApply, clusterApplyLB, clusterCall, clusterEvalQ,
    clusterExport, clusterMap, parApply, parCapply, parLapply,
    parLapplyLB, parRapply, parSapply, parSapplyLB

The following objects are masked from ‘package:snow’:

    clusterApply, clusterApplyLB, clusterCall, clusterEvalQ,
    clusterExport, clusterMap, parApply, parCapply, parLapply,
    parRapply, parSapply

The following objects are masked from ‘package:stats’:

    IQR, mad, xtabs

The following objects are masked from ‘package:base’:

    anyDuplicated, append, as.data.frame, as.vector, cbind, colnames,
    do.call, duplicated, eval, evalq, Filter, Find, get, grep, grepl,
    intersect, is.unsorted, lapply, lengths, Map, mapply, match, mget,
    order, paste, pmax, pmax.int, pmin, pmin.int, Position, rank,
    rbind, Reduce, rownames, sapply, setdiff, sort, table, tapply,
    union, unique, unlist, unsplit

Welcome to Bioconductor

    Vignettes contain introductory material; view with
    'browseVignettes()'. To cite Bioconductor, see
    'citation("Biobase")', and for packages 'citation("pkgname")'.

Loading required package: KernSmooth
KernSmooth 2.23 loaded
Copyright M. P. Wand 1997-2009
> #library(CMA, lib="/home/stu/kuppal3/karan_libs/Rlibs/")
> library(RankAggreg)
> library(CMA)

Attaching package: ‘CMA’

The following object is masked from ‘package:pROC’:

    roc

The following object is masked from ‘package:e1071’:

    tune

> library(expm)
Loading required package: Matrix

Attaching package: ‘expm’

The following object is masked from ‘package:Matrix’:

    expm

> 
> cl<-makeCluster(1)
> 
> 
> args<-commandArgs(trailingOnly=TRUE)
> #sname<-paste("/home/stu/kuppal3/Research/Feature_selection/Rcode/version2016/OCFS_",args[9],".R",sep="")
> #sname<-paste("/Users/karanuppal/Documents/Gatech/Projects/Algorithms/TwostagePSO/version2016/OCFS_",args[9],".R",sep="")
> 
> sname<-paste("/home/kuppal2/Documents/Projects/xmsPANDA/Other/scripts/OCFS_",args[9],".R",sep="")
> source(sname)
> print(sname)
[1] "/home/kuppal2/Documents/Projects/xmsPANDA/Other/scripts/OCFS_vfeb817_v2.R"
> 
> #data_loc<-"/home/stu/kuppal3/Research/Feature_selection/Datasets/MAQCII_BreastCancer/" 
> #data_loc<-"/Users/karanuppal/Documents/Gatech/Projects/Algorithms/TwostagePSO/Datasets/MAQCII_BreastCancer/"
> 
> data_loc<-"/home/kuppal2/Documents/Projects/xmsPANDA/Other/Datasets/MAQCII_BreastCancer/"
> setwd(data_loc)
> #load("/home/stu/kuppal3/Research/Feature_selection/Datasets/MAQCII_BreastCancer/MaqcIIbr.Rda")
> 
> load("MaqcIIbr.Rda")
> 
> outloc<-paste(data_loc,"OCFSv062016_v32_PCR_sensitivity_itr",args[9],"/",sep="")
> dir.create(outloc)
Warning message:
In dir.create(outloc) :
  '/home/kuppal2/Documents/Projects/xmsPANDA/Other/Datasets/MAQCII_BreastCancer/OCFSv062016_v32_PCR_sensitivity_itrvfeb817_v2' already exists
> setwd(outloc)
> 
> trainm<-MaqcIIbr$trainx
> testm<-MaqcIIbr$testx
> #trainclass<-MaqcIIbr$trainER #PCRvsRD
> #testclass<-MaqcIIbr$testER #PCRvsRD
> 
> trainclass<-MaqcIIbr$trainPCRvsRD
> testclass<-MaqcIIbr$testPCRvsRD
> 
> trainm<-trainm[,-c(22284)]
> testm<-testm[,-c(22284)]
> trainm<-apply(trainm,2,as.numeric)
> testm<-apply(testm,2,as.numeric)
> 
> 
> 
> 
> trainm<-cbind(trainclass,trainm)
> testm<-cbind(testclass,testm)
> 
> trainm<-na.omit(trainm)
> testm<-na.omit(testm)
> 
> 
> 
> 
> 
> 
> #OCFSvmay2415v2reg_itr1_LassoRFELIMMAELpres1backwsel_l0.25f0.45c0.25_top10pctmaxitrs100minselmedianrandbehavfeatw0.01_CV2accA100B1wrand6methodsmax100wrand/"
> 
> dir.create(outloc)
Warning message:
In dir.create(outloc) :
  '/home/kuppal2/Documents/Projects/xmsPANDA/Other/Datasets/MAQCII_BreastCancer/OCFSv062016_v32_PCR_sensitivity_itrvfeb817_v2' already exists
> setwd(outloc)
> 
> trainm<-as.matrix(trainm)
> testm<-as.matrix(testm)
> trainclass<-trainm[,1] #CMAres$modtrainclass
> testclass<-testm[,1] #CMAres$modtestclass
> trainm<-trainm[,-c(1)] #CMAres$modtrainmata
> testm<-testm[,-c(1)] #CMAres$modtestmata
> 
> #a: Confusions
> #b: Neighbors
> #c: Global
> #d: Death
> 
> a<-c(0.25,0.25,0.25,0.25)
> b<-c(0.3,0.1,0.4,0.1)
> c<-c(0.25,0.25,0.5,0)
> d<-c(0.9,0.1,0,0.1)
> 
> a<-c(0,0.4,0.1,0.5)
> b<-c(0.3,0.1,0.4,0.1)
> c<-c(0,0.5,0.5,0)
> d<-c(0.9,0.1,0,0)
> 
> a<-c(0,0.4,0.1,0.5)
> b<-c(0.2,0.3,0.4,0.1)
> c<-c(0,0.4,0.4,0.2)
> d<-c(0.9,0.1,0,0)
> 
> transition_matrix<-rbind(a,b,c,d)
> 
> 
> dir.create(outloc)
Warning message:
In dir.create(outloc) :
  '/home/kuppal2/Documents/Projects/xmsPANDA/Other/Datasets/MAQCII_BreastCancer/OCFSv062016_v32_PCR_sensitivity_itrvfeb817_v2' already exists
> setwd(outloc)
> temp2=t(trainm)
> temp2=apply(temp2, 2, function(x){which(x=="MD")})
> temp2=unlist(temp2)
> temp2=unique(temp2)
> if(length(temp2)>1)
+ {
+ 	trainm=trainm[,-c(temp2)]
+ 
+ 	rm(temp2)
+ }
> 
> boostweight=rep(0,dim(trainm)[2])
> 
> CMAres<-performCMA(trainm, trainclass, testm, testclass,outloc,
+ maxnum=as.numeric(args[10]),
+ minnum=3,
+ stepitr=1,
+ gsmethods=c("limma"), #"lasso","elasticnet","kruskal.test"), #"f.test", "f.test", "elasticnet", "wilcox.test", "welch.test"),
+ pct_train=0.40,
+ accuracyweight=1,
+ featweight=0.06,
+ minpresent=1,
+ kname="radial",
+ norm_method="none",
+ tolerance=0.1,
+ maxitrs=5,
+ classindex=1,
+ numfacts=0,
+ evalmethod="CV",
+ numfolds=10,
+ CVfoldthresh=0.7,
+ varselmethod="none",
+ scheme_val="one-vs-all",
+ iter_learn=1,boostweight=rep(0,dim(trainm)[2]))
[1] "dim of trainm is "
[1]   130 22283
[1]   130 22283
[1] "length of factcols"
[1] 0
[1]   130 22283
[1]   100 22283
integer(0)
character(0)
NULL
[1] "ok"
[1] "test class"
[1] 2 1 2 2
Levels: 1 2
[1] "orig train matrix"
     1007_s_at 1053_at 117_at  121_at 1255_g_at 1294_at 1316_at 1320_at
[1,]   12.4440  8.3774 6.7866 10.2851    5.9064  8.3767  8.0356  6.6745
[2,]   12.2005  7.8592 8.0963 10.4624    4.9582  9.2973  7.0581  6.4607
[3,]   12.6709  8.6762 7.4812 10.1887    5.2332  9.1721  8.6061  7.0932
[4,]   11.6619  8.2557 7.9923 10.7705    6.3296  9.3777  8.4776  6.5878
[5,]   11.8397  8.7971 7.8321 10.2869    5.8389  7.0841  7.3419  7.3167
     1405_i_at 1431_at
[1,]    6.2325  6.8450
[2,]    6.9047  5.8878
[3,]    6.5940  5.6843
[4,]    6.0877  6.5169
[5,]    6.3456  6.1708
[1] "orig train matrix"
     1007_s_at 1053_at 117_at  121_at 1255_g_at 1294_at 1316_at 1320_at
[1,]   12.4440  8.3774 6.7866 10.2851    5.9064  8.3767  8.0356  6.6745
[2,]   12.2005  7.8592 8.0963 10.4624    4.9582  9.2973  7.0581  6.4607
[3,]   12.6709  8.6762 7.4812 10.1887    5.2332  9.1721  8.6061  7.0932
[4,]   11.6619  8.2557 7.9923 10.7705    6.3296  9.3777  8.4776  6.5878
[5,]   11.8397  8.7971 7.8321 10.2869    5.8389  7.0841  7.3419  7.3167
     1405_i_at 1431_at
[1,]    6.2325  6.8450
[2,]    6.9047  5.8878
[3,]    6.5940  5.6843
[4,]    6.0877  6.5169
[5,]    6.3456  6.1708
[1] 6.7866 8.0963 7.4812
[1] "norm train matrix"
     1007_s_at 1053_at 117_at  121_at 1255_g_at 1294_at 1316_at 1320_at
[1,]   12.4440  8.3774 6.7866 10.2851    5.9064  8.3767  8.0356  6.6745
[2,]   12.2005  7.8592 8.0963 10.4624    4.9582  9.2973  7.0581  6.4607
[3,]   12.6709  8.6762 7.4812 10.1887    5.2332  9.1721  8.6061  7.0932
[4,]   11.6619  8.2557 7.9923 10.7705    6.3296  9.3777  8.4776  6.5878
[5,]   11.8397  8.7971 7.8321 10.2869    5.8389  7.0841  7.3419  7.3167
     1405_i_at 1431_at
[1,]    6.2325  6.8450
[2,]    6.9047  5.8878
[3,]    6.5940  5.6843
[4,]    6.0877  6.5169
[5,]    6.3456  6.1708
[1] "mean of feat 2"
[1] 8.273493
[1] "sd of feat 2"
[1] 0.7010279
[1] "maxnum is "
[1] 3
[1] "# of genes left after filtering:"
[1]   130 22283
GeneSelection: iteration 1 

Attaching package: ‘limma’

The following object is masked from ‘package:BiocGenerics’:

    plotMA

GeneSelection: iteration 2 
GeneSelection: iteration 3 
GeneSelection: iteration 4 
GeneSelection: iteration 5 
GeneSelection: iteration 6 
GeneSelection: iteration 7 
GeneSelection: iteration 8 
GeneSelection: iteration 9 
GeneSelection: iteration 10 
[1] "varselmethod"
[1] "none"
[1] "dim of scoring matrix is "
[1] 22283     1
[1] 22283
[1] "DS index stage 1"
[1] NA
[1] "bestgenelist"
[1]  3155 13543 18415
     203628_at 214164_x_at 219051_x_at
[1,]   10.7755     12.6474      8.5236
[2,]    9.8410     11.7852      8.9626
[3,]    9.4169     12.7464     10.7458
     203628_at 214164_x_at 219051_x_at
[1,]    9.4326     12.7392      9.5138
[2,]    9.8046     10.9092      5.3641
[3,]    7.9079     10.6696      7.1097
[1] "numgenes selected:3"
[1] "test acc:0.76"
[1] "test AUC acc:0.749019607843137"
[1] "10 fold train77.6923076923077"
[1] "confusion matrix train 10 fold"
          nci_y
pred10fold  1  2
         1 21  8
         2 12 89
[1] "confusion matrix test"
         test_y
pred_test  1  2
        1 11 20
        2  4 65
[1] "train acc:0.846153846153846"
[1] "confusion matrix train"
          nci_y
pred_train  1  2
         1 21  8
         2 12 89
[1] "DS index stage 1"
[1] NA
[1] "KI index stage 1"
[1] NA
Warning messages:
1: In if (is.na(boostweight) == TRUE) { :
  the condition has length > 1 and only the first element will be used
2: In if (is.na(testm) == TRUE) { :
  the condition has length > 1 and only the first element will be used
3: In if (is.na(testclass) == TRUE) { :
  the condition has length > 1 and only the first element will be used
4: In mean.default(DS_res, na.rm = TRUE) :
  argument is not numeric or logical: returning NA
5: In mean.default(DS_res, na.rm = TRUE) :
  argument is not numeric or logical: returning NA
6: In mean.default(KI_res, na.rm = TRUE) :
  argument is not numeric or logical: returning NA
> 
> 
> CMAres<-performCMA(trainm, trainclass, testm, testclass,outloc,
+ maxnum=as.numeric(args[10]),
+ minnum=3,
+ stepitr=1,
+ gsmethods=c("lasso"), #"lasso","elasticnet","kruskal.test"), #"f.test", "f.test", "elasticnet", "wilcox.test", "welch.test"),
+ pct_train=0.40,
+ accuracyweight=1,
+ featweight=0.06,
+ minpresent=1,
+ kname="radial",
+ norm_method="none",
+ tolerance=0.1,
+ maxitrs=5,
+ classindex=1,
+ numfacts=0,
+ evalmethod="CV",
+ numfolds=10,
+ CVfoldthresh=0.7,
+ varselmethod="none",
+ scheme_val="one-vs-all",
+ iter_learn=1,boostweight=rep(0,dim(trainm)[2]))
[1] "dim of trainm is "
[1]   130 22283
[1]   130 22283
[1] "length of factcols"
[1] 0
[1]   130 22283
[1]   100 22283
integer(0)
character(0)
NULL
[1] "ok"
[1] "test class"
[1] 2 1 2 2
Levels: 1 2
[1] "orig train matrix"
     1007_s_at 1053_at 117_at  121_at 1255_g_at 1294_at 1316_at 1320_at
[1,]   12.4440  8.3774 6.7866 10.2851    5.9064  8.3767  8.0356  6.6745
[2,]   12.2005  7.8592 8.0963 10.4624    4.9582  9.2973  7.0581  6.4607
[3,]   12.6709  8.6762 7.4812 10.1887    5.2332  9.1721  8.6061  7.0932
[4,]   11.6619  8.2557 7.9923 10.7705    6.3296  9.3777  8.4776  6.5878
[5,]   11.8397  8.7971 7.8321 10.2869    5.8389  7.0841  7.3419  7.3167
     1405_i_at 1431_at
[1,]    6.2325  6.8450
[2,]    6.9047  5.8878
[3,]    6.5940  5.6843
[4,]    6.0877  6.5169
[5,]    6.3456  6.1708
[1] "orig train matrix"
     1007_s_at 1053_at 117_at  121_at 1255_g_at 1294_at 1316_at 1320_at
[1,]   12.4440  8.3774 6.7866 10.2851    5.9064  8.3767  8.0356  6.6745
[2,]   12.2005  7.8592 8.0963 10.4624    4.9582  9.2973  7.0581  6.4607
[3,]   12.6709  8.6762 7.4812 10.1887    5.2332  9.1721  8.6061  7.0932
[4,]   11.6619  8.2557 7.9923 10.7705    6.3296  9.3777  8.4776  6.5878
[5,]   11.8397  8.7971 7.8321 10.2869    5.8389  7.0841  7.3419  7.3167
     1405_i_at 1431_at
[1,]    6.2325  6.8450
[2,]    6.9047  5.8878
[3,]    6.5940  5.6843
[4,]    6.0877  6.5169
[5,]    6.3456  6.1708
[1] 6.7866 8.0963 7.4812
[1] "norm train matrix"
     1007_s_at 1053_at 117_at  121_at 1255_g_at 1294_at 1316_at 1320_at
[1,]   12.4440  8.3774 6.7866 10.2851    5.9064  8.3767  8.0356  6.6745
[2,]   12.2005  7.8592 8.0963 10.4624    4.9582  9.2973  7.0581  6.4607
[3,]   12.6709  8.6762 7.4812 10.1887    5.2332  9.1721  8.6061  7.0932
[4,]   11.6619  8.2557 7.9923 10.7705    6.3296  9.3777  8.4776  6.5878
[5,]   11.8397  8.7971 7.8321 10.2869    5.8389  7.0841  7.3419  7.3167
     1405_i_at 1431_at
[1,]    6.2325  6.8450
[2,]    6.9047  5.8878
[3,]    6.5940  5.6843
[4,]    6.0877  6.5169
[5,]    6.3456  6.1708
[1] "mean of feat 2"
[1] 8.273493
[1] "sd of feat 2"
[1] 0.7010279
[1] "maxnum is "
[1] 3
[1] "# of genes left after filtering:"
[1]   130 22283
GeneSelection: iteration 1 
Loaded glmnet 2.0-5


Attaching package: ‘glmnet’

The following object is masked from ‘package:pROC’:

    auc

GeneSelection: iteration 2 
GeneSelection: iteration 3 
GeneSelection: iteration 4 
GeneSelection: iteration 5 
GeneSelection: iteration 6 
GeneSelection: iteration 7 
GeneSelection: iteration 8 
GeneSelection: iteration 9 
GeneSelection: iteration 10 
genelist
 1083 15464  2211  2667  8166 18226  1326  3155  4208  4349 11253 11968 
   18    10     6     6     4     4     2     2     2     2     2     2 
[1] "varselmethod"
[1] "none"
[1] "dim of scoring matrix is "
[1] 22283     1
[1] 22283
[1] "DS index stage 1"
[1] NA
[1] "bestgenelist"
[1]  1083  2211 15464
     201555_at 202683_s_at 216092_s_at
[1,]    9.9323      8.8393     10.4159
[2,]    9.5628      8.4030      9.7648
[3,]   10.3905      8.3998      8.3641
     201555_at 202683_s_at 216092_s_at
[1,]    9.9499      8.8732     10.6963
[2,]    9.6616      8.5511      9.3780
[3,]    9.4638      8.5826      9.3840
[1] "numgenes selected:3"
[1] "test acc:0.74"
[1] "test AUC acc:0.627450980392157"
[1] "10 fold train80.7692307692308"
[1] "confusion matrix train 10 fold"
          nci_y
pred10fold  1  2
         1 21  6
         2 12 91
[1] "confusion matrix test"
         test_y
pred_test  1  2
        1  7 18
        2  8 67
[1] "train acc:0.861538461538462"
[1] "confusion matrix train"
          nci_y
pred_train  1  2
         1 21  6
         2 12 91
[1] "DS index stage 1"
[1] NA
[1] "KI index stage 1"
[1] NA
Warning messages:
1: In if (is.na(boostweight) == TRUE) { :
  the condition has length > 1 and only the first element will be used
2: In if (is.na(testm) == TRUE) { :
  the condition has length > 1 and only the first element will be used
3: In if (is.na(testclass) == TRUE) { :
  the condition has length > 1 and only the first element will be used
4: In mean.default(DS_res, na.rm = TRUE) :
  argument is not numeric or logical: returning NA
5: In mean.default(DS_res, na.rm = TRUE) :
  argument is not numeric or logical: returning NA
6: In mean.default(KI_res, na.rm = TRUE) :
  argument is not numeric or logical: returning NA
> 
> CMAres<-performCMA(trainm, trainclass, testm, testclass,outloc,
+ maxnum=as.numeric(args[10]),
+ minnum=3,
+ stepitr=1,
+ gsmethods=c("rfe"), #"lasso","elasticnet","kruskal.test"), #"f.test", "f.test", "elasticnet", "wilcox.test", "welch.test"),
+ pct_train=0.40,
+ accuracyweight=1,
+ featweight=0.06,
+ minpresent=1,
+ kname="radial",
+ norm_method="none",
+ tolerance=0.1,
+ maxitrs=5,
+ classindex=1,
+ numfacts=0,
+ evalmethod="CV",
+ numfolds=10,
+ CVfoldthresh=0.7,
+ varselmethod="none",
+ scheme_val="one-vs-all",
+ iter_learn=1,boostweight=rep(0,dim(trainm)[2]))
[1] "dim of trainm is "
[1]   130 22283
[1]   130 22283
[1] "length of factcols"
[1] 0
[1]   130 22283
[1]   100 22283
integer(0)
character(0)
NULL
[1] "ok"
[1] "test class"
[1] 2 1 2 2
Levels: 1 2
[1] "orig train matrix"
     1007_s_at 1053_at 117_at  121_at 1255_g_at 1294_at 1316_at 1320_at
[1,]   12.4440  8.3774 6.7866 10.2851    5.9064  8.3767  8.0356  6.6745
[2,]   12.2005  7.8592 8.0963 10.4624    4.9582  9.2973  7.0581  6.4607
[3,]   12.6709  8.6762 7.4812 10.1887    5.2332  9.1721  8.6061  7.0932
[4,]   11.6619  8.2557 7.9923 10.7705    6.3296  9.3777  8.4776  6.5878
[5,]   11.8397  8.7971 7.8321 10.2869    5.8389  7.0841  7.3419  7.3167
     1405_i_at 1431_at
[1,]    6.2325  6.8450
[2,]    6.9047  5.8878
[3,]    6.5940  5.6843
[4,]    6.0877  6.5169
[5,]    6.3456  6.1708
[1] "orig train matrix"
     1007_s_at 1053_at 117_at  121_at 1255_g_at 1294_at 1316_at 1320_at
[1,]   12.4440  8.3774 6.7866 10.2851    5.9064  8.3767  8.0356  6.6745
[2,]   12.2005  7.8592 8.0963 10.4624    4.9582  9.2973  7.0581  6.4607
[3,]   12.6709  8.6762 7.4812 10.1887    5.2332  9.1721  8.6061  7.0932
[4,]   11.6619  8.2557 7.9923 10.7705    6.3296  9.3777  8.4776  6.5878
[5,]   11.8397  8.7971 7.8321 10.2869    5.8389  7.0841  7.3419  7.3167
     1405_i_at 1431_at
[1,]    6.2325  6.8450
[2,]    6.9047  5.8878
[3,]    6.5940  5.6843
[4,]    6.0877  6.5169
[5,]    6.3456  6.1708
[1] 6.7866 8.0963 7.4812
[1] "norm train matrix"
     1007_s_at 1053_at 117_at  121_at 1255_g_at 1294_at 1316_at 1320_at
[1,]   12.4440  8.3774 6.7866 10.2851    5.9064  8.3767  8.0356  6.6745
[2,]   12.2005  7.8592 8.0963 10.4624    4.9582  9.2973  7.0581  6.4607
[3,]   12.6709  8.6762 7.4812 10.1887    5.2332  9.1721  8.6061  7.0932
[4,]   11.6619  8.2557 7.9923 10.7705    6.3296  9.3777  8.4776  6.5878
[5,]   11.8397  8.7971 7.8321 10.2869    5.8389  7.0841  7.3419  7.3167
     1405_i_at 1431_at
[1,]    6.2325  6.8450
[2,]    6.9047  5.8878
[3,]    6.5940  5.6843
[4,]    6.0877  6.5169
[5,]    6.3456  6.1708
[1] "mean of feat 2"
[1] 8.273493
[1] "sd of feat 2"
[1] 0.7010279
[1] "maxnum is "
[1] 3
[1] "# of genes left after filtering:"
[1]   130 22283
GeneSelection: iteration 1 
GeneSelection: iteration 2 
GeneSelection: iteration 3 
GeneSelection: iteration 4 
GeneSelection: iteration 5 
GeneSelection: iteration 6 
GeneSelection: iteration 7 
GeneSelection: iteration 8 
GeneSelection: iteration 9 
GeneSelection: iteration 10 
[1] "varselmethod"
[1] "none"
[1] "dim of scoring matrix is "
[1] 22283     1
[1] 22283
[1] "DS index stage 1"
[1] NA
[1] "bestgenelist"
[1] 4756 5240 8388
     205229_s_at 205713_s_at 208893_s_at
[1,]      6.8695     10.0607      4.0949
[2,]      5.4533      5.6228      9.2703
[3,]      6.2767      6.8404      3.9487
     205229_s_at 205713_s_at 208893_s_at
[1,]      5.2668      5.2933      7.6049
[2,]      7.1769      4.3142      8.9154
[3,]      6.9284      4.5240      9.1121
[1] "numgenes selected:3"
[1] "test acc:0.81"
[1] "test AUC acc:0.641176470588235"
[1] "10 fold train80.7692307692308"
[1] "confusion matrix train 10 fold"
          nci_y
pred10fold  1  2
         1 17  5
         2 16 92
[1] "confusion matrix test"
         test_y
pred_test  1  2
        1  6 10
        2  9 75
[1] "train acc:0.838461538461538"
[1] "confusion matrix train"
          nci_y
pred_train  1  2
         1 17  5
         2 16 92
[1] "DS index stage 1"
[1] NA
[1] "KI index stage 1"
[1] NA
Warning messages:
1: In if (is.na(boostweight) == TRUE) { :
  the condition has length > 1 and only the first element will be used
2: In if (is.na(testm) == TRUE) { :
  the condition has length > 1 and only the first element will be used
3: In if (is.na(testclass) == TRUE) { :
  the condition has length > 1 and only the first element will be used
4: In mean.default(DS_res, na.rm = TRUE) :
  argument is not numeric or logical: returning NA
5: In mean.default(DS_res, na.rm = TRUE) :
  argument is not numeric or logical: returning NA
6: In mean.default(KI_res, na.rm = TRUE) :
  argument is not numeric or logical: returning NA
> 
> CMAres<-performCMA(trainm, trainclass, testm, testclass,outloc,
+ maxnum=as.numeric(args[10]),
+ minnum=3,
+ stepitr=1,
+ gsmethods=c("elasticnet"), #"lasso","elasticnet","kruskal.test"), #"f.test", "f.test", "elasticnet", "wilcox.test", "welch.test"),
+ pct_train=0.40,
+ accuracyweight=1,
+ featweight=0.06,
+ minpresent=1,
+ kname="radial",
+ norm_method="none",
+ tolerance=0.1,
+ maxitrs=5,
+ classindex=1,
+ numfacts=0,
+ evalmethod="CV",
+ numfolds=10,
+ CVfoldthresh=0.7,
+ varselmethod="none",
+ scheme_val="one-vs-all",
+ iter_learn=1,boostweight=rep(0,dim(trainm)[2]))
[1] "dim of trainm is "
[1]   130 22283
[1]   130 22283
[1] "length of factcols"
[1] 0
[1]   130 22283
[1]   100 22283
integer(0)
character(0)
NULL
[1] "ok"
[1] "test class"
[1] 2 1 2 2
Levels: 1 2
[1] "orig train matrix"
     1007_s_at 1053_at 117_at  121_at 1255_g_at 1294_at 1316_at 1320_at
[1,]   12.4440  8.3774 6.7866 10.2851    5.9064  8.3767  8.0356  6.6745
[2,]   12.2005  7.8592 8.0963 10.4624    4.9582  9.2973  7.0581  6.4607
[3,]   12.6709  8.6762 7.4812 10.1887    5.2332  9.1721  8.6061  7.0932
[4,]   11.6619  8.2557 7.9923 10.7705    6.3296  9.3777  8.4776  6.5878
[5,]   11.8397  8.7971 7.8321 10.2869    5.8389  7.0841  7.3419  7.3167
     1405_i_at 1431_at
[1,]    6.2325  6.8450
[2,]    6.9047  5.8878
[3,]    6.5940  5.6843
[4,]    6.0877  6.5169
[5,]    6.3456  6.1708
[1] "orig train matrix"
     1007_s_at 1053_at 117_at  121_at 1255_g_at 1294_at 1316_at 1320_at
[1,]   12.4440  8.3774 6.7866 10.2851    5.9064  8.3767  8.0356  6.6745
[2,]   12.2005  7.8592 8.0963 10.4624    4.9582  9.2973  7.0581  6.4607
[3,]   12.6709  8.6762 7.4812 10.1887    5.2332  9.1721  8.6061  7.0932
[4,]   11.6619  8.2557 7.9923 10.7705    6.3296  9.3777  8.4776  6.5878
[5,]   11.8397  8.7971 7.8321 10.2869    5.8389  7.0841  7.3419  7.3167
     1405_i_at 1431_at
[1,]    6.2325  6.8450
[2,]    6.9047  5.8878
[3,]    6.5940  5.6843
[4,]    6.0877  6.5169
[5,]    6.3456  6.1708
[1] 6.7866 8.0963 7.4812
[1] "norm train matrix"
     1007_s_at 1053_at 117_at  121_at 1255_g_at 1294_at 1316_at 1320_at
[1,]   12.4440  8.3774 6.7866 10.2851    5.9064  8.3767  8.0356  6.6745
[2,]   12.2005  7.8592 8.0963 10.4624    4.9582  9.2973  7.0581  6.4607
[3,]   12.6709  8.6762 7.4812 10.1887    5.2332  9.1721  8.6061  7.0932
[4,]   11.6619  8.2557 7.9923 10.7705    6.3296  9.3777  8.4776  6.5878
[5,]   11.8397  8.7971 7.8321 10.2869    5.8389  7.0841  7.3419  7.3167
     1405_i_at 1431_at
[1,]    6.2325  6.8450
[2,]    6.9047  5.8878
[3,]    6.5940  5.6843
[4,]    6.0877  6.5169
[5,]    6.3456  6.1708
[1] "mean of feat 2"
[1] 8.273493
[1] "sd of feat 2"
[1] 0.7010279
[1] "maxnum is "
[1] 3
[1] "# of genes left after filtering:"
[1]   130 22283
GeneSelection: iteration 1 
GeneSelection: iteration 2 
GeneSelection: iteration 3 
GeneSelection: iteration 4 
GeneSelection: iteration 5 
GeneSelection: iteration 6 
GeneSelection: iteration 7 
GeneSelection: iteration 8 
GeneSelection: iteration 9 
GeneSelection: iteration 10 
[1] "varselmethod"
[1] "none"
[1] "dim of scoring matrix is "
[1] 22283     1
[1] 22283
[1] "DS index stage 1"
[1] NA
[1] "bestgenelist"
[1]  1083  2211 15464
     201555_at 202683_s_at 216092_s_at
[1,]    9.9323      8.8393     10.4159
[2,]    9.5628      8.4030      9.7648
[3,]   10.3905      8.3998      8.3641
     201555_at 202683_s_at 216092_s_at
[1,]    9.9499      8.8732     10.6963
[2,]    9.6616      8.5511      9.3780
[3,]    9.4638      8.5826      9.3840
[1] "numgenes selected:3"
[1] "test acc:0.74"
[1] "test AUC acc:0.627450980392157"
[1] "10 fold train80.7692307692308"
[1] "confusion matrix train 10 fold"
          nci_y
pred10fold  1  2
         1 21  6
         2 12 91
[1] "confusion matrix test"
         test_y
pred_test  1  2
        1  7 18
        2  8 67
[1] "train acc:0.861538461538462"
[1] "confusion matrix train"
          nci_y
pred_train  1  2
         1 21  6
         2 12 91
[1] "DS index stage 1"
[1] NA
[1] "KI index stage 1"
[1] NA
Warning messages:
1: In if (is.na(boostweight) == TRUE) { :
  the condition has length > 1 and only the first element will be used
2: In if (is.na(testm) == TRUE) { :
  the condition has length > 1 and only the first element will be used
3: In if (is.na(testclass) == TRUE) { :
  the condition has length > 1 and only the first element will be used
4: In mean.default(DS_res, na.rm = TRUE) :
  argument is not numeric or logical: returning NA
5: In mean.default(DS_res, na.rm = TRUE) :
  argument is not numeric or logical: returning NA
6: In mean.default(KI_res, na.rm = TRUE) :
  argument is not numeric or logical: returning NA
> 
> if(FALSE){
+ CMAres<-performCMA(trainm, trainclass, testm, testclass,outloc,
+ maxnum=as.numeric(args[10]),
+ minnum=3,
+ stepitr=1,
+ gsmethods=c("rf"), #"lasso","elasticnet","kruskal.test"), #"f.test", "f.test", "elasticnet", "wilcox.test", "welch.test"),
+ pct_train=0.40,
+ accuracyweight=1,
+ featweight=0.06,
+ minpresent=1,
+ kname="radial",
+ norm_method="none",
+ tolerance=0.1,
+ maxitrs=5,
+ classindex=1,
+ numfacts=0,
+ evalmethod="CV",
+ numfolds=10,
+ CVfoldthresh=0.7,
+ varselmethod="none",
+ scheme_val="one-vs-all",
+ iter_learn=1,boostweight=rep(0,dim(trainm)[2]))
+ }
> 
> CMAres<-performCMA(trainm, trainclass, testm, testclass,outloc,
+ maxnum=as.numeric(args[10]),
+ minnum=3,
+ stepitr=1,
+ gsmethods=c("f.test"), #"lasso","elasticnet","kruskal.test"), #"f.test", "f.test", "elasticnet", "wilcox.test", "welch.test"),
+ pct_train=0.40,
+ accuracyweight=1,
+ featweight=0.06,
+ minpresent=1,
+ kname="radial",
+ norm_method="none",
+ tolerance=0.1,
+ maxitrs=5,
+ classindex=1,
+ numfacts=0,
+ evalmethod="CV",
+ numfolds=10,
+ CVfoldthresh=0.7,
+ varselmethod="none",
+ scheme_val="one-vs-all",
+ iter_learn=1,boostweight=rep(0,dim(trainm)[2]))
[1] "dim of trainm is "
[1]   130 22283
[1]   130 22283
[1] "length of factcols"
[1] 0
[1]   130 22283
[1]   100 22283
integer(0)
character(0)
NULL
[1] "ok"
[1] "test class"
[1] 2 1 2 2
Levels: 1 2
[1] "orig train matrix"
     1007_s_at 1053_at 117_at  121_at 1255_g_at 1294_at 1316_at 1320_at
[1,]   12.4440  8.3774 6.7866 10.2851    5.9064  8.3767  8.0356  6.6745
[2,]   12.2005  7.8592 8.0963 10.4624    4.9582  9.2973  7.0581  6.4607
[3,]   12.6709  8.6762 7.4812 10.1887    5.2332  9.1721  8.6061  7.0932
[4,]   11.6619  8.2557 7.9923 10.7705    6.3296  9.3777  8.4776  6.5878
[5,]   11.8397  8.7971 7.8321 10.2869    5.8389  7.0841  7.3419  7.3167
     1405_i_at 1431_at
[1,]    6.2325  6.8450
[2,]    6.9047  5.8878
[3,]    6.5940  5.6843
[4,]    6.0877  6.5169
[5,]    6.3456  6.1708
[1] "orig train matrix"
     1007_s_at 1053_at 117_at  121_at 1255_g_at 1294_at 1316_at 1320_at
[1,]   12.4440  8.3774 6.7866 10.2851    5.9064  8.3767  8.0356  6.6745
[2,]   12.2005  7.8592 8.0963 10.4624    4.9582  9.2973  7.0581  6.4607
[3,]   12.6709  8.6762 7.4812 10.1887    5.2332  9.1721  8.6061  7.0932
[4,]   11.6619  8.2557 7.9923 10.7705    6.3296  9.3777  8.4776  6.5878
[5,]   11.8397  8.7971 7.8321 10.2869    5.8389  7.0841  7.3419  7.3167
     1405_i_at 1431_at
[1,]    6.2325  6.8450
[2,]    6.9047  5.8878
[3,]    6.5940  5.6843
[4,]    6.0877  6.5169
[5,]    6.3456  6.1708
[1] 6.7866 8.0963 7.4812
[1] "norm train matrix"
     1007_s_at 1053_at 117_at  121_at 1255_g_at 1294_at 1316_at 1320_at
[1,]   12.4440  8.3774 6.7866 10.2851    5.9064  8.3767  8.0356  6.6745
[2,]   12.2005  7.8592 8.0963 10.4624    4.9582  9.2973  7.0581  6.4607
[3,]   12.6709  8.6762 7.4812 10.1887    5.2332  9.1721  8.6061  7.0932
[4,]   11.6619  8.2557 7.9923 10.7705    6.3296  9.3777  8.4776  6.5878
[5,]   11.8397  8.7971 7.8321 10.2869    5.8389  7.0841  7.3419  7.3167
     1405_i_at 1431_at
[1,]    6.2325  6.8450
[2,]    6.9047  5.8878
[3,]    6.5940  5.6843
[4,]    6.0877  6.5169
[5,]    6.3456  6.1708
[1] "mean of feat 2"
[1] 8.273493
[1] "sd of feat 2"
[1] 0.7010279
[1] "maxnum is "
[1] 3
[1] "# of genes left after filtering:"
[1]   130 22283
GeneSelection: iteration 1 
GeneSelection: iteration 2 
GeneSelection: iteration 3 
GeneSelection: iteration 4 
GeneSelection: iteration 5 
GeneSelection: iteration 6 
GeneSelection: iteration 7 
GeneSelection: iteration 8 
GeneSelection: iteration 9 
GeneSelection: iteration 10 
[1] "varselmethod"
[1] "none"
[1] "dim of scoring matrix is "
[1] 22283     1
[1] 22283
[1] "DS index stage 1"
[1] NA
[1] "bestgenelist"
[1]  5927 13543 18415
     206401_s_at 214164_x_at 219051_x_at
[1,]      9.9796     12.6474      8.5236
[2,]      9.9498     11.7852      8.9626
[3,]      6.0807     12.7464     10.7458
     206401_s_at 214164_x_at 219051_x_at
[1,]     10.6463     12.7392      9.5138
[2,]      8.2532     10.9092      5.3641
[3,]      7.4477     10.6696      7.1097
[1] "numgenes selected:3"
[1] "test acc:0.71"
[1] "test AUC acc:0.692156862745098"
[1] "10 fold train82.3076923076923"
[1] "confusion matrix train 10 fold"
          nci_y
pred10fold  1  2
         1 21  8
         2 12 89
[1] "confusion matrix test"
         test_y
pred_test  1  2
        1 10 24
        2  5 61
[1] "train acc:0.846153846153846"
[1] "confusion matrix train"
          nci_y
pred_train  1  2
         1 21  8
         2 12 89
[1] "DS index stage 1"
[1] NA
[1] "KI index stage 1"
[1] NA
Warning messages:
1: In if (is.na(boostweight) == TRUE) { :
  the condition has length > 1 and only the first element will be used
2: In if (is.na(testm) == TRUE) { :
  the condition has length > 1 and only the first element will be used
3: In if (is.na(testclass) == TRUE) { :
  the condition has length > 1 and only the first element will be used
4: In mean.default(DS_res, na.rm = TRUE) :
  argument is not numeric or logical: returning NA
5: In mean.default(DS_res, na.rm = TRUE) :
  argument is not numeric or logical: returning NA
6: In mean.default(KI_res, na.rm = TRUE) :
  argument is not numeric or logical: returning NA
> 
> #1
> CMAres<-performCMA(trainm, trainclass, testm, testclass,outloc,
+ maxnum=as.numeric(args[10]),
+ minnum=3,
+ stepitr=1,
+ gsmethods=c("limma","lasso","rfe","elasticnet", "f.test"), #"lasso","elasticnet","kruskal.test"), #"f.test", "f.test", "elasticnet", "wilcox.test", "welch.test"),
+ pct_train=0.40,
+ accuracyweight=1,
+ featweight=0.06,
+ minpresent=1,
+ kname="radial",
+ norm_method="none",
+ tolerance=0.1,
+ maxitrs=5,
+ classindex=1,
+ numfacts=0,
+ evalmethod="CV",
+ numfolds=10,
+ CVfoldthresh=0.7,
+ varselmethod="none",
+ scheme_val="one-vs-all",
+ iter_learn=1,boostweight=rep(0,dim(trainm)[2]))
[1] "dim of trainm is "
[1]   130 22283
[1]   130 22283
[1] "length of factcols"
[1] 0
[1]   130 22283
[1]   100 22283
integer(0)
character(0)
NULL
[1] "ok"
[1] "test class"
[1] 2 1 2 2
Levels: 1 2
[1] "orig train matrix"
     1007_s_at 1053_at 117_at  121_at 1255_g_at 1294_at 1316_at 1320_at
[1,]   12.4440  8.3774 6.7866 10.2851    5.9064  8.3767  8.0356  6.6745
[2,]   12.2005  7.8592 8.0963 10.4624    4.9582  9.2973  7.0581  6.4607
[3,]   12.6709  8.6762 7.4812 10.1887    5.2332  9.1721  8.6061  7.0932
[4,]   11.6619  8.2557 7.9923 10.7705    6.3296  9.3777  8.4776  6.5878
[5,]   11.8397  8.7971 7.8321 10.2869    5.8389  7.0841  7.3419  7.3167
     1405_i_at 1431_at
[1,]    6.2325  6.8450
[2,]    6.9047  5.8878
[3,]    6.5940  5.6843
[4,]    6.0877  6.5169
[5,]    6.3456  6.1708
[1] "orig train matrix"
     1007_s_at 1053_at 117_at  121_at 1255_g_at 1294_at 1316_at 1320_at
[1,]   12.4440  8.3774 6.7866 10.2851    5.9064  8.3767  8.0356  6.6745
[2,]   12.2005  7.8592 8.0963 10.4624    4.9582  9.2973  7.0581  6.4607
[3,]   12.6709  8.6762 7.4812 10.1887    5.2332  9.1721  8.6061  7.0932
[4,]   11.6619  8.2557 7.9923 10.7705    6.3296  9.3777  8.4776  6.5878
[5,]   11.8397  8.7971 7.8321 10.2869    5.8389  7.0841  7.3419  7.3167
     1405_i_at 1431_at
[1,]    6.2325  6.8450
[2,]    6.9047  5.8878
[3,]    6.5940  5.6843
[4,]    6.0877  6.5169
[5,]    6.3456  6.1708
[1] 6.7866 8.0963 7.4812
[1] "norm train matrix"
     1007_s_at 1053_at 117_at  121_at 1255_g_at 1294_at 1316_at 1320_at
[1,]   12.4440  8.3774 6.7866 10.2851    5.9064  8.3767  8.0356  6.6745
[2,]   12.2005  7.8592 8.0963 10.4624    4.9582  9.2973  7.0581  6.4607
[3,]   12.6709  8.6762 7.4812 10.1887    5.2332  9.1721  8.6061  7.0932
[4,]   11.6619  8.2557 7.9923 10.7705    6.3296  9.3777  8.4776  6.5878
[5,]   11.8397  8.7971 7.8321 10.2869    5.8389  7.0841  7.3419  7.3167
     1405_i_at 1431_at
[1,]    6.2325  6.8450
[2,]    6.9047  5.8878
[3,]    6.5940  5.6843
[4,]    6.0877  6.5169
[5,]    6.3456  6.1708
[1] "mean of feat 2"
[1] 8.273493
[1] "sd of feat 2"
[1] 0.7010279
[1] "maxnum is "
[1] 3
[1] "# of genes left after filtering:"
[1]   130 22283
GeneSelection: iteration 1 
GeneSelection: iteration 2 
GeneSelection: iteration 3 
GeneSelection: iteration 4 
GeneSelection: iteration 5 
GeneSelection: iteration 6 
GeneSelection: iteration 7 
GeneSelection: iteration 8 
GeneSelection: iteration 9 
GeneSelection: iteration 10 
[1] "varselmethod"
[1] "none"
GeneSelection: iteration 1 
GeneSelection: iteration 2 
GeneSelection: iteration 3 
GeneSelection: iteration 4 
GeneSelection: iteration 5 
GeneSelection: iteration 6 
GeneSelection: iteration 7 
GeneSelection: iteration 8 
GeneSelection: iteration 9 
GeneSelection: iteration 10 
genelist
 1083 15464  2211  2667  8166 18226  1326  3155  4208  4349 11253 11968 
   18    10     6     6     4     4     2     2     2     2     2     2 
[1] "varselmethod"
[1] "none"
GeneSelection: iteration 1 
GeneSelection: iteration 2 
GeneSelection: iteration 3 
GeneSelection: iteration 4 
GeneSelection: iteration 5 
GeneSelection: iteration 6 
GeneSelection: iteration 7 
GeneSelection: iteration 8 
GeneSelection: iteration 9 
GeneSelection: iteration 10 
[1] "varselmethod"
[1] "none"
GeneSelection: iteration 1 
GeneSelection: iteration 2 
GeneSelection: iteration 3 
GeneSelection: iteration 4 
GeneSelection: iteration 5 
GeneSelection: iteration 6 
GeneSelection: iteration 7 
GeneSelection: iteration 8 
GeneSelection: iteration 9 
GeneSelection: iteration 10 
[1] "varselmethod"
[1] "none"
GeneSelection: iteration 1 
GeneSelection: iteration 2 
GeneSelection: iteration 3 
GeneSelection: iteration 4 
GeneSelection: iteration 5 
GeneSelection: iteration 6 
GeneSelection: iteration 7 
GeneSelection: iteration 8 
GeneSelection: iteration 9 
GeneSelection: iteration 10 
[1] "varselmethod"
[1] "none"
[1] "dim of scoring matrix is "
[1] 22283     5
[1] 22283
[1] "DS index stage 1"
[1] 0.1666667
[1] "bestgenelist"
 [1]  1083  2211  3155  4756  5240  5927  8388 13543 15464 18415
     201555_at 202683_s_at 203628_at 205229_s_at 205713_s_at 206401_s_at
[1,]    9.9323      8.8393   10.7755      6.8695     10.0607      9.9796
[2,]    9.5628      8.4030    9.8410      5.4533      5.6228      9.9498
[3,]   10.3905      8.3998    9.4169      6.2767      6.8404      6.0807
     208893_s_at 214164_x_at 216092_s_at 219051_x_at
[1,]      4.0949     12.6474     10.4159      8.5236
[2,]      9.2703     11.7852      9.7648      8.9626
[3,]      3.9487     12.7464      8.3641     10.7458
     201555_at 202683_s_at 203628_at 205229_s_at 205713_s_at 206401_s_at
[1,]    9.9499      8.8732    9.4326      5.2668      5.2933     10.6463
[2,]    9.6616      8.5511    9.8046      7.1769      4.3142      8.2532
[3,]    9.4638      8.5826    7.9079      6.9284      4.5240      7.4477
     208893_s_at 214164_x_at 216092_s_at 219051_x_at
[1,]      7.6049     12.7392     10.6963      9.5138
[2,]      8.9154     10.9092      9.3780      5.3641
[3,]      9.1121     10.6696      9.3840      7.1097
[1] "numgenes selected:10"
[1] "test acc:0.75"
[1] "test AUC acc:0.715686274509804"
[1] "10 fold train84.6153846153846"
[1] "confusion matrix train 10 fold"
          nci_y
pred10fold  1  2
         1 28  1
         2  5 96
[1] "confusion matrix test"
         test_y
pred_test  1  2
        1 10 20
        2  5 65
[1] "train acc:0.953846153846154"
[1] "confusion matrix train"
          nci_y
pred_train  1  2
         1 28  1
         2  5 96
[1] "DS index stage 1"
[1] 0.1666667
[1] "KI index stage 1"
[1] 0.1665545
[[1]]
[1] "var3155"  "var13543" "var18415"

[[2]]
[1] "var1083"  "var2211"  "var15464"

[[3]]
[1] "var4756" "var5240" "var8388"

[[4]]
[1] "var1083"  "var2211"  "var15464"

[[5]]
[1] "var5927"  "var13543" "var18415"


 Iteration 1 :  Optimal value:  7.2 
 Optimal List:   var1083,var2211,var15464 

 Iteration 2 :  Optimal value:  7.2 
 Optimal List:   var1083,var13543,var18415 

 Iteration 3 :  Optimal value:  7.2 
 Optimal List:   var1083,var2211,var18415 

 Iteration 4 :  Optimal value:  7.2 
 Optimal List:   var1083,var13543,var2211 

 Iteration 5 :  Optimal value:  7.2 
 Optimal List:   var1083,var2211,var18415 

 Iteration 6 :  Optimal value:  7.2 
 Optimal List:   var1083,var2211,var18415 

 Iteration 7 :  Optimal value:  7.2 
 Optimal List:   var1083,var13543,var18415 
[1] "test acc rank aggreg CE:0.74"
[1] "test AUC acc rank aggreg CE:0.682352941176471"
[1] "10 fold train rank aggreg res CE78.4615384615385"
[1] "confusion matrix train 10 fold rank aggreg CE"
            nci_y
pred10foldRA  1  2
           1 20  8
           2 13 89
[1] "Num itr RA CE"
[1] 7
[1] "Test BER aggreg CE is"
[1] 0.6823529

 Iteration 1 :  Optimal value:  8 
 Optimal List:   var1083,var4756,var18415 

 Iteration 2 :  Optimal value:  8 
 Optimal List:   var1083,var3155,var18415 

 Iteration 3 :  Optimal value:  7.6 
 Optimal List:   var1083,var2211,var8388 

 Iteration 4 :  Optimal value:  7.2 
 Optimal List:   var1083,var2211,var18415 

 Iteration 5 :  Optimal value:  7.2 
 Optimal List:   var1083,var2211,var18415 

 Iteration 6 :  Optimal value:  7.2 
 Optimal List:   var1083,var2211,var18415 

 Iteration 7 :  Optimal value:  7.2 
 Optimal List:   var1083,var13543,var15464 

 Iteration 8 :  Optimal value:  7.2 
 Optimal List:   var1083,var2211,var18415 

 Iteration 9 :  Optimal value:  7.2 
 Optimal List:   var1083,var2211,var18415 

 Iteration 10 :  Optimal value:  7.2 
 Optimal List:   var1083,var2211,var18415 

 Iteration 11 :  Optimal value:  7.2 
 Optimal List:   var1083,var2211,var18415 

 Iteration 12 :  Optimal value:  7.2 
 Optimal List:   var1083,var2211,var15464 

 Iteration 13 :  Optimal value:  7.2 
 Optimal List:   var1083,var2211,var18415 

 Iteration 14 :  Optimal value:  7.2 
 Optimal List:   var1083,var2211,var18415 

 Iteration 15 :  Optimal value:  7.2 
 Optimal List:   var1083,var2211,var15464 

 Iteration 16 :  Optimal value:  7.2 
 Optimal List:   var1083,var2211,var15464 

 Iteration 17 :  Optimal value:  7.2 
 Optimal List:   var1083,var2211,var15464 

 Iteration 18 :  Optimal value:  7.2 
 Optimal List:   var1083,var2211,var18415 

 Iteration 19 :  Optimal value:  7.2 
 Optimal List:   var1083,var13543,var18415 

 Iteration 20 :  Optimal value:  7.2 
 Optimal List:   var1083,var13543,var18415 

 Iteration 21 :  Optimal value:  7.2 
 Optimal List:   var1083,var2211,var18415 

 Iteration 22 :  Optimal value:  7.2 
 Optimal List:   var1083,var2211,var18415 

 Iteration 23 :  Optimal value:  7.2 
 Optimal List:   var1083,var13543,var15464 

 Iteration 24 :  Optimal value:  7.2 
 Optimal List:   var1083,var2211,var18415 

 Iteration 25 :  Optimal value:  7.2 
 Optimal List:   var1083,var2211,var18415 

 Iteration 26 :  Optimal value:  7.2 
 Optimal List:   var1083,var13543,var18415 

 Iteration 27 :  Optimal value:  7.2 
 Optimal List:   var1083,var2211,var18415 

 Iteration 28 :  Optimal value:  7.2 
 Optimal List:   var1083,var2211,var18415 

 Iteration 29 :  Optimal value:  7.2 
 Optimal List:   var1083,var13543,var15464 

 Iteration 30 :  Optimal value:  7.2 
 Optimal List:   var1083,var2211,var15464 

 Iteration 31 :  Optimal value:  7.2 
 Optimal List:   var1083,var2211,var15464 

 Iteration 32 :  Optimal value:  7.2 
 Optimal List:   var1083,var2211,var18415 

 Iteration 33 :  Optimal value:  7.2 
 Optimal List:   var1083,var13543,var18415 
[1] "test acc rank aggreg GA:0.71"
[1] "test AUC acc rank aggreg GA:0.609803921568627"
[1] "10 fold train rank aggreg res GA82.3076923076923"
[1] "confusion matrix train 10 fold rank aggreg GA"
            nci_y
pred10foldRA  1  2
           1 18  5
           2 15 92
[1] "Num itr RA GA"
[1] 34
[1] "Test BER aggreg GA is"
[1] 0.6098039
Warning messages:
1: In if (is.na(boostweight) == TRUE) { :
  the condition has length > 1 and only the first element will be used
2: In if (is.na(testm) == TRUE) { :
  the condition has length > 1 and only the first element will be used
3: In if (is.na(testclass) == TRUE) { :
  the condition has length > 1 and only the first element will be used
> 
> cma_feat_list<-colnames(trainm)
> 
> save(CMAres,file="CMAres.Rda")
> write.table(cma_feat_list,file="selected_cma_feat_list.txt",sep="t",row.names=FALSE)
> 
> # modtraindata=modtrain, modtestdata=modtest, blindtest=testacc, modtrainclass=nci_y, modtestclass=test_y
> #if(FALSE)
> {
+ trainm<-CMAres$modtraindata
+ testm<-CMAres$modtestdata
+ trainclass<-CMAres$modtrainclass
+ testclass<-CMAres$modtestclass
+ learningsets<-CMAres$learningsets
+ }
> 
> if(FALSE)
+ {
+ trainclass<-trainm[,1] #CMAres$modtrainclass
+ testclass<-testm[,1] #CMAres$modtestclass
+ trainm<-trainm[,-c(1)] #CMAres$modtrainmata
+ testm<-testm[,-c(1)] #CMAres$modtestmata
+ 
+ }
> 
> d_dim<-dim(trainm)
> 
> print("Original dimension")
[1] "Original dimension"
> print(d_dim)
[1] 130  10
> 
> #2 call run_pso function()
> system.time(psores<-run_pso(outloc=outloc,trainm,trainclass,testm,testclass,transition_matrix,c1=2.05,
+ c2=2.05,
+ itr=10,
+ globalpso_maxitr=10,
+ global_max_itr=3,
+ num_part=20,
+ kname="radial",
+ errortype="BER",
+ weightA<-as.numeric(args[1]),
+ weightB<-as.numeric(args[2]),
+ weightC<-as.numeric(args[3]),
+ weightD<-as.numeric(args[4]),
+ featweight.max=0.01,
+ featweight.min=0.01,
+ numfolds=10,
+ followerprob=as.numeric(args[6]),
+ confusionprob=as.numeric(args[7]),
+ leaderprob=as.numeric(args[8]),
+ wmax=1,
+ wmin=1,
+ behavior_reset_itr=5,
+ maxitrreset=10,
+ num_neighbors=3,
+ minselect.pct=0.5,
+ evalMode="CV2",
+ minfitnessthresh=50,
+ maxnum=as.numeric(args[10]),minnum=3,inertia_method=args[5],particlebehav_method="randbased",constriction_factor=1,
+ select.global.best=TRUE,numnodes=4,evalFunc=eval_fit_kfold_diff,itr.terminate=FALSE,train.pct=as.numeric(args[11]),min.iter.select=1))
[1] "c1: 2.05"
[1] "c2: 2.05"
[1] "itr: 10"
[1] "globalpso_maxitr: 10"
[1] "global_max_itr: 3"
[1] "num_part: 20"
[1] "kname: radial"
[1] "errortype: BER"
[1] "weightA: 0.4"
[1] "weightB: 0.4"
[1] "weightC: 0.05"
[1] "weightD: 0.15"
[1] "featweight.max: 0.01"
[1] "featweight.min: 0.01"
[1] "numfolds: 10"
[1] "followerprob: 0.45"
[1] "confusionprob: 0.2"
[1] "leaderprob: 0.25"
[1] "wmax: 1"
[1] "wmin: 1"
[1] "behavior_reset_itr: 5"
[1] "maxitrreset: 10"
[1] "num_neighbors: 3"
[1] "minselect.pct: 0.5"
[1] "minfitnessthresh: 50"
[1] "maxnum: 3"
[1] "minnum: 3"
[1] "inertia_method: global"
[1] "particlebehav_method: randbased"
[1] "constriction_factor: 1"
[1] "select.global.best: TRUE"
[1] "train 10 fold"
[1] 85.38462
[1] "here"
[1] "s"
[1] 104
[1] 130  10
[1] 10
[1] "learning sets: 1"
  [1] 110 106  24 109  32  30  33 120 103  74  41  93  54   8  91  14  31  22
 [19]  15  29  89  66  78  43  17  46  67  49 125  58 112  36 130  92 101 123
 [37] 115  65  52  25  40  85  42 126  63 116  48 118  69   1  20   2  50  96
 [55]  73  60  68  87 102  59  82  75 114 113  16   5  34  13 111  39  28  86
 [73]  44  95  51 105  10 121  21 100  72  11  47  38  53 108  61   4 104  18
 [91]  55  64  70 124  79 122   7  77  84 127  81 107   6  71
[1] "Starting global iteration number : 1"
[1] "iteration number: "
[1] 1
Error in checkForRemoteErrors(val) : 
  20 nodes produced errors; first error: Model is empty!
Calls: system.time ... clusterApply -> staticClusterApply -> checkForRemoteErrors
In addition: Warning messages:
1: In if (is.na(testm) == TRUE) { :
  the condition has length > 1 and only the first element will be used
2: In if (is.na(testclass) == TRUE) { :
  the condition has length > 1 and only the first element will be used
Timing stopped at: 0.098 0.093 71.115 
Execution halted
