
R version 3.4.0 (2017-04-21) -- "You Stupid Darkness"
Copyright (C) 2017 The R Foundation for Statistical Computing
Platform: x86_64-pc-linux-gnu (64-bit)

R is free software and comes with ABSOLUTELY NO WARRANTY.
You are welcome to redistribute it under certain conditions.
Type 'license()' or 'licence()' for distribution details.

  Natural language support but running in an English locale

R is a collaborative project with many contributors.
Type 'contributors()' for more information and
'citation()' on how to cite R or R packages in publications.

Type 'demo()' for some demos, 'help()' for on-line help, or
'help.start()' for an HTML browser interface to help.
Type 'q()' to quit R.

> 
> #.libPaths("/home/kuppal3/karan_libs/Rlibs")
> library(snow)
> library(e1071)
> library(yaImpute)

Attaching package: ‘yaImpute’

The following object is masked from ‘package:e1071’:

    impute

> library(pROC)
Type 'citation("pROC")' for a citation.

Attaching package: ‘pROC’

The following objects are masked from ‘package:stats’:

    cov, smooth, var

> library(bioDist)
Loading required package: Biobase
Loading required package: BiocGenerics
Loading required package: parallel

Attaching package: ‘parallel’

The following objects are masked from ‘package:snow’:

    clusterApply, clusterApplyLB, clusterCall, clusterEvalQ,
    clusterExport, clusterMap, clusterSplit, makeCluster, parApply,
    parCapply, parLapply, parRapply, parSapply, splitIndices,
    stopCluster


Attaching package: ‘BiocGenerics’

The following objects are masked from ‘package:parallel’:

    clusterApply, clusterApplyLB, clusterCall, clusterEvalQ,
    clusterExport, clusterMap, parApply, parCapply, parLapply,
    parLapplyLB, parRapply, parSapply, parSapplyLB

The following object is masked from ‘package:pROC’:

    var

The following objects are masked from ‘package:snow’:

    clusterApply, clusterApplyLB, clusterCall, clusterEvalQ,
    clusterExport, clusterMap, parApply, parCapply, parLapply,
    parRapply, parSapply

The following objects are masked from ‘package:stats’:

    IQR, mad, sd, var, xtabs

The following objects are masked from ‘package:base’:

    anyDuplicated, append, as.data.frame, cbind, colMeans, colnames,
    colSums, do.call, duplicated, eval, evalq, Filter, Find, get, grep,
    grepl, intersect, is.unsorted, lapply, lengths, Map, mapply, match,
    mget, order, paste, pmax, pmax.int, pmin, pmin.int, Position, rank,
    rbind, Reduce, rowMeans, rownames, rowSums, sapply, setdiff, sort,
    table, tapply, union, unique, unsplit, which, which.max, which.min

Welcome to Bioconductor

    Vignettes contain introductory material; view with
    'browseVignettes()'. To cite Bioconductor, see
    'citation("Biobase")', and for packages 'citation("pkgname")'.

Loading required package: KernSmooth
KernSmooth 2.23 loaded
Copyright M. P. Wand 1997-2009
> #library(CMA, lib="/home/kuppal3/karan_libs/Rlibs/")
> library(RankAggreg)
> library(CMA)

Attaching package: ‘CMA’

The following object is masked from ‘package:pROC’:

    roc

The following object is masked from ‘package:e1071’:

    tune

> library(expm)
Loading required package: Matrix

Attaching package: ‘expm’

The following object is masked from ‘package:Matrix’:

    expm

> library(plyr)

Attaching package: ‘plyr’

The following object is masked from ‘package:CMA’:

    join

> library(doParallel)
Loading required package: foreach
Loading required package: iterators
> cl<-makeCluster(1)
> 
> 
> args<-commandArgs(trailingOnly=TRUE)
> 
> #dirloc<-"/Users/karanuppal/Documents/Gatech/Projects/Algorithms/TwostagePSO/"
> #sname<-paste("/home/stu/kuppal3/Research/Feature_selection/Rcode/versionnov2014/OCFS_",args[9],".R",sep="")
> 
> #sname<-paste(dirloc,"version2017/OCFS_",args[9],".R",sep="")
> #source(sname)
> 
> sname<-paste("/home/kuppal2/Documents/Projects/xmsPANDA/Other/scripts/OCFS_",args[9],".R",sep="")
> source(sname)
> print(sname)
[1] "/home/kuppal2/Documents/Projects/xmsPANDA/Other/scripts/OCFS_vfeb817_v5C_2018_v12.R"
> 
> dirloc<-"/home/kuppal2/Documents/Projects/xmsPANDA/Other/Datasets/SRBCT_Khan/"
> 
> 
> outloc<-paste(dirloc,"/OCFSvmay2415_Srbct",args[9],"/",sep="")
> 
> 
> sname<-paste(dirloc,"Srbct.Rda",sep="")
> load(sname)
> 
> trainm<-Srbct$X
> testm<-Srbct$Xt
> trainclass<-Srbct$Y
> testclass<-Srbct$Yt
> 
> 
> trainm<-t(trainm)
> testm<-t(testm)
> 
> cnames<-paste("var",seq(1,dim(trainm)[2]),sep="")
> colnames(trainm)<-cnames
> colnames(testm)<-cnames
> 
> trainclass<-t(trainclass)
> testclass<-t(testclass)
> 
> trainm<-cbind(trainclass,trainm)
> testm<-cbind(testclass,testm)
> 
> trainm<-na.omit(trainm)
> testm<-na.omit(testm)
> 
> 
> 
> dir.create(outloc)
Warning message:
In dir.create(outloc) :
  '/home/kuppal2/Documents/Projects/xmsPANDA/Other/Datasets/SRBCT_Khan//OCFSvmay2415_Srbctvfeb817_v5C_2018_v12' already exists
> setwd(outloc)
> 
> trainm<-as.matrix(trainm)
> testm<-as.matrix(testm)
> trainclass<-trainm[,1] #CMAres$modtrainclass
> testclass<-testm[,1] #CMAres$modtestclass
> trainm<-trainm[,-c(1)] #CMAres$modtrainmata
> testm<-testm[,-c(1)] #CMAres$modtestmata
> 
> #a: Confusions
> #b: Neighbors
> #c: Global
> #d: Death
> 
> a<-c(0.25,0.25,0.25,0.25)
> b<-c(0.3,0.1,0.4,0.1)
> c<-c(0.25,0.25,0.5,0)
> d<-c(0.9,0.1,0,0.1)
> 
> a<-c(0,0.4,0.1,0.5)
> b<-c(0.3,0.1,0.4,0.1)
> c<-c(0,0.5,0.5,0)
> d<-c(0.9,0.1,0,0)
> 
> a<-c(0,0.4,0.1,0.5)
> b<-c(0.2,0.3,0.4,0.1)
> c<-c(0,0.4,0.4,0.2)
> d<-c(0.9,0.1,0,0)
> 
> transition_matrix<-rbind(a,b,c,d)
> 
> 
> dir.create(outloc)
Warning message:
In dir.create(outloc) :
  '/home/kuppal2/Documents/Projects/xmsPANDA/Other/Datasets/SRBCT_Khan//OCFSvmay2415_Srbctvfeb817_v5C_2018_v12' already exists
> setwd(outloc)
> temp2=t(trainm)
> temp2=apply(temp2, 2, function(x){which(x=="MD")})
> temp2=unlist(temp2)
> temp2=unique(temp2)
> if(length(temp2)>1)
+ {
+ 	trainm=trainm[,-c(temp2)]
+ 
+ 	rm(temp2)
+ }
> 
> boostweight=rep(0,dim(trainm)[2])
> 
> #if(FALSE)
> {
+ CMAres<-performCMA(trainm, trainclass, testm, testclass,outloc,
+ maxnum=as.numeric(args[10]),
+ minnum=3,
+ stepitr=1,
+ gsmethods=c("limma"), #"lasso","elasticnet","kruskal.test"), #"f.test", "f.test", "elasticnet", "wilcox.test", "welch.test"),
+ pct_train=0.40,
+ accuracyweight=1,
+ featweight=0.06,
+ minpresent=1,
+ kname="radial",
+ norm_method="none",
+ tolerance=0.5,
+ maxitrs=5,
+ classindex=1,
+ numfacts=0,
+ evalmethod="CV",
+ numfolds=10,
+ CVfoldthresh=0.7,
+ varselmethod=args[11],
+ scheme_val="one-vs-all",
+ iter_learn=1,boostweight=rep(0,dim(trainm)[2]))
+ 
+ 
+ CMAres<-performCMA(trainm, trainclass, testm, testclass,outloc,
+ maxnum=as.numeric(args[10]),
+ minnum=3,
+ stepitr=1,
+ gsmethods=c("lasso"), #"lasso","elasticnet","kruskal.test"), #"f.test", "f.test", "elasticnet", "wilcox.test", "welch.test"),
+ pct_train=0.40,
+ accuracyweight=1,
+ featweight=0.06,
+ minpresent=1,
+ kname="radial",
+ norm_method="none",
+ tolerance=0.5,
+ maxitrs=5,
+ classindex=1,
+ numfacts=0,
+ evalmethod="CV",
+ numfolds=10,
+ CVfoldthresh=0.7,
+ varselmethod=args[11],
+ scheme_val="one-vs-all",
+ iter_learn=1,boostweight=rep(0,dim(trainm)[2]))
+ 
+ CMAres<-performCMA(trainm, trainclass, testm, testclass,outloc,
+ maxnum=as.numeric(args[10]),
+ minnum=3,
+ stepitr=1,
+ gsmethods=c("rfe"), #"lasso","elasticnet","kruskal.test"), #"f.test", "f.test", "elasticnet", "wilcox.test", "welch.test"),
+ pct_train=0.40,
+ accuracyweight=1,
+ featweight=0.06,
+ minpresent=1,
+ kname="radial",
+ norm_method="none",
+ tolerance=0.5,
+ maxitrs=5,
+ classindex=1,
+ numfacts=0,
+ evalmethod="CV",
+ numfolds=10,
+ CVfoldthresh=0.7,
+ varselmethod=args[11],
+ scheme_val="one-vs-all",
+ iter_learn=1,boostweight=rep(0,dim(trainm)[2]))
+ 
+ CMAres<-performCMA(trainm, trainclass, testm, testclass,outloc,
+ maxnum=as.numeric(args[10]),
+ minnum=3,
+ stepitr=1,
+ gsmethods=c("elasticnet"), #"lasso","elasticnet","kruskal.test"), #"f.test", "f.test", "elasticnet", "wilcox.test", "welch.test"),
+ pct_train=0.40,
+ accuracyweight=1,
+ featweight=0.06,
+ minpresent=1,
+ kname="radial",
+ norm_method="none",
+ tolerance=0.5,
+ maxitrs=5,
+ classindex=1,
+ numfacts=0,
+ evalmethod="CV",
+ numfolds=10,
+ CVfoldthresh=0.7,
+ varselmethod=args[11],
+ scheme_val="one-vs-all",
+ iter_learn=1,boostweight=rep(0,dim(trainm)[2]))
+ 
+ if(FALSE){
+ CMAres<-performCMA(trainm, trainclass, testm, testclass,outloc,
+ maxnum=as.numeric(args[10]),
+ minnum=3,
+ stepitr=1,
+ gsmethods=c("rf"), #"lasso","elasticnet","kruskal.test"), #"f.test", "f.test", "elasticnet", "wilcox.test", "welch.test"),
+ pct_train=0.40,
+ accuracyweight=1,
+ featweight=0.06,
+ minpresent=1,
+ kname="radial",
+ norm_method="none",
+ tolerance=0.5,
+ maxitrs=5,
+ classindex=1,
+ numfacts=0,
+ evalmethod="CV",
+ numfolds=10,
+ CVfoldthresh=0.7,
+ varselmethod=args[11],
+ scheme_val="one-vs-all",
+ iter_learn=1,boostweight=rep(0,dim(trainm)[2]))
+ }
+ 
+ CMAres<-performCMA(trainm, trainclass, testm, testclass,outloc,
+ maxnum=as.numeric(args[10]),
+ minnum=3,
+ stepitr=1,
+ gsmethods=c("f.test"), #"lasso","elasticnet","kruskal.test"), #"f.test", "f.test", "elasticnet", "wilcox.test", "welch.test"),
+ pct_train=0.40,
+ accuracyweight=1,
+ featweight=0.06,
+ minpresent=1,
+ kname="radial",
+ norm_method="none",
+ tolerance=0.5,
+ maxitrs=5,
+ classindex=1,
+ numfacts=0,
+ evalmethod="CV",
+ numfolds=10,
+ CVfoldthresh=0.7,
+ varselmethod=args[11],
+ scheme_val="one-vs-all",
+ iter_learn=1,boostweight=rep(0,dim(trainm)[2]))
+ }
[1] "dim of trainm is "
[1]   63 2308
[1]   63 2308
[1] "length of factcols"
[1] 0
[1]   63 2308
[1]   20 2308
integer(0)
character(0)
NULL
[1] "ok"
[1] "test class"
V1 V2 V4 V6 
 3  2  4  2 
Levels: 1 2 3 4
[1] "orig train matrix"
            var1      var2       var3       var4       var5        var6
[1,]  0.77334370 -2.438405 -0.4825622 -2.7211350 -1.2170580  0.82780920
[2,] -0.07817778 -2.415754  0.4127717 -2.8251460 -0.6262365  0.05448819
[3,] -0.08446916 -1.649739 -0.2413075 -2.8752860 -0.8894054 -0.02747398
[4,]  0.96561400 -2.380547  0.6252965 -1.7412560 -0.8453664  0.94968680
[5,]  0.07566390 -1.728785  0.8526265  0.2726953 -1.8413700  0.32793590
         var7        var8       var9     var10
[1,] 1.342604  0.05704174  0.1335689 0.5654274
[2,] 1.429498 -0.12024860  0.4567917 0.1590529
[3,] 1.159300  0.01567648  0.1919418 0.4965847
[4,] 1.093801  0.81973580 -0.2846201 0.9947322
[5,] 1.251219  0.77144990  0.0309171 0.2783133
[1] "orig train matrix"
            var1      var2       var3       var4       var5        var6
[1,]  0.77334370 -2.438405 -0.4825622 -2.7211350 -1.2170580  0.82780920
[2,] -0.07817778 -2.415754  0.4127717 -2.8251460 -0.6262365  0.05448819
[3,] -0.08446916 -1.649739 -0.2413075 -2.8752860 -0.8894054 -0.02747398
[4,]  0.96561400 -2.380547  0.6252965 -1.7412560 -0.8453664  0.94968680
[5,]  0.07566390 -1.728785  0.8526265  0.2726953 -1.8413700  0.32793590
         var7        var8       var9     var10
[1,] 1.342604  0.05704174  0.1335689 0.5654274
[2,] 1.429498 -0.12024860  0.4567917 0.1590529
[3,] 1.159300  0.01567648  0.1919418 0.4965847
[4,] 1.093801  0.81973580 -0.2846201 0.9947322
[5,] 1.251219  0.77144990  0.0309171 0.2783133
[1] -0.4825622  0.4127717 -0.2413075
[1] "norm train matrix"
            var1      var2       var3       var4       var5        var6
[1,]  0.77334370 -2.438405 -0.4825622 -2.7211350 -1.2170580  0.82780920
[2,] -0.07817778 -2.415754  0.4127717 -2.8251460 -0.6262365  0.05448819
[3,] -0.08446916 -1.649739 -0.2413075 -2.8752860 -0.8894054 -0.02747398
[4,]  0.96561400 -2.380547  0.6252965 -1.7412560 -0.8453664  0.94968680
[5,]  0.07566390 -1.728785  0.8526265  0.2726953 -1.8413700  0.32793590
         var7        var8       var9     var10
[1,] 1.342604  0.05704174  0.1335689 0.5654274
[2,] 1.429498 -0.12024860  0.4567917 0.1590529
[3,] 1.159300  0.01567648  0.1919418 0.4965847
[4,] 1.093801  0.81973580 -0.2846201 0.9947322
[5,] 1.251219  0.77144990  0.0309171 0.2783133
[1] "mean of feat 2"
[1] -1.739001
[1] "sd of feat 2"
[1] 0.9055712
[1] "maxnum is "
[1] 5
[1] "# of genes left after filtering:"
[1]   63 2308
GeneSelection: iteration 1 

Attaching package: ‘limma’

The following object is masked from ‘package:BiocGenerics’:

    plotMA

GeneSelection: iteration 2 
GeneSelection: iteration 3 
GeneSelection: iteration 4 
GeneSelection: iteration 5 
GeneSelection: iteration 6 
GeneSelection: iteration 7 
GeneSelection: iteration 8 
GeneSelection: iteration 9 
GeneSelection: iteration 10 
GeneSelection: iteration 1 
GeneSelection: iteration 2 
GeneSelection: iteration 3 
GeneSelection: iteration 4 
GeneSelection: iteration 5 
GeneSelection: iteration 6 
GeneSelection: iteration 7 
GeneSelection: iteration 8 
GeneSelection: iteration 9 
GeneSelection: iteration 10 
GeneSelection: iteration 1 
GeneSelection: iteration 2 
GeneSelection: iteration 3 
GeneSelection: iteration 4 
GeneSelection: iteration 5 
GeneSelection: iteration 6 
GeneSelection: iteration 7 
GeneSelection: iteration 8 
GeneSelection: iteration 9 
GeneSelection: iteration 10 
GeneSelection: iteration 1 
GeneSelection: iteration 2 
GeneSelection: iteration 3 
GeneSelection: iteration 4 
GeneSelection: iteration 5 
GeneSelection: iteration 6 
GeneSelection: iteration 7 
GeneSelection: iteration 8 
GeneSelection: iteration 9 
GeneSelection: iteration 10 
[1] "varselmethod"
[1] "backward"
[1] "limma:5:149.012998266898"
[1] "limma:5:149.012998266898 : 4"
[1] "limma:4:132.343731946852"
[1] "limma:5:149.012998266898 : 3"
[1] "dim of scoring matrix is "
[1] 2308    1
[1] 2308
[1] "DS index stage 1"
[1] NA
[1] "bestgenelist"
[1]  246  255  742  842 1003
        var246    var255     var742   var842   var1003
[1,] 1.6047470 -1.514582  0.7311171 1.553629 -3.231455
[2,] 0.7924947 -1.701005  0.3808308 1.732505 -2.294617
[3,] 1.5527410 -1.256319 -0.2871489 1.454747 -2.154165
         var246    var255     var742     var842   var1003
[1,] -2.5010360  1.165710  1.1040309 -0.3690368 -1.988505
[2,] -0.5151684 -0.592759 -1.1605941  0.7715886 -2.928074
[3,] -1.9330926 -1.027222 -0.7325119  0.9271515  1.000558
[1] "numgenes selected:5"
[1] "test acc:0.9"
[1] "test AUC acc:0.944444444444445"
[1] "10 fold train95.2380952380952"
[1] "confusion matrix train 10 fold"
          nci_y
pred10fold  1  2  3  4
         1  7  1  0  0
         2  0 22  0  0
         3  0  0 12  0
         4  1  0  0 20
[1] "confusion matrix test"
         test_y
pred_test 1 2 3 4
        1 3 1 0 0
        2 0 4 0 0
        3 0 0 6 0
        4 0 1 0 5
[1] "train acc:0.968253968253968"
[1] "confusion matrix train"
          nci_y
pred_train  1  2  3  4
         1  7  1  0  0
         2  0 22  0  0
         3  0  0 12  0
         4  1  0  0 20
[1] "DS index stage 1"
[1] NA
[1] "KI index stage 1"
[1] NA
[1] "dim of trainm is "
[1]   63 2308
[1]   63 2308
[1] "length of factcols"
[1] 0
[1]   63 2308
[1]   20 2308
integer(0)
character(0)
NULL
[1] "ok"
[1] "test class"
V1 V2 V4 V6 
 3  2  4  2 
Levels: 1 2 3 4
[1] "orig train matrix"
            var1      var2       var3       var4       var5        var6
[1,]  0.77334370 -2.438405 -0.4825622 -2.7211350 -1.2170580  0.82780920
[2,] -0.07817778 -2.415754  0.4127717 -2.8251460 -0.6262365  0.05448819
[3,] -0.08446916 -1.649739 -0.2413075 -2.8752860 -0.8894054 -0.02747398
[4,]  0.96561400 -2.380547  0.6252965 -1.7412560 -0.8453664  0.94968680
[5,]  0.07566390 -1.728785  0.8526265  0.2726953 -1.8413700  0.32793590
         var7        var8       var9     var10
[1,] 1.342604  0.05704174  0.1335689 0.5654274
[2,] 1.429498 -0.12024860  0.4567917 0.1590529
[3,] 1.159300  0.01567648  0.1919418 0.4965847
[4,] 1.093801  0.81973580 -0.2846201 0.9947322
[5,] 1.251219  0.77144990  0.0309171 0.2783133
[1] "orig train matrix"
            var1      var2       var3       var4       var5        var6
[1,]  0.77334370 -2.438405 -0.4825622 -2.7211350 -1.2170580  0.82780920
[2,] -0.07817778 -2.415754  0.4127717 -2.8251460 -0.6262365  0.05448819
[3,] -0.08446916 -1.649739 -0.2413075 -2.8752860 -0.8894054 -0.02747398
[4,]  0.96561400 -2.380547  0.6252965 -1.7412560 -0.8453664  0.94968680
[5,]  0.07566390 -1.728785  0.8526265  0.2726953 -1.8413700  0.32793590
         var7        var8       var9     var10
[1,] 1.342604  0.05704174  0.1335689 0.5654274
[2,] 1.429498 -0.12024860  0.4567917 0.1590529
[3,] 1.159300  0.01567648  0.1919418 0.4965847
[4,] 1.093801  0.81973580 -0.2846201 0.9947322
[5,] 1.251219  0.77144990  0.0309171 0.2783133
[1] -0.4825622  0.4127717 -0.2413075
[1] "norm train matrix"
            var1      var2       var3       var4       var5        var6
[1,]  0.77334370 -2.438405 -0.4825622 -2.7211350 -1.2170580  0.82780920
[2,] -0.07817778 -2.415754  0.4127717 -2.8251460 -0.6262365  0.05448819
[3,] -0.08446916 -1.649739 -0.2413075 -2.8752860 -0.8894054 -0.02747398
[4,]  0.96561400 -2.380547  0.6252965 -1.7412560 -0.8453664  0.94968680
[5,]  0.07566390 -1.728785  0.8526265  0.2726953 -1.8413700  0.32793590
         var7        var8       var9     var10
[1,] 1.342604  0.05704174  0.1335689 0.5654274
[2,] 1.429498 -0.12024860  0.4567917 0.1590529
[3,] 1.159300  0.01567648  0.1919418 0.4965847
[4,] 1.093801  0.81973580 -0.2846201 0.9947322
[5,] 1.251219  0.77144990  0.0309171 0.2783133
[1] "mean of feat 2"
[1] -1.739001
[1] "sd of feat 2"
[1] 0.9055712
[1] "maxnum is "
[1] 5
[1] "# of genes left after filtering:"
[1]   63 2308
GeneSelection: iteration 1 
Loaded glmnet 2.0-16


Attaching package: ‘glmnet’

The following object is masked from ‘package:pROC’:

    auc

GeneSelection: iteration 2 
GeneSelection: iteration 3 
GeneSelection: iteration 4 
GeneSelection: iteration 5 
GeneSelection: iteration 6 
GeneSelection: iteration 7 
GeneSelection: iteration 8 
GeneSelection: iteration 9 
GeneSelection: iteration 10 
GeneSelection: iteration 1 
GeneSelection: iteration 2 
GeneSelection: iteration 3 
GeneSelection: iteration 4 
GeneSelection: iteration 5 
GeneSelection: iteration 6 
GeneSelection: iteration 7 
GeneSelection: iteration 8 
GeneSelection: iteration 9 
GeneSelection: iteration 10 
GeneSelection: iteration 1 
GeneSelection: iteration 2 
GeneSelection: iteration 3 
GeneSelection: iteration 4 
GeneSelection: iteration 5 
GeneSelection: iteration 6 
GeneSelection: iteration 7 
GeneSelection: iteration 8 
GeneSelection: iteration 9 
GeneSelection: iteration 10 
GeneSelection: iteration 1 
GeneSelection: iteration 2 
GeneSelection: iteration 3 
GeneSelection: iteration 4 
GeneSelection: iteration 5 
GeneSelection: iteration 6 
GeneSelection: iteration 7 
GeneSelection: iteration 8 
GeneSelection: iteration 9 
GeneSelection: iteration 10 
genelist
   1    2  246  255  842 1003 1389 1427 1954 1955 2050  836 1764  509 2198 2046 
  35   12   10   10   10   10   10   10   10   10   10    9    9    8    7    6 
 248  129  742    3  589 1319  545  695  851  910 1387 2022 2166 
   5    3    3    2    2    2    1    1    1    1    1    1    1 
[1] "varselmethod"
[1] "backward"
[1] "lasso:5:140.054664933564"
[1] "lasso:5:140.054664933564 : 4"
[1] "lasso:4:141.85762083574"
[1] "lasso:4:141.85762083574 : 3"
[1] "dim of scoring matrix is "
[1] 2308    1
[1] 2308
[1] "DS index stage 1"
[1] NA
[1] "bestgenelist"
[1]   1   2 246 255
            var1      var2    var246    var255
[1,]  0.77334370 -2.438405 1.6047470 -1.514582
[2,] -0.07817778 -2.415754 0.7924947 -1.701005
[3,] -0.08446916 -1.649739 1.5527410 -1.256319
          var1       var2     var246    var255
[1,] 0.1395010 -1.1689275 -2.5010360  1.165710
[2,] 1.1642752 -2.0181583 -0.5151684 -0.592759
[3,] 0.8410929  0.2547197 -1.9330926 -1.027222
[1] "numgenes selected:4"
[1] "test acc:0.85"
[1] "test AUC acc:0.902777777777778"
[1] "10 fold train96.8253968253968"
[1] "confusion matrix train 10 fold"
          nci_y
pred10fold  1  2  3  4
         1  8  0  0  0
         2  0 22  0  1
         3  0  0 12  0
         4  0  1  0 19
[1] "confusion matrix test"
         test_y
pred_test 1 2 3 4
        1 3 0 0 0
        2 0 3 0 0
        3 0 1 6 0
        4 0 2 0 5
[1] "train acc:0.968253968253968"
[1] "confusion matrix train"
          nci_y
pred_train  1  2  3  4
         1  8  0  0  0
         2  0 22  0  1
         3  0  0 12  0
         4  0  1  0 19
[1] "DS index stage 1"
[1] NA
[1] "KI index stage 1"
[1] NA
[1] "dim of trainm is "
[1]   63 2308
[1]   63 2308
[1] "length of factcols"
[1] 0
[1]   63 2308
[1]   20 2308
integer(0)
character(0)
NULL
[1] "ok"
[1] "test class"
V1 V2 V4 V6 
 3  2  4  2 
Levels: 1 2 3 4
[1] "orig train matrix"
            var1      var2       var3       var4       var5        var6
[1,]  0.77334370 -2.438405 -0.4825622 -2.7211350 -1.2170580  0.82780920
[2,] -0.07817778 -2.415754  0.4127717 -2.8251460 -0.6262365  0.05448819
[3,] -0.08446916 -1.649739 -0.2413075 -2.8752860 -0.8894054 -0.02747398
[4,]  0.96561400 -2.380547  0.6252965 -1.7412560 -0.8453664  0.94968680
[5,]  0.07566390 -1.728785  0.8526265  0.2726953 -1.8413700  0.32793590
         var7        var8       var9     var10
[1,] 1.342604  0.05704174  0.1335689 0.5654274
[2,] 1.429498 -0.12024860  0.4567917 0.1590529
[3,] 1.159300  0.01567648  0.1919418 0.4965847
[4,] 1.093801  0.81973580 -0.2846201 0.9947322
[5,] 1.251219  0.77144990  0.0309171 0.2783133
[1] "orig train matrix"
            var1      var2       var3       var4       var5        var6
[1,]  0.77334370 -2.438405 -0.4825622 -2.7211350 -1.2170580  0.82780920
[2,] -0.07817778 -2.415754  0.4127717 -2.8251460 -0.6262365  0.05448819
[3,] -0.08446916 -1.649739 -0.2413075 -2.8752860 -0.8894054 -0.02747398
[4,]  0.96561400 -2.380547  0.6252965 -1.7412560 -0.8453664  0.94968680
[5,]  0.07566390 -1.728785  0.8526265  0.2726953 -1.8413700  0.32793590
         var7        var8       var9     var10
[1,] 1.342604  0.05704174  0.1335689 0.5654274
[2,] 1.429498 -0.12024860  0.4567917 0.1590529
[3,] 1.159300  0.01567648  0.1919418 0.4965847
[4,] 1.093801  0.81973580 -0.2846201 0.9947322
[5,] 1.251219  0.77144990  0.0309171 0.2783133
[1] -0.4825622  0.4127717 -0.2413075
[1] "norm train matrix"
            var1      var2       var3       var4       var5        var6
[1,]  0.77334370 -2.438405 -0.4825622 -2.7211350 -1.2170580  0.82780920
[2,] -0.07817778 -2.415754  0.4127717 -2.8251460 -0.6262365  0.05448819
[3,] -0.08446916 -1.649739 -0.2413075 -2.8752860 -0.8894054 -0.02747398
[4,]  0.96561400 -2.380547  0.6252965 -1.7412560 -0.8453664  0.94968680
[5,]  0.07566390 -1.728785  0.8526265  0.2726953 -1.8413700  0.32793590
         var7        var8       var9     var10
[1,] 1.342604  0.05704174  0.1335689 0.5654274
[2,] 1.429498 -0.12024860  0.4567917 0.1590529
[3,] 1.159300  0.01567648  0.1919418 0.4965847
[4,] 1.093801  0.81973580 -0.2846201 0.9947322
[5,] 1.251219  0.77144990  0.0309171 0.2783133
[1] "mean of feat 2"
[1] -1.739001
[1] "sd of feat 2"
[1] 0.9055712
[1] "maxnum is "
[1] 5
[1] "# of genes left after filtering:"
[1]   63 2308
GeneSelection: iteration 1 
GeneSelection: iteration 2 
GeneSelection: iteration 3 
GeneSelection: iteration 4 
GeneSelection: iteration 5 
GeneSelection: iteration 6 
GeneSelection: iteration 7 
GeneSelection: iteration 8 
GeneSelection: iteration 9 
GeneSelection: iteration 10 
GeneSelection: iteration 1 
GeneSelection: iteration 2 
GeneSelection: iteration 3 
GeneSelection: iteration 4 
GeneSelection: iteration 5 
GeneSelection: iteration 6 
GeneSelection: iteration 7 
GeneSelection: iteration 8 
GeneSelection: iteration 9 
GeneSelection: iteration 10 
GeneSelection: iteration 1 
GeneSelection: iteration 2 
GeneSelection: iteration 3 
GeneSelection: iteration 4 
GeneSelection: iteration 5 
GeneSelection: iteration 6 
GeneSelection: iteration 7 
GeneSelection: iteration 8 
GeneSelection: iteration 9 
GeneSelection: iteration 10 
GeneSelection: iteration 1 
GeneSelection: iteration 2 
GeneSelection: iteration 3 
GeneSelection: iteration 4 
GeneSelection: iteration 5 
GeneSelection: iteration 6 
GeneSelection: iteration 7 
GeneSelection: iteration 8 
GeneSelection: iteration 9 
GeneSelection: iteration 10 
[1] "varselmethod"
[1] "backward"
[1] "rfe:5:138.526887155787"
[1] "rfe:5:138.526887155787 : 4"
[1] "rfe:4:132.413176391296"
[1] "rfe:5:138.526887155787 : 3"
[1] "dim of scoring matrix is "
[1] 2308    1
[1] 2308
[1] "DS index stage 1"
[1] NA
[1] "bestgenelist"
[1] 187 246 509 819 846
        var187    var246    var509    var819    var846
[1,] -3.426515 1.6047470 -1.844528 -2.108664 -3.803169
[2,] -2.361274 0.7924947 -1.699363 -3.272804 -3.083471
[3,] -2.259526 1.5527410 -1.478848 -2.767800 -2.285728
         var187     var246    var509    var819    var846
[1,] -0.8549605 -2.5010360 -1.367276 -1.657054 -2.160218
[2,] -2.8949824 -0.5151684 -2.365525 -2.199126 -2.487711
[3,]  2.9578798 -1.9330926  2.815109 -1.017493 -2.153303
[1] "numgenes selected:5"
[1] "test acc:0.8"
[1] "test AUC acc:0.895833333333333"
[1] "10 fold train90.4761904761905"
[1] "confusion matrix train 10 fold"
          nci_y
pred10fold  1  2  3  4
         1  8  0  0  0
         2  0 23  0  0
         3  0  0 12  0
         4  0  0  0 20
[1] "confusion matrix test"
         test_y
pred_test 1 2 3 4
        1 3 0 2 0
        2 0 5 0 0
        3 0 1 3 0
        4 0 0 1 5
[1] "train acc:1"
[1] "confusion matrix train"
          nci_y
pred_train  1  2  3  4
         1  8  0  0  0
         2  0 23  0  0
         3  0  0 12  0
         4  0  0  0 20
[1] "DS index stage 1"
[1] NA
[1] "KI index stage 1"
[1] NA
[1] "dim of trainm is "
[1]   63 2308
[1]   63 2308
[1] "length of factcols"
[1] 0
[1]   63 2308
[1]   20 2308
integer(0)
character(0)
NULL
[1] "ok"
[1] "test class"
V1 V2 V4 V6 
 3  2  4  2 
Levels: 1 2 3 4
[1] "orig train matrix"
            var1      var2       var3       var4       var5        var6
[1,]  0.77334370 -2.438405 -0.4825622 -2.7211350 -1.2170580  0.82780920
[2,] -0.07817778 -2.415754  0.4127717 -2.8251460 -0.6262365  0.05448819
[3,] -0.08446916 -1.649739 -0.2413075 -2.8752860 -0.8894054 -0.02747398
[4,]  0.96561400 -2.380547  0.6252965 -1.7412560 -0.8453664  0.94968680
[5,]  0.07566390 -1.728785  0.8526265  0.2726953 -1.8413700  0.32793590
         var7        var8       var9     var10
[1,] 1.342604  0.05704174  0.1335689 0.5654274
[2,] 1.429498 -0.12024860  0.4567917 0.1590529
[3,] 1.159300  0.01567648  0.1919418 0.4965847
[4,] 1.093801  0.81973580 -0.2846201 0.9947322
[5,] 1.251219  0.77144990  0.0309171 0.2783133
[1] "orig train matrix"
            var1      var2       var3       var4       var5        var6
[1,]  0.77334370 -2.438405 -0.4825622 -2.7211350 -1.2170580  0.82780920
[2,] -0.07817778 -2.415754  0.4127717 -2.8251460 -0.6262365  0.05448819
[3,] -0.08446916 -1.649739 -0.2413075 -2.8752860 -0.8894054 -0.02747398
[4,]  0.96561400 -2.380547  0.6252965 -1.7412560 -0.8453664  0.94968680
[5,]  0.07566390 -1.728785  0.8526265  0.2726953 -1.8413700  0.32793590
         var7        var8       var9     var10
[1,] 1.342604  0.05704174  0.1335689 0.5654274
[2,] 1.429498 -0.12024860  0.4567917 0.1590529
[3,] 1.159300  0.01567648  0.1919418 0.4965847
[4,] 1.093801  0.81973580 -0.2846201 0.9947322
[5,] 1.251219  0.77144990  0.0309171 0.2783133
[1] -0.4825622  0.4127717 -0.2413075
[1] "norm train matrix"
            var1      var2       var3       var4       var5        var6
[1,]  0.77334370 -2.438405 -0.4825622 -2.7211350 -1.2170580  0.82780920
[2,] -0.07817778 -2.415754  0.4127717 -2.8251460 -0.6262365  0.05448819
[3,] -0.08446916 -1.649739 -0.2413075 -2.8752860 -0.8894054 -0.02747398
[4,]  0.96561400 -2.380547  0.6252965 -1.7412560 -0.8453664  0.94968680
[5,]  0.07566390 -1.728785  0.8526265  0.2726953 -1.8413700  0.32793590
         var7        var8       var9     var10
[1,] 1.342604  0.05704174  0.1335689 0.5654274
[2,] 1.429498 -0.12024860  0.4567917 0.1590529
[3,] 1.159300  0.01567648  0.1919418 0.4965847
[4,] 1.093801  0.81973580 -0.2846201 0.9947322
[5,] 1.251219  0.77144990  0.0309171 0.2783133
[1] "mean of feat 2"
[1] -1.739001
[1] "sd of feat 2"
[1] 0.9055712
[1] "maxnum is "
[1] 5
[1] "# of genes left after filtering:"
[1]   63 2308
GeneSelection: iteration 1 
GeneSelection: iteration 2 
GeneSelection: iteration 3 
GeneSelection: iteration 4 
GeneSelection: iteration 5 
GeneSelection: iteration 6 
GeneSelection: iteration 7 
GeneSelection: iteration 8 
GeneSelection: iteration 9 
GeneSelection: iteration 10 
GeneSelection: iteration 1 
GeneSelection: iteration 2 
GeneSelection: iteration 3 
GeneSelection: iteration 4 
GeneSelection: iteration 5 
GeneSelection: iteration 6 
GeneSelection: iteration 7 
GeneSelection: iteration 8 
GeneSelection: iteration 9 
GeneSelection: iteration 10 
GeneSelection: iteration 1 
GeneSelection: iteration 2 
GeneSelection: iteration 3 
GeneSelection: iteration 4 
GeneSelection: iteration 5 
GeneSelection: iteration 6 
GeneSelection: iteration 7 
GeneSelection: iteration 8 
GeneSelection: iteration 9 
GeneSelection: iteration 10 
GeneSelection: iteration 1 
GeneSelection: iteration 2 
GeneSelection: iteration 3 
GeneSelection: iteration 4 
GeneSelection: iteration 5 
GeneSelection: iteration 6 
GeneSelection: iteration 7 
GeneSelection: iteration 8 
GeneSelection: iteration 9 
GeneSelection: iteration 10 
[1] "varselmethod"
[1] "backward"
[1] "elasticnet:5:142.832442711342"
[1] "elasticnet:5:142.832442711342 : 4"
[1] "elasticnet:4:138.454843057963"
[1] "elasticnet:5:142.832442711342 : 3"
[1] "dim of scoring matrix is "
[1] 2308    1
[1] 2308
[1] "DS index stage 1"
[1] NA
[1] "bestgenelist"
[1]   1   2   3 246 255
            var1      var2       var3    var246    var255
[1,]  0.77334370 -2.438405 -0.4825622 1.6047470 -1.514582
[2,] -0.07817778 -2.415754  0.4127717 0.7924947 -1.701005
[3,] -0.08446916 -1.649739 -0.2413075 1.5527410 -1.256319
          var1       var2       var3     var246    var255
[1,] 0.1395010 -1.1689275  0.5649728 -2.5010360  1.165710
[2,] 1.1642752 -2.0181583  1.1035335 -0.5151684 -0.592759
[3,] 0.8410929  0.2547197 -0.2087477 -1.9330926 -1.027222
[1] "numgenes selected:5"
[1] "test acc:0.9"
[1] "test AUC acc:0.944444444444445"
[1] "10 fold train95.2380952380952"
[1] "confusion matrix train 10 fold"
          nci_y
pred10fold  1  2  3  4
         1  8  0  0  0
         2  0 23  0  1
         3  0  0 12  0
         4  0  0  0 19
[1] "confusion matrix test"
         test_y
pred_test 1 2 3 4
        1 3 0 0 0
        2 0 4 0 0
        3 0 1 6 0
        4 0 1 0 5
[1] "train acc:0.984126984126984"
[1] "confusion matrix train"
          nci_y
pred_train  1  2  3  4
         1  8  0  0  0
         2  0 23  0  1
         3  0  0 12  0
         4  0  0  0 19
[1] "DS index stage 1"
[1] NA
[1] "KI index stage 1"
[1] NA
[1] "dim of trainm is "
[1]   63 2308
[1]   63 2308
[1] "length of factcols"
[1] 0
[1]   63 2308
[1]   20 2308
integer(0)
character(0)
NULL
[1] "ok"
[1] "test class"
V1 V2 V4 V6 
 3  2  4  2 
Levels: 1 2 3 4
[1] "orig train matrix"
            var1      var2       var3       var4       var5        var6
[1,]  0.77334370 -2.438405 -0.4825622 -2.7211350 -1.2170580  0.82780920
[2,] -0.07817778 -2.415754  0.4127717 -2.8251460 -0.6262365  0.05448819
[3,] -0.08446916 -1.649739 -0.2413075 -2.8752860 -0.8894054 -0.02747398
[4,]  0.96561400 -2.380547  0.6252965 -1.7412560 -0.8453664  0.94968680
[5,]  0.07566390 -1.728785  0.8526265  0.2726953 -1.8413700  0.32793590
         var7        var8       var9     var10
[1,] 1.342604  0.05704174  0.1335689 0.5654274
[2,] 1.429498 -0.12024860  0.4567917 0.1590529
[3,] 1.159300  0.01567648  0.1919418 0.4965847
[4,] 1.093801  0.81973580 -0.2846201 0.9947322
[5,] 1.251219  0.77144990  0.0309171 0.2783133
[1] "orig train matrix"
            var1      var2       var3       var4       var5        var6
[1,]  0.77334370 -2.438405 -0.4825622 -2.7211350 -1.2170580  0.82780920
[2,] -0.07817778 -2.415754  0.4127717 -2.8251460 -0.6262365  0.05448819
[3,] -0.08446916 -1.649739 -0.2413075 -2.8752860 -0.8894054 -0.02747398
[4,]  0.96561400 -2.380547  0.6252965 -1.7412560 -0.8453664  0.94968680
[5,]  0.07566390 -1.728785  0.8526265  0.2726953 -1.8413700  0.32793590
         var7        var8       var9     var10
[1,] 1.342604  0.05704174  0.1335689 0.5654274
[2,] 1.429498 -0.12024860  0.4567917 0.1590529
[3,] 1.159300  0.01567648  0.1919418 0.4965847
[4,] 1.093801  0.81973580 -0.2846201 0.9947322
[5,] 1.251219  0.77144990  0.0309171 0.2783133
[1] -0.4825622  0.4127717 -0.2413075
[1] "norm train matrix"
            var1      var2       var3       var4       var5        var6
[1,]  0.77334370 -2.438405 -0.4825622 -2.7211350 -1.2170580  0.82780920
[2,] -0.07817778 -2.415754  0.4127717 -2.8251460 -0.6262365  0.05448819
[3,] -0.08446916 -1.649739 -0.2413075 -2.8752860 -0.8894054 -0.02747398
[4,]  0.96561400 -2.380547  0.6252965 -1.7412560 -0.8453664  0.94968680
[5,]  0.07566390 -1.728785  0.8526265  0.2726953 -1.8413700  0.32793590
         var7        var8       var9     var10
[1,] 1.342604  0.05704174  0.1335689 0.5654274
[2,] 1.429498 -0.12024860  0.4567917 0.1590529
[3,] 1.159300  0.01567648  0.1919418 0.4965847
[4,] 1.093801  0.81973580 -0.2846201 0.9947322
[5,] 1.251219  0.77144990  0.0309171 0.2783133
[1] "mean of feat 2"
[1] -1.739001
[1] "sd of feat 2"
[1] 0.9055712
[1] "maxnum is "
[1] 5
[1] "# of genes left after filtering:"
[1]   63 2308
GeneSelection: iteration 1 
GeneSelection: iteration 2 
GeneSelection: iteration 3 
GeneSelection: iteration 4 
GeneSelection: iteration 5 
GeneSelection: iteration 6 
GeneSelection: iteration 7 
GeneSelection: iteration 8 
GeneSelection: iteration 9 
GeneSelection: iteration 10 
GeneSelection: iteration 1 
GeneSelection: iteration 2 
GeneSelection: iteration 3 
GeneSelection: iteration 4 
GeneSelection: iteration 5 
GeneSelection: iteration 6 
GeneSelection: iteration 7 
GeneSelection: iteration 8 
GeneSelection: iteration 9 
GeneSelection: iteration 10 
GeneSelection: iteration 1 
GeneSelection: iteration 2 
GeneSelection: iteration 3 
GeneSelection: iteration 4 
GeneSelection: iteration 5 
GeneSelection: iteration 6 
GeneSelection: iteration 7 
GeneSelection: iteration 8 
GeneSelection: iteration 9 
GeneSelection: iteration 10 
GeneSelection: iteration 1 
GeneSelection: iteration 2 
GeneSelection: iteration 3 
GeneSelection: iteration 4 
GeneSelection: iteration 5 
GeneSelection: iteration 6 
GeneSelection: iteration 7 
GeneSelection: iteration 8 
GeneSelection: iteration 9 
GeneSelection: iteration 10 
[1] "varselmethod"
[1] "backward"
[1] "f.test:5:149.012998266898"
[1] "f.test:5:149.012998266898 : 4"
[1] "f.test:4:132.343731946852"
[1] "f.test:5:149.012998266898 : 3"
[1] "dim of scoring matrix is "
[1] 2308    1
[1] 2308
[1] "DS index stage 1"
[1] NA
[1] "bestgenelist"
[1]  246  255  742  842 1003
        var246    var255     var742   var842   var1003
[1,] 1.6047470 -1.514582  0.7311171 1.553629 -3.231455
[2,] 0.7924947 -1.701005  0.3808308 1.732505 -2.294617
[3,] 1.5527410 -1.256319 -0.2871489 1.454747 -2.154165
         var246    var255     var742     var842   var1003
[1,] -2.5010360  1.165710  1.1040309 -0.3690368 -1.988505
[2,] -0.5151684 -0.592759 -1.1605941  0.7715886 -2.928074
[3,] -1.9330926 -1.027222 -0.7325119  0.9271515  1.000558
[1] "numgenes selected:5"
[1] "test acc:0.9"
[1] "test AUC acc:0.944444444444445"
[1] "10 fold train95.2380952380952"
[1] "confusion matrix train 10 fold"
          nci_y
pred10fold  1  2  3  4
         1  7  1  0  0
         2  0 22  0  0
         3  0  0 12  0
         4  1  0  0 20
[1] "confusion matrix test"
         test_y
pred_test 1 2 3 4
        1 3 1 0 0
        2 0 4 0 0
        3 0 0 6 0
        4 0 1 0 5
[1] "train acc:0.968253968253968"
[1] "confusion matrix train"
          nci_y
pred_train  1  2  3  4
         1  7  1  0  0
         2  0 22  0  0
         3  0  0 12  0
         4  1  0  0 20
[1] "DS index stage 1"
[1] NA
[1] "KI index stage 1"
[1] NA
There were 50 or more warnings (use warnings() to see the first 50)
> #1
> CMAres<-performCMA(trainm, trainclass, testm, testclass,outloc,
+ maxnum=as.numeric(args[10]),
+ minnum=3,
+ stepitr=1,
+ gsmethods=c("limma","lasso","rfe","elasticnet", "f.test"), #"lasso","elasticnet","kruskal.test"), #"f.test", "f.test", "elasticnet", "wilcox.test", "welch.test"),
+ pct_train=0.40,
+ accuracyweight=1,
+ featweight=0.06,
+ minpresent=1,
+ kname="radial",
+ norm_method="none",
+ tolerance=0.5,
+ maxitrs=5,
+ classindex=1,
+ numfacts=0,
+ evalmethod="CV",
+ numfolds=10,
+ CVfoldthresh=0.7,
+ varselmethod=args[11],
+ scheme_val="one-vs-all",
+ iter_learn=1,boostweight=rep(0,dim(trainm)[2]))
[1] "dim of trainm is "
[1]   63 2308
[1]   63 2308
[1] "length of factcols"
[1] 0
[1]   63 2308
[1]   20 2308
integer(0)
character(0)
NULL
[1] "ok"
[1] "test class"
V1 V2 V4 V6 
 3  2  4  2 
Levels: 1 2 3 4
[1] "orig train matrix"
            var1      var2       var3       var4       var5        var6
[1,]  0.77334370 -2.438405 -0.4825622 -2.7211350 -1.2170580  0.82780920
[2,] -0.07817778 -2.415754  0.4127717 -2.8251460 -0.6262365  0.05448819
[3,] -0.08446916 -1.649739 -0.2413075 -2.8752860 -0.8894054 -0.02747398
[4,]  0.96561400 -2.380547  0.6252965 -1.7412560 -0.8453664  0.94968680
[5,]  0.07566390 -1.728785  0.8526265  0.2726953 -1.8413700  0.32793590
         var7        var8       var9     var10
[1,] 1.342604  0.05704174  0.1335689 0.5654274
[2,] 1.429498 -0.12024860  0.4567917 0.1590529
[3,] 1.159300  0.01567648  0.1919418 0.4965847
[4,] 1.093801  0.81973580 -0.2846201 0.9947322
[5,] 1.251219  0.77144990  0.0309171 0.2783133
[1] "orig train matrix"
            var1      var2       var3       var4       var5        var6
[1,]  0.77334370 -2.438405 -0.4825622 -2.7211350 -1.2170580  0.82780920
[2,] -0.07817778 -2.415754  0.4127717 -2.8251460 -0.6262365  0.05448819
[3,] -0.08446916 -1.649739 -0.2413075 -2.8752860 -0.8894054 -0.02747398
[4,]  0.96561400 -2.380547  0.6252965 -1.7412560 -0.8453664  0.94968680
[5,]  0.07566390 -1.728785  0.8526265  0.2726953 -1.8413700  0.32793590
         var7        var8       var9     var10
[1,] 1.342604  0.05704174  0.1335689 0.5654274
[2,] 1.429498 -0.12024860  0.4567917 0.1590529
[3,] 1.159300  0.01567648  0.1919418 0.4965847
[4,] 1.093801  0.81973580 -0.2846201 0.9947322
[5,] 1.251219  0.77144990  0.0309171 0.2783133
[1] -0.4825622  0.4127717 -0.2413075
[1] "norm train matrix"
            var1      var2       var3       var4       var5        var6
[1,]  0.77334370 -2.438405 -0.4825622 -2.7211350 -1.2170580  0.82780920
[2,] -0.07817778 -2.415754  0.4127717 -2.8251460 -0.6262365  0.05448819
[3,] -0.08446916 -1.649739 -0.2413075 -2.8752860 -0.8894054 -0.02747398
[4,]  0.96561400 -2.380547  0.6252965 -1.7412560 -0.8453664  0.94968680
[5,]  0.07566390 -1.728785  0.8526265  0.2726953 -1.8413700  0.32793590
         var7        var8       var9     var10
[1,] 1.342604  0.05704174  0.1335689 0.5654274
[2,] 1.429498 -0.12024860  0.4567917 0.1590529
[3,] 1.159300  0.01567648  0.1919418 0.4965847
[4,] 1.093801  0.81973580 -0.2846201 0.9947322
[5,] 1.251219  0.77144990  0.0309171 0.2783133
[1] "mean of feat 2"
[1] -1.739001
[1] "sd of feat 2"
[1] 0.9055712
[1] "maxnum is "
[1] 5
[1] "# of genes left after filtering:"
[1]   63 2308
GeneSelection: iteration 1 
GeneSelection: iteration 2 
GeneSelection: iteration 3 
GeneSelection: iteration 4 
GeneSelection: iteration 5 
GeneSelection: iteration 6 
GeneSelection: iteration 7 
GeneSelection: iteration 8 
GeneSelection: iteration 9 
GeneSelection: iteration 10 
GeneSelection: iteration 1 
GeneSelection: iteration 2 
GeneSelection: iteration 3 
GeneSelection: iteration 4 
GeneSelection: iteration 5 
GeneSelection: iteration 6 
GeneSelection: iteration 7 
GeneSelection: iteration 8 
GeneSelection: iteration 9 
GeneSelection: iteration 10 
GeneSelection: iteration 1 
GeneSelection: iteration 2 
GeneSelection: iteration 3 
GeneSelection: iteration 4 
GeneSelection: iteration 5 
GeneSelection: iteration 6 
GeneSelection: iteration 7 
GeneSelection: iteration 8 
GeneSelection: iteration 9 
GeneSelection: iteration 10 
GeneSelection: iteration 1 
GeneSelection: iteration 2 
GeneSelection: iteration 3 
GeneSelection: iteration 4 
GeneSelection: iteration 5 
GeneSelection: iteration 6 
GeneSelection: iteration 7 
GeneSelection: iteration 8 
GeneSelection: iteration 9 
GeneSelection: iteration 10 
[1] "varselmethod"
[1] "backward"
[1] "limma:5:149.012998266898"
[1] "limma:5:149.012998266898 : 4"
[1] "limma:4:132.343731946852"
[1] "limma:5:149.012998266898 : 3"
GeneSelection: iteration 1 
GeneSelection: iteration 2 
GeneSelection: iteration 3 
GeneSelection: iteration 4 
GeneSelection: iteration 5 
GeneSelection: iteration 6 
GeneSelection: iteration 7 
GeneSelection: iteration 8 
GeneSelection: iteration 9 
GeneSelection: iteration 10 
GeneSelection: iteration 1 
GeneSelection: iteration 2 
GeneSelection: iteration 3 
GeneSelection: iteration 4 
GeneSelection: iteration 5 
GeneSelection: iteration 6 
GeneSelection: iteration 7 
GeneSelection: iteration 8 
GeneSelection: iteration 9 
GeneSelection: iteration 10 
GeneSelection: iteration 1 
GeneSelection: iteration 2 
GeneSelection: iteration 3 
GeneSelection: iteration 4 
GeneSelection: iteration 5 
GeneSelection: iteration 6 
GeneSelection: iteration 7 
GeneSelection: iteration 8 
GeneSelection: iteration 9 
GeneSelection: iteration 10 
GeneSelection: iteration 1 
GeneSelection: iteration 2 
GeneSelection: iteration 3 
GeneSelection: iteration 4 
GeneSelection: iteration 5 
GeneSelection: iteration 6 
GeneSelection: iteration 7 
GeneSelection: iteration 8 
GeneSelection: iteration 9 
GeneSelection: iteration 10 
genelist
   1    2  246  255  842 1003 1389 1427 1954 1955 2050  836 1764  509 2198 2046 
  35   12   10   10   10   10   10   10   10   10   10    9    9    8    7    6 
 248  129  742    3  589 1319  545  695  851  910 1387 2022 2166 
   5    3    3    2    2    2    1    1    1    1    1    1    1 
[1] "varselmethod"
[1] "backward"
[1] "lasso:5:140.054664933564"
[1] "lasso:5:140.054664933564 : 4"
[1] "lasso:4:141.85762083574"
[1] "lasso:4:141.85762083574 : 3"
GeneSelection: iteration 1 
GeneSelection: iteration 2 
GeneSelection: iteration 3 
GeneSelection: iteration 4 
GeneSelection: iteration 5 
GeneSelection: iteration 6 
GeneSelection: iteration 7 
GeneSelection: iteration 8 
GeneSelection: iteration 9 
GeneSelection: iteration 10 
GeneSelection: iteration 1 
GeneSelection: iteration 2 
GeneSelection: iteration 3 
GeneSelection: iteration 4 
GeneSelection: iteration 5 
GeneSelection: iteration 6 
GeneSelection: iteration 7 
GeneSelection: iteration 8 
GeneSelection: iteration 9 
GeneSelection: iteration 10 
GeneSelection: iteration 1 
GeneSelection: iteration 2 
GeneSelection: iteration 3 
GeneSelection: iteration 4 
GeneSelection: iteration 5 
GeneSelection: iteration 6 
GeneSelection: iteration 7 
GeneSelection: iteration 8 
GeneSelection: iteration 9 
GeneSelection: iteration 10 
GeneSelection: iteration 1 
GeneSelection: iteration 2 
GeneSelection: iteration 3 
GeneSelection: iteration 4 
GeneSelection: iteration 5 
GeneSelection: iteration 6 
GeneSelection: iteration 7 
GeneSelection: iteration 8 
GeneSelection: iteration 9 
GeneSelection: iteration 10 
[1] "varselmethod"
[1] "backward"
[1] "rfe:5:138.526887155787"
[1] "rfe:5:138.526887155787 : 4"
[1] "rfe:4:132.413176391296"
[1] "rfe:5:138.526887155787 : 3"
GeneSelection: iteration 1 
GeneSelection: iteration 2 
GeneSelection: iteration 3 
GeneSelection: iteration 4 
GeneSelection: iteration 5 
GeneSelection: iteration 6 
GeneSelection: iteration 7 
GeneSelection: iteration 8 
GeneSelection: iteration 9 
GeneSelection: iteration 10 
GeneSelection: iteration 1 
GeneSelection: iteration 2 
GeneSelection: iteration 3 
GeneSelection: iteration 4 
GeneSelection: iteration 5 
GeneSelection: iteration 6 
GeneSelection: iteration 7 
GeneSelection: iteration 8 
GeneSelection: iteration 9 
GeneSelection: iteration 10 
GeneSelection: iteration 1 
GeneSelection: iteration 2 
GeneSelection: iteration 3 
GeneSelection: iteration 4 
GeneSelection: iteration 5 
GeneSelection: iteration 6 
GeneSelection: iteration 7 
GeneSelection: iteration 8 
GeneSelection: iteration 9 
GeneSelection: iteration 10 
GeneSelection: iteration 1 
GeneSelection: iteration 2 
GeneSelection: iteration 3 
GeneSelection: iteration 4 
GeneSelection: iteration 5 
GeneSelection: iteration 6 
GeneSelection: iteration 7 
GeneSelection: iteration 8 
GeneSelection: iteration 9 
GeneSelection: iteration 10 
[1] "varselmethod"
[1] "backward"
[1] "elasticnet:5:142.832442711342"
[1] "elasticnet:5:142.832442711342 : 4"
[1] "elasticnet:4:138.454843057963"
[1] "elasticnet:5:142.832442711342 : 3"
GeneSelection: iteration 1 
GeneSelection: iteration 2 
GeneSelection: iteration 3 
GeneSelection: iteration 4 
GeneSelection: iteration 5 
GeneSelection: iteration 6 
GeneSelection: iteration 7 
GeneSelection: iteration 8 
GeneSelection: iteration 9 
GeneSelection: iteration 10 
GeneSelection: iteration 1 
GeneSelection: iteration 2 
GeneSelection: iteration 3 
GeneSelection: iteration 4 
GeneSelection: iteration 5 
GeneSelection: iteration 6 
GeneSelection: iteration 7 
GeneSelection: iteration 8 
GeneSelection: iteration 9 
GeneSelection: iteration 10 
GeneSelection: iteration 1 
GeneSelection: iteration 2 
GeneSelection: iteration 3 
GeneSelection: iteration 4 
GeneSelection: iteration 5 
GeneSelection: iteration 6 
GeneSelection: iteration 7 
GeneSelection: iteration 8 
GeneSelection: iteration 9 
GeneSelection: iteration 10 
GeneSelection: iteration 1 
GeneSelection: iteration 2 
GeneSelection: iteration 3 
GeneSelection: iteration 4 
GeneSelection: iteration 5 
GeneSelection: iteration 6 
GeneSelection: iteration 7 
GeneSelection: iteration 8 
GeneSelection: iteration 9 
GeneSelection: iteration 10 
[1] "varselmethod"
[1] "backward"
[1] "f.test:5:149.012998266898"
[1] "f.test:5:149.012998266898 : 4"
[1] "f.test:4:132.343731946852"
[1] "f.test:5:149.012998266898 : 3"
[1] "dim of scoring matrix is "
[1] 2308    5
[1] 2308
[1] "DS index stage 1"
[1] 0.44
[1] "bestgenelist"
 [1]    1    2    3  187  246  255  509  742  819  842  846 1003
            var1      var2       var3    var187    var246    var255    var509
[1,]  0.77334370 -2.438405 -0.4825622 -3.426515 1.6047470 -1.514582 -1.844528
[2,] -0.07817778 -2.415754  0.4127717 -2.361274 0.7924947 -1.701005 -1.699363
[3,] -0.08446916 -1.649739 -0.2413075 -2.259526 1.5527410 -1.256319 -1.478848
         var742    var819   var842    var846   var1003
[1,]  0.7311171 -2.108664 1.553629 -3.803169 -3.231455
[2,]  0.3808308 -3.272804 1.732505 -3.083471 -2.294617
[3,] -0.2871489 -2.767800 1.454747 -2.285728 -2.154165
          var1       var2       var3     var187     var246    var255    var509
[1,] 0.1395010 -1.1689275  0.5649728 -0.8549605 -2.5010360  1.165710 -1.367276
[2,] 1.1642752 -2.0181583  1.1035335 -2.8949824 -0.5151684 -0.592759 -2.365525
[3,] 0.8410929  0.2547197 -0.2087477  2.9578798 -1.9330926 -1.027222  2.815109
         var742    var819     var842    var846   var1003
[1,]  1.1040309 -1.657054 -0.3690368 -2.160218 -1.988505
[2,] -1.1605941 -2.199126  0.7715886 -2.487711 -2.928074
[3,] -0.7325119 -1.017493  0.9271515 -2.153303  1.000558
[1] "numgenes selected:12"
[1] "test acc:1"
[1] "test AUC acc:1"
[1] "10 fold train100"
[1] "confusion matrix train 10 fold"
          nci_y
pred10fold  1  2  3  4
         1  8  0  0  0
         2  0 23  0  0
         3  0  0 12  0
         4  0  0  0 20
[1] "confusion matrix test"
         test_y
pred_test 1 2 3 4
        1 3 0 0 0
        2 0 6 0 0
        3 0 0 6 0
        4 0 0 0 5
[1] "train acc:1"
[1] "confusion matrix train"
          nci_y
pred_train  1  2  3  4
         1  8  0  0  0
         2  0 23  0  0
         3  0  0 12  0
         4  0  0  0 20
[1] "DS index stage 1"
[1] 0.44
[1] "KI index stage 1"
[1] 0.7093704
There were 45 warnings (use warnings() to see them)
> 
> cma_feat_list<-colnames(trainm)
> 
> save(CMAres,file="CMAres.Rda")
> write.table(cma_feat_list,file="selected_cma_feat_list.txt",sep="t",row.names=FALSE)
> 
> # modtraindata=modtrain, modtestdata=modtest, blindtest=testacc, modtrainclass=nci_y, modtestclass=test_y
> #if(FALSE)
> {
+ trainm<-CMAres$modtraindata
+ testm<-CMAres$modtestdata
+ trainclass<-CMAres$modtrainclass
+ testclass<-CMAres$modtestclass
+ learningsets<-CMAres$learningsets
+ }
> 
> if(FALSE)
+ {
+ trainclass<-trainm[,1] #CMAres$modtrainclass
+ testclass<-testm[,1] #CMAres$modtestclass
+ trainm<-trainm[,-c(1)] #CMAres$modtrainmata
+ testm<-testm[,-c(1)] #CMAres$modtestmata
+ 
+ }
> 
> d_dim<-dim(trainm)
> 
> print("Original dimension")
[1] "Original dimension"
> print(d_dim)
[1] 63 12
> 
> system.time(psores<-run_pso(outloc=outloc,trainm,trainclass,testm,testclass,transition_matrix,c1=2.05,
+ c2=2.05,
+ itr=10,
+ globalpso_maxitr=10,
+ global_max_itr=10,
+ num_part=20,
+ kname="radial",
+ errortype="BER",
+ weightA<-as.numeric(args[1]),
+ weightB<-as.numeric(args[2]),
+ weightC<-as.numeric(args[3]),
+ weightD<-as.numeric(args[4]),
+ featweight.max=0.1,
+ featweight.min=0.01,
+ numfolds=10,
+ followerprob=as.numeric(args[6]),
+ confusionprob=as.numeric(args[7]),
+ leaderprob=as.numeric(args[8]),
+ wmax=1,
+ wmin=0.1,
+ behavior_reset_itr=5,
+ maxitrreset=10,
+ num_neighbors=3,
+ minselect.pct=0.5,
+ evalMode="CV2",
+ minfitnessthresh=50,
+ maxnum=as.numeric(args[10]),minnum=3,inertia_method=args[5],particlebehav_method="randbased",constriction_factor=1,
+ select.global.best=TRUE,numnodes=4,evalFunc=eval_fit_kfold_diff,itr.terminate=FALSE,train.pct=0.8))
[1] "c1: 2.05"
[1] "c2: 2.05"
[1] "itr: 10"
[1] "globalpso_maxitr: 10"
[1] "global_max_itr: 10"
[1] "num_part: 20"
[1] "kname: radial"
[1] "errortype: BER"
[1] "weightA: 0.8"
[1] "weightB: 0.05"
[1] "weightC: 0.05"
[1] "weightD: 0.1"
[1] "featweight.max: 0.1"
[1] "featweight.min: 0.01"
[1] "numfolds: 10"
[1] "followerprob: 0.3"
[1] "confusionprob: 0.1"
[1] "leaderprob: 0.5"
[1] "wmax: 1"
[1] "wmin: 0.1"
[1] "behavior_reset_itr: 5"
[1] "maxitrreset: 10"
[1] "num_neighbors: 3"
[1] "minselect.pct: 0.5"
[1] "minfitnessthresh: 50"
[1] "maxnum: 5"
[1] "minnum: 3"
[1] "inertia_method: global"
[1] "particlebehav_method: randbased"
[1] "constriction_factor: 1"
[1] "select.global.best: TRUE"
[1] "train 10 fold"
[1] 100
[1] "here"
[1] "s"
[1] 50.4
[1] 63 12
[1] 10
[1] "learning sets: 1"
 [1]  9 60 46 32 15 18 51 14 19 36 53 44 20 25 38 56 58  6 17 33 22 41 37 61 40
[26] 30 50 45 35 59 10  3 52  2  1 43  7 57 11 31 23 63 16 49  4  5 24 47 26 42
[1] "Starting global iteration number : 1"
[1] "iteration number: "
[1] 1
[1] "iteration number: "
[1] 2
[1] "iteration number: "
[1] 3
[1] "iteration number: "
[1] 4
[1] "iteration number: "
[1] 5
[1] "iteration number: "
[1] 6
[1] "iteration number: "
[1] 7
[1] "iteration number: "
[1] 8
[1] "iteration number: "
[1] 9
[1] "iteration number: "
[1] 10
[1] "iteration number: "
[1] 11
[1] "iteration number: "
[1] 12
[1] "iteration number: "
[1] 13
[1] "iteration number: "
[1] 14
[1] "iteration number: "
[1] 15
[1] "iteration number: "
[1] 16
[1] "iteration number: "
[1] 17
[1] "iteration number: "
[1] 18
[1] "iteration number: "
[1] 19
[1] "iteration number: "
[1] 20
[1] "iteration number: "
[1] 21
[1] "iteration number: "
[1] 22
[1] "iteration number: "
[1] 23
[1] "iteration number: "
[1] 24
[1] "iteration number: "
[1] 25
[1] "iteration number: "
[1] 26
[1] "iteration number: "
[1] 27
[1] "iteration number: "
[1] 28
[1] "iteration number: "
[1] 29
[1] "iteration number: "
[1] 30
[1] "iteration number: "
[1] 31
[1] "iteration number: "
[1] 32
[1] "iteration number: "
[1] 33
[1] "iteration number: "
[1] 34
[1] "iteration number: "
[1] 35
[1] "iteration number: "
[1] 36
[1] "iteration number: "
[1] 37
[1] "iteration number: "
[1] 38
[1] "iteration number: "
[1] 39
[1] "iteration number: "
[1] 40
[1] "iteration number: "
[1] 41
[1] "iteration number: "
[1] 42
[1] "iteration number: "
[1] 43
[1] "iteration number: "
[1] 44
[1] "iteration number: "
[1] 45
[1] "iteration number: "
[1] 46
[1] "iteration number: "
[1] 47
[1] "iteration number: "
[1] 48
[1] "iteration number: "
[1] 49
[1] "iteration number: "
[1] 50
[1] "iteration number: "
[1] 51
[1] "iteration number: "
[1] 52
[1] "iteration number: "
[1] 53
