
R version 3.2.2 (2015-08-14) -- "Fire Safety"
Copyright (C) 2015 The R Foundation for Statistical Computing
Platform: x86_64-pc-linux-gnu (64-bit)

R is free software and comes with ABSOLUTELY NO WARRANTY.
You are welcome to redistribute it under certain conditions.
Type 'license()' or 'licence()' for distribution details.

  Natural language support but running in an English locale

R is a collaborative project with many contributors.
Type 'contributors()' for more information and
'citation()' on how to cite R or R packages in publications.

Type 'demo()' for some demos, 'help()' for on-line help, or
'help.start()' for an HTML browser interface to help.
Type 'q()' to quit R.

> 
> #.libPaths("/home/stu/kuppal3/karan_libs/Rlibs")
> library(snow)
> library(e1071)
> library(yaImpute)

Attaching package: ‘yaImpute’

The following object is masked from ‘package:e1071’:

    impute

> library(pROC)
Type 'citation("pROC")' for a citation.

Attaching package: ‘pROC’

The following objects are masked from ‘package:stats’:

    cov, smooth, var

> library(bioDist)
Loading required package: Biobase
Loading required package: BiocGenerics
Loading required package: parallel

Attaching package: ‘parallel’

The following objects are masked from ‘package:snow’:

    clusterApply, clusterApplyLB, clusterCall, clusterEvalQ,
    clusterExport, clusterMap, clusterSplit, makeCluster, parApply,
    parCapply, parLapply, parRapply, parSapply, splitIndices,
    stopCluster


Attaching package: ‘BiocGenerics’

The following objects are masked from ‘package:parallel’:

    clusterApply, clusterApplyLB, clusterCall, clusterEvalQ,
    clusterExport, clusterMap, parApply, parCapply, parLapply,
    parLapplyLB, parRapply, parSapply, parSapplyLB

The following objects are masked from ‘package:snow’:

    clusterApply, clusterApplyLB, clusterCall, clusterEvalQ,
    clusterExport, clusterMap, parApply, parCapply, parLapply,
    parRapply, parSapply

The following objects are masked from ‘package:stats’:

    IQR, mad, xtabs

The following objects are masked from ‘package:base’:

    anyDuplicated, append, as.data.frame, as.vector, cbind, colnames,
    do.call, duplicated, eval, evalq, Filter, Find, get, grep, grepl,
    intersect, is.unsorted, lapply, lengths, Map, mapply, match, mget,
    order, paste, pmax, pmax.int, pmin, pmin.int, Position, rank,
    rbind, Reduce, rownames, sapply, setdiff, sort, table, tapply,
    union, unique, unlist, unsplit

Welcome to Bioconductor

    Vignettes contain introductory material; view with
    'browseVignettes()'. To cite Bioconductor, see
    'citation("Biobase")', and for packages 'citation("pkgname")'.

Loading required package: KernSmooth
KernSmooth 2.23 loaded
Copyright M. P. Wand 1997-2009
> #library(CMA, lib="/home/stu/kuppal3/karan_libs/Rlibs/")
> library(RankAggreg)
> library(CMA)

Attaching package: ‘CMA’

The following object is masked from ‘package:pROC’:

    roc

The following object is masked from ‘package:e1071’:

    tune

> library(expm)
Loading required package: Matrix

Attaching package: ‘expm’

The following object is masked from ‘package:Matrix’:

    expm

> 
> cl<-makeCluster(1)
> 
> 
> args<-commandArgs(trailingOnly=TRUE)
> #sname<-paste("/home/stu/kuppal3/Research/Feature_selection/Rcode/version2016/OCFS_",args[9],".R",sep="")
> #sname<-paste("/Users/karanuppal/Documents/Gatech/Projects/Algorithms/TwostagePSO/version2016/OCFS_",args[9],".R",sep="")
> 
> sname<-paste("/home/kuppal2/Documents/Projects/xmsPANDA/Other/scripts/OCFS_",args[9],".R",sep="")
> source(sname)
> print(sname)
[1] "/home/kuppal2/Documents/Projects/xmsPANDA/Other/scripts/OCFS_vfeb817_v4.R"
> 
> #data_loc<-"/home/stu/kuppal3/Research/Feature_selection/Datasets/MAQCII_BreastCancer/" 
> #data_loc<-"/Users/karanuppal/Documents/Gatech/Projects/Algorithms/TwostagePSO/Datasets/MAQCII_BreastCancer/"
> 
> data_loc<-"/home/kuppal2/Documents/Projects/xmsPANDA/Other/Datasets/MAQCII_BreastCancer/"
> setwd(data_loc)
> #load("/home/stu/kuppal3/Research/Feature_selection/Datasets/MAQCII_BreastCancer/MaqcIIbr.Rda")
> 
> load("MaqcIIbr.Rda")
> 
> #outloc<-paste(data_loc,"OCFSv062016_v32_ER_sensitivity_itr",args[9],"/",sep="")
> 
> outloc<-paste(data_loc,"OCFS_ER",args[9],"_",args[10],"_",args[11],"/",sep="")
> dir.create(outloc)
Warning message:
In dir.create(outloc) :
  '/home/kuppal2/Documents/Projects/xmsPANDA/Other/Datasets/MAQCII_BreastCancer/OCFS_ERvfeb817_v4_3_0.7' already exists
> setwd(outloc)
> 
> trainm<-MaqcIIbr$trainx
> testm<-MaqcIIbr$testx
> trainclass<-MaqcIIbr$trainER #PCRvsRD
> testclass<-MaqcIIbr$testER #PCRvsRD
> 
> #trainclass<-MaqcIIbr$trainPCRvsRD
> #testclass<-MaqcIIbr$testPCRvsRD
> 
> trainm<-trainm[,-c(22284)]
> testm<-testm[,-c(22284)]
> trainm<-apply(trainm,2,as.numeric)
> testm<-apply(testm,2,as.numeric)
> 
> 
> 
> 
> trainm<-cbind(trainclass,trainm)
> testm<-cbind(testclass,testm)
> 
> trainm<-na.omit(trainm)
> testm<-na.omit(testm)
> 
> 
> 
> 
> 
> 
> #OCFSvmay2415v2reg_itr1_LassoRFELIMMAELpres1backwsel_l0.25f0.45c0.25_top10pctmaxitrs100minselmedianrandbehavfeatw0.01_CV2accA100B1wrand6methodsmax100wrand/"
> 
> dir.create(outloc)
Warning message:
In dir.create(outloc) :
  '/home/kuppal2/Documents/Projects/xmsPANDA/Other/Datasets/MAQCII_BreastCancer/OCFS_ERvfeb817_v4_3_0.7' already exists
> setwd(outloc)
> 
> trainm<-as.matrix(trainm)
> testm<-as.matrix(testm)
> trainclass<-trainm[,1] #CMAres$modtrainclass
> testclass<-testm[,1] #CMAres$modtestclass
> trainm<-trainm[,-c(1)] #CMAres$modtrainmata
> testm<-testm[,-c(1)] #CMAres$modtestmata
> 
> #a: Confusions
> #b: Neighbors
> #c: Global
> #d: Death
> 
> a<-c(0.25,0.25,0.25,0.25)
> b<-c(0.3,0.1,0.4,0.1)
> c<-c(0.25,0.25,0.5,0)
> d<-c(0.9,0.1,0,0.1)
> 
> a<-c(0,0.4,0.1,0.5)
> b<-c(0.3,0.1,0.4,0.1)
> c<-c(0,0.5,0.5,0)
> d<-c(0.9,0.1,0,0)
> 
> a<-c(0,0.4,0.1,0.5)
> b<-c(0.2,0.3,0.4,0.1)
> c<-c(0,0.4,0.4,0.2)
> d<-c(0.9,0.1,0,0)
> 
> transition_matrix<-rbind(a,b,c,d)
> 
> 
> dir.create(outloc)
Warning message:
In dir.create(outloc) :
  '/home/kuppal2/Documents/Projects/xmsPANDA/Other/Datasets/MAQCII_BreastCancer/OCFS_ERvfeb817_v4_3_0.7' already exists
> setwd(outloc)
> temp2=t(trainm)
> temp2=apply(temp2, 2, function(x){which(x=="MD")})
> temp2=unlist(temp2)
> temp2=unique(temp2)
> if(length(temp2)>1)
+ {
+ 	trainm=trainm[,-c(temp2)]
+ 
+ 	rm(temp2)
+ }
> 
> boostweight=rep(0,dim(trainm)[2])
> 
> CMAres<-performCMA(trainm, trainclass, testm, testclass,outloc,
+ maxnum=as.numeric(args[10]),
+ minnum=3,
+ stepitr=1,
+ gsmethods=c("limma"), #"lasso","elasticnet","kruskal.test"), #"f.test", "f.test", "elasticnet", "wilcox.test", "welch.test"),
+ pct_train=0.40,
+ accuracyweight=1,
+ featweight=0.06,
+ minpresent=1,
+ kname="radial",
+ norm_method="none",
+ tolerance=0.1,
+ maxitrs=5,
+ classindex=1,
+ numfacts=0,
+ evalmethod="CV",
+ numfolds=10,
+ CVfoldthresh=0.7,
+ varselmethod="none",
+ scheme_val="one-vs-all",
+ iter_learn=1,boostweight=rep(0,dim(trainm)[2]))
[1] "dim of trainm is "
[1]   130 22283
[1]   130 22283
[1] "length of factcols"
[1] 0
[1]   130 22283
[1]   100 22283
integer(0)
character(0)
NULL
[1] "ok"
[1] "test class"
[1] 2 1 2 2
Levels: 1 2
[1] "orig train matrix"
     1007_s_at 1053_at 117_at  121_at 1255_g_at 1294_at 1316_at 1320_at
[1,]   12.4440  8.3774 6.7866 10.2851    5.9064  8.3767  8.0356  6.6745
[2,]   12.2005  7.8592 8.0963 10.4624    4.9582  9.2973  7.0581  6.4607
[3,]   12.6709  8.6762 7.4812 10.1887    5.2332  9.1721  8.6061  7.0932
[4,]   11.6619  8.2557 7.9923 10.7705    6.3296  9.3777  8.4776  6.5878
[5,]   11.8397  8.7971 7.8321 10.2869    5.8389  7.0841  7.3419  7.3167
     1405_i_at 1431_at
[1,]    6.2325  6.8450
[2,]    6.9047  5.8878
[3,]    6.5940  5.6843
[4,]    6.0877  6.5169
[5,]    6.3456  6.1708
[1] "orig train matrix"
     1007_s_at 1053_at 117_at  121_at 1255_g_at 1294_at 1316_at 1320_at
[1,]   12.4440  8.3774 6.7866 10.2851    5.9064  8.3767  8.0356  6.6745
[2,]   12.2005  7.8592 8.0963 10.4624    4.9582  9.2973  7.0581  6.4607
[3,]   12.6709  8.6762 7.4812 10.1887    5.2332  9.1721  8.6061  7.0932
[4,]   11.6619  8.2557 7.9923 10.7705    6.3296  9.3777  8.4776  6.5878
[5,]   11.8397  8.7971 7.8321 10.2869    5.8389  7.0841  7.3419  7.3167
     1405_i_at 1431_at
[1,]    6.2325  6.8450
[2,]    6.9047  5.8878
[3,]    6.5940  5.6843
[4,]    6.0877  6.5169
[5,]    6.3456  6.1708
[1] 6.7866 8.0963 7.4812
[1] "norm train matrix"
     1007_s_at 1053_at 117_at  121_at 1255_g_at 1294_at 1316_at 1320_at
[1,]   12.4440  8.3774 6.7866 10.2851    5.9064  8.3767  8.0356  6.6745
[2,]   12.2005  7.8592 8.0963 10.4624    4.9582  9.2973  7.0581  6.4607
[3,]   12.6709  8.6762 7.4812 10.1887    5.2332  9.1721  8.6061  7.0932
[4,]   11.6619  8.2557 7.9923 10.7705    6.3296  9.3777  8.4776  6.5878
[5,]   11.8397  8.7971 7.8321 10.2869    5.8389  7.0841  7.3419  7.3167
     1405_i_at 1431_at
[1,]    6.2325  6.8450
[2,]    6.9047  5.8878
[3,]    6.5940  5.6843
[4,]    6.0877  6.5169
[5,]    6.3456  6.1708
[1] "mean of feat 2"
[1] 8.273493
[1] "sd of feat 2"
[1] 0.7010279
[1] "maxnum is "
[1] 3
[1] "# of genes left after filtering:"
[1]   130 22283
GeneSelection: iteration 1 

Attaching package: ‘limma’

The following object is masked from ‘package:BiocGenerics’:

    plotMA

GeneSelection: iteration 2 
GeneSelection: iteration 3 
GeneSelection: iteration 4 
GeneSelection: iteration 5 
GeneSelection: iteration 6 
GeneSelection: iteration 7 
GeneSelection: iteration 8 
GeneSelection: iteration 9 
GeneSelection: iteration 10 
[1] "varselmethod"
[1] "none"
[1] "dim of scoring matrix is "
[1] 22283     1
[1] 22283
[1] "DS index stage 1"
[1] NA
[1] "bestgenelist"
[1] 4752 9093 9094
     205225_at 209603_at 209604_s_at
[1,]   13.0759   10.5793     14.3763
[2,]   13.7616   10.5772     14.0214
[3,]   12.7360   11.1181     14.5222
     205225_at 209603_at 209604_s_at
[1,]   13.8754   11.9790     15.0625
[2,]   11.7217   10.8744     14.4978
[3,]   10.9960    8.0211     12.4583
[1] "numgenes selected:3"
[1] "test acc:0.88"
[1] "test AUC acc:0.883144178226145"
[1] "10 fold train93.0769230769231"
[1] "confusion matrix train 10 fold"
          nci_y
pred10fold  1  2
         1 44  1
         2  6 79
[1] "confusion matrix test"
         test_y
pred_test  1  2
        1 35  8
        2  4 53
[1] "train acc:0.946153846153846"
[1] "confusion matrix train"
          nci_y
pred_train  1  2
         1 44  1
         2  6 79
[1] "DS index stage 1"
[1] NA
[1] "KI index stage 1"
[1] NA
Warning messages:
1: In if (is.na(boostweight) == TRUE) { :
  the condition has length > 1 and only the first element will be used
2: In if (is.na(testm) == TRUE) { :
  the condition has length > 1 and only the first element will be used
3: In if (is.na(testclass) == TRUE) { :
  the condition has length > 1 and only the first element will be used
4: In mean.default(DS_res, na.rm = TRUE) :
  argument is not numeric or logical: returning NA
5: In mean.default(DS_res, na.rm = TRUE) :
  argument is not numeric or logical: returning NA
6: In mean.default(KI_res, na.rm = TRUE) :
  argument is not numeric or logical: returning NA
> 
> 
> CMAres<-performCMA(trainm, trainclass, testm, testclass,outloc,
+ maxnum=as.numeric(args[10]),
+ minnum=3,
+ stepitr=1,
+ gsmethods=c("lasso"), #"lasso","elasticnet","kruskal.test"), #"f.test", "f.test", "elasticnet", "wilcox.test", "welch.test"),
+ pct_train=0.40,
+ accuracyweight=1,
+ featweight=0.06,
+ minpresent=1,
+ kname="radial",
+ norm_method="none",
+ tolerance=0.1,
+ maxitrs=5,
+ classindex=1,
+ numfacts=0,
+ evalmethod="CV",
+ numfolds=10,
+ CVfoldthresh=0.7,
+ varselmethod="none",
+ scheme_val="one-vs-all",
+ iter_learn=1,boostweight=rep(0,dim(trainm)[2]))
[1] "dim of trainm is "
[1]   130 22283
[1]   130 22283
[1] "length of factcols"
[1] 0
[1]   130 22283
[1]   100 22283
integer(0)
character(0)
NULL
[1] "ok"
[1] "test class"
[1] 2 1 2 2
Levels: 1 2
[1] "orig train matrix"
     1007_s_at 1053_at 117_at  121_at 1255_g_at 1294_at 1316_at 1320_at
[1,]   12.4440  8.3774 6.7866 10.2851    5.9064  8.3767  8.0356  6.6745
[2,]   12.2005  7.8592 8.0963 10.4624    4.9582  9.2973  7.0581  6.4607
[3,]   12.6709  8.6762 7.4812 10.1887    5.2332  9.1721  8.6061  7.0932
[4,]   11.6619  8.2557 7.9923 10.7705    6.3296  9.3777  8.4776  6.5878
[5,]   11.8397  8.7971 7.8321 10.2869    5.8389  7.0841  7.3419  7.3167
     1405_i_at 1431_at
[1,]    6.2325  6.8450
[2,]    6.9047  5.8878
[3,]    6.5940  5.6843
[4,]    6.0877  6.5169
[5,]    6.3456  6.1708
[1] "orig train matrix"
     1007_s_at 1053_at 117_at  121_at 1255_g_at 1294_at 1316_at 1320_at
[1,]   12.4440  8.3774 6.7866 10.2851    5.9064  8.3767  8.0356  6.6745
[2,]   12.2005  7.8592 8.0963 10.4624    4.9582  9.2973  7.0581  6.4607
[3,]   12.6709  8.6762 7.4812 10.1887    5.2332  9.1721  8.6061  7.0932
[4,]   11.6619  8.2557 7.9923 10.7705    6.3296  9.3777  8.4776  6.5878
[5,]   11.8397  8.7971 7.8321 10.2869    5.8389  7.0841  7.3419  7.3167
     1405_i_at 1431_at
[1,]    6.2325  6.8450
[2,]    6.9047  5.8878
[3,]    6.5940  5.6843
[4,]    6.0877  6.5169
[5,]    6.3456  6.1708
[1] 6.7866 8.0963 7.4812
[1] "norm train matrix"
     1007_s_at 1053_at 117_at  121_at 1255_g_at 1294_at 1316_at 1320_at
[1,]   12.4440  8.3774 6.7866 10.2851    5.9064  8.3767  8.0356  6.6745
[2,]   12.2005  7.8592 8.0963 10.4624    4.9582  9.2973  7.0581  6.4607
[3,]   12.6709  8.6762 7.4812 10.1887    5.2332  9.1721  8.6061  7.0932
[4,]   11.6619  8.2557 7.9923 10.7705    6.3296  9.3777  8.4776  6.5878
[5,]   11.8397  8.7971 7.8321 10.2869    5.8389  7.0841  7.3419  7.3167
     1405_i_at 1431_at
[1,]    6.2325  6.8450
[2,]    6.9047  5.8878
[3,]    6.5940  5.6843
[4,]    6.0877  6.5169
[5,]    6.3456  6.1708
[1] "mean of feat 2"
[1] 8.273493
[1] "sd of feat 2"
[1] 0.7010279
[1] "maxnum is "
[1] 3
[1] "# of genes left after filtering:"
[1]   130 22283
GeneSelection: iteration 1 
Loaded glmnet 2.0-5


Attaching package: ‘glmnet’

The following object is masked from ‘package:pROC’:

    auc

GeneSelection: iteration 2 
GeneSelection: iteration 3 
GeneSelection: iteration 4 
GeneSelection: iteration 5 
GeneSelection: iteration 6 
GeneSelection: iteration 7 
GeneSelection: iteration 8 
GeneSelection: iteration 9 
GeneSelection: iteration 10 
genelist
 4752 15102  4035  9093 12339  7147 
   20    12    10    10     6     2 
[1] "varselmethod"
[1] "none"
[1] "dim of scoring matrix is "
[1] 22283     1
[1] 22283
[1] "DS index stage 1"
[1] NA
[1] "bestgenelist"
[1]  4035  4752 15102
     204508_s_at 205225_at 215729_s_at
[1,]     10.1763   13.0759      2.9565
[2,]      9.3275   13.7616      1.5807
[3,]      9.9200   12.7360      5.6368
     204508_s_at 205225_at 215729_s_at
[1,]      9.8038   13.8754      1.9565
[2,]      7.9689   11.7217      5.3426
[3,]      7.6789   10.9960      5.3609
[1] "numgenes selected:3"
[1] "test acc:0.89"
[1] "test AUC acc:0.895964691046658"
[1] "10 fold train96.1538461538462"
[1] "confusion matrix train 10 fold"
          nci_y
pred10fold  1  2
         1 47  1
         2  3 79
[1] "confusion matrix test"
         test_y
pred_test  1  2
        1 36  8
        2  3 53
[1] "train acc:0.969230769230769"
[1] "confusion matrix train"
          nci_y
pred_train  1  2
         1 47  1
         2  3 79
[1] "DS index stage 1"
[1] NA
[1] "KI index stage 1"
[1] NA
Warning messages:
1: In if (is.na(boostweight) == TRUE) { :
  the condition has length > 1 and only the first element will be used
2: In if (is.na(testm) == TRUE) { :
  the condition has length > 1 and only the first element will be used
3: In if (is.na(testclass) == TRUE) { :
  the condition has length > 1 and only the first element will be used
4: In mean.default(DS_res, na.rm = TRUE) :
  argument is not numeric or logical: returning NA
5: In mean.default(DS_res, na.rm = TRUE) :
  argument is not numeric or logical: returning NA
6: In mean.default(KI_res, na.rm = TRUE) :
  argument is not numeric or logical: returning NA
> 
> CMAres<-performCMA(trainm, trainclass, testm, testclass,outloc,
+ maxnum=as.numeric(args[10]),
+ minnum=3,
+ stepitr=1,
+ gsmethods=c("rfe"), #"lasso","elasticnet","kruskal.test"), #"f.test", "f.test", "elasticnet", "wilcox.test", "welch.test"),
+ pct_train=0.40,
+ accuracyweight=1,
+ featweight=0.06,
+ minpresent=1,
+ kname="radial",
+ norm_method="none",
+ tolerance=0.1,
+ maxitrs=5,
+ classindex=1,
+ numfacts=0,
+ evalmethod="CV",
+ numfolds=10,
+ CVfoldthresh=0.7,
+ varselmethod="none",
+ scheme_val="one-vs-all",
+ iter_learn=1,boostweight=rep(0,dim(trainm)[2]))
[1] "dim of trainm is "
[1]   130 22283
[1]   130 22283
[1] "length of factcols"
[1] 0
[1]   130 22283
[1]   100 22283
integer(0)
character(0)
NULL
[1] "ok"
[1] "test class"
[1] 2 1 2 2
Levels: 1 2
[1] "orig train matrix"
     1007_s_at 1053_at 117_at  121_at 1255_g_at 1294_at 1316_at 1320_at
[1,]   12.4440  8.3774 6.7866 10.2851    5.9064  8.3767  8.0356  6.6745
[2,]   12.2005  7.8592 8.0963 10.4624    4.9582  9.2973  7.0581  6.4607
[3,]   12.6709  8.6762 7.4812 10.1887    5.2332  9.1721  8.6061  7.0932
[4,]   11.6619  8.2557 7.9923 10.7705    6.3296  9.3777  8.4776  6.5878
[5,]   11.8397  8.7971 7.8321 10.2869    5.8389  7.0841  7.3419  7.3167
     1405_i_at 1431_at
[1,]    6.2325  6.8450
[2,]    6.9047  5.8878
[3,]    6.5940  5.6843
[4,]    6.0877  6.5169
[5,]    6.3456  6.1708
[1] "orig train matrix"
     1007_s_at 1053_at 117_at  121_at 1255_g_at 1294_at 1316_at 1320_at
[1,]   12.4440  8.3774 6.7866 10.2851    5.9064  8.3767  8.0356  6.6745
[2,]   12.2005  7.8592 8.0963 10.4624    4.9582  9.2973  7.0581  6.4607
[3,]   12.6709  8.6762 7.4812 10.1887    5.2332  9.1721  8.6061  7.0932
[4,]   11.6619  8.2557 7.9923 10.7705    6.3296  9.3777  8.4776  6.5878
[5,]   11.8397  8.7971 7.8321 10.2869    5.8389  7.0841  7.3419  7.3167
     1405_i_at 1431_at
[1,]    6.2325  6.8450
[2,]    6.9047  5.8878
[3,]    6.5940  5.6843
[4,]    6.0877  6.5169
[5,]    6.3456  6.1708
[1] 6.7866 8.0963 7.4812
[1] "norm train matrix"
     1007_s_at 1053_at 117_at  121_at 1255_g_at 1294_at 1316_at 1320_at
[1,]   12.4440  8.3774 6.7866 10.2851    5.9064  8.3767  8.0356  6.6745
[2,]   12.2005  7.8592 8.0963 10.4624    4.9582  9.2973  7.0581  6.4607
[3,]   12.6709  8.6762 7.4812 10.1887    5.2332  9.1721  8.6061  7.0932
[4,]   11.6619  8.2557 7.9923 10.7705    6.3296  9.3777  8.4776  6.5878
[5,]   11.8397  8.7971 7.8321 10.2869    5.8389  7.0841  7.3419  7.3167
     1405_i_at 1431_at
[1,]    6.2325  6.8450
[2,]    6.9047  5.8878
[3,]    6.5940  5.6843
[4,]    6.0877  6.5169
[5,]    6.3456  6.1708
[1] "mean of feat 2"
[1] 8.273493
[1] "sd of feat 2"
[1] 0.7010279
[1] "maxnum is "
[1] 3
[1] "# of genes left after filtering:"
[1]   130 22283
GeneSelection: iteration 1 
GeneSelection: iteration 2 
GeneSelection: iteration 3 
GeneSelection: iteration 4 
GeneSelection: iteration 5 
GeneSelection: iteration 6 
GeneSelection: iteration 7 
GeneSelection: iteration 8 
GeneSelection: iteration 9 
GeneSelection: iteration 10 
[1] "varselmethod"
[1] "none"
[1] "dim of scoring matrix is "
[1] 22283     1
[1] 22283
[1] "DS index stage 1"
[1] NA
[1] "bestgenelist"
[1]  4752  6280 15102
     205225_at 206754_s_at 215729_s_at
[1,]   13.0759     12.4854      2.9565
[2,]   13.7616     10.5188      1.5807
[3,]   12.7360     11.6232      5.6368
     205225_at 206754_s_at 215729_s_at
[1,]   13.8754     11.4867      1.9565
[2,]   11.7217      7.4297      5.3426
[3,]   10.9960      5.9013      5.3609
[1] "numgenes selected:3"
[1] "test acc:0.88"
[1] "test AUC acc:0.883144178226145"
[1] "10 fold train95.3846153846154"
[1] "confusion matrix train 10 fold"
          nci_y
pred10fold  1  2
         1 48  1
         2  2 79
[1] "confusion matrix test"
         test_y
pred_test  1  2
        1 35  8
        2  4 53
[1] "train acc:0.976923076923077"
[1] "confusion matrix train"
          nci_y
pred_train  1  2
         1 48  1
         2  2 79
[1] "DS index stage 1"
[1] NA
[1] "KI index stage 1"
[1] NA
Warning messages:
1: In if (is.na(boostweight) == TRUE) { :
  the condition has length > 1 and only the first element will be used
2: In if (is.na(testm) == TRUE) { :
  the condition has length > 1 and only the first element will be used
3: In if (is.na(testclass) == TRUE) { :
  the condition has length > 1 and only the first element will be used
4: In mean.default(DS_res, na.rm = TRUE) :
  argument is not numeric or logical: returning NA
5: In mean.default(DS_res, na.rm = TRUE) :
  argument is not numeric or logical: returning NA
6: In mean.default(KI_res, na.rm = TRUE) :
  argument is not numeric or logical: returning NA
> 
> CMAres<-performCMA(trainm, trainclass, testm, testclass,outloc,
+ maxnum=as.numeric(args[10]),
+ minnum=3,
+ stepitr=1,
+ gsmethods=c("elasticnet"), #"lasso","elasticnet","kruskal.test"), #"f.test", "f.test", "elasticnet", "wilcox.test", "welch.test"),
+ pct_train=0.40,
+ accuracyweight=1,
+ featweight=0.06,
+ minpresent=1,
+ kname="radial",
+ norm_method="none",
+ tolerance=0.1,
+ maxitrs=5,
+ classindex=1,
+ numfacts=0,
+ evalmethod="CV",
+ numfolds=10,
+ CVfoldthresh=0.7,
+ varselmethod="none",
+ scheme_val="one-vs-all",
+ iter_learn=1,boostweight=rep(0,dim(trainm)[2]))
[1] "dim of trainm is "
[1]   130 22283
[1]   130 22283
[1] "length of factcols"
[1] 0
[1]   130 22283
[1]   100 22283
integer(0)
character(0)
NULL
[1] "ok"
[1] "test class"
[1] 2 1 2 2
Levels: 1 2
[1] "orig train matrix"
     1007_s_at 1053_at 117_at  121_at 1255_g_at 1294_at 1316_at 1320_at
[1,]   12.4440  8.3774 6.7866 10.2851    5.9064  8.3767  8.0356  6.6745
[2,]   12.2005  7.8592 8.0963 10.4624    4.9582  9.2973  7.0581  6.4607
[3,]   12.6709  8.6762 7.4812 10.1887    5.2332  9.1721  8.6061  7.0932
[4,]   11.6619  8.2557 7.9923 10.7705    6.3296  9.3777  8.4776  6.5878
[5,]   11.8397  8.7971 7.8321 10.2869    5.8389  7.0841  7.3419  7.3167
     1405_i_at 1431_at
[1,]    6.2325  6.8450
[2,]    6.9047  5.8878
[3,]    6.5940  5.6843
[4,]    6.0877  6.5169
[5,]    6.3456  6.1708
[1] "orig train matrix"
     1007_s_at 1053_at 117_at  121_at 1255_g_at 1294_at 1316_at 1320_at
[1,]   12.4440  8.3774 6.7866 10.2851    5.9064  8.3767  8.0356  6.6745
[2,]   12.2005  7.8592 8.0963 10.4624    4.9582  9.2973  7.0581  6.4607
[3,]   12.6709  8.6762 7.4812 10.1887    5.2332  9.1721  8.6061  7.0932
[4,]   11.6619  8.2557 7.9923 10.7705    6.3296  9.3777  8.4776  6.5878
[5,]   11.8397  8.7971 7.8321 10.2869    5.8389  7.0841  7.3419  7.3167
     1405_i_at 1431_at
[1,]    6.2325  6.8450
[2,]    6.9047  5.8878
[3,]    6.5940  5.6843
[4,]    6.0877  6.5169
[5,]    6.3456  6.1708
[1] 6.7866 8.0963 7.4812
[1] "norm train matrix"
     1007_s_at 1053_at 117_at  121_at 1255_g_at 1294_at 1316_at 1320_at
[1,]   12.4440  8.3774 6.7866 10.2851    5.9064  8.3767  8.0356  6.6745
[2,]   12.2005  7.8592 8.0963 10.4624    4.9582  9.2973  7.0581  6.4607
[3,]   12.6709  8.6762 7.4812 10.1887    5.2332  9.1721  8.6061  7.0932
[4,]   11.6619  8.2557 7.9923 10.7705    6.3296  9.3777  8.4776  6.5878
[5,]   11.8397  8.7971 7.8321 10.2869    5.8389  7.0841  7.3419  7.3167
     1405_i_at 1431_at
[1,]    6.2325  6.8450
[2,]    6.9047  5.8878
[3,]    6.5940  5.6843
[4,]    6.0877  6.5169
[5,]    6.3456  6.1708
[1] "mean of feat 2"
[1] 8.273493
[1] "sd of feat 2"
[1] 0.7010279
[1] "maxnum is "
[1] 3
[1] "# of genes left after filtering:"
[1]   130 22283
GeneSelection: iteration 1 
GeneSelection: iteration 2 
GeneSelection: iteration 3 
GeneSelection: iteration 4 
GeneSelection: iteration 5 
GeneSelection: iteration 6 
GeneSelection: iteration 7 
GeneSelection: iteration 8 
GeneSelection: iteration 9 
GeneSelection: iteration 10 
[1] "varselmethod"
[1] "none"
[1] "dim of scoring matrix is "
[1] 22283     1
[1] 22283
[1] "DS index stage 1"
[1] NA
[1] "bestgenelist"
[1] 4035 4752 9093
     204508_s_at 205225_at 209603_at
[1,]     10.1763   13.0759   10.5793
[2,]      9.3275   13.7616   10.5772
[3,]      9.9200   12.7360   11.1181
     204508_s_at 205225_at 209603_at
[1,]      9.8038   13.8754   11.9790
[2,]      7.9689   11.7217   10.8744
[3,]      7.6789   10.9960    8.0211
[1] "numgenes selected:3"
[1] "test acc:0.87"
[1] "test AUC acc:0.87494745691467"
[1] "10 fold train94.6153846153846"
[1] "confusion matrix train 10 fold"
          nci_y
pred10fold  1  2
         1 44  1
         2  6 79
[1] "confusion matrix test"
         test_y
pred_test  1  2
        1 35  9
        2  4 52
[1] "train acc:0.946153846153846"
[1] "confusion matrix train"
          nci_y
pred_train  1  2
         1 44  1
         2  6 79
[1] "DS index stage 1"
[1] NA
[1] "KI index stage 1"
[1] NA
Warning messages:
1: In if (is.na(boostweight) == TRUE) { :
  the condition has length > 1 and only the first element will be used
2: In if (is.na(testm) == TRUE) { :
  the condition has length > 1 and only the first element will be used
3: In if (is.na(testclass) == TRUE) { :
  the condition has length > 1 and only the first element will be used
4: In mean.default(DS_res, na.rm = TRUE) :
  argument is not numeric or logical: returning NA
5: In mean.default(DS_res, na.rm = TRUE) :
  argument is not numeric or logical: returning NA
6: In mean.default(KI_res, na.rm = TRUE) :
  argument is not numeric or logical: returning NA
> 
> if(FALSE){
+ CMAres<-performCMA(trainm, trainclass, testm, testclass,outloc,
+ maxnum=as.numeric(args[10]),
+ minnum=3,
+ stepitr=1,
+ gsmethods=c("rf"), #"lasso","elasticnet","kruskal.test"), #"f.test", "f.test", "elasticnet", "wilcox.test", "welch.test"),
+ pct_train=0.40,
+ accuracyweight=1,
+ featweight=0.06,
+ minpresent=1,
+ kname="radial",
+ norm_method="none",
+ tolerance=0.1,
+ maxitrs=5,
+ classindex=1,
+ numfacts=0,
+ evalmethod="CV",
+ numfolds=10,
+ CVfoldthresh=0.7,
+ varselmethod="none",
+ scheme_val="one-vs-all",
+ iter_learn=1,boostweight=rep(0,dim(trainm)[2]))
+ }
> 
> CMAres<-performCMA(trainm, trainclass, testm, testclass,outloc,
+ maxnum=as.numeric(args[10]),
+ minnum=3,
+ stepitr=1,
+ gsmethods=c("f.test"), #"lasso","elasticnet","kruskal.test"), #"f.test", "f.test", "elasticnet", "wilcox.test", "welch.test"),
+ pct_train=0.40,
+ accuracyweight=1,
+ featweight=0.06,
+ minpresent=1,
+ kname="radial",
+ norm_method="none",
+ tolerance=0.1,
+ maxitrs=5,
+ classindex=1,
+ numfacts=0,
+ evalmethod="CV",
+ numfolds=10,
+ CVfoldthresh=0.7,
+ varselmethod="none",
+ scheme_val="one-vs-all",
+ iter_learn=1,boostweight=rep(0,dim(trainm)[2]))
[1] "dim of trainm is "
[1]   130 22283
[1]   130 22283
[1] "length of factcols"
[1] 0
[1]   130 22283
[1]   100 22283
integer(0)
character(0)
NULL
[1] "ok"
[1] "test class"
[1] 2 1 2 2
Levels: 1 2
[1] "orig train matrix"
     1007_s_at 1053_at 117_at  121_at 1255_g_at 1294_at 1316_at 1320_at
[1,]   12.4440  8.3774 6.7866 10.2851    5.9064  8.3767  8.0356  6.6745
[2,]   12.2005  7.8592 8.0963 10.4624    4.9582  9.2973  7.0581  6.4607
[3,]   12.6709  8.6762 7.4812 10.1887    5.2332  9.1721  8.6061  7.0932
[4,]   11.6619  8.2557 7.9923 10.7705    6.3296  9.3777  8.4776  6.5878
[5,]   11.8397  8.7971 7.8321 10.2869    5.8389  7.0841  7.3419  7.3167
     1405_i_at 1431_at
[1,]    6.2325  6.8450
[2,]    6.9047  5.8878
[3,]    6.5940  5.6843
[4,]    6.0877  6.5169
[5,]    6.3456  6.1708
[1] "orig train matrix"
     1007_s_at 1053_at 117_at  121_at 1255_g_at 1294_at 1316_at 1320_at
[1,]   12.4440  8.3774 6.7866 10.2851    5.9064  8.3767  8.0356  6.6745
[2,]   12.2005  7.8592 8.0963 10.4624    4.9582  9.2973  7.0581  6.4607
[3,]   12.6709  8.6762 7.4812 10.1887    5.2332  9.1721  8.6061  7.0932
[4,]   11.6619  8.2557 7.9923 10.7705    6.3296  9.3777  8.4776  6.5878
[5,]   11.8397  8.7971 7.8321 10.2869    5.8389  7.0841  7.3419  7.3167
     1405_i_at 1431_at
[1,]    6.2325  6.8450
[2,]    6.9047  5.8878
[3,]    6.5940  5.6843
[4,]    6.0877  6.5169
[5,]    6.3456  6.1708
[1] 6.7866 8.0963 7.4812
[1] "norm train matrix"
     1007_s_at 1053_at 117_at  121_at 1255_g_at 1294_at 1316_at 1320_at
[1,]   12.4440  8.3774 6.7866 10.2851    5.9064  8.3767  8.0356  6.6745
[2,]   12.2005  7.8592 8.0963 10.4624    4.9582  9.2973  7.0581  6.4607
[3,]   12.6709  8.6762 7.4812 10.1887    5.2332  9.1721  8.6061  7.0932
[4,]   11.6619  8.2557 7.9923 10.7705    6.3296  9.3777  8.4776  6.5878
[5,]   11.8397  8.7971 7.8321 10.2869    5.8389  7.0841  7.3419  7.3167
     1405_i_at 1431_at
[1,]    6.2325  6.8450
[2,]    6.9047  5.8878
[3,]    6.5940  5.6843
[4,]    6.0877  6.5169
[5,]    6.3456  6.1708
[1] "mean of feat 2"
[1] 8.273493
[1] "sd of feat 2"
[1] 0.7010279
[1] "maxnum is "
[1] 3
[1] "# of genes left after filtering:"
[1]   130 22283
GeneSelection: iteration 1 
GeneSelection: iteration 2 
GeneSelection: iteration 3 
GeneSelection: iteration 4 
GeneSelection: iteration 5 
GeneSelection: iteration 6 
GeneSelection: iteration 7 
GeneSelection: iteration 8 
GeneSelection: iteration 9 
GeneSelection: iteration 10 
[1] "varselmethod"
[1] "none"
[1] "dim of scoring matrix is "
[1] 22283     1
[1] 22283
[1] "DS index stage 1"
[1] NA
[1] "bestgenelist"
[1] 4752 9093 9094
     205225_at 209603_at 209604_s_at
[1,]   13.0759   10.5793     14.3763
[2,]   13.7616   10.5772     14.0214
[3,]   12.7360   11.1181     14.5222
     205225_at 209603_at 209604_s_at
[1,]   13.8754   11.9790     15.0625
[2,]   11.7217   10.8744     14.4978
[3,]   10.9960    8.0211     12.4583
[1] "numgenes selected:3"
[1] "test acc:0.88"
[1] "test AUC acc:0.883144178226145"
[1] "10 fold train93.0769230769231"
[1] "confusion matrix train 10 fold"
          nci_y
pred10fold  1  2
         1 44  1
         2  6 79
[1] "confusion matrix test"
         test_y
pred_test  1  2
        1 35  8
        2  4 53
[1] "train acc:0.946153846153846"
[1] "confusion matrix train"
          nci_y
pred_train  1  2
         1 44  1
         2  6 79
[1] "DS index stage 1"
[1] NA
[1] "KI index stage 1"
[1] NA
Warning messages:
1: In if (is.na(boostweight) == TRUE) { :
  the condition has length > 1 and only the first element will be used
2: In if (is.na(testm) == TRUE) { :
  the condition has length > 1 and only the first element will be used
3: In if (is.na(testclass) == TRUE) { :
  the condition has length > 1 and only the first element will be used
4: In mean.default(DS_res, na.rm = TRUE) :
  argument is not numeric or logical: returning NA
5: In mean.default(DS_res, na.rm = TRUE) :
  argument is not numeric or logical: returning NA
6: In mean.default(KI_res, na.rm = TRUE) :
  argument is not numeric or logical: returning NA
> 
> #1
> CMAres<-performCMA(trainm, trainclass, testm, testclass,outloc,
+ maxnum=as.numeric(args[10]),
+ minnum=3,
+ stepitr=1,
+ gsmethods=c("limma","lasso","rfe","elasticnet", "f.test"), #"lasso","elasticnet","kruskal.test"), #"f.test", "f.test", "elasticnet", "wilcox.test", "welch.test"),
+ pct_train=0.40,
+ accuracyweight=1,
+ featweight=0.06,
+ minpresent=1,
+ kname="radial",
+ norm_method="none",
+ tolerance=0.1,
+ maxitrs=5,
+ classindex=1,
+ numfacts=0,
+ evalmethod="CV",
+ numfolds=10,
+ CVfoldthresh=0.7,
+ varselmethod="none",
+ scheme_val="one-vs-all",
+ iter_learn=1,boostweight=rep(0,dim(trainm)[2]))
[1] "dim of trainm is "
[1]   130 22283
[1]   130 22283
[1] "length of factcols"
[1] 0
[1]   130 22283
[1]   100 22283
integer(0)
character(0)
NULL
[1] "ok"
[1] "test class"
[1] 2 1 2 2
Levels: 1 2
[1] "orig train matrix"
     1007_s_at 1053_at 117_at  121_at 1255_g_at 1294_at 1316_at 1320_at
[1,]   12.4440  8.3774 6.7866 10.2851    5.9064  8.3767  8.0356  6.6745
[2,]   12.2005  7.8592 8.0963 10.4624    4.9582  9.2973  7.0581  6.4607
[3,]   12.6709  8.6762 7.4812 10.1887    5.2332  9.1721  8.6061  7.0932
[4,]   11.6619  8.2557 7.9923 10.7705    6.3296  9.3777  8.4776  6.5878
[5,]   11.8397  8.7971 7.8321 10.2869    5.8389  7.0841  7.3419  7.3167
     1405_i_at 1431_at
[1,]    6.2325  6.8450
[2,]    6.9047  5.8878
[3,]    6.5940  5.6843
[4,]    6.0877  6.5169
[5,]    6.3456  6.1708
[1] "orig train matrix"
     1007_s_at 1053_at 117_at  121_at 1255_g_at 1294_at 1316_at 1320_at
[1,]   12.4440  8.3774 6.7866 10.2851    5.9064  8.3767  8.0356  6.6745
[2,]   12.2005  7.8592 8.0963 10.4624    4.9582  9.2973  7.0581  6.4607
[3,]   12.6709  8.6762 7.4812 10.1887    5.2332  9.1721  8.6061  7.0932
[4,]   11.6619  8.2557 7.9923 10.7705    6.3296  9.3777  8.4776  6.5878
[5,]   11.8397  8.7971 7.8321 10.2869    5.8389  7.0841  7.3419  7.3167
     1405_i_at 1431_at
[1,]    6.2325  6.8450
[2,]    6.9047  5.8878
[3,]    6.5940  5.6843
[4,]    6.0877  6.5169
[5,]    6.3456  6.1708
[1] 6.7866 8.0963 7.4812
[1] "norm train matrix"
     1007_s_at 1053_at 117_at  121_at 1255_g_at 1294_at 1316_at 1320_at
[1,]   12.4440  8.3774 6.7866 10.2851    5.9064  8.3767  8.0356  6.6745
[2,]   12.2005  7.8592 8.0963 10.4624    4.9582  9.2973  7.0581  6.4607
[3,]   12.6709  8.6762 7.4812 10.1887    5.2332  9.1721  8.6061  7.0932
[4,]   11.6619  8.2557 7.9923 10.7705    6.3296  9.3777  8.4776  6.5878
[5,]   11.8397  8.7971 7.8321 10.2869    5.8389  7.0841  7.3419  7.3167
     1405_i_at 1431_at
[1,]    6.2325  6.8450
[2,]    6.9047  5.8878
[3,]    6.5940  5.6843
[4,]    6.0877  6.5169
[5,]    6.3456  6.1708
[1] "mean of feat 2"
[1] 8.273493
[1] "sd of feat 2"
[1] 0.7010279
[1] "maxnum is "
[1] 3
[1] "# of genes left after filtering:"
[1]   130 22283
GeneSelection: iteration 1 
GeneSelection: iteration 2 
GeneSelection: iteration 3 
GeneSelection: iteration 4 
GeneSelection: iteration 5 
GeneSelection: iteration 6 
GeneSelection: iteration 7 
GeneSelection: iteration 8 
GeneSelection: iteration 9 
GeneSelection: iteration 10 
[1] "varselmethod"
[1] "none"
GeneSelection: iteration 1 
GeneSelection: iteration 2 
GeneSelection: iteration 3 
GeneSelection: iteration 4 
GeneSelection: iteration 5 
GeneSelection: iteration 6 
GeneSelection: iteration 7 
GeneSelection: iteration 8 
GeneSelection: iteration 9 
GeneSelection: iteration 10 
genelist
 4752 15102  4035  9093 12339  7147 
   20    12    10    10     6     2 
[1] "varselmethod"
[1] "none"
GeneSelection: iteration 1 
GeneSelection: iteration 2 
GeneSelection: iteration 3 
GeneSelection: iteration 4 
GeneSelection: iteration 5 
GeneSelection: iteration 6 
GeneSelection: iteration 7 
GeneSelection: iteration 8 
GeneSelection: iteration 9 
GeneSelection: iteration 10 
[1] "varselmethod"
[1] "none"
GeneSelection: iteration 1 
GeneSelection: iteration 2 
GeneSelection: iteration 3 
GeneSelection: iteration 4 
GeneSelection: iteration 5 
GeneSelection: iteration 6 
GeneSelection: iteration 7 
GeneSelection: iteration 8 
GeneSelection: iteration 9 
GeneSelection: iteration 10 
[1] "varselmethod"
[1] "none"
GeneSelection: iteration 1 
GeneSelection: iteration 2 
GeneSelection: iteration 3 
GeneSelection: iteration 4 
GeneSelection: iteration 5 
GeneSelection: iteration 6 
GeneSelection: iteration 7 
GeneSelection: iteration 8 
GeneSelection: iteration 9 
GeneSelection: iteration 10 
[1] "varselmethod"
[1] "none"
[1] "dim of scoring matrix is "
[1] 22283     5
[1] 22283
[1] "DS index stage 1"
[1] 0.5333333
[1] "bestgenelist"
[1]  4035  4752  6280  9093  9094 15102
     204508_s_at 205225_at 206754_s_at 209603_at 209604_s_at 215729_s_at
[1,]     10.1763   13.0759     12.4854   10.5793     14.3763      2.9565
[2,]      9.3275   13.7616     10.5188   10.5772     14.0214      1.5807
[3,]      9.9200   12.7360     11.6232   11.1181     14.5222      5.6368
     204508_s_at 205225_at 206754_s_at 209603_at 209604_s_at 215729_s_at
[1,]      9.8038   13.8754     11.4867   11.9790     15.0625      1.9565
[2,]      7.9689   11.7217      7.4297   10.8744     14.4978      5.3426
[3,]      7.6789   10.9960      5.9013    8.0211     12.4583      5.3609
[1] "numgenes selected:6"
[1] "test acc:0.89"
[1] "test AUC acc:0.895964691046658"
[1] "10 fold train95.3846153846154"
[1] "confusion matrix train 10 fold"
          nci_y
pred10fold  1  2
         1 47  1
         2  3 79
[1] "confusion matrix test"
         test_y
pred_test  1  2
        1 36  8
        2  3 53
[1] "train acc:0.969230769230769"
[1] "confusion matrix train"
          nci_y
pred_train  1  2
         1 47  1
         2  3 79
[1] "DS index stage 1"
[1] 0.5333333
[1] "KI index stage 1"
[1] 0.5332705
[[1]]
[1] "var4752" "var9093" "var9094"

[[2]]
[1] "var4035"  "var4752"  "var15102"

[[3]]
[1] "var4752"  "var6280"  "var15102"

[[4]]
[1] "var4035" "var4752" "var9093"

[[5]]
[1] "var4752" "var9093" "var9094"


 Iteration 1 :  Optimal value:  4 
 Optimal List:   var4752,var4035,var9093 

 Iteration 2 :  Optimal value:  4 
 Optimal List:   var4752,var9093,var9094 

 Iteration 3 :  Optimal value:  4 
 Optimal List:   var4752,var9093,var9094 

 Iteration 4 :  Optimal value:  4 
 Optimal List:   var4752,var9093,var9094 

 Iteration 5 :  Optimal value:  4 
 Optimal List:   var4752,var9093,var9094 

 Iteration 6 :  Optimal value:  4 
 Optimal List:   var4752,var9093,var9094 

 Iteration 7 :  Optimal value:  4 
 Optimal List:   var4752,var9093,var9094 
[1] "test acc rank aggreg CE:0.88"
[1] "test AUC acc rank aggreg CE:0.883144178226145"
[1] "10 fold train rank aggreg res CE94.6153846153846"
[1] "confusion matrix train 10 fold rank aggreg CE"
            nci_y
pred10foldRA  1  2
           1 44  1
           2  6 79
[1] "Num itr RA CE"
[1] 7
[1] "Test BER aggreg CE is"
[1] 0.8831442

 Iteration 1 :  Optimal value:  4 
 Optimal List:   var4752,var9093,var9094 

 Iteration 2 :  Optimal value:  4 
 Optimal List:   var4752,var9093,var9094 

 Iteration 3 :  Optimal value:  4 
 Optimal List:   var4752,var9093,var9094 

 Iteration 4 :  Optimal value:  4 
 Optimal List:   var4752,var9093,var9094 

 Iteration 5 :  Optimal value:  4 
 Optimal List:   var4752,var9093,var9094 

 Iteration 6 :  Optimal value:  4 
 Optimal List:   var4752,var9093,var9094 

 Iteration 7 :  Optimal value:  4 
 Optimal List:   var4752,var9093,var9094 

 Iteration 8 :  Optimal value:  4 
 Optimal List:   var4752,var9093,var9094 

 Iteration 9 :  Optimal value:  4 
 Optimal List:   var4752,var9093,var9094 

 Iteration 10 :  Optimal value:  4 
 Optimal List:   var4752,var4035,var9093 

 Iteration 11 :  Optimal value:  4 
 Optimal List:   var4752,var9093,var9094 

 Iteration 12 :  Optimal value:  4 
 Optimal List:   var4752,var4035,var9093 

 Iteration 13 :  Optimal value:  4 
 Optimal List:   var4752,var4035,var9093 

 Iteration 14 :  Optimal value:  4 
 Optimal List:   var4752,var4035,var9093 

 Iteration 15 :  Optimal value:  4 
 Optimal List:   var4752,var9093,var9094 

 Iteration 16 :  Optimal value:  4 
 Optimal List:   var4752,var4035,var9093 

 Iteration 17 :  Optimal value:  4 
 Optimal List:   var4752,var4035,var9093 

 Iteration 18 :  Optimal value:  4 
 Optimal List:   var4752,var9093,var9094 

 Iteration 19 :  Optimal value:  4 
 Optimal List:   var4752,var9093,var9094 

 Iteration 20 :  Optimal value:  4 
 Optimal List:   var4752,var9093,var9094 

 Iteration 21 :  Optimal value:  4 
 Optimal List:   var4752,var9093,var9094 

 Iteration 22 :  Optimal value:  4 
 Optimal List:   var4752,var9093,var9094 

 Iteration 23 :  Optimal value:  4 
 Optimal List:   var4752,var9093,var9094 

 Iteration 24 :  Optimal value:  4 
 Optimal List:   var4752,var9093,var9094 

 Iteration 25 :  Optimal value:  4 
 Optimal List:   var4752,var9093,var9094 

 Iteration 26 :  Optimal value:  4 
 Optimal List:   var4752,var9093,var9094 

 Iteration 27 :  Optimal value:  4 
 Optimal List:   var4752,var9093,var9094 

 Iteration 28 :  Optimal value:  4 
 Optimal List:   var4752,var9093,var9094 

 Iteration 29 :  Optimal value:  4 
 Optimal List:   var4752,var9093,var9094 

 Iteration 30 :  Optimal value:  4 
 Optimal List:   var4752,var9093,var9094 
[1] "test acc rank aggreg GA:0.88"
[1] "test AUC acc rank aggreg GA:0.883144178226145"
[1] "10 fold train rank aggreg res GA93.8461538461538"
[1] "confusion matrix train 10 fold rank aggreg GA"
            nci_y
pred10foldRA  1  2
           1 44  1
           2  6 79
[1] "Num itr RA GA"
[1] 31
[1] "Test BER aggreg GA is"
[1] 0.8831442
Warning messages:
1: In if (is.na(boostweight) == TRUE) { :
  the condition has length > 1 and only the first element will be used
2: In if (is.na(testm) == TRUE) { :
  the condition has length > 1 and only the first element will be used
3: In if (is.na(testclass) == TRUE) { :
  the condition has length > 1 and only the first element will be used
> 
> cma_feat_list<-colnames(trainm)
> 
> save(CMAres,file="CMAres.Rda")
> write.table(cma_feat_list,file="selected_cma_feat_list.txt",sep="t",row.names=FALSE)
> 
> # modtraindata=modtrain, modtestdata=modtest, blindtest=testacc, modtrainclass=nci_y, modtestclass=test_y
> #if(FALSE)
> {
+ trainm<-CMAres$modtraindata
+ testm<-CMAres$modtestdata
+ trainclass<-CMAres$modtrainclass
+ testclass<-CMAres$modtestclass
+ learningsets<-CMAres$learningsets
+ }
> 
> if(FALSE)
+ {
+ trainclass<-trainm[,1] #CMAres$modtrainclass
+ testclass<-testm[,1] #CMAres$modtestclass
+ trainm<-trainm[,-c(1)] #CMAres$modtrainmata
+ testm<-testm[,-c(1)] #CMAres$modtestmata
+ 
+ }
> 
> d_dim<-dim(trainm)
> 
> print("Original dimension")
[1] "Original dimension"
> print(d_dim)
[1] 130   6
> 
> #2 call run_pso function()
> system.time(psores<-run_pso(outloc=outloc,trainm,trainclass,testm,testclass,transition_matrix,c1=2.05,
+ c2=2.05,
+ itr=10,
+ globalpso_maxitr=10,
+ global_max_itr=3,
+ num_part=20,
+ kname="radial",
+ errortype="BER",
+ weightA<-as.numeric(args[1]),
+ weightB<-as.numeric(args[2]),
+ weightC<-as.numeric(args[3]),
+ weightD<-as.numeric(args[4]),
+ featweight.max=0.01,
+ featweight.min=0.01,
+ numfolds=10,
+ followerprob=as.numeric(args[6]),
+ confusionprob=as.numeric(args[7]),
+ leaderprob=as.numeric(args[8]),
+ wmax=1,
+ wmin=1,
+ behavior_reset_itr=5,
+ maxitrreset=10,
+ num_neighbors=3,
+ minselect.pct=0.5,
+ evalMode="CV2",
+ minfitnessthresh=50,
+ maxnum=as.numeric(args[10]),minnum=3,inertia_method=args[5],particlebehav_method="randbased",constriction_factor=1,
+ select.global.best=TRUE,numnodes=4,evalFunc=eval_fit_kfold_diff,itr.terminate=FALSE,train.pct=as.numeric(args[11]),min.iter.select=1))
[1] "c1: 2.05"
[1] "c2: 2.05"
[1] "itr: 10"
[1] "globalpso_maxitr: 10"
[1] "global_max_itr: 3"
[1] "num_part: 20"
[1] "kname: radial"
[1] "errortype: BER"
[1] "weightA: 0.5"
[1] "weightB: 0.4"
[1] "weightC: 0.05"
[1] "weightD: 0.05"
[1] "featweight.max: 0.01"
[1] "featweight.min: 0.01"
[1] "numfolds: 10"
[1] "followerprob: 0.45"
[1] "confusionprob: 0.2"
[1] "leaderprob: 0.25"
[1] "wmax: 1"
[1] "wmin: 1"
[1] "behavior_reset_itr: 5"
[1] "maxitrreset: 10"
[1] "num_neighbors: 3"
[1] "minselect.pct: 0.5"
[1] "minfitnessthresh: 50"
[1] "maxnum: 3"
[1] "minnum: 3"
[1] "inertia_method: global"
[1] "particlebehav_method: randbased"
[1] "constriction_factor: 1"
[1] "select.global.best: TRUE"
[1] "DS index stage 2"
[1] 0.7255908
[1] "KI index stage 2"
[1] -Inf
[1] 1
   Min. 1st Qu.  Median    Mean 3rd Qu.    Max. 
  2.000   4.500   6.500   6.333   8.500  10.000 
[1] "Number of features selected in 1 iterations:"
[1] 6
[1] 0.940 0.975
[1] 0.940 0.975
[1] "accuracy: 92.4157651964867 num_feat:6 fitness:57.2455538887274"
[1] -57.24555
[1] "Number of features selected in 2 iterations:"
[1] 6
[1] 0.940 0.975
[1] 0.940 0.975
[1] "accuracy: 92.4157651964867 num_feat:6 fitness:57.2455538887274"
[1] -57.24555
[1] "Number of features selected in 3 iterations:"
[1] 5
[1] 0.9200 0.9875
[1] 0.9200 0.9875
[1] "accuracy: 91.9284873520417 num_feat:5 fitness:55.5899625132939"
[1] -55.58996
[1] "Number of features selected in 4 iterations:"
[1] 5
[1] 0.9200 0.9875
[1] 0.9200 0.9875
[1] "accuracy: 91.9284873520417 num_feat:5 fitness:55.5899625132939"
[1] -55.58996
[1] "Number of features selected in 5 iterations:"
[1] 4
[1] 0.9200 0.9875
[1] 0.9200 0.9875
[1] "accuracy: 92.3632120329579 num_feat:4 fitness:56.6408257090353"
[1] -56.64083
[1] "Number of features selected in 6 iterations:"
[1] 4
[1] 0.9200 0.9875
[1] 0.9200 0.9875
[1] "accuracy: 92.3632120329579 num_feat:4 fitness:56.6408257090353"
[1] -56.64083
[1] "Number of features selected in 7 iterations:"
[1] 3
[1] 0.9600 0.9875
[1] 0.9600 0.9875
[1] "accuracy: 91.3903579325276 num_feat:3 fitness:56.3485811630966"
[1] -56.34858
[1] "Number of features selected in 8 iterations:"
[1] 2
[1] "accuracy: 1 num_feat:2 fitness:-100"
[1] 100
[1] "Number of features selected in 9 iterations:"
[1] 2
[1] "accuracy: 1 num_feat:2 fitness:-100"
[1] 100
[1] "Number of features selected in 10 iterations:"
[1] 1
[1] "accuracy: 1 num_feat:1 fitness:-100"
[1] 100
   Min. 1st Qu.  Median    Mean 3rd Qu.    Max. 
 0.9231  0.9487  0.9615  0.9692  1.0000  1.0000 
[1] "Number of features selected in 2 iterations:"
[1] 6
[1] "Modified train 10 fold accuracy using train data is "
[1] 95.38462
[1] "Modified train accuracy is "
[1] 0.9692308
[1] "train confusion matrix is "
          trainclass
pred_train  1  2
         1 47  1
         2  3 79
[1] "Train dimension is "
[1] 130   6
[1] "Test dimension is "
[1] 100   6
[1] "Test confusion matrix is "
    
pred  1  2
   1 36  8
   2  3 53
[1] "Test acc is "
[1] 0.89
[1] "train 10 fold"
[1] 95.38462
[1] "Test confusion matrix is "
    
pred  1  2
   1 36  8
   2  3 53
[1] "Test acc is "
[1] 0.89
[1] "Test AUC:"
[1] 0.8959647
[1] "Train acc is "
[1] 0.9692308
[1] "# of features after CMA:"
NULL
[1] "# of features after PSO:"
[1] 130   7
   user  system elapsed 
  4.269   0.008   6.576 
> 
> feat_ind<-psores$bestfeatlist
> feat_names<-psores$bestfeatnames
> 
> scoringmatrix<-as.data.frame(psores$scoringmatrix)
> print(scoringmatrix)
  V1 V2 V3 V4 V5 V6 V7 V8 V9 V10
1  1  1  1  1  1  1  0  1  1   1
2  1  1  1  1  1  1  1  1  1   1
3  0  0  0  0  0  1  1  0  0   0
4  1  1  0  0  0  0  1  0  0   1
5  0  1  1  0  1  0  1  0  1   1
6  1  1  0  1  0  1  1  1  0   1
> print(feat_names[feat_ind])
[1] "204508_s_at" "205225_at"   "206754_s_at" "209603_at"   "209604_s_at"
[6] "215729_s_at"
> 
> save(psores,file="psores.Rda")
> print("Complete")
[1] "Complete"
> 
