
R version 3.2.2 (2015-08-14) -- "Fire Safety"
Copyright (C) 2015 The R Foundation for Statistical Computing
Platform: x86_64-pc-linux-gnu (64-bit)

R is free software and comes with ABSOLUTELY NO WARRANTY.
You are welcome to redistribute it under certain conditions.
Type 'license()' or 'licence()' for distribution details.

  Natural language support but running in an English locale

R is a collaborative project with many contributors.
Type 'contributors()' for more information and
'citation()' on how to cite R or R packages in publications.

Type 'demo()' for some demos, 'help()' for on-line help, or
'help.start()' for an HTML browser interface to help.
Type 'q()' to quit R.

> 
> #.libPaths("/home/stu/kuppal3/karan_libs/Rlibs")
> library(snow)
> library(e1071)
> library(yaImpute)

Attaching package: ‘yaImpute’

The following object is masked from ‘package:e1071’:

    impute

> library(pROC)
Type 'citation("pROC")' for a citation.

Attaching package: ‘pROC’

The following objects are masked from ‘package:stats’:

    cov, smooth, var

> library(bioDist)
Loading required package: Biobase
Loading required package: BiocGenerics
Loading required package: parallel

Attaching package: ‘parallel’

The following objects are masked from ‘package:snow’:

    clusterApply, clusterApplyLB, clusterCall, clusterEvalQ,
    clusterExport, clusterMap, clusterSplit, makeCluster, parApply,
    parCapply, parLapply, parRapply, parSapply, splitIndices,
    stopCluster


Attaching package: ‘BiocGenerics’

The following objects are masked from ‘package:parallel’:

    clusterApply, clusterApplyLB, clusterCall, clusterEvalQ,
    clusterExport, clusterMap, parApply, parCapply, parLapply,
    parLapplyLB, parRapply, parSapply, parSapplyLB

The following objects are masked from ‘package:snow’:

    clusterApply, clusterApplyLB, clusterCall, clusterEvalQ,
    clusterExport, clusterMap, parApply, parCapply, parLapply,
    parRapply, parSapply

The following objects are masked from ‘package:stats’:

    IQR, mad, xtabs

The following objects are masked from ‘package:base’:

    anyDuplicated, append, as.data.frame, as.vector, cbind, colnames,
    do.call, duplicated, eval, evalq, Filter, Find, get, grep, grepl,
    intersect, is.unsorted, lapply, lengths, Map, mapply, match, mget,
    order, paste, pmax, pmax.int, pmin, pmin.int, Position, rank,
    rbind, Reduce, rownames, sapply, setdiff, sort, table, tapply,
    union, unique, unlist, unsplit

Welcome to Bioconductor

    Vignettes contain introductory material; view with
    'browseVignettes()'. To cite Bioconductor, see
    'citation("Biobase")', and for packages 'citation("pkgname")'.

Loading required package: KernSmooth
KernSmooth 2.23 loaded
Copyright M. P. Wand 1997-2009
> #library(CMA, lib="/home/stu/kuppal3/karan_libs/Rlibs/")
> library(RankAggreg)
> library(CMA)

Attaching package: ‘CMA’

The following object is masked from ‘package:pROC’:

    roc

The following object is masked from ‘package:e1071’:

    tune

> library(expm)
Loading required package: Matrix

Attaching package: ‘expm’

The following object is masked from ‘package:Matrix’:

    expm

> 
> cl<-makeCluster(1)
> 
> 
> args<-commandArgs(trailingOnly=TRUE)
> #sname<-paste("/home/stu/kuppal3/Research/Feature_selection/Rcode/version2016/OCFS_",args[9],".R",sep="")
> #sname<-paste("/Users/karanuppal/Documents/Gatech/Projects/Algorithms/TwostagePSO/version2016/OCFS_",args[9],".R",sep="")
> 
> sname<-paste("/home/kuppal2/Documents/Projects/xmsPANDA/Other/scripts/OCFS_",args[9],".R",sep="")
> source(sname)
> print(sname)
[1] "/home/kuppal2/Documents/Projects/xmsPANDA/Other/scripts/OCFS_vfeb817_v4.R"
> 
> #data_loc<-"/home/stu/kuppal3/Research/Feature_selection/Datasets/Khan_SRBCT/" #"/Users/karanuppal/Documents/Gatech/Projects/Algorithms/TwostagePSO/Datasets/MAQCII_BreastCancer/"
> #data_loc<-"/Users/karanuppal/Documents/Gatech/Projects/Algorithms/TwostagePSO/Datasets/SRBCT_Khan/"
> data_loc<-"/home/kuppal2/Documents/Projects/xmsPANDA/Other/Datasets/SRBCT_Khan/"
> 
> setwd(data_loc)
> #load("/home/stu/kuppal3/Research/Feature_selection/Datasets/MAQCII_BreastCancer/MaqcIIbr.Rda")
> 
> 
> #outloc<-paste(data_loc,"OCFSv062016_v32_SRBCT_sensitivity_itr",args[9],"/",sep="")
> outloc<-paste(data_loc,"OCFS_srbct",args[9],"_",args[10],"_",args[11],"/",sep="")
> 
> trainm<-read.table("Khan.xtrain.txt",header=FALSE)
> testm<-read.table("Khan.xtest.txt",header=FALSE)
> trainclass<-read.table("khan.ytrain.txt", header=FALSE)
> testclass<-read.table("khan.ytest.txt", header=FALSE)
> 
> 
> dir.create(outloc)
Warning message:
In dir.create(outloc) :
  '/home/kuppal2/Documents/Projects/xmsPANDA/Other/Datasets/SRBCT_Khan/OCFS_srbctvfeb817_v4_3_0.7' already exists
> setwd(outloc)
> 
> 
> trainm<-t(trainm)
> testm<-t(testm)
> 
> cnames<-paste("var",seq(1,dim(trainm)[2]),sep="")
> colnames(trainm)<-cnames
> colnames(testm)<-cnames
> 
> trainclass<-t(trainclass)
> testclass<-t(testclass)
> 
> trainm<-cbind(trainclass,trainm)
> testm<-cbind(testclass,testm)
> 
> trainm<-na.omit(trainm)
> testm<-na.omit(testm)
> 
> 
> 
> 
> 
> #OCFSvmay2415v2reg_itr1_LassoRFELIMMAELpres1backwsel_l0.25f0.45c0.25_top10pctmaxitrs100minselmedianrandbehavfeatw0.01_CV2accA100B1wrand6methodsmax100wrand/"
> 
> dir.create(outloc)
Warning message:
In dir.create(outloc) :
  '/home/kuppal2/Documents/Projects/xmsPANDA/Other/Datasets/SRBCT_Khan/OCFS_srbctvfeb817_v4_3_0.7' already exists
> setwd(outloc)
> 
> trainm<-as.matrix(trainm)
> testm<-as.matrix(testm)
> trainclass<-trainm[,1] #CMAres$modtrainclass
> testclass<-testm[,1] #CMAres$modtestclass
> trainm<-trainm[,-c(1)] #CMAres$modtrainmata
> testm<-testm[,-c(1)] #CMAres$modtestmata
> 
> #a: Confusions
> #b: Neighbors
> #c: Global
> #d: Death
> 
> a<-c(0.25,0.25,0.25,0.25)
> b<-c(0.3,0.1,0.4,0.1)
> c<-c(0.25,0.25,0.5,0)
> d<-c(0.9,0.1,0,0.1)
> 
> a<-c(0,0.4,0.1,0.5)
> b<-c(0.3,0.1,0.4,0.1)
> c<-c(0,0.5,0.5,0)
> d<-c(0.9,0.1,0,0)
> 
> a<-c(0,0.4,0.1,0.5)
> b<-c(0.2,0.3,0.4,0.1)
> c<-c(0,0.4,0.4,0.2)
> d<-c(0.9,0.1,0,0)
> 
> transition_matrix<-rbind(a,b,c,d)
> 
> 
> dir.create(outloc)
Warning message:
In dir.create(outloc) :
  '/home/kuppal2/Documents/Projects/xmsPANDA/Other/Datasets/SRBCT_Khan/OCFS_srbctvfeb817_v4_3_0.7' already exists
> setwd(outloc)
> temp2=t(trainm)
> temp2=apply(temp2, 2, function(x){which(x=="MD")})
> temp2=unlist(temp2)
> temp2=unique(temp2)
> if(length(temp2)>1)
+ {
+ 	trainm=trainm[,-c(temp2)]
+ 
+ 	rm(temp2)
+ }
> 
> boostweight=rep(0,dim(trainm)[2])
> 
> CMAres<-performCMA(trainm, trainclass, testm, testclass,outloc,
+ maxnum=as.numeric(args[10]),
+ minnum=3,
+ stepitr=1,
+ gsmethods=c("limma"), #"lasso","elasticnet","kruskal.test"), #"f.test", "f.test", "elasticnet", "wilcox.test", "welch.test"),
+ pct_train=0.40,
+ accuracyweight=1,
+ featweight=0.06,
+ minpresent=1,
+ kname="radial",
+ norm_method="none",
+ tolerance=0.1,
+ maxitrs=5,
+ classindex=1,
+ numfacts=0,
+ evalmethod="CV",
+ numfolds=10,
+ CVfoldthresh=0.7,
+ varselmethod="none",
+ scheme_val="one-vs-all",
+ iter_learn=1,boostweight=rep(0,dim(trainm)[2]))
[1] "dim of trainm is "
[1]   63 2308
[1]   63 2308
[1] "length of factcols"
[1] 0
[1]   63 2308
[1]   20 2308
integer(0)
character(0)
NULL
[1] "ok"
[1] "test class"
V1 V2 V4 V6 
 3  2  4  2 
Levels: 1 2 3 4
[1] "orig train matrix"
            var1      var2       var3       var4       var5        var6
[1,]  0.77334370 -2.438405 -0.4825622 -2.7211350 -1.2170580  0.82780920
[2,] -0.07817778 -2.415754  0.4127717 -2.8251460 -0.6262365  0.05448819
[3,] -0.08446916 -1.649739 -0.2413075 -2.8752860 -0.8894054 -0.02747398
[4,]  0.96561400 -2.380547  0.6252965 -1.7412560 -0.8453664  0.94968680
[5,]  0.07566390 -1.728785  0.8526265  0.2726953 -1.8413700  0.32793590
         var7        var8       var9     var10
[1,] 1.342604  0.05704174  0.1335689 0.5654274
[2,] 1.429498 -0.12024860  0.4567917 0.1590529
[3,] 1.159300  0.01567648  0.1919418 0.4965847
[4,] 1.093801  0.81973580 -0.2846201 0.9947322
[5,] 1.251219  0.77144990  0.0309171 0.2783133
[1] "orig train matrix"
            var1      var2       var3       var4       var5        var6
[1,]  0.77334370 -2.438405 -0.4825622 -2.7211350 -1.2170580  0.82780920
[2,] -0.07817778 -2.415754  0.4127717 -2.8251460 -0.6262365  0.05448819
[3,] -0.08446916 -1.649739 -0.2413075 -2.8752860 -0.8894054 -0.02747398
[4,]  0.96561400 -2.380547  0.6252965 -1.7412560 -0.8453664  0.94968680
[5,]  0.07566390 -1.728785  0.8526265  0.2726953 -1.8413700  0.32793590
         var7        var8       var9     var10
[1,] 1.342604  0.05704174  0.1335689 0.5654274
[2,] 1.429498 -0.12024860  0.4567917 0.1590529
[3,] 1.159300  0.01567648  0.1919418 0.4965847
[4,] 1.093801  0.81973580 -0.2846201 0.9947322
[5,] 1.251219  0.77144990  0.0309171 0.2783133
[1] -0.4825622  0.4127717 -0.2413075
[1] "norm train matrix"
            var1      var2       var3       var4       var5        var6
[1,]  0.77334370 -2.438405 -0.4825622 -2.7211350 -1.2170580  0.82780920
[2,] -0.07817778 -2.415754  0.4127717 -2.8251460 -0.6262365  0.05448819
[3,] -0.08446916 -1.649739 -0.2413075 -2.8752860 -0.8894054 -0.02747398
[4,]  0.96561400 -2.380547  0.6252965 -1.7412560 -0.8453664  0.94968680
[5,]  0.07566390 -1.728785  0.8526265  0.2726953 -1.8413700  0.32793590
         var7        var8       var9     var10
[1,] 1.342604  0.05704174  0.1335689 0.5654274
[2,] 1.429498 -0.12024860  0.4567917 0.1590529
[3,] 1.159300  0.01567648  0.1919418 0.4965847
[4,] 1.093801  0.81973580 -0.2846201 0.9947322
[5,] 1.251219  0.77144990  0.0309171 0.2783133
[1] "mean of feat 2"
[1] -1.739001
[1] "sd of feat 2"
[1] 0.9055712
[1] "maxnum is "
[1] 3
[1] "# of genes left after filtering:"
[1]   63 2308
GeneSelection: iteration 1 

Attaching package: ‘limma’

The following object is masked from ‘package:BiocGenerics’:

    plotMA

GeneSelection: iteration 2 
GeneSelection: iteration 3 
GeneSelection: iteration 4 
GeneSelection: iteration 5 
GeneSelection: iteration 6 
GeneSelection: iteration 7 
GeneSelection: iteration 8 
GeneSelection: iteration 9 
GeneSelection: iteration 10 
GeneSelection: iteration 1 
GeneSelection: iteration 2 
GeneSelection: iteration 3 
GeneSelection: iteration 4 
GeneSelection: iteration 5 
GeneSelection: iteration 6 
GeneSelection: iteration 7 
GeneSelection: iteration 8 
GeneSelection: iteration 9 
GeneSelection: iteration 10 
GeneSelection: iteration 1 
GeneSelection: iteration 2 
GeneSelection: iteration 3 
GeneSelection: iteration 4 
GeneSelection: iteration 5 
GeneSelection: iteration 6 
GeneSelection: iteration 7 
GeneSelection: iteration 8 
GeneSelection: iteration 9 
GeneSelection: iteration 10 
GeneSelection: iteration 1 
GeneSelection: iteration 2 
GeneSelection: iteration 3 
GeneSelection: iteration 4 
GeneSelection: iteration 5 
GeneSelection: iteration 6 
GeneSelection: iteration 7 
GeneSelection: iteration 8 
GeneSelection: iteration 9 
GeneSelection: iteration 10 
[1] "varselmethod"
[1] "none"
[1] "dim of scoring matrix is "
[1] 2308    1
[1] 2308
[1] "DS index stage 1"
[1] NA
[1] "bestgenelist"
[1] 246 255 842
        var246    var255   var842
[1,] 1.6047470 -1.514582 1.553629
[2,] 0.7924947 -1.701005 1.732505
[3,] 1.5527410 -1.256319 1.454747
         var246    var255     var842
[1,] -2.5010360  1.165710 -0.3690368
[2,] -0.5151684 -0.592759  0.7715886
[3,] -1.9330926 -1.027222  0.9271515
[1] "numgenes selected:3"
[1] "test acc:0.7"
[1] "test AUC acc:0.75"
[1] "10 fold train77.7777777777778"
[1] "confusion matrix train 10 fold"
          nci_y
pred10fold  1  2  3  4
         1  1  0  0  0
         2  0 22  0  1
         3  0  0 12  0
         4  7  1  0 19
[1] "confusion matrix test"
         test_y
pred_test 1 2 3 4
        1 0 0 0 0
        2 0 3 0 0
        3 0 0 6 0
        4 3 3 0 5
[1] "train acc:0.857142857142857"
[1] "confusion matrix train"
          nci_y
pred_train  1  2  3  4
         1  1  0  0  0
         2  0 22  0  1
         3  0  0 12  0
         4  7  1  0 19
[1] "DS index stage 1"
[1] NA
[1] "KI index stage 1"
[1] NA
Warning messages:
1: In if (is.na(boostweight) == TRUE) { :
  the condition has length > 1 and only the first element will be used
2: In if (is.na(testm) == TRUE) { :
  the condition has length > 1 and only the first element will be used
3: In if (is.na(testclass) == TRUE) { :
  the condition has length > 1 and only the first element will be used
4: In mean.default(DS_res, na.rm = TRUE) :
  argument is not numeric or logical: returning NA
5: In mean.default(DS_res, na.rm = TRUE) :
  argument is not numeric or logical: returning NA
6: In mean.default(KI_res, na.rm = TRUE) :
  argument is not numeric or logical: returning NA
> 
> 
> CMAres<-performCMA(trainm, trainclass, testm, testclass,outloc,
+ maxnum=as.numeric(args[10]),
+ minnum=3,
+ stepitr=1,
+ gsmethods=c("lasso"), #"lasso","elasticnet","kruskal.test"), #"f.test", "f.test", "elasticnet", "wilcox.test", "welch.test"),
+ pct_train=0.40,
+ accuracyweight=1,
+ featweight=0.06,
+ minpresent=1,
+ kname="radial",
+ norm_method="none",
+ tolerance=0.1,
+ maxitrs=5,
+ classindex=1,
+ numfacts=0,
+ evalmethod="CV",
+ numfolds=10,
+ CVfoldthresh=0.7,
+ varselmethod="none",
+ scheme_val="one-vs-all",
+ iter_learn=1,boostweight=rep(0,dim(trainm)[2]))
[1] "dim of trainm is "
[1]   63 2308
[1]   63 2308
[1] "length of factcols"
[1] 0
[1]   63 2308
[1]   20 2308
integer(0)
character(0)
NULL
[1] "ok"
[1] "test class"
V1 V2 V4 V6 
 3  2  4  2 
Levels: 1 2 3 4
[1] "orig train matrix"
            var1      var2       var3       var4       var5        var6
[1,]  0.77334370 -2.438405 -0.4825622 -2.7211350 -1.2170580  0.82780920
[2,] -0.07817778 -2.415754  0.4127717 -2.8251460 -0.6262365  0.05448819
[3,] -0.08446916 -1.649739 -0.2413075 -2.8752860 -0.8894054 -0.02747398
[4,]  0.96561400 -2.380547  0.6252965 -1.7412560 -0.8453664  0.94968680
[5,]  0.07566390 -1.728785  0.8526265  0.2726953 -1.8413700  0.32793590
         var7        var8       var9     var10
[1,] 1.342604  0.05704174  0.1335689 0.5654274
[2,] 1.429498 -0.12024860  0.4567917 0.1590529
[3,] 1.159300  0.01567648  0.1919418 0.4965847
[4,] 1.093801  0.81973580 -0.2846201 0.9947322
[5,] 1.251219  0.77144990  0.0309171 0.2783133
[1] "orig train matrix"
            var1      var2       var3       var4       var5        var6
[1,]  0.77334370 -2.438405 -0.4825622 -2.7211350 -1.2170580  0.82780920
[2,] -0.07817778 -2.415754  0.4127717 -2.8251460 -0.6262365  0.05448819
[3,] -0.08446916 -1.649739 -0.2413075 -2.8752860 -0.8894054 -0.02747398
[4,]  0.96561400 -2.380547  0.6252965 -1.7412560 -0.8453664  0.94968680
[5,]  0.07566390 -1.728785  0.8526265  0.2726953 -1.8413700  0.32793590
         var7        var8       var9     var10
[1,] 1.342604  0.05704174  0.1335689 0.5654274
[2,] 1.429498 -0.12024860  0.4567917 0.1590529
[3,] 1.159300  0.01567648  0.1919418 0.4965847
[4,] 1.093801  0.81973580 -0.2846201 0.9947322
[5,] 1.251219  0.77144990  0.0309171 0.2783133
[1] -0.4825622  0.4127717 -0.2413075
[1] "norm train matrix"
            var1      var2       var3       var4       var5        var6
[1,]  0.77334370 -2.438405 -0.4825622 -2.7211350 -1.2170580  0.82780920
[2,] -0.07817778 -2.415754  0.4127717 -2.8251460 -0.6262365  0.05448819
[3,] -0.08446916 -1.649739 -0.2413075 -2.8752860 -0.8894054 -0.02747398
[4,]  0.96561400 -2.380547  0.6252965 -1.7412560 -0.8453664  0.94968680
[5,]  0.07566390 -1.728785  0.8526265  0.2726953 -1.8413700  0.32793590
         var7        var8       var9     var10
[1,] 1.342604  0.05704174  0.1335689 0.5654274
[2,] 1.429498 -0.12024860  0.4567917 0.1590529
[3,] 1.159300  0.01567648  0.1919418 0.4965847
[4,] 1.093801  0.81973580 -0.2846201 0.9947322
[5,] 1.251219  0.77144990  0.0309171 0.2783133
[1] "mean of feat 2"
[1] -1.739001
[1] "sd of feat 2"
[1] 0.9055712
[1] "maxnum is "
[1] 3
[1] "# of genes left after filtering:"
[1]   63 2308
GeneSelection: iteration 1 
Loaded glmnet 2.0-5


Attaching package: ‘glmnet’

The following object is masked from ‘package:pROC’:

    auc

GeneSelection: iteration 2 
GeneSelection: iteration 3 
GeneSelection: iteration 4 
GeneSelection: iteration 5 
GeneSelection: iteration 6 
GeneSelection: iteration 7 
GeneSelection: iteration 8 
GeneSelection: iteration 9 
GeneSelection: iteration 10 
GeneSelection: iteration 1 
GeneSelection: iteration 2 
GeneSelection: iteration 3 
GeneSelection: iteration 4 
GeneSelection: iteration 5 
GeneSelection: iteration 6 
GeneSelection: iteration 7 
GeneSelection: iteration 8 
GeneSelection: iteration 9 
GeneSelection: iteration 10 
GeneSelection: iteration 1 
GeneSelection: iteration 2 
GeneSelection: iteration 3 
GeneSelection: iteration 4 
GeneSelection: iteration 5 
GeneSelection: iteration 6 
GeneSelection: iteration 7 
GeneSelection: iteration 8 
GeneSelection: iteration 9 
GeneSelection: iteration 10 
GeneSelection: iteration 1 
GeneSelection: iteration 2 
GeneSelection: iteration 3 
GeneSelection: iteration 4 
GeneSelection: iteration 5 
GeneSelection: iteration 6 
GeneSelection: iteration 7 
GeneSelection: iteration 8 
GeneSelection: iteration 9 
GeneSelection: iteration 10 
genelist
 246  255  842 1003 1954 1955    1 1427 1764  836 1389 2050  248 2046  129  509 
  10   10   10   10   10   10    9    8    7    5    5    4    3    3    2    2 
 589  742 2198  695  851  910 1319 1387 2022 
   2    2    2    1    1    1    1    1    1 
[1] "varselmethod"
[1] "none"
[1] "dim of scoring matrix is "
[1] 2308    1
[1] 2308
[1] "DS index stage 1"
[1] NA
[1] "bestgenelist"
[1] 246 255 842
        var246    var255   var842
[1,] 1.6047470 -1.514582 1.553629
[2,] 0.7924947 -1.701005 1.732505
[3,] 1.5527410 -1.256319 1.454747
         var246    var255     var842
[1,] -2.5010360  1.165710 -0.3690368
[2,] -0.5151684 -0.592759  0.7715886
[3,] -1.9330926 -1.027222  0.9271515
[1] "numgenes selected:3"
[1] "test acc:0.7"
[1] "test AUC acc:0.75"
[1] "10 fold train77.7777777777778"
[1] "confusion matrix train 10 fold"
          nci_y
pred10fold  1  2  3  4
         1  1  0  0  0
         2  0 22  0  1
         3  0  0 12  0
         4  7  1  0 19
[1] "confusion matrix test"
         test_y
pred_test 1 2 3 4
        1 0 0 0 0
        2 0 3 0 0
        3 0 0 6 0
        4 3 3 0 5
[1] "train acc:0.857142857142857"
[1] "confusion matrix train"
          nci_y
pred_train  1  2  3  4
         1  1  0  0  0
         2  0 22  0  1
         3  0  0 12  0
         4  7  1  0 19
[1] "DS index stage 1"
[1] NA
[1] "KI index stage 1"
[1] NA
There were 12 warnings (use warnings() to see them)
> 
> CMAres<-performCMA(trainm, trainclass, testm, testclass,outloc,
+ maxnum=as.numeric(args[10]),
+ minnum=3,
+ stepitr=1,
+ gsmethods=c("rfe"), #"lasso","elasticnet","kruskal.test"), #"f.test", "f.test", "elasticnet", "wilcox.test", "welch.test"),
+ pct_train=0.40,
+ accuracyweight=1,
+ featweight=0.06,
+ minpresent=1,
+ kname="radial",
+ norm_method="none",
+ tolerance=0.1,
+ maxitrs=5,
+ classindex=1,
+ numfacts=0,
+ evalmethod="CV",
+ numfolds=10,
+ CVfoldthresh=0.7,
+ varselmethod="none",
+ scheme_val="one-vs-all",
+ iter_learn=1,boostweight=rep(0,dim(trainm)[2]))
[1] "dim of trainm is "
[1]   63 2308
[1]   63 2308
[1] "length of factcols"
[1] 0
[1]   63 2308
[1]   20 2308
integer(0)
character(0)
NULL
[1] "ok"
[1] "test class"
V1 V2 V4 V6 
 3  2  4  2 
Levels: 1 2 3 4
[1] "orig train matrix"
            var1      var2       var3       var4       var5        var6
[1,]  0.77334370 -2.438405 -0.4825622 -2.7211350 -1.2170580  0.82780920
[2,] -0.07817778 -2.415754  0.4127717 -2.8251460 -0.6262365  0.05448819
[3,] -0.08446916 -1.649739 -0.2413075 -2.8752860 -0.8894054 -0.02747398
[4,]  0.96561400 -2.380547  0.6252965 -1.7412560 -0.8453664  0.94968680
[5,]  0.07566390 -1.728785  0.8526265  0.2726953 -1.8413700  0.32793590
         var7        var8       var9     var10
[1,] 1.342604  0.05704174  0.1335689 0.5654274
[2,] 1.429498 -0.12024860  0.4567917 0.1590529
[3,] 1.159300  0.01567648  0.1919418 0.4965847
[4,] 1.093801  0.81973580 -0.2846201 0.9947322
[5,] 1.251219  0.77144990  0.0309171 0.2783133
[1] "orig train matrix"
            var1      var2       var3       var4       var5        var6
[1,]  0.77334370 -2.438405 -0.4825622 -2.7211350 -1.2170580  0.82780920
[2,] -0.07817778 -2.415754  0.4127717 -2.8251460 -0.6262365  0.05448819
[3,] -0.08446916 -1.649739 -0.2413075 -2.8752860 -0.8894054 -0.02747398
[4,]  0.96561400 -2.380547  0.6252965 -1.7412560 -0.8453664  0.94968680
[5,]  0.07566390 -1.728785  0.8526265  0.2726953 -1.8413700  0.32793590
         var7        var8       var9     var10
[1,] 1.342604  0.05704174  0.1335689 0.5654274
[2,] 1.429498 -0.12024860  0.4567917 0.1590529
[3,] 1.159300  0.01567648  0.1919418 0.4965847
[4,] 1.093801  0.81973580 -0.2846201 0.9947322
[5,] 1.251219  0.77144990  0.0309171 0.2783133
[1] -0.4825622  0.4127717 -0.2413075
[1] "norm train matrix"
            var1      var2       var3       var4       var5        var6
[1,]  0.77334370 -2.438405 -0.4825622 -2.7211350 -1.2170580  0.82780920
[2,] -0.07817778 -2.415754  0.4127717 -2.8251460 -0.6262365  0.05448819
[3,] -0.08446916 -1.649739 -0.2413075 -2.8752860 -0.8894054 -0.02747398
[4,]  0.96561400 -2.380547  0.6252965 -1.7412560 -0.8453664  0.94968680
[5,]  0.07566390 -1.728785  0.8526265  0.2726953 -1.8413700  0.32793590
         var7        var8       var9     var10
[1,] 1.342604  0.05704174  0.1335689 0.5654274
[2,] 1.429498 -0.12024860  0.4567917 0.1590529
[3,] 1.159300  0.01567648  0.1919418 0.4965847
[4,] 1.093801  0.81973580 -0.2846201 0.9947322
[5,] 1.251219  0.77144990  0.0309171 0.2783133
[1] "mean of feat 2"
[1] -1.739001
[1] "sd of feat 2"
[1] 0.9055712
[1] "maxnum is "
[1] 3
[1] "# of genes left after filtering:"
[1]   63 2308
GeneSelection: iteration 1 
GeneSelection: iteration 2 
GeneSelection: iteration 3 
GeneSelection: iteration 4 
GeneSelection: iteration 5 
GeneSelection: iteration 6 
GeneSelection: iteration 7 
GeneSelection: iteration 8 
GeneSelection: iteration 9 
GeneSelection: iteration 10 
GeneSelection: iteration 1 
GeneSelection: iteration 2 
GeneSelection: iteration 3 
GeneSelection: iteration 4 
GeneSelection: iteration 5 
GeneSelection: iteration 6 
GeneSelection: iteration 7 
GeneSelection: iteration 8 
GeneSelection: iteration 9 
GeneSelection: iteration 10 
GeneSelection: iteration 1 
GeneSelection: iteration 2 
GeneSelection: iteration 3 
GeneSelection: iteration 4 
GeneSelection: iteration 5 
GeneSelection: iteration 6 
GeneSelection: iteration 7 
GeneSelection: iteration 8 
GeneSelection: iteration 9 
GeneSelection: iteration 10 
GeneSelection: iteration 1 
GeneSelection: iteration 2 
GeneSelection: iteration 3 
GeneSelection: iteration 4 
GeneSelection: iteration 5 
GeneSelection: iteration 6 
GeneSelection: iteration 7 
GeneSelection: iteration 8 
GeneSelection: iteration 9 
GeneSelection: iteration 10 
[1] "varselmethod"
[1] "none"
[1] "dim of scoring matrix is "
[1] 2308    1
[1] 2308
[1] "DS index stage 1"
[1] NA
[1] "bestgenelist"
[1]  187  246 2050
        var187    var246   var2050
[1,] -3.426515 1.6047470 -4.635629
[2,] -2.361274 0.7924947 -1.356736
[3,] -2.259526 1.5527410 -2.922482
         var187     var246     var2050
[1,] -0.8549605 -2.5010360  0.58053824
[2,] -2.8949824 -0.5151684 -2.61729584
[3,]  2.9578798 -1.9330926  0.08571887
[1] "numgenes selected:3"
[1] "test acc:0.95"
[1] "test AUC acc:0.958333333333333"
[1] "10 fold train82.5396825396825"
[1] "confusion matrix train 10 fold"
          nci_y
pred10fold  1  2  3  4
         1  7  0  1  0
         2  0 23  0  0
         3  1  0  7  0
         4  0  0  4 20
[1] "confusion matrix test"
         test_y
pred_test 1 2 3 4
        1 3 0 1 0
        2 0 6 0 0
        3 0 0 5 0
        4 0 0 0 5
[1] "train acc:0.904761904761905"
[1] "confusion matrix train"
          nci_y
pred_train  1  2  3  4
         1  7  0  1  0
         2  0 23  0  0
         3  1  0  7  0
         4  0  0  4 20
[1] "DS index stage 1"
[1] NA
[1] "KI index stage 1"
[1] NA
Warning messages:
1: In if (is.na(boostweight) == TRUE) { :
  the condition has length > 1 and only the first element will be used
2: In if (is.na(testm) == TRUE) { :
  the condition has length > 1 and only the first element will be used
3: In if (is.na(testclass) == TRUE) { :
  the condition has length > 1 and only the first element will be used
4: In mean.default(DS_res, na.rm = TRUE) :
  argument is not numeric or logical: returning NA
5: In mean.default(DS_res, na.rm = TRUE) :
  argument is not numeric or logical: returning NA
6: In mean.default(KI_res, na.rm = TRUE) :
  argument is not numeric or logical: returning NA
> 
> CMAres<-performCMA(trainm, trainclass, testm, testclass,outloc,
+ maxnum=as.numeric(args[10]),
+ minnum=3,
+ stepitr=1,
+ gsmethods=c("elasticnet"), #"lasso","elasticnet","kruskal.test"), #"f.test", "f.test", "elasticnet", "wilcox.test", "welch.test"),
+ pct_train=0.40,
+ accuracyweight=1,
+ featweight=0.06,
+ minpresent=1,
+ kname="radial",
+ norm_method="none",
+ tolerance=0.1,
+ maxitrs=5,
+ classindex=1,
+ numfacts=0,
+ evalmethod="CV",
+ numfolds=10,
+ CVfoldthresh=0.7,
+ varselmethod="none",
+ scheme_val="one-vs-all",
+ iter_learn=1,boostweight=rep(0,dim(trainm)[2]))
[1] "dim of trainm is "
[1]   63 2308
[1]   63 2308
[1] "length of factcols"
[1] 0
[1]   63 2308
[1]   20 2308
integer(0)
character(0)
NULL
[1] "ok"
[1] "test class"
V1 V2 V4 V6 
 3  2  4  2 
Levels: 1 2 3 4
[1] "orig train matrix"
            var1      var2       var3       var4       var5        var6
[1,]  0.77334370 -2.438405 -0.4825622 -2.7211350 -1.2170580  0.82780920
[2,] -0.07817778 -2.415754  0.4127717 -2.8251460 -0.6262365  0.05448819
[3,] -0.08446916 -1.649739 -0.2413075 -2.8752860 -0.8894054 -0.02747398
[4,]  0.96561400 -2.380547  0.6252965 -1.7412560 -0.8453664  0.94968680
[5,]  0.07566390 -1.728785  0.8526265  0.2726953 -1.8413700  0.32793590
         var7        var8       var9     var10
[1,] 1.342604  0.05704174  0.1335689 0.5654274
[2,] 1.429498 -0.12024860  0.4567917 0.1590529
[3,] 1.159300  0.01567648  0.1919418 0.4965847
[4,] 1.093801  0.81973580 -0.2846201 0.9947322
[5,] 1.251219  0.77144990  0.0309171 0.2783133
[1] "orig train matrix"
            var1      var2       var3       var4       var5        var6
[1,]  0.77334370 -2.438405 -0.4825622 -2.7211350 -1.2170580  0.82780920
[2,] -0.07817778 -2.415754  0.4127717 -2.8251460 -0.6262365  0.05448819
[3,] -0.08446916 -1.649739 -0.2413075 -2.8752860 -0.8894054 -0.02747398
[4,]  0.96561400 -2.380547  0.6252965 -1.7412560 -0.8453664  0.94968680
[5,]  0.07566390 -1.728785  0.8526265  0.2726953 -1.8413700  0.32793590
         var7        var8       var9     var10
[1,] 1.342604  0.05704174  0.1335689 0.5654274
[2,] 1.429498 -0.12024860  0.4567917 0.1590529
[3,] 1.159300  0.01567648  0.1919418 0.4965847
[4,] 1.093801  0.81973580 -0.2846201 0.9947322
[5,] 1.251219  0.77144990  0.0309171 0.2783133
[1] -0.4825622  0.4127717 -0.2413075
[1] "norm train matrix"
            var1      var2       var3       var4       var5        var6
[1,]  0.77334370 -2.438405 -0.4825622 -2.7211350 -1.2170580  0.82780920
[2,] -0.07817778 -2.415754  0.4127717 -2.8251460 -0.6262365  0.05448819
[3,] -0.08446916 -1.649739 -0.2413075 -2.8752860 -0.8894054 -0.02747398
[4,]  0.96561400 -2.380547  0.6252965 -1.7412560 -0.8453664  0.94968680
[5,]  0.07566390 -1.728785  0.8526265  0.2726953 -1.8413700  0.32793590
         var7        var8       var9     var10
[1,] 1.342604  0.05704174  0.1335689 0.5654274
[2,] 1.429498 -0.12024860  0.4567917 0.1590529
[3,] 1.159300  0.01567648  0.1919418 0.4965847
[4,] 1.093801  0.81973580 -0.2846201 0.9947322
[5,] 1.251219  0.77144990  0.0309171 0.2783133
[1] "mean of feat 2"
[1] -1.739001
[1] "sd of feat 2"
[1] 0.9055712
[1] "maxnum is "
[1] 3
[1] "# of genes left after filtering:"
[1]   63 2308
GeneSelection: iteration 1 
GeneSelection: iteration 2 
GeneSelection: iteration 3 
GeneSelection: iteration 4 
GeneSelection: iteration 5 
GeneSelection: iteration 6 
GeneSelection: iteration 7 
GeneSelection: iteration 8 
GeneSelection: iteration 9 
GeneSelection: iteration 10 
GeneSelection: iteration 1 
GeneSelection: iteration 2 
GeneSelection: iteration 3 
GeneSelection: iteration 4 
GeneSelection: iteration 5 
GeneSelection: iteration 6 
GeneSelection: iteration 7 
GeneSelection: iteration 8 
GeneSelection: iteration 9 
GeneSelection: iteration 10 
GeneSelection: iteration 1 
GeneSelection: iteration 2 
GeneSelection: iteration 3 
GeneSelection: iteration 4 
GeneSelection: iteration 5 
GeneSelection: iteration 6 
GeneSelection: iteration 7 
GeneSelection: iteration 8 
GeneSelection: iteration 9 
GeneSelection: iteration 10 
GeneSelection: iteration 1 
GeneSelection: iteration 2 
GeneSelection: iteration 3 
GeneSelection: iteration 4 
GeneSelection: iteration 5 
GeneSelection: iteration 6 
GeneSelection: iteration 7 
GeneSelection: iteration 8 
GeneSelection: iteration 9 
GeneSelection: iteration 10 
[1] "varselmethod"
[1] "none"
[1] "dim of scoring matrix is "
[1] 2308    1
[1] 2308
[1] "DS index stage 1"
[1] NA
[1] "bestgenelist"
[1]   1 246 255
            var1    var246    var255
[1,]  0.77334370 1.6047470 -1.514582
[2,] -0.07817778 0.7924947 -1.701005
[3,] -0.08446916 1.5527410 -1.256319
          var1     var246    var255
[1,] 0.1395010 -2.5010360  1.165710
[2,] 1.1642752 -0.5151684 -0.592759
[3,] 0.8410929 -1.9330926 -1.027222
[1] "numgenes selected:3"
[1] "test acc:0.75"
[1] "test AUC acc:0.8"
[1] "10 fold train90.4761904761905"
[1] "confusion matrix train 10 fold"
          nci_y
pred10fold  1  2  3  4
         1  8  0  0  0
         2  0 22  0  1
         3  0  0 11  1
         4  0  1  1 18
[1] "confusion matrix test"
         test_y
pred_test 1 2 3 4
        1 3 0 0 1
        2 0 3 0 0
        3 0 1 6 1
        4 0 2 0 3
[1] "train acc:0.936507936507937"
[1] "confusion matrix train"
          nci_y
pred_train  1  2  3  4
         1  8  0  0  0
         2  0 22  0  1
         3  0  0 11  1
         4  0  1  1 18
[1] "DS index stage 1"
[1] NA
[1] "KI index stage 1"
[1] NA
There were 12 warnings (use warnings() to see them)
> 
> if(FALSE){
+ CMAres<-performCMA(trainm, trainclass, testm, testclass,outloc,
+ maxnum=as.numeric(args[10]),
+ minnum=3,
+ stepitr=1,
+ gsmethods=c("rf"), #"lasso","elasticnet","kruskal.test"), #"f.test", "f.test", "elasticnet", "wilcox.test", "welch.test"),
+ pct_train=0.40,
+ accuracyweight=1,
+ featweight=0.06,
+ minpresent=1,
+ kname="radial",
+ norm_method="none",
+ tolerance=0.1,
+ maxitrs=5,
+ classindex=1,
+ numfacts=0,
+ evalmethod="CV",
+ numfolds=10,
+ CVfoldthresh=0.7,
+ varselmethod="none",
+ scheme_val="one-vs-all",
+ iter_learn=1,boostweight=rep(0,dim(trainm)[2]))
+ }
> 
> CMAres<-performCMA(trainm, trainclass, testm, testclass,outloc,
+ maxnum=as.numeric(args[10]),
+ minnum=3,
+ stepitr=1,
+ gsmethods=c("f.test"), #"lasso","elasticnet","kruskal.test"), #"f.test", "f.test", "elasticnet", "wilcox.test", "welch.test"),
+ pct_train=0.40,
+ accuracyweight=1,
+ featweight=0.06,
+ minpresent=1,
+ kname="radial",
+ norm_method="none",
+ tolerance=0.1,
+ maxitrs=5,
+ classindex=1,
+ numfacts=0,
+ evalmethod="CV",
+ numfolds=10,
+ CVfoldthresh=0.7,
+ varselmethod="none",
+ scheme_val="one-vs-all",
+ iter_learn=1,boostweight=rep(0,dim(trainm)[2]))
[1] "dim of trainm is "
[1]   63 2308
[1]   63 2308
[1] "length of factcols"
[1] 0
[1]   63 2308
[1]   20 2308
integer(0)
character(0)
NULL
[1] "ok"
[1] "test class"
V1 V2 V4 V6 
 3  2  4  2 
Levels: 1 2 3 4
[1] "orig train matrix"
            var1      var2       var3       var4       var5        var6
[1,]  0.77334370 -2.438405 -0.4825622 -2.7211350 -1.2170580  0.82780920
[2,] -0.07817778 -2.415754  0.4127717 -2.8251460 -0.6262365  0.05448819
[3,] -0.08446916 -1.649739 -0.2413075 -2.8752860 -0.8894054 -0.02747398
[4,]  0.96561400 -2.380547  0.6252965 -1.7412560 -0.8453664  0.94968680
[5,]  0.07566390 -1.728785  0.8526265  0.2726953 -1.8413700  0.32793590
         var7        var8       var9     var10
[1,] 1.342604  0.05704174  0.1335689 0.5654274
[2,] 1.429498 -0.12024860  0.4567917 0.1590529
[3,] 1.159300  0.01567648  0.1919418 0.4965847
[4,] 1.093801  0.81973580 -0.2846201 0.9947322
[5,] 1.251219  0.77144990  0.0309171 0.2783133
[1] "orig train matrix"
            var1      var2       var3       var4       var5        var6
[1,]  0.77334370 -2.438405 -0.4825622 -2.7211350 -1.2170580  0.82780920
[2,] -0.07817778 -2.415754  0.4127717 -2.8251460 -0.6262365  0.05448819
[3,] -0.08446916 -1.649739 -0.2413075 -2.8752860 -0.8894054 -0.02747398
[4,]  0.96561400 -2.380547  0.6252965 -1.7412560 -0.8453664  0.94968680
[5,]  0.07566390 -1.728785  0.8526265  0.2726953 -1.8413700  0.32793590
         var7        var8       var9     var10
[1,] 1.342604  0.05704174  0.1335689 0.5654274
[2,] 1.429498 -0.12024860  0.4567917 0.1590529
[3,] 1.159300  0.01567648  0.1919418 0.4965847
[4,] 1.093801  0.81973580 -0.2846201 0.9947322
[5,] 1.251219  0.77144990  0.0309171 0.2783133
[1] -0.4825622  0.4127717 -0.2413075
[1] "norm train matrix"
            var1      var2       var3       var4       var5        var6
[1,]  0.77334370 -2.438405 -0.4825622 -2.7211350 -1.2170580  0.82780920
[2,] -0.07817778 -2.415754  0.4127717 -2.8251460 -0.6262365  0.05448819
[3,] -0.08446916 -1.649739 -0.2413075 -2.8752860 -0.8894054 -0.02747398
[4,]  0.96561400 -2.380547  0.6252965 -1.7412560 -0.8453664  0.94968680
[5,]  0.07566390 -1.728785  0.8526265  0.2726953 -1.8413700  0.32793590
         var7        var8       var9     var10
[1,] 1.342604  0.05704174  0.1335689 0.5654274
[2,] 1.429498 -0.12024860  0.4567917 0.1590529
[3,] 1.159300  0.01567648  0.1919418 0.4965847
[4,] 1.093801  0.81973580 -0.2846201 0.9947322
[5,] 1.251219  0.77144990  0.0309171 0.2783133
[1] "mean of feat 2"
[1] -1.739001
[1] "sd of feat 2"
[1] 0.9055712
[1] "maxnum is "
[1] 3
[1] "# of genes left after filtering:"
[1]   63 2308
GeneSelection: iteration 1 
GeneSelection: iteration 2 
GeneSelection: iteration 3 
GeneSelection: iteration 4 
GeneSelection: iteration 5 
GeneSelection: iteration 6 
GeneSelection: iteration 7 
GeneSelection: iteration 8 
GeneSelection: iteration 9 
GeneSelection: iteration 10 
GeneSelection: iteration 1 
GeneSelection: iteration 2 
GeneSelection: iteration 3 
GeneSelection: iteration 4 
GeneSelection: iteration 5 
GeneSelection: iteration 6 
GeneSelection: iteration 7 
GeneSelection: iteration 8 
GeneSelection: iteration 9 
GeneSelection: iteration 10 
GeneSelection: iteration 1 
GeneSelection: iteration 2 
GeneSelection: iteration 3 
GeneSelection: iteration 4 
GeneSelection: iteration 5 
GeneSelection: iteration 6 
GeneSelection: iteration 7 
GeneSelection: iteration 8 
GeneSelection: iteration 9 
GeneSelection: iteration 10 
GeneSelection: iteration 1 
GeneSelection: iteration 2 
GeneSelection: iteration 3 
GeneSelection: iteration 4 
GeneSelection: iteration 5 
GeneSelection: iteration 6 
GeneSelection: iteration 7 
GeneSelection: iteration 8 
GeneSelection: iteration 9 
GeneSelection: iteration 10 
[1] "varselmethod"
[1] "none"
[1] "dim of scoring matrix is "
[1] 2308    1
[1] 2308
[1] "DS index stage 1"
[1] NA
[1] "bestgenelist"
[1] 246 255 842
        var246    var255   var842
[1,] 1.6047470 -1.514582 1.553629
[2,] 0.7924947 -1.701005 1.732505
[3,] 1.5527410 -1.256319 1.454747
         var246    var255     var842
[1,] -2.5010360  1.165710 -0.3690368
[2,] -0.5151684 -0.592759  0.7715886
[3,] -1.9330926 -1.027222  0.9271515
[1] "numgenes selected:3"
[1] "test acc:0.7"
[1] "test AUC acc:0.75"
[1] "10 fold train77.7777777777778"
[1] "confusion matrix train 10 fold"
          nci_y
pred10fold  1  2  3  4
         1  1  0  0  0
         2  0 22  0  1
         3  0  0 12  0
         4  7  1  0 19
[1] "confusion matrix test"
         test_y
pred_test 1 2 3 4
        1 0 0 0 0
        2 0 3 0 0
        3 0 0 6 0
        4 3 3 0 5
[1] "train acc:0.857142857142857"
[1] "confusion matrix train"
          nci_y
pred_train  1  2  3  4
         1  1  0  0  0
         2  0 22  0  1
         3  0  0 12  0
         4  7  1  0 19
[1] "DS index stage 1"
[1] NA
[1] "KI index stage 1"
[1] NA
Warning messages:
1: In if (is.na(boostweight) == TRUE) { :
  the condition has length > 1 and only the first element will be used
2: In if (is.na(testm) == TRUE) { :
  the condition has length > 1 and only the first element will be used
3: In if (is.na(testclass) == TRUE) { :
  the condition has length > 1 and only the first element will be used
4: In mean.default(DS_res, na.rm = TRUE) :
  argument is not numeric or logical: returning NA
5: In mean.default(DS_res, na.rm = TRUE) :
  argument is not numeric or logical: returning NA
6: In mean.default(KI_res, na.rm = TRUE) :
  argument is not numeric or logical: returning NA
> 
> #1
> CMAres<-performCMA(trainm, trainclass, testm, testclass,outloc,
+ maxnum=as.numeric(args[10]),
+ minnum=3,
+ stepitr=1,
+ gsmethods=c("limma","lasso","rfe","elasticnet", "f.test"), #"lasso","elasticnet","kruskal.test"), #"f.test", "f.test", "elasticnet", "wilcox.test", "welch.test"),
+ pct_train=0.40,
+ accuracyweight=1,
+ featweight=0.06,
+ minpresent=1,
+ kname="radial",
+ norm_method="none",
+ tolerance=0.1,
+ maxitrs=5,
+ classindex=1,
+ numfacts=0,
+ evalmethod="CV",
+ numfolds=10,
+ CVfoldthresh=0.7,
+ varselmethod="none",
+ scheme_val="one-vs-all",
+ iter_learn=1,boostweight=rep(0,dim(trainm)[2]))
[1] "dim of trainm is "
[1]   63 2308
[1]   63 2308
[1] "length of factcols"
[1] 0
[1]   63 2308
[1]   20 2308
integer(0)
character(0)
NULL
[1] "ok"
[1] "test class"
V1 V2 V4 V6 
 3  2  4  2 
Levels: 1 2 3 4
[1] "orig train matrix"
            var1      var2       var3       var4       var5        var6
[1,]  0.77334370 -2.438405 -0.4825622 -2.7211350 -1.2170580  0.82780920
[2,] -0.07817778 -2.415754  0.4127717 -2.8251460 -0.6262365  0.05448819
[3,] -0.08446916 -1.649739 -0.2413075 -2.8752860 -0.8894054 -0.02747398
[4,]  0.96561400 -2.380547  0.6252965 -1.7412560 -0.8453664  0.94968680
[5,]  0.07566390 -1.728785  0.8526265  0.2726953 -1.8413700  0.32793590
         var7        var8       var9     var10
[1,] 1.342604  0.05704174  0.1335689 0.5654274
[2,] 1.429498 -0.12024860  0.4567917 0.1590529
[3,] 1.159300  0.01567648  0.1919418 0.4965847
[4,] 1.093801  0.81973580 -0.2846201 0.9947322
[5,] 1.251219  0.77144990  0.0309171 0.2783133
[1] "orig train matrix"
            var1      var2       var3       var4       var5        var6
[1,]  0.77334370 -2.438405 -0.4825622 -2.7211350 -1.2170580  0.82780920
[2,] -0.07817778 -2.415754  0.4127717 -2.8251460 -0.6262365  0.05448819
[3,] -0.08446916 -1.649739 -0.2413075 -2.8752860 -0.8894054 -0.02747398
[4,]  0.96561400 -2.380547  0.6252965 -1.7412560 -0.8453664  0.94968680
[5,]  0.07566390 -1.728785  0.8526265  0.2726953 -1.8413700  0.32793590
         var7        var8       var9     var10
[1,] 1.342604  0.05704174  0.1335689 0.5654274
[2,] 1.429498 -0.12024860  0.4567917 0.1590529
[3,] 1.159300  0.01567648  0.1919418 0.4965847
[4,] 1.093801  0.81973580 -0.2846201 0.9947322
[5,] 1.251219  0.77144990  0.0309171 0.2783133
[1] -0.4825622  0.4127717 -0.2413075
[1] "norm train matrix"
            var1      var2       var3       var4       var5        var6
[1,]  0.77334370 -2.438405 -0.4825622 -2.7211350 -1.2170580  0.82780920
[2,] -0.07817778 -2.415754  0.4127717 -2.8251460 -0.6262365  0.05448819
[3,] -0.08446916 -1.649739 -0.2413075 -2.8752860 -0.8894054 -0.02747398
[4,]  0.96561400 -2.380547  0.6252965 -1.7412560 -0.8453664  0.94968680
[5,]  0.07566390 -1.728785  0.8526265  0.2726953 -1.8413700  0.32793590
         var7        var8       var9     var10
[1,] 1.342604  0.05704174  0.1335689 0.5654274
[2,] 1.429498 -0.12024860  0.4567917 0.1590529
[3,] 1.159300  0.01567648  0.1919418 0.4965847
[4,] 1.093801  0.81973580 -0.2846201 0.9947322
[5,] 1.251219  0.77144990  0.0309171 0.2783133
[1] "mean of feat 2"
[1] -1.739001
[1] "sd of feat 2"
[1] 0.9055712
[1] "maxnum is "
[1] 3
[1] "# of genes left after filtering:"
[1]   63 2308
GeneSelection: iteration 1 
GeneSelection: iteration 2 
GeneSelection: iteration 3 
GeneSelection: iteration 4 
GeneSelection: iteration 5 
GeneSelection: iteration 6 
GeneSelection: iteration 7 
GeneSelection: iteration 8 
GeneSelection: iteration 9 
GeneSelection: iteration 10 
GeneSelection: iteration 1 
GeneSelection: iteration 2 
GeneSelection: iteration 3 
GeneSelection: iteration 4 
GeneSelection: iteration 5 
GeneSelection: iteration 6 
GeneSelection: iteration 7 
GeneSelection: iteration 8 
GeneSelection: iteration 9 
GeneSelection: iteration 10 
GeneSelection: iteration 1 
GeneSelection: iteration 2 
GeneSelection: iteration 3 
GeneSelection: iteration 4 
GeneSelection: iteration 5 
GeneSelection: iteration 6 
GeneSelection: iteration 7 
GeneSelection: iteration 8 
GeneSelection: iteration 9 
GeneSelection: iteration 10 
GeneSelection: iteration 1 
GeneSelection: iteration 2 
GeneSelection: iteration 3 
GeneSelection: iteration 4 
GeneSelection: iteration 5 
GeneSelection: iteration 6 
GeneSelection: iteration 7 
GeneSelection: iteration 8 
GeneSelection: iteration 9 
GeneSelection: iteration 10 
[1] "varselmethod"
[1] "none"
GeneSelection: iteration 1 
GeneSelection: iteration 2 
GeneSelection: iteration 3 
GeneSelection: iteration 4 
GeneSelection: iteration 5 
GeneSelection: iteration 6 
GeneSelection: iteration 7 
GeneSelection: iteration 8 
GeneSelection: iteration 9 
GeneSelection: iteration 10 
GeneSelection: iteration 1 
GeneSelection: iteration 2 
GeneSelection: iteration 3 
GeneSelection: iteration 4 
GeneSelection: iteration 5 
GeneSelection: iteration 6 
GeneSelection: iteration 7 
GeneSelection: iteration 8 
GeneSelection: iteration 9 
GeneSelection: iteration 10 
GeneSelection: iteration 1 
GeneSelection: iteration 2 
GeneSelection: iteration 3 
GeneSelection: iteration 4 
GeneSelection: iteration 5 
GeneSelection: iteration 6 
GeneSelection: iteration 7 
GeneSelection: iteration 8 
GeneSelection: iteration 9 
GeneSelection: iteration 10 
GeneSelection: iteration 1 
GeneSelection: iteration 2 
GeneSelection: iteration 3 
GeneSelection: iteration 4 
GeneSelection: iteration 5 
GeneSelection: iteration 6 
GeneSelection: iteration 7 
GeneSelection: iteration 8 
GeneSelection: iteration 9 
GeneSelection: iteration 10 
genelist
 246  255  842 1003 1954 1955    1 1427 1764  836 1389 2050  248 2046  129  509 
  10   10   10   10   10   10    9    8    7    5    5    4    3    3    2    2 
 589  742 2198  695  851  910 1319 1387 2022 
   2    2    2    1    1    1    1    1    1 
[1] "varselmethod"
[1] "none"
GeneSelection: iteration 1 
GeneSelection: iteration 2 
GeneSelection: iteration 3 
GeneSelection: iteration 4 
GeneSelection: iteration 5 
GeneSelection: iteration 6 
GeneSelection: iteration 7 
GeneSelection: iteration 8 
GeneSelection: iteration 9 
GeneSelection: iteration 10 
GeneSelection: iteration 1 
GeneSelection: iteration 2 
GeneSelection: iteration 3 
GeneSelection: iteration 4 
GeneSelection: iteration 5 
GeneSelection: iteration 6 
GeneSelection: iteration 7 
GeneSelection: iteration 8 
GeneSelection: iteration 9 
GeneSelection: iteration 10 
GeneSelection: iteration 1 
GeneSelection: iteration 2 
GeneSelection: iteration 3 
GeneSelection: iteration 4 
GeneSelection: iteration 5 
GeneSelection: iteration 6 
GeneSelection: iteration 7 
GeneSelection: iteration 8 
GeneSelection: iteration 9 
GeneSelection: iteration 10 
GeneSelection: iteration 1 
GeneSelection: iteration 2 
GeneSelection: iteration 3 
GeneSelection: iteration 4 
GeneSelection: iteration 5 
GeneSelection: iteration 6 
GeneSelection: iteration 7 
GeneSelection: iteration 8 
GeneSelection: iteration 9 
GeneSelection: iteration 10 
[1] "varselmethod"
[1] "none"
GeneSelection: iteration 1 
GeneSelection: iteration 2 
GeneSelection: iteration 3 
GeneSelection: iteration 4 
GeneSelection: iteration 5 
GeneSelection: iteration 6 
GeneSelection: iteration 7 
GeneSelection: iteration 8 
GeneSelection: iteration 9 
GeneSelection: iteration 10 
GeneSelection: iteration 1 
GeneSelection: iteration 2 
GeneSelection: iteration 3 
GeneSelection: iteration 4 
GeneSelection: iteration 5 
GeneSelection: iteration 6 
GeneSelection: iteration 7 
GeneSelection: iteration 8 
GeneSelection: iteration 9 
GeneSelection: iteration 10 
GeneSelection: iteration 1 
GeneSelection: iteration 2 
GeneSelection: iteration 3 
GeneSelection: iteration 4 
GeneSelection: iteration 5 
GeneSelection: iteration 6 
GeneSelection: iteration 7 
GeneSelection: iteration 8 
GeneSelection: iteration 9 
GeneSelection: iteration 10 
GeneSelection: iteration 1 
GeneSelection: iteration 2 
GeneSelection: iteration 3 
GeneSelection: iteration 4 
GeneSelection: iteration 5 
GeneSelection: iteration 6 
GeneSelection: iteration 7 
GeneSelection: iteration 8 
GeneSelection: iteration 9 
GeneSelection: iteration 10 
[1] "varselmethod"
[1] "none"
GeneSelection: iteration 1 
GeneSelection: iteration 2 
GeneSelection: iteration 3 
GeneSelection: iteration 4 
GeneSelection: iteration 5 
GeneSelection: iteration 6 
GeneSelection: iteration 7 
GeneSelection: iteration 8 
GeneSelection: iteration 9 
GeneSelection: iteration 10 
GeneSelection: iteration 1 
GeneSelection: iteration 2 
GeneSelection: iteration 3 
GeneSelection: iteration 4 
GeneSelection: iteration 5 
GeneSelection: iteration 6 
GeneSelection: iteration 7 
GeneSelection: iteration 8 
GeneSelection: iteration 9 
GeneSelection: iteration 10 
GeneSelection: iteration 1 
GeneSelection: iteration 2 
GeneSelection: iteration 3 
GeneSelection: iteration 4 
GeneSelection: iteration 5 
GeneSelection: iteration 6 
GeneSelection: iteration 7 
GeneSelection: iteration 8 
GeneSelection: iteration 9 
GeneSelection: iteration 10 
GeneSelection: iteration 1 
GeneSelection: iteration 2 
GeneSelection: iteration 3 
GeneSelection: iteration 4 
GeneSelection: iteration 5 
GeneSelection: iteration 6 
GeneSelection: iteration 7 
GeneSelection: iteration 8 
GeneSelection: iteration 9 
GeneSelection: iteration 10 
[1] "varselmethod"
[1] "none"
[1] "dim of scoring matrix is "
[1] 2308    5
[1] 2308
[1] "DS index stage 1"
[1] 0.6333333
[1] "bestgenelist"
[1]    1  187  246  255  842 2050
            var1    var187    var246    var255   var842   var2050
[1,]  0.77334370 -3.426515 1.6047470 -1.514582 1.553629 -4.635629
[2,] -0.07817778 -2.361274 0.7924947 -1.701005 1.732505 -1.356736
[3,] -0.08446916 -2.259526 1.5527410 -1.256319 1.454747 -2.922482
          var1     var187     var246    var255     var842     var2050
[1,] 0.1395010 -0.8549605 -2.5010360  1.165710 -0.3690368  0.58053824
[2,] 1.1642752 -2.8949824 -0.5151684 -0.592759  0.7715886 -2.61729584
[3,] 0.8410929  2.9578798 -1.9330926 -1.027222  0.9271515  0.08571887
[1] "numgenes selected:6"
[1] "test acc:1"
[1] "test AUC acc:1"
[1] "10 fold train96.8253968253968"
[1] "confusion matrix train 10 fold"
          nci_y
pred10fold  1  2  3  4
         1  8  0  0  0
         2  0 23  0  1
         3  0  0 12  0
         4  0  0  0 19
[1] "confusion matrix test"
         test_y
pred_test 1 2 3 4
        1 3 0 0 0
        2 0 6 0 0
        3 0 0 6 0
        4 0 0 0 5
[1] "train acc:0.984126984126984"
[1] "confusion matrix train"
          nci_y
pred_train  1  2  3  4
         1  8  0  0  0
         2  0 23  0  1
         3  0  0 12  0
         4  0  0  0 19
[1] "DS index stage 1"
[1] 0.6333333
[1] "KI index stage 1"
[1] 0.6328561
[[1]]
[1] "var246" "var255" "var842"

[[2]]
[1] "var246" "var255" "var842"

[[3]]
[1] "var187"  "var246"  "var2050"

[[4]]
[1] "var1"   "var246" "var255"

[[5]]
[1] "var246" "var255" "var842"


 Iteration 1 :  Optimal value:  2.8 
 Optimal List:   var246,var255,var842 

 Iteration 2 :  Optimal value:  2.8 
 Optimal List:   var246,var255,var842 

 Iteration 3 :  Optimal value:  2.8 
 Optimal List:   var246,var255,var842 

 Iteration 4 :  Optimal value:  2.8 
 Optimal List:   var246,var255,var842 

 Iteration 5 :  Optimal value:  2.8 
 Optimal List:   var246,var255,var842 

 Iteration 6 :  Optimal value:  2.8 
 Optimal List:   var246,var255,var842 

 Iteration 7 :  Optimal value:  2.8 
 Optimal List:   var246,var255,var842 
[1] "test acc rank aggreg CE:0.7"
[1] "test AUC acc rank aggreg CE:0.75"
[1] "10 fold train rank aggreg res CE80.9523809523809"
[1] "confusion matrix train 10 fold rank aggreg CE"
            nci_y
pred10foldRA  1  2  3  4
           1  1  0  0  0
           2  0 22  0  1
           3  0  0 12  0
           4  7  1  0 19
[1] "Num itr RA CE"
[1] 7
[1] "Test BER aggreg CE is"
[1] 0.625

 Iteration 1 :  Optimal value:  2.8 
 Optimal List:   var246,var255,var842 

 Iteration 2 :  Optimal value:  2.8 
 Optimal List:   var246,var255,var842 

 Iteration 3 :  Optimal value:  2.8 
 Optimal List:   var246,var255,var842 

 Iteration 4 :  Optimal value:  2.8 
 Optimal List:   var246,var255,var842 

 Iteration 5 :  Optimal value:  2.8 
 Optimal List:   var246,var255,var842 

 Iteration 6 :  Optimal value:  2.8 
 Optimal List:   var246,var255,var842 

 Iteration 7 :  Optimal value:  2.8 
 Optimal List:   var246,var255,var842 

 Iteration 8 :  Optimal value:  2.8 
 Optimal List:   var246,var255,var842 

 Iteration 9 :  Optimal value:  2.8 
 Optimal List:   var246,var255,var842 

 Iteration 10 :  Optimal value:  2.8 
 Optimal List:   var246,var255,var842 

 Iteration 11 :  Optimal value:  2.8 
 Optimal List:   var246,var255,var842 

 Iteration 12 :  Optimal value:  2.8 
 Optimal List:   var246,var255,var842 

 Iteration 13 :  Optimal value:  2.8 
 Optimal List:   var246,var255,var842 

 Iteration 14 :  Optimal value:  2.8 
 Optimal List:   var246,var255,var842 

 Iteration 15 :  Optimal value:  2.8 
 Optimal List:   var246,var255,var842 

 Iteration 16 :  Optimal value:  2.8 
 Optimal List:   var246,var255,var842 

 Iteration 17 :  Optimal value:  2.8 
 Optimal List:   var246,var255,var842 

 Iteration 18 :  Optimal value:  2.8 
 Optimal List:   var246,var255,var842 

 Iteration 19 :  Optimal value:  2.8 
 Optimal List:   var246,var255,var842 

 Iteration 20 :  Optimal value:  2.8 
 Optimal List:   var246,var255,var842 

 Iteration 21 :  Optimal value:  2.8 
 Optimal List:   var246,var255,var842 

 Iteration 22 :  Optimal value:  2.8 
 Optimal List:   var246,var255,var842 

 Iteration 23 :  Optimal value:  2.8 
 Optimal List:   var246,var255,var842 

 Iteration 24 :  Optimal value:  2.8 
 Optimal List:   var246,var255,var842 

 Iteration 25 :  Optimal value:  2.8 
 Optimal List:   var246,var255,var842 

 Iteration 26 :  Optimal value:  2.8 
 Optimal List:   var246,var255,var842 

 Iteration 27 :  Optimal value:  2.8 
 Optimal List:   var246,var255,var842 

 Iteration 28 :  Optimal value:  2.8 
 Optimal List:   var246,var255,var842 

 Iteration 29 :  Optimal value:  2.8 
 Optimal List:   var246,var255,var842 

 Iteration 30 :  Optimal value:  2.8 
 Optimal List:   var246,var255,var842 
[1] "test acc rank aggreg GA:0.7"
[1] "test AUC acc rank aggreg GA:0.75"
[1] "10 fold train rank aggreg res GA80.9523809523809"
[1] "confusion matrix train 10 fold rank aggreg GA"
            nci_y
pred10foldRA  1  2  3  4
           1  1  0  0  0
           2  0 22  0  1
           3  0  0 12  0
           4  7  1  0 19
[1] "Num itr RA GA"
[1] 31
[1] "Test BER aggreg GA is"
[1] 0.625
There were 15 warnings (use warnings() to see them)
> 
> cma_feat_list<-colnames(trainm)
> 
> save(CMAres,file="CMAres.Rda")
> write.table(cma_feat_list,file="selected_cma_feat_list.txt",sep="t",row.names=FALSE)
> 
> # modtraindata=modtrain, modtestdata=modtest, blindtest=testacc, modtrainclass=nci_y, modtestclass=test_y
> #if(FALSE)
> {
+ trainm<-CMAres$modtraindata
+ testm<-CMAres$modtestdata
+ trainclass<-CMAres$modtrainclass
+ testclass<-CMAres$modtestclass
+ learningsets<-CMAres$learningsets
+ }
> 
> if(FALSE)
+ {
+ trainclass<-trainm[,1] #CMAres$modtrainclass
+ testclass<-testm[,1] #CMAres$modtestclass
+ trainm<-trainm[,-c(1)] #CMAres$modtrainmata
+ testm<-testm[,-c(1)] #CMAres$modtestmata
+ 
+ }
> 
> d_dim<-dim(trainm)
> 
> print("Original dimension")
[1] "Original dimension"
> print(d_dim)
[1] 63  6
> 
> #2 call run_pso function()
> system.time(psores<-run_pso(outloc=outloc,trainm,trainclass,testm,testclass,transition_matrix,c1=2.05,
+ c2=2.05,
+ itr=10,
+ globalpso_maxitr=10,
+ global_max_itr=3,
+ num_part=20,
+ kname="radial",
+ errortype="BER",
+ weightA<-as.numeric(args[1]),
+ weightB<-as.numeric(args[2]),
+ weightC<-as.numeric(args[3]),
+ weightD<-as.numeric(args[4]),
+ featweight.max=0.01,
+ featweight.min=0.01,
+ numfolds=10,
+ followerprob=as.numeric(args[6]),
+ confusionprob=as.numeric(args[7]),
+ leaderprob=as.numeric(args[8]),
+ wmax=1,
+ wmin=1,
+ behavior_reset_itr=5,
+ maxitrreset=10,
+ num_neighbors=3,
+ minselect.pct=0.5,
+ evalMode="CV2",
+ minfitnessthresh=50,
+ maxnum=as.numeric(args[10]),minnum=3,inertia_method=args[5],particlebehav_method="randbased",constriction_factor=1,
+ select.global.best=TRUE,numnodes=4,evalFunc=eval_fit_kfold_diff,itr.terminate=FALSE,train.pct=as.numeric(args[11]),min.iter.select=1))
[1] "c1: 2.05"
[1] "c2: 2.05"
[1] "itr: 10"
[1] "globalpso_maxitr: 10"
[1] "global_max_itr: 3"
[1] "num_part: 20"
[1] "kname: radial"
[1] "errortype: BER"
[1] "weightA: 0.5"
[1] "weightB: 0.4"
[1] "weightC: 0.05"
[1] "weightD: 0.05"
[1] "featweight.max: 0.01"
[1] "featweight.min: 0.01"
[1] "numfolds: 10"
[1] "followerprob: 0.45"
[1] "confusionprob: 0.2"
[1] "leaderprob: 0.25"
[1] "wmax: 1"
[1] "wmin: 1"
[1] "behavior_reset_itr: 5"
[1] "maxitrreset: 10"
[1] "num_neighbors: 3"
[1] "minselect.pct: 0.5"
[1] "minfitnessthresh: 50"
[1] "maxnum: 3"
[1] "minnum: 3"
[1] "inertia_method: global"
[1] "particlebehav_method: randbased"
[1] "constriction_factor: 1"
[1] "select.global.best: TRUE"
[1] "DS index stage 2"
[1] 0.737579
[1] "KI index stage 2"
[1] -Inf
[1] 1
   Min. 1st Qu.  Median    Mean 3rd Qu.    Max. 
  6.000   7.250   8.000   7.667   8.000   9.000 
[1] "Number of features selected in 1 iterations:"
[1] 6
[1] 1 1 1 1
[1] 1 1 1 1
[1] "accuracy: 90.6214949849665 num_feat:6 fitness:70.4061169935907"
[1] -70.40612
[1] "Number of features selected in 2 iterations:"
[1] 6
[1] 1 1 1 1
[1] 1 1 1 1
[1] "accuracy: 90.6214949849665 num_feat:6 fitness:70.4061169935907"
[1] -70.40612
[1] "Number of features selected in 3 iterations:"
[1] 6
[1] 1 1 1 1
[1] 1 1 1 1
[1] "accuracy: 90.6214949849665 num_feat:6 fitness:70.4061169935907"
[1] -70.40612
[1] "Number of features selected in 4 iterations:"
[1] 6
[1] 1 1 1 1
[1] 1 1 1 1
[1] "accuracy: 90.6214949849665 num_feat:6 fitness:70.4061169935907"
[1] -70.40612
[1] "Number of features selected in 5 iterations:"
[1] 6
[1] 1 1 1 1
[1] 1 1 1 1
[1] "accuracy: 90.6214949849665 num_feat:6 fitness:70.4061169935907"
[1] -70.40612
[1] "Number of features selected in 6 iterations:"
[1] 6
[1] 1 1 1 1
[1] 1 1 1 1
[1] "accuracy: 90.6214949849665 num_feat:6 fitness:70.4061169935907"
[1] -70.40612
[1] "Number of features selected in 7 iterations:"
[1] 5
[1] 1.0000000 0.9565217 1.0000000 1.0000000
[1] 1.0000000 0.9565217 1.0000000 1.0000000
[1] "accuracy: 90.6214949849665 num_feat:5 fitness:67.9481135163946"
[1] -67.94811
[1] "Number of features selected in 8 iterations:"
[1] 4
[1] 1.0000000 0.9565217 1.0000000 0.9000000
[1] 1.0000000 0.9565217 1.0000000 0.9000000
[1] "accuracy: 86.5902509076615 num_feat:4 fitness:65.0224858871409"
[1] -65.02249
[1] "Number of features selected in 9 iterations:"
[1] 1
[1] "accuracy: 1 num_feat:1 fitness:-100"
[1] 100
[1] "Number of features selected in 10 iterations:"
[1] 0
[1] "accuracy: 1 num_feat:0 fitness:-100"
[1] 100
   Min. 1st Qu.  Median    Mean 3rd Qu.    Max. 
 0.8947  0.9474  0.9474  0.9579  1.0000  1.0000 
[1] "Number of features selected in 6 iterations:"
[1] 6
[1] "Modified train 10 fold accuracy using train data is "
[1] 96.8254
[1] "Modified train accuracy is "
[1] 0.984127
[1] "train confusion matrix is "
          trainclass
pred_train  1  2  3  4
         1  8  0  0  0
         2  0 23  0  1
         3  0  0 12  0
         4  0  0  0 19
[1] "Train dimension is "
[1] 63  6
[1] "Test dimension is "
[1] 20  6
[1] "Test confusion matrix is "
    
pred 1 2 3 4
   1 3 0 0 0
   2 0 6 0 0
   3 0 0 6 0
   4 0 0 0 5
[1] "Test acc is "
[1] 1
[1] "train 10 fold"
[1] 96.8254
[1] "Test confusion matrix is "
    
pred 1 2 3 4
   1 3 0 0 0
   2 0 6 0 0
   3 0 0 6 0
   4 0 0 0 5
[1] "Test acc is "
[1] 1
[1] "Test AUC:"
[1] 1
[1] "Train acc is "
[1] 0.984127
[1] "# of features after CMA:"
NULL
[1] "# of features after PSO:"
[1] 63  7
   user  system elapsed 
  5.918   0.000  11.508 
> 
> feat_ind<-psores$bestfeatlist
> feat_names<-psores$bestfeatnames
> 
> scoringmatrix<-as.data.frame(psores$scoringmatrix)
> print(scoringmatrix)
  V1 V2 V3 V4 V5 V6 V7 V8 V9 V10
1  0  1  0  0  1  1  0  1  1   1
2  1  1  1  1  1  1  1  1  1   0
3  1  1  1  1  0  1  1  0  1   1
4  1  1  1  0  1  1  1  1  1   0
5  1  1  1  1  1  1  0  0  1   1
6  1  1  0  1  1  1  1  0  0   1
> print(feat_names[feat_ind])
[1] "var1"    "var187"  "var246"  "var255"  "var842"  "var2050"
> 
> save(psores,file="psores.Rda")
> print("Complete")
[1] "Complete"
> 
